#-----------------------------------------------------------
# Vivado v2022.2 (64-bit)
# SW Build 3671981 on Fri Oct 14 04:59:54 MDT 2022
# IP Build 3669848 on Fri Oct 14 08:30:02 MDT 2022
# Start of session at: Thu Nov  6 18:45:03 2025
# Process ID: 3575301
# Current directory: /mnt/vault1/mfaroo19/reduction_tree/dot_product/runs/M200_W6_N4
# Command line: vivado -mode batch -source /mnt/vault1/mfaroo19/reduction_tree/dot_product/runs/M200_W6_N4/run.tcl
# Log file: /mnt/vault1/mfaroo19/reduction_tree/dot_product/runs/M200_W6_N4/vivado.log
# Journal file: /mnt/vault1/mfaroo19/reduction_tree/dot_product/runs/M200_W6_N4/vivado.jou
# Running On: en4228283l, OS: Linux, CPU Frequency: 2999.993 MHz, CPU Physical cores: 32, Host memory: 269992 MB
#-----------------------------------------------------------
source /mnt/vault1/mfaroo19/reduction_tree/dot_product/runs/M200_W6_N4/run.tcl
# read_verilog -sv /mnt/vault1/mfaroo19/reduction_tree/dot_product/runs/M200_W6_N4/design.sv
# read_xdc /mnt/vault1/mfaroo19/reduction_tree/dot_product/runs/M200_W6_N4/design.xdc
# synth_design -top dotprod -part xczu7ev-ffvc1156-2-e
Command: synth_design -top dotprod -part xczu7ev-ffvc1156-2-e
Starting synth_design
Attempting to get a license for feature 'Synthesis' and/or device 'xczu7ev'
INFO: [Common 17-349] Got license for feature 'Synthesis' and/or device 'xczu7ev'
INFO: [Device 21-403] Loading part xczu7ev-ffvc1156-2-e
INFO: [Synth 8-7079] Multithreading enabled for synth_design using a maximum of 4 processes.
INFO: [Synth 8-7078] Launching helper process for spawning children vivado processes
INFO: [Synth 8-7075] Helper process launched with PID 3575399
INFO: [Synth 8-11241] undeclared symbol 'REGCCE', assumed default net type 'wire' [/mnt/vault1/kmhatre/Software/AMD/Vivado/2022.2/data/verilog/src/unimacro/BRAM_SINGLE_MACRO.v:2170]
---------------------------------------------------------------------------------
Starting RTL Elaboration : Time (s): cpu = 00:00:02 ; elapsed = 00:00:03 . Memory (MB): peak = 3039.074 ; gain = 241.801 ; free physical = 91394 ; free virtual = 201885
Synthesis current peak Physical Memory [PSS] (MB): peak = 2626.589; parent = 2372.413; children = 254.176
Synthesis current peak Virtual Memory [VSS] (MB): peak = 4012.160; parent = 3039.078; children = 973.082
---------------------------------------------------------------------------------
INFO: [Synth 8-6157] synthesizing module 'dotprod' [/mnt/vault1/mfaroo19/reduction_tree/dot_product/runs/M200_W6_N4/design.sv:3]
INFO: [Synth 8-6155] done synthesizing module 'dotprod' (0#1) [/mnt/vault1/mfaroo19/reduction_tree/dot_product/runs/M200_W6_N4/design.sv:3]
---------------------------------------------------------------------------------
Finished RTL Elaboration : Time (s): cpu = 00:00:03 ; elapsed = 00:00:04 . Memory (MB): peak = 3125.043 ; gain = 327.770 ; free physical = 91334 ; free virtual = 201827
Synthesis current peak Physical Memory [PSS] (MB): peak = 2626.589; parent = 2372.413; children = 254.176
Synthesis current peak Virtual Memory [VSS] (MB): peak = 4098.129; parent = 3125.047; children = 973.082
---------------------------------------------------------------------------------
---------------------------------------------------------------------------------
Start Handling Custom Attributes
---------------------------------------------------------------------------------
---------------------------------------------------------------------------------
Finished Handling Custom Attributes : Time (s): cpu = 00:00:04 ; elapsed = 00:00:04 . Memory (MB): peak = 3142.855 ; gain = 345.582 ; free physical = 91334 ; free virtual = 201827
Synthesis current peak Physical Memory [PSS] (MB): peak = 2626.589; parent = 2372.413; children = 254.176
Synthesis current peak Virtual Memory [VSS] (MB): peak = 4115.941; parent = 3142.859; children = 973.082
---------------------------------------------------------------------------------
---------------------------------------------------------------------------------
Finished RTL Optimization Phase 1 : Time (s): cpu = 00:00:04 ; elapsed = 00:00:04 . Memory (MB): peak = 3142.855 ; gain = 345.582 ; free physical = 91334 ; free virtual = 201827
Synthesis current peak Physical Memory [PSS] (MB): peak = 2626.589; parent = 2372.413; children = 254.176
Synthesis current peak Virtual Memory [VSS] (MB): peak = 4115.941; parent = 3142.859; children = 973.082
---------------------------------------------------------------------------------
Netlist sorting complete. Time (s): cpu = 00:00:00.02 ; elapsed = 00:00:00.02 . Memory (MB): peak = 3142.855 ; gain = 0.000 ; free physical = 91330 ; free virtual = 201823
INFO: [Project 1-570] Preparing netlist for logic optimization

Processing XDC Constraints
Initializing timing engine
Parsing XDC File [/mnt/vault1/mfaroo19/reduction_tree/dot_product/runs/M200_W6_N4/design.xdc]
Finished Parsing XDC File [/mnt/vault1/mfaroo19/reduction_tree/dot_product/runs/M200_W6_N4/design.xdc]
Completed Processing XDC Constraints

Netlist sorting complete. Time (s): cpu = 00:00:00 ; elapsed = 00:00:00 . Memory (MB): peak = 3302.574 ; gain = 0.000 ; free physical = 91380 ; free virtual = 201873
INFO: [Project 1-111] Unisim Transformation Summary:
No Unisim elements were transformed.

Constraint Validation Runtime : Time (s): cpu = 00:00:00.05 ; elapsed = 00:00:00.02 . Memory (MB): peak = 3302.574 ; gain = 0.000 ; free physical = 91380 ; free virtual = 201873
INFO: [Synth 8-11241] undeclared symbol 'REGCCE', assumed default net type 'wire' [/mnt/vault1/kmhatre/Software/AMD/Vivado/2022.2/data/verilog/src/unimacro/BRAM_SINGLE_MACRO.v:2170]
---------------------------------------------------------------------------------
Finished Constraint Validation : Time (s): cpu = 00:00:10 ; elapsed = 00:00:12 . Memory (MB): peak = 3302.574 ; gain = 505.301 ; free physical = 91454 ; free virtual = 201947
Synthesis current peak Physical Memory [PSS] (MB): peak = 2640.757; parent = 2386.581; children = 254.176
Synthesis current peak Virtual Memory [VSS] (MB): peak = 4243.645; parent = 3270.562; children = 973.082
---------------------------------------------------------------------------------
---------------------------------------------------------------------------------
Start Loading Part and Timing Information
---------------------------------------------------------------------------------
Loading part: xczu7ev-ffvc1156-2-e
INFO: [Synth 8-6742] Reading net delay rules and data
---------------------------------------------------------------------------------
Finished Loading Part and Timing Information : Time (s): cpu = 00:00:10 ; elapsed = 00:00:12 . Memory (MB): peak = 3302.574 ; gain = 505.301 ; free physical = 91454 ; free virtual = 201947
Synthesis current peak Physical Memory [PSS] (MB): peak = 2640.757; parent = 2386.581; children = 254.176
Synthesis current peak Virtual Memory [VSS] (MB): peak = 4243.645; parent = 3270.562; children = 973.082
---------------------------------------------------------------------------------
---------------------------------------------------------------------------------
Start Applying 'set_property' XDC Constraints
---------------------------------------------------------------------------------
---------------------------------------------------------------------------------
Finished applying 'set_property' XDC Constraints : Time (s): cpu = 00:00:10 ; elapsed = 00:00:12 . Memory (MB): peak = 3302.574 ; gain = 505.301 ; free physical = 91454 ; free virtual = 201947
Synthesis current peak Physical Memory [PSS] (MB): peak = 2640.757; parent = 2386.581; children = 254.176
Synthesis current peak Virtual Memory [VSS] (MB): peak = 4243.645; parent = 3270.562; children = 973.082
---------------------------------------------------------------------------------
---------------------------------------------------------------------------------
Finished RTL Optimization Phase 2 : Time (s): cpu = 00:00:11 ; elapsed = 00:00:13 . Memory (MB): peak = 3302.574 ; gain = 505.301 ; free physical = 91470 ; free virtual = 201963
Synthesis current peak Physical Memory [PSS] (MB): peak = 2640.757; parent = 2386.581; children = 254.176
Synthesis current peak Virtual Memory [VSS] (MB): peak = 4243.645; parent = 3270.562; children = 973.082
---------------------------------------------------------------------------------
---------------------------------------------------------------------------------
Start RTL Component Statistics 
---------------------------------------------------------------------------------
Detailed RTL Component Info : 
+---Adders : 
	   2 Input   18 Bit       Adders := 99    
+---Registers : 
	               18 Bit    Registers := 102   
	               11 Bit    Registers := 100   
	                1 Bit    Registers := 8     
---------------------------------------------------------------------------------
Finished RTL Component Statistics 
---------------------------------------------------------------------------------
---------------------------------------------------------------------------------
Start Part Resource Summary
---------------------------------------------------------------------------------
Part Resources:
DSPs: 1728 (col length:144)
BRAMs: 624 (col length: RAMB18 144 RAMB36 72)
---------------------------------------------------------------------------------
Finished Part Resource Summary
---------------------------------------------------------------------------------
---------------------------------------------------------------------------------
Start Cross Boundary and Area Optimization
---------------------------------------------------------------------------------
WARNING: [Synth 8-7080] Parallel synthesis criteria is not met
---------------------------------------------------------------------------------
Finished Cross Boundary and Area Optimization : Time (s): cpu = 00:00:19 ; elapsed = 00:00:22 . Memory (MB): peak = 3302.574 ; gain = 505.301 ; free physical = 91594 ; free virtual = 202097
Synthesis current peak Physical Memory [PSS] (MB): peak = 2644.272; parent = 2390.128; children = 254.176
Synthesis current peak Virtual Memory [VSS] (MB): peak = 4243.645; parent = 3270.562; children = 973.082
---------------------------------------------------------------------------------
---------------------------------------------------------------------------------
Start Applying XDC Timing Constraints
---------------------------------------------------------------------------------
---------------------------------------------------------------------------------
Finished Applying XDC Timing Constraints : Time (s): cpu = 00:00:26 ; elapsed = 00:00:33 . Memory (MB): peak = 3694.980 ; gain = 897.707 ; free physical = 91088 ; free virtual = 201592
Synthesis current peak Physical Memory [PSS] (MB): peak = 3232.862; parent = 2978.718; children = 254.176
Synthesis current peak Virtual Memory [VSS] (MB): peak = 4668.066; parent = 3694.984; children = 973.082
---------------------------------------------------------------------------------
---------------------------------------------------------------------------------
Start Timing Optimization
---------------------------------------------------------------------------------
---------------------------------------------------------------------------------
Finished Timing Optimization : Time (s): cpu = 00:00:26 ; elapsed = 00:00:33 . Memory (MB): peak = 3708.980 ; gain = 911.707 ; free physical = 91061 ; free virtual = 201564
Synthesis current peak Physical Memory [PSS] (MB): peak = 3246.421; parent = 2992.276; children = 254.176
Synthesis current peak Virtual Memory [VSS] (MB): peak = 4682.066; parent = 3708.984; children = 973.082
---------------------------------------------------------------------------------
---------------------------------------------------------------------------------
Start Technology Mapping
---------------------------------------------------------------------------------
---------------------------------------------------------------------------------
Finished Technology Mapping : Time (s): cpu = 00:00:28 ; elapsed = 00:00:35 . Memory (MB): peak = 3857.020 ; gain = 1059.746 ; free physical = 90938 ; free virtual = 201441
Synthesis current peak Physical Memory [PSS] (MB): peak = 3258.046; parent = 3003.901; children = 254.176
Synthesis current peak Virtual Memory [VSS] (MB): peak = 4830.105; parent = 3857.023; children = 973.082
---------------------------------------------------------------------------------
---------------------------------------------------------------------------------
Start IO Insertion
---------------------------------------------------------------------------------
---------------------------------------------------------------------------------
Start Flattening Before IO Insertion
---------------------------------------------------------------------------------
---------------------------------------------------------------------------------
Finished Flattening Before IO Insertion
---------------------------------------------------------------------------------
---------------------------------------------------------------------------------
Start Final Netlist Cleanup
---------------------------------------------------------------------------------
---------------------------------------------------------------------------------
Finished Final Netlist Cleanup
---------------------------------------------------------------------------------
---------------------------------------------------------------------------------
Finished IO Insertion : Time (s): cpu = 00:00:30 ; elapsed = 00:00:38 . Memory (MB): peak = 3857.020 ; gain = 1059.746 ; free physical = 90951 ; free virtual = 201455
Synthesis current peak Physical Memory [PSS] (MB): peak = 3258.999; parent = 3004.854; children = 254.176
Synthesis current peak Virtual Memory [VSS] (MB): peak = 4830.105; parent = 3857.023; children = 973.082
---------------------------------------------------------------------------------
---------------------------------------------------------------------------------
Start Renaming Generated Instances
---------------------------------------------------------------------------------
---------------------------------------------------------------------------------
Finished Renaming Generated Instances : Time (s): cpu = 00:00:30 ; elapsed = 00:00:38 . Memory (MB): peak = 3857.020 ; gain = 1059.746 ; free physical = 90951 ; free virtual = 201455
Synthesis current peak Physical Memory [PSS] (MB): peak = 3258.999; parent = 3004.854; children = 254.176
Synthesis current peak Virtual Memory [VSS] (MB): peak = 4830.105; parent = 3857.023; children = 973.082
---------------------------------------------------------------------------------
---------------------------------------------------------------------------------
Start Rebuilding User Hierarchy
---------------------------------------------------------------------------------
---------------------------------------------------------------------------------
Finished Rebuilding User Hierarchy : Time (s): cpu = 00:00:31 ; elapsed = 00:00:38 . Memory (MB): peak = 3857.020 ; gain = 1059.746 ; free physical = 90952 ; free virtual = 201456
Synthesis current peak Physical Memory [PSS] (MB): peak = 3258.999; parent = 3004.854; children = 254.176
Synthesis current peak Virtual Memory [VSS] (MB): peak = 4830.105; parent = 3857.023; children = 973.082
---------------------------------------------------------------------------------
---------------------------------------------------------------------------------
Start Renaming Generated Ports
---------------------------------------------------------------------------------
---------------------------------------------------------------------------------
Finished Renaming Generated Ports : Time (s): cpu = 00:00:31 ; elapsed = 00:00:38 . Memory (MB): peak = 3857.020 ; gain = 1059.746 ; free physical = 90953 ; free virtual = 201456
Synthesis current peak Physical Memory [PSS] (MB): peak = 3258.999; parent = 3004.854; children = 254.176
Synthesis current peak Virtual Memory [VSS] (MB): peak = 4830.105; parent = 3857.023; children = 973.082
---------------------------------------------------------------------------------
---------------------------------------------------------------------------------
Start Handling Custom Attributes
---------------------------------------------------------------------------------
---------------------------------------------------------------------------------
Finished Handling Custom Attributes : Time (s): cpu = 00:00:31 ; elapsed = 00:00:38 . Memory (MB): peak = 3857.020 ; gain = 1059.746 ; free physical = 90953 ; free virtual = 201456
Synthesis current peak Physical Memory [PSS] (MB): peak = 3258.999; parent = 3004.854; children = 254.176
Synthesis current peak Virtual Memory [VSS] (MB): peak = 4830.105; parent = 3857.023; children = 973.082
---------------------------------------------------------------------------------
---------------------------------------------------------------------------------
Start Renaming Generated Nets
---------------------------------------------------------------------------------
---------------------------------------------------------------------------------
Finished Renaming Generated Nets : Time (s): cpu = 00:00:31 ; elapsed = 00:00:39 . Memory (MB): peak = 3857.020 ; gain = 1059.746 ; free physical = 90953 ; free virtual = 201456
Synthesis current peak Physical Memory [PSS] (MB): peak = 3258.999; parent = 3004.854; children = 254.176
Synthesis current peak Virtual Memory [VSS] (MB): peak = 4830.105; parent = 3857.023; children = 973.082
---------------------------------------------------------------------------------
---------------------------------------------------------------------------------
Start ROM, RAM, DSP, Shift Register and Retiming Reporting
---------------------------------------------------------------------------------

Static Shift Register Report:
+------------+-------------------+--------+-------+--------------+--------------------+-------------------+--------+---------+
|Module Name | RTL Name          | Length | Width | Reset Signal | Pull out first Reg | Pull out last Reg | SRL16E | SRLC32E | 
+------------+-------------------+--------+-------+--------------+--------------------+-------------------+--------+---------+
|dotprod     | stage6_reg[3][12] | 4      | 13    | YES          | NO                 | YES               | 13     | 0       | 
|dotprod     | vld_layer8_reg    | 8      | 1     | YES          | NO                 | YES               | 1      | 0       | 
+------------+-------------------+--------+-------+--------------+--------------------+-------------------+--------+---------+

---------------------------------------------------------------------------------
Finished ROM, RAM, DSP, Shift Register and Retiming Reporting
---------------------------------------------------------------------------------
---------------------------------------------------------------------------------
Start Writing Synthesis Report
---------------------------------------------------------------------------------

Report BlackBoxes: 
+-+--------------+----------+
| |BlackBox name |Instances |
+-+--------------+----------+
+-+--------------+----------+

Report Cell Usage: 
+------+-------+------+
|      |Cell   |Count |
+------+-------+------+
|1     |BUFG   |     1|
|2     |CARRY8 |   801|
|3     |LUT2   |  3395|
|4     |LUT4   |  1000|
|5     |LUT5   |   200|
|6     |LUT6   |  3200|
|7     |SRL16E |    14|
|8     |FDRE   |  2405|
|9     |IBUF   |  2003|
|10    |OBUF   |    19|
+------+-------+------+
---------------------------------------------------------------------------------
Finished Writing Synthesis Report : Time (s): cpu = 00:00:31 ; elapsed = 00:00:39 . Memory (MB): peak = 3857.020 ; gain = 1059.746 ; free physical = 90953 ; free virtual = 201456
Synthesis current peak Physical Memory [PSS] (MB): peak = 3258.999; parent = 3004.854; children = 254.176
Synthesis current peak Virtual Memory [VSS] (MB): peak = 4830.105; parent = 3857.023; children = 973.082
---------------------------------------------------------------------------------
Synthesis finished with 0 errors, 0 critical warnings and 1 warnings.
Synthesis Optimization Runtime : Time (s): cpu = 00:00:27 ; elapsed = 00:00:35 . Memory (MB): peak = 3857.020 ; gain = 900.027 ; free physical = 90953 ; free virtual = 201456
Synthesis Optimization Complete : Time (s): cpu = 00:00:31 ; elapsed = 00:00:39 . Memory (MB): peak = 3857.027 ; gain = 1059.746 ; free physical = 90953 ; free virtual = 201456
INFO: [Project 1-571] Translating synthesized netlist
Netlist sorting complete. Time (s): cpu = 00:00:00.06 ; elapsed = 00:00:00.05 . Memory (MB): peak = 3857.027 ; gain = 0.000 ; free physical = 91047 ; free virtual = 201550
INFO: [Netlist 29-17] Analyzing 2805 Unisim elements for replacement
INFO: [Netlist 29-28] Unisim Transformation completed in 0 CPU seconds
WARNING: [Netlist 29-101] Netlist 'dotprod' is not ideal for floorplanning, since the cellview 'dotprod' contains a large number of primitives.  Please consider enabling hierarchy in synthesis if you want to do floorplanning.
INFO: [Project 1-570] Preparing netlist for logic optimization
Parsing XDC File [/mnt/vault1/mfaroo19/reduction_tree/dot_product/runs/M200_W6_N4/design.xdc]
Finished Parsing XDC File [/mnt/vault1/mfaroo19/reduction_tree/dot_product/runs/M200_W6_N4/design.xdc]
INFO: [Opt 31-138] Pushed 0 inverter(s) to 0 load pin(s).
Netlist sorting complete. Time (s): cpu = 00:00:00.01 ; elapsed = 00:00:00 . Memory (MB): peak = 3888.664 ; gain = 0.000 ; free physical = 91060 ; free virtual = 201560
INFO: [Project 1-111] Unisim Transformation Summary:
  A total of 2004 instances were transformed.
  BUFG => BUFGCE: 1 instance 
  IBUF => IBUF (IBUFCTRL, INBUF): 2003 instances

Synth Design complete, checksum: ae77621a
INFO: [Common 17-83] Releasing license: Synthesis
19 Infos, 2 Warnings, 0 Critical Warnings and 0 Errors encountered.
synth_design completed successfully
synth_design: Time (s): cpu = 00:00:42 ; elapsed = 00:00:50 . Memory (MB): peak = 3888.664 ; gain = 2184.180 ; free physical = 91227 ; free virtual = 201726
# report_utilization -file /mnt/vault1/mfaroo19/reduction_tree/dot_product/runs/M200_W6_N4/util.rpt
# report_timing_summary -file /mnt/vault1/mfaroo19/reduction_tree/dot_product/runs/M200_W6_N4/timing.rpt
INFO: [Timing 38-35] Done setting XDC timing constraints.
INFO: [Timing 38-91] UpdateTimingParams: Speed grade: -2, Temperature grade: E, Delay Type: min_max.
INFO: [Timing 38-191] Multithreading enabled for timing update using a maximum of 8 CPUs
report_timing_summary: Time (s): cpu = 00:00:13 ; elapsed = 00:00:15 . Memory (MB): peak = 4601.855 ; gain = 713.191 ; free physical = 90714 ; free virtual = 201214
# exit
INFO: [Common 17-206] Exiting Vivado at Thu Nov  6 18:46:15 2025...
