#-----------------------------------------------------------
# Vivado v2022.2 (64-bit)
# SW Build 3671981 on Fri Oct 14 04:59:54 MDT 2022
# IP Build 3669848 on Fri Oct 14 08:30:02 MDT 2022
# Start of session at: Thu Nov  6 19:32:23 2025
# Process ID: 3595328
# Current directory: /mnt/vault1/mfaroo19/reduction_tree/dot_product/runs/M250_W9_N4
# Command line: vivado -mode batch -source /mnt/vault1/mfaroo19/reduction_tree/dot_product/runs/M250_W9_N4/run.tcl
# Log file: /mnt/vault1/mfaroo19/reduction_tree/dot_product/runs/M250_W9_N4/vivado.log
# Journal file: /mnt/vault1/mfaroo19/reduction_tree/dot_product/runs/M250_W9_N4/vivado.jou
# Running On: en4228283l, OS: Linux, CPU Frequency: 2999.993 MHz, CPU Physical cores: 32, Host memory: 269992 MB
#-----------------------------------------------------------
source /mnt/vault1/mfaroo19/reduction_tree/dot_product/runs/M250_W9_N4/run.tcl
# read_verilog -sv /mnt/vault1/mfaroo19/reduction_tree/dot_product/runs/M250_W9_N4/design.sv
# read_xdc /mnt/vault1/mfaroo19/reduction_tree/dot_product/runs/M250_W9_N4/design.xdc
# synth_design -top dotprod -part xczu7ev-ffvc1156-2-e
Command: synth_design -top dotprod -part xczu7ev-ffvc1156-2-e
Starting synth_design
Attempting to get a license for feature 'Synthesis' and/or device 'xczu7ev'
INFO: [Common 17-349] Got license for feature 'Synthesis' and/or device 'xczu7ev'
INFO: [Device 21-403] Loading part xczu7ev-ffvc1156-2-e
INFO: [Synth 8-7079] Multithreading enabled for synth_design using a maximum of 4 processes.
INFO: [Synth 8-7078] Launching helper process for spawning children vivado processes
INFO: [Synth 8-7075] Helper process launched with PID 3595410
INFO: [Synth 8-11241] undeclared symbol 'REGCCE', assumed default net type 'wire' [/mnt/vault1/kmhatre/Software/AMD/Vivado/2022.2/data/verilog/src/unimacro/BRAM_SINGLE_MACRO.v:2170]
---------------------------------------------------------------------------------
Starting RTL Elaboration : Time (s): cpu = 00:00:02 ; elapsed = 00:00:03 . Memory (MB): peak = 3037.262 ; gain = 239.832 ; free physical = 90397 ; free virtual = 200845
Synthesis current peak Physical Memory [PSS] (MB): peak = 2626.521; parent = 2372.380; children = 254.142
Synthesis current peak Virtual Memory [VSS] (MB): peak = 4013.316; parent = 3040.234; children = 973.082
---------------------------------------------------------------------------------
INFO: [Synth 8-6157] synthesizing module 'dotprod' [/mnt/vault1/mfaroo19/reduction_tree/dot_product/runs/M250_W9_N4/design.sv:3]
INFO: [Synth 8-6155] done synthesizing module 'dotprod' (0#1) [/mnt/vault1/mfaroo19/reduction_tree/dot_product/runs/M250_W9_N4/design.sv:3]
---------------------------------------------------------------------------------
Finished RTL Elaboration : Time (s): cpu = 00:00:04 ; elapsed = 00:00:04 . Memory (MB): peak = 3121.199 ; gain = 323.770 ; free physical = 90352 ; free virtual = 200802
Synthesis current peak Physical Memory [PSS] (MB): peak = 2626.521; parent = 2372.380; children = 254.142
Synthesis current peak Virtual Memory [VSS] (MB): peak = 4094.285; parent = 3121.203; children = 973.082
---------------------------------------------------------------------------------
---------------------------------------------------------------------------------
Start Handling Custom Attributes
---------------------------------------------------------------------------------
---------------------------------------------------------------------------------
Finished Handling Custom Attributes : Time (s): cpu = 00:00:04 ; elapsed = 00:00:05 . Memory (MB): peak = 3139.012 ; gain = 341.582 ; free physical = 90344 ; free virtual = 200794
Synthesis current peak Physical Memory [PSS] (MB): peak = 2626.521; parent = 2372.380; children = 254.142
Synthesis current peak Virtual Memory [VSS] (MB): peak = 4112.098; parent = 3139.016; children = 973.082
---------------------------------------------------------------------------------
---------------------------------------------------------------------------------
Finished RTL Optimization Phase 1 : Time (s): cpu = 00:00:04 ; elapsed = 00:00:05 . Memory (MB): peak = 3139.012 ; gain = 341.582 ; free physical = 90344 ; free virtual = 200793
Synthesis current peak Physical Memory [PSS] (MB): peak = 2626.521; parent = 2372.380; children = 254.142
Synthesis current peak Virtual Memory [VSS] (MB): peak = 4112.098; parent = 3139.016; children = 973.082
---------------------------------------------------------------------------------
Netlist sorting complete. Time (s): cpu = 00:00:00.03 ; elapsed = 00:00:00.03 . Memory (MB): peak = 3139.012 ; gain = 0.000 ; free physical = 90352 ; free virtual = 200802
INFO: [Project 1-570] Preparing netlist for logic optimization

Processing XDC Constraints
Initializing timing engine
Parsing XDC File [/mnt/vault1/mfaroo19/reduction_tree/dot_product/runs/M250_W9_N4/design.xdc]
Finished Parsing XDC File [/mnt/vault1/mfaroo19/reduction_tree/dot_product/runs/M250_W9_N4/design.xdc]
Completed Processing XDC Constraints

Netlist sorting complete. Time (s): cpu = 00:00:00 ; elapsed = 00:00:00 . Memory (MB): peak = 3306.730 ; gain = 0.000 ; free physical = 90226 ; free virtual = 200675
INFO: [Project 1-111] Unisim Transformation Summary:
No Unisim elements were transformed.

Constraint Validation Runtime : Time (s): cpu = 00:00:00.07 ; elapsed = 00:00:00.03 . Memory (MB): peak = 3306.730 ; gain = 0.000 ; free physical = 90227 ; free virtual = 200676
INFO: [Synth 8-11241] undeclared symbol 'REGCCE', assumed default net type 'wire' [/mnt/vault1/kmhatre/Software/AMD/Vivado/2022.2/data/verilog/src/unimacro/BRAM_SINGLE_MACRO.v:2170]
---------------------------------------------------------------------------------
Finished Constraint Validation : Time (s): cpu = 00:00:10 ; elapsed = 00:00:12 . Memory (MB): peak = 3306.730 ; gain = 509.301 ; free physical = 90283 ; free virtual = 200732
Synthesis current peak Physical Memory [PSS] (MB): peak = 2643.271; parent = 2389.130; children = 254.142
Synthesis current peak Virtual Memory [VSS] (MB): peak = 4247.801; parent = 3274.719; children = 973.082
---------------------------------------------------------------------------------
---------------------------------------------------------------------------------
Start Loading Part and Timing Information
---------------------------------------------------------------------------------
Loading part: xczu7ev-ffvc1156-2-e
INFO: [Synth 8-6742] Reading net delay rules and data
---------------------------------------------------------------------------------
Finished Loading Part and Timing Information : Time (s): cpu = 00:00:10 ; elapsed = 00:00:12 . Memory (MB): peak = 3306.730 ; gain = 509.301 ; free physical = 90284 ; free virtual = 200733
Synthesis current peak Physical Memory [PSS] (MB): peak = 2643.271; parent = 2389.130; children = 254.142
Synthesis current peak Virtual Memory [VSS] (MB): peak = 4247.801; parent = 3274.719; children = 973.082
---------------------------------------------------------------------------------
---------------------------------------------------------------------------------
Start Applying 'set_property' XDC Constraints
---------------------------------------------------------------------------------
---------------------------------------------------------------------------------
Finished applying 'set_property' XDC Constraints : Time (s): cpu = 00:00:11 ; elapsed = 00:00:12 . Memory (MB): peak = 3306.730 ; gain = 509.301 ; free physical = 90284 ; free virtual = 200733
Synthesis current peak Physical Memory [PSS] (MB): peak = 2643.271; parent = 2389.130; children = 254.142
Synthesis current peak Virtual Memory [VSS] (MB): peak = 4247.801; parent = 3274.719; children = 973.082
---------------------------------------------------------------------------------
---------------------------------------------------------------------------------
Finished RTL Optimization Phase 2 : Time (s): cpu = 00:00:12 ; elapsed = 00:00:14 . Memory (MB): peak = 3306.730 ; gain = 509.301 ; free physical = 90289 ; free virtual = 200739
Synthesis current peak Physical Memory [PSS] (MB): peak = 2643.271; parent = 2389.130; children = 254.142
Synthesis current peak Virtual Memory [VSS] (MB): peak = 4247.801; parent = 3274.719; children = 973.082
---------------------------------------------------------------------------------
---------------------------------------------------------------------------------
Start RTL Component Statistics 
---------------------------------------------------------------------------------
Detailed RTL Component Info : 
+---Adders : 
	   2 Input   21 Bit       Adders := 124   
+---Registers : 
	               21 Bit    Registers := 124   
	               14 Bit    Registers := 127   
	                1 Bit    Registers := 8     
---------------------------------------------------------------------------------
Finished RTL Component Statistics 
---------------------------------------------------------------------------------
---------------------------------------------------------------------------------
Start Part Resource Summary
---------------------------------------------------------------------------------
Part Resources:
DSPs: 1728 (col length:144)
BRAMs: 624 (col length: RAMB18 144 RAMB36 72)
---------------------------------------------------------------------------------
Finished Part Resource Summary
---------------------------------------------------------------------------------
---------------------------------------------------------------------------------
Start Cross Boundary and Area Optimization
---------------------------------------------------------------------------------
WARNING: [Synth 8-7080] Parallel synthesis criteria is not met
---------------------------------------------------------------------------------
Finished Cross Boundary and Area Optimization : Time (s): cpu = 00:00:26 ; elapsed = 00:00:30 . Memory (MB): peak = 3306.730 ; gain = 509.301 ; free physical = 90612 ; free virtual = 201074
Synthesis current peak Physical Memory [PSS] (MB): peak = 2662.365; parent = 2408.255; children = 254.142
Synthesis current peak Virtual Memory [VSS] (MB): peak = 4247.801; parent = 3274.719; children = 973.082
---------------------------------------------------------------------------------
---------------------------------------------------------------------------------
Start Applying XDC Timing Constraints
---------------------------------------------------------------------------------
---------------------------------------------------------------------------------
Finished Applying XDC Timing Constraints : Time (s): cpu = 00:00:33 ; elapsed = 00:00:41 . Memory (MB): peak = 3706.996 ; gain = 909.566 ; free physical = 90137 ; free virtual = 200598
Synthesis current peak Physical Memory [PSS] (MB): peak = 3244.510; parent = 2990.399; children = 254.142
Synthesis current peak Virtual Memory [VSS] (MB): peak = 4680.082; parent = 3707.000; children = 973.082
---------------------------------------------------------------------------------
---------------------------------------------------------------------------------
Start Timing Optimization
---------------------------------------------------------------------------------
---------------------------------------------------------------------------------
Finished Timing Optimization : Time (s): cpu = 00:00:34 ; elapsed = 00:00:42 . Memory (MB): peak = 3729.996 ; gain = 932.566 ; free physical = 90118 ; free virtual = 200580
Synthesis current peak Physical Memory [PSS] (MB): peak = 3265.201; parent = 3011.091; children = 254.142
Synthesis current peak Virtual Memory [VSS] (MB): peak = 4703.082; parent = 3730.000; children = 973.082
---------------------------------------------------------------------------------
---------------------------------------------------------------------------------
Start Technology Mapping
---------------------------------------------------------------------------------
---------------------------------------------------------------------------------
Finished Technology Mapping : Time (s): cpu = 00:00:37 ; elapsed = 00:00:45 . Memory (MB): peak = 4039.020 ; gain = 1241.590 ; free physical = 89822 ; free virtual = 200284
Synthesis current peak Physical Memory [PSS] (MB): peak = 3279.150; parent = 3025.040; children = 254.142
Synthesis current peak Virtual Memory [VSS] (MB): peak = 5012.105; parent = 4039.023; children = 973.082
---------------------------------------------------------------------------------
---------------------------------------------------------------------------------
Start IO Insertion
---------------------------------------------------------------------------------
---------------------------------------------------------------------------------
Start Flattening Before IO Insertion
---------------------------------------------------------------------------------
---------------------------------------------------------------------------------
Finished Flattening Before IO Insertion
---------------------------------------------------------------------------------
---------------------------------------------------------------------------------
Start Final Netlist Cleanup
---------------------------------------------------------------------------------
---------------------------------------------------------------------------------
Finished Final Netlist Cleanup
---------------------------------------------------------------------------------
---------------------------------------------------------------------------------
Finished IO Insertion : Time (s): cpu = 00:00:40 ; elapsed = 00:00:48 . Memory (MB): peak = 4039.020 ; gain = 1241.590 ; free physical = 89863 ; free virtual = 200325
Synthesis current peak Physical Memory [PSS] (MB): peak = 3280.240; parent = 3026.130; children = 254.142
Synthesis current peak Virtual Memory [VSS] (MB): peak = 5012.105; parent = 4039.023; children = 973.082
---------------------------------------------------------------------------------
---------------------------------------------------------------------------------
Start Renaming Generated Instances
---------------------------------------------------------------------------------
---------------------------------------------------------------------------------
Finished Renaming Generated Instances : Time (s): cpu = 00:00:40 ; elapsed = 00:00:48 . Memory (MB): peak = 4039.020 ; gain = 1241.590 ; free physical = 89845 ; free virtual = 200306
Synthesis current peak Physical Memory [PSS] (MB): peak = 3280.287; parent = 3026.177; children = 254.142
Synthesis current peak Virtual Memory [VSS] (MB): peak = 5012.105; parent = 4039.023; children = 973.082
---------------------------------------------------------------------------------
---------------------------------------------------------------------------------
Start Rebuilding User Hierarchy
---------------------------------------------------------------------------------
---------------------------------------------------------------------------------
Finished Rebuilding User Hierarchy : Time (s): cpu = 00:00:41 ; elapsed = 00:00:49 . Memory (MB): peak = 4039.020 ; gain = 1241.590 ; free physical = 89872 ; free virtual = 200333
Synthesis current peak Physical Memory [PSS] (MB): peak = 3282.252; parent = 3028.142; children = 254.142
Synthesis current peak Virtual Memory [VSS] (MB): peak = 5012.105; parent = 4039.023; children = 973.082
---------------------------------------------------------------------------------
---------------------------------------------------------------------------------
Start Renaming Generated Ports
---------------------------------------------------------------------------------
---------------------------------------------------------------------------------
Finished Renaming Generated Ports : Time (s): cpu = 00:00:41 ; elapsed = 00:00:49 . Memory (MB): peak = 4039.020 ; gain = 1241.590 ; free physical = 89872 ; free virtual = 200333
Synthesis current peak Physical Memory [PSS] (MB): peak = 3282.314; parent = 3028.204; children = 254.142
Synthesis current peak Virtual Memory [VSS] (MB): peak = 5012.105; parent = 4039.023; children = 973.082
---------------------------------------------------------------------------------
---------------------------------------------------------------------------------
Start Handling Custom Attributes
---------------------------------------------------------------------------------
---------------------------------------------------------------------------------
Finished Handling Custom Attributes : Time (s): cpu = 00:00:41 ; elapsed = 00:00:49 . Memory (MB): peak = 4039.020 ; gain = 1241.590 ; free physical = 89872 ; free virtual = 200333
Synthesis current peak Physical Memory [PSS] (MB): peak = 3283.158; parent = 3029.048; children = 254.142
Synthesis current peak Virtual Memory [VSS] (MB): peak = 5012.105; parent = 4039.023; children = 973.082
---------------------------------------------------------------------------------
---------------------------------------------------------------------------------
Start Renaming Generated Nets
---------------------------------------------------------------------------------
---------------------------------------------------------------------------------
Finished Renaming Generated Nets : Time (s): cpu = 00:00:41 ; elapsed = 00:00:49 . Memory (MB): peak = 4039.020 ; gain = 1241.590 ; free physical = 89872 ; free virtual = 200334
Synthesis current peak Physical Memory [PSS] (MB): peak = 3283.158; parent = 3029.048; children = 254.142
Synthesis current peak Virtual Memory [VSS] (MB): peak = 5012.105; parent = 4039.023; children = 973.082
---------------------------------------------------------------------------------
---------------------------------------------------------------------------------
Start Writing Synthesis Report
---------------------------------------------------------------------------------

Report BlackBoxes: 
+-+--------------+----------+
| |BlackBox name |Instances |
+-+--------------+----------+
+-+--------------+----------+

Report Cell Usage: 
+------+-------+------+
|      |Cell   |Count |
+------+-------+------+
|1     |BUFG   |     1|
|2     |CARRY8 |  1029|
|3     |LUT2   |  4978|
|4     |LUT4   |  2000|
|5     |LUT5   |  1000|
|6     |LUT6   |  5500|
|7     |FDRE   |  3765|
|8     |IBUF   |  3253|
|9     |OBUF   |    22|
+------+-------+------+
---------------------------------------------------------------------------------
Finished Writing Synthesis Report : Time (s): cpu = 00:00:41 ; elapsed = 00:00:50 . Memory (MB): peak = 4039.020 ; gain = 1241.590 ; free physical = 89872 ; free virtual = 200333
Synthesis current peak Physical Memory [PSS] (MB): peak = 3283.174; parent = 3029.063; children = 254.142
Synthesis current peak Virtual Memory [VSS] (MB): peak = 5012.105; parent = 4039.023; children = 973.082
---------------------------------------------------------------------------------
Synthesis finished with 0 errors, 0 critical warnings and 1 warnings.
Synthesis Optimization Runtime : Time (s): cpu = 00:00:37 ; elapsed = 00:00:45 . Memory (MB): peak = 4039.020 ; gain = 1073.871 ; free physical = 89912 ; free virtual = 200373
Synthesis Optimization Complete : Time (s): cpu = 00:00:41 ; elapsed = 00:00:50 . Memory (MB): peak = 4039.027 ; gain = 1241.590 ; free physical = 89912 ; free virtual = 200373
INFO: [Project 1-571] Translating synthesized netlist
Netlist sorting complete. Time (s): cpu = 00:00:00.08 ; elapsed = 00:00:00.09 . Memory (MB): peak = 4039.027 ; gain = 0.000 ; free physical = 90031 ; free virtual = 200492
INFO: [Netlist 29-17] Analyzing 4283 Unisim elements for replacement
INFO: [Netlist 29-28] Unisim Transformation completed in 0 CPU seconds
WARNING: [Netlist 29-101] Netlist 'dotprod' is not ideal for floorplanning, since the cellview 'dotprod' contains a large number of primitives.  Please consider enabling hierarchy in synthesis if you want to do floorplanning.
INFO: [Project 1-570] Preparing netlist for logic optimization
Parsing XDC File [/mnt/vault1/mfaroo19/reduction_tree/dot_product/runs/M250_W9_N4/design.xdc]
Finished Parsing XDC File [/mnt/vault1/mfaroo19/reduction_tree/dot_product/runs/M250_W9_N4/design.xdc]
INFO: [Opt 31-138] Pushed 0 inverter(s) to 0 load pin(s).
Netlist sorting complete. Time (s): cpu = 00:00:00 ; elapsed = 00:00:00.01 . Memory (MB): peak = 4063.031 ; gain = 0.000 ; free physical = 90076 ; free virtual = 200537
INFO: [Project 1-111] Unisim Transformation Summary:
  A total of 3254 instances were transformed.
  BUFG => BUFGCE: 1 instance 
  IBUF => IBUF (IBUFCTRL, INBUF): 3253 instances

Synth Design complete, checksum: fc137820
INFO: [Common 17-83] Releasing license: Synthesis
19 Infos, 2 Warnings, 0 Critical Warnings and 0 Errors encountered.
synth_design completed successfully
synth_design: Time (s): cpu = 00:00:53 ; elapsed = 00:01:02 . Memory (MB): peak = 4063.031 ; gain = 2358.422 ; free physical = 90301 ; free virtual = 200763
# report_utilization -file /mnt/vault1/mfaroo19/reduction_tree/dot_product/runs/M250_W9_N4/util.rpt
# report_timing_summary -file /mnt/vault1/mfaroo19/reduction_tree/dot_product/runs/M250_W9_N4/timing.rpt
INFO: [Timing 38-35] Done setting XDC timing constraints.
INFO: [Timing 38-91] UpdateTimingParams: Speed grade: -2, Temperature grade: E, Delay Type: min_max.
INFO: [Timing 38-191] Multithreading enabled for timing update using a maximum of 8 CPUs
report_timing_summary: Time (s): cpu = 00:00:15 ; elapsed = 00:00:15 . Memory (MB): peak = 4622.223 ; gain = 559.191 ; free physical = 89790 ; free virtual = 200252
# exit
INFO: [Common 17-206] Exiting Vivado at Thu Nov  6 19:33:48 2025...
