
****** Vivado v2022.2 (64-bit)
  **** SW Build 3671981 on Fri Oct 14 04:59:54 MDT 2022
  **** IP Build 3669848 on Fri Oct 14 08:30:02 MDT 2022
    ** Copyright 1986-2022 Xilinx, Inc. All Rights Reserved.

source runs/M100_W12/run.tcl
# read_verilog -sv runs/M100_W12/sum_signed.sv
# read_xdc runs/M100_W12/sum_signed.xdc
# synth_design -top sum_signed -part xczu7ev-ffvc1156-2-e
Command: synth_design -top sum_signed -part xczu7ev-ffvc1156-2-e
Starting synth_design
Attempting to get a license for feature 'Synthesis' and/or device 'xczu7ev'
INFO: [Common 17-349] Got license for feature 'Synthesis' and/or device 'xczu7ev'
INFO: [Device 21-403] Loading part xczu7ev-ffvc1156-2-e
INFO: [Synth 8-7079] Multithreading enabled for synth_design using a maximum of 4 processes.
INFO: [Synth 8-7078] Launching helper process for spawning children vivado processes
INFO: [Synth 8-7075] Helper process launched with PID 2567358
INFO: [Synth 8-11241] undeclared symbol 'REGCCE', assumed default net type 'wire' [/mnt/vault1/kmhatre/Software/AMD/Vivado/2022.2/data/verilog/src/unimacro/BRAM_SINGLE_MACRO.v:2170]
---------------------------------------------------------------------------------
Starting RTL Elaboration : Time (s): cpu = 00:00:02 ; elapsed = 00:00:03 . Memory (MB): peak = 3039.109 ; gain = 241.801 ; free physical = 138343 ; free virtual = 209641
Synthesis current peak Physical Memory [PSS] (MB): peak = 2626.861; parent = 2372.665; children = 254.196
Synthesis current peak Virtual Memory [VSS] (MB): peak = 4012.191; parent = 3039.113; children = 973.078
---------------------------------------------------------------------------------
INFO: [Synth 8-6157] synthesizing module 'sum_signed' [/mnt/vault1/mfaroo19/reduction_tree/integrator/runs/M100_W12/sum_signed.sv:7]
INFO: [Synth 8-6155] done synthesizing module 'sum_signed' (0#1) [/mnt/vault1/mfaroo19/reduction_tree/integrator/runs/M100_W12/sum_signed.sv:7]
---------------------------------------------------------------------------------
Finished RTL Elaboration : Time (s): cpu = 00:00:03 ; elapsed = 00:00:04 . Memory (MB): peak = 3109.078 ; gain = 311.770 ; free physical = 138289 ; free virtual = 209588
Synthesis current peak Physical Memory [PSS] (MB): peak = 2626.861; parent = 2372.665; children = 254.196
Synthesis current peak Virtual Memory [VSS] (MB): peak = 4082.160; parent = 3109.082; children = 973.078
---------------------------------------------------------------------------------
---------------------------------------------------------------------------------
Start Handling Custom Attributes
---------------------------------------------------------------------------------
---------------------------------------------------------------------------------
Finished Handling Custom Attributes : Time (s): cpu = 00:00:03 ; elapsed = 00:00:04 . Memory (MB): peak = 3126.891 ; gain = 329.582 ; free physical = 138300 ; free virtual = 209599
Synthesis current peak Physical Memory [PSS] (MB): peak = 2626.861; parent = 2372.665; children = 254.196
Synthesis current peak Virtual Memory [VSS] (MB): peak = 4099.973; parent = 3126.895; children = 973.078
---------------------------------------------------------------------------------
---------------------------------------------------------------------------------
Finished RTL Optimization Phase 1 : Time (s): cpu = 00:00:03 ; elapsed = 00:00:04 . Memory (MB): peak = 3126.891 ; gain = 329.582 ; free physical = 138300 ; free virtual = 209599
Synthesis current peak Physical Memory [PSS] (MB): peak = 2626.861; parent = 2372.665; children = 254.196
Synthesis current peak Virtual Memory [VSS] (MB): peak = 4099.973; parent = 3126.895; children = 973.078
---------------------------------------------------------------------------------
Netlist sorting complete. Time (s): cpu = 00:00:00.01 ; elapsed = 00:00:00.01 . Memory (MB): peak = 3126.891 ; gain = 0.000 ; free physical = 138302 ; free virtual = 209601
INFO: [Project 1-570] Preparing netlist for logic optimization

Processing XDC Constraints
Initializing timing engine
Parsing XDC File [/mnt/vault1/mfaroo19/reduction_tree/integrator/runs/M100_W12/sum_signed.xdc]
Finished Parsing XDC File [/mnt/vault1/mfaroo19/reduction_tree/integrator/runs/M100_W12/sum_signed.xdc]
Completed Processing XDC Constraints

Netlist sorting complete. Time (s): cpu = 00:00:00 ; elapsed = 00:00:00 . Memory (MB): peak = 3291.609 ; gain = 0.000 ; free physical = 138497 ; free virtual = 209796
INFO: [Project 1-111] Unisim Transformation Summary:
No Unisim elements were transformed.

Constraint Validation Runtime : Time (s): cpu = 00:00:00.03 ; elapsed = 00:00:00.01 . Memory (MB): peak = 3291.609 ; gain = 0.000 ; free physical = 138502 ; free virtual = 209801
INFO: [Synth 8-11241] undeclared symbol 'REGCCE', assumed default net type 'wire' [/mnt/vault1/kmhatre/Software/AMD/Vivado/2022.2/data/verilog/src/unimacro/BRAM_SINGLE_MACRO.v:2170]
---------------------------------------------------------------------------------
Finished Constraint Validation : Time (s): cpu = 00:00:10 ; elapsed = 00:00:12 . Memory (MB): peak = 3291.609 ; gain = 494.301 ; free physical = 138558 ; free virtual = 209856
Synthesis current peak Physical Memory [PSS] (MB): peak = 2626.861; parent = 2372.665; children = 254.196
Synthesis current peak Virtual Memory [VSS] (MB): peak = 4232.676; parent = 3259.598; children = 973.078
---------------------------------------------------------------------------------
---------------------------------------------------------------------------------
Start Loading Part and Timing Information
---------------------------------------------------------------------------------
Loading part: xczu7ev-ffvc1156-2-e
INFO: [Synth 8-6742] Reading net delay rules and data
---------------------------------------------------------------------------------
Finished Loading Part and Timing Information : Time (s): cpu = 00:00:10 ; elapsed = 00:00:12 . Memory (MB): peak = 3291.609 ; gain = 494.301 ; free physical = 138561 ; free virtual = 209859
Synthesis current peak Physical Memory [PSS] (MB): peak = 2626.861; parent = 2372.665; children = 254.196
Synthesis current peak Virtual Memory [VSS] (MB): peak = 4232.676; parent = 3259.598; children = 973.078
---------------------------------------------------------------------------------
---------------------------------------------------------------------------------
Start Applying 'set_property' XDC Constraints
---------------------------------------------------------------------------------
---------------------------------------------------------------------------------
Finished applying 'set_property' XDC Constraints : Time (s): cpu = 00:00:10 ; elapsed = 00:00:12 . Memory (MB): peak = 3291.609 ; gain = 494.301 ; free physical = 138564 ; free virtual = 209862
Synthesis current peak Physical Memory [PSS] (MB): peak = 2626.861; parent = 2372.665; children = 254.196
Synthesis current peak Virtual Memory [VSS] (MB): peak = 4232.676; parent = 3259.598; children = 973.078
---------------------------------------------------------------------------------
---------------------------------------------------------------------------------
Finished RTL Optimization Phase 2 : Time (s): cpu = 00:00:10 ; elapsed = 00:00:12 . Memory (MB): peak = 3291.609 ; gain = 494.301 ; free physical = 138565 ; free virtual = 209865
Synthesis current peak Physical Memory [PSS] (MB): peak = 2626.861; parent = 2372.665; children = 254.196
Synthesis current peak Virtual Memory [VSS] (MB): peak = 4232.676; parent = 3259.598; children = 973.078
---------------------------------------------------------------------------------
---------------------------------------------------------------------------------
Start RTL Component Statistics 
---------------------------------------------------------------------------------
Detailed RTL Component Info : 
+---Adders : 
	   2 Input   19 Bit       Adders := 1     
	   2 Input   18 Bit       Adders := 2     
	   2 Input   17 Bit       Adders := 3     
	   2 Input   16 Bit       Adders := 6     
	   2 Input   15 Bit       Adders := 12    
	   2 Input   14 Bit       Adders := 25    
	   2 Input   13 Bit       Adders := 50    
+---Registers : 
	               19 Bit    Registers := 1     
	               18 Bit    Registers := 2     
	               17 Bit    Registers := 3     
	               16 Bit    Registers := 6     
	               15 Bit    Registers := 12    
	               14 Bit    Registers := 28    
	               13 Bit    Registers := 50    
	                1 Bit    Registers := 7     
---------------------------------------------------------------------------------
Finished RTL Component Statistics 
---------------------------------------------------------------------------------
---------------------------------------------------------------------------------
Start Part Resource Summary
---------------------------------------------------------------------------------
Part Resources:
DSPs: 1728 (col length:144)
BRAMs: 624 (col length: RAMB18 144 RAMB36 72)
---------------------------------------------------------------------------------
Finished Part Resource Summary
---------------------------------------------------------------------------------
---------------------------------------------------------------------------------
Start Cross Boundary and Area Optimization
---------------------------------------------------------------------------------
WARNING: [Synth 8-7080] Parallel synthesis criteria is not met
---------------------------------------------------------------------------------
Finished Cross Boundary and Area Optimization : Time (s): cpu = 00:00:11 ; elapsed = 00:00:14 . Memory (MB): peak = 3291.609 ; gain = 494.301 ; free physical = 138612 ; free virtual = 209916
Synthesis current peak Physical Memory [PSS] (MB): peak = 2626.861; parent = 2372.665; children = 254.196
Synthesis current peak Virtual Memory [VSS] (MB): peak = 4232.676; parent = 3259.598; children = 973.078
---------------------------------------------------------------------------------
---------------------------------------------------------------------------------
Start Applying XDC Timing Constraints
---------------------------------------------------------------------------------
---------------------------------------------------------------------------------
Finished Applying XDC Timing Constraints : Time (s): cpu = 00:00:18 ; elapsed = 00:00:24 . Memory (MB): peak = 3669.016 ; gain = 871.707 ; free physical = 138308 ; free virtual = 209613
Synthesis current peak Physical Memory [PSS] (MB): peak = 3205.646; parent = 2951.481; children = 254.196
Synthesis current peak Virtual Memory [VSS] (MB): peak = 4642.098; parent = 3669.020; children = 973.078
---------------------------------------------------------------------------------
---------------------------------------------------------------------------------
Start Timing Optimization
---------------------------------------------------------------------------------
---------------------------------------------------------------------------------
Finished Timing Optimization : Time (s): cpu = 00:00:18 ; elapsed = 00:00:24 . Memory (MB): peak = 3675.016 ; gain = 877.707 ; free physical = 138309 ; free virtual = 209613
Synthesis current peak Physical Memory [PSS] (MB): peak = 3211.264; parent = 2957.099; children = 254.196
Synthesis current peak Virtual Memory [VSS] (MB): peak = 4648.098; parent = 3675.020; children = 973.078
---------------------------------------------------------------------------------
---------------------------------------------------------------------------------
Start Technology Mapping
---------------------------------------------------------------------------------
---------------------------------------------------------------------------------
Finished Technology Mapping : Time (s): cpu = 00:00:18 ; elapsed = 00:00:25 . Memory (MB): peak = 3694.047 ; gain = 896.738 ; free physical = 138293 ; free virtual = 209598
Synthesis current peak Physical Memory [PSS] (MB): peak = 3211.326; parent = 2957.161; children = 254.196
Synthesis current peak Virtual Memory [VSS] (MB): peak = 4667.129; parent = 3694.051; children = 973.078
---------------------------------------------------------------------------------
---------------------------------------------------------------------------------
Start IO Insertion
---------------------------------------------------------------------------------
---------------------------------------------------------------------------------
Start Flattening Before IO Insertion
---------------------------------------------------------------------------------
---------------------------------------------------------------------------------
Finished Flattening Before IO Insertion
---------------------------------------------------------------------------------
---------------------------------------------------------------------------------
Start Final Netlist Cleanup
---------------------------------------------------------------------------------
---------------------------------------------------------------------------------
Finished Final Netlist Cleanup
---------------------------------------------------------------------------------
---------------------------------------------------------------------------------
Finished IO Insertion : Time (s): cpu = 00:00:21 ; elapsed = 00:00:27 . Memory (MB): peak = 3701.984 ; gain = 904.676 ; free physical = 138304 ; free virtual = 209609
Synthesis current peak Physical Memory [PSS] (MB): peak = 3212.260; parent = 2958.095; children = 254.196
Synthesis current peak Virtual Memory [VSS] (MB): peak = 4675.066; parent = 3701.988; children = 973.078
---------------------------------------------------------------------------------
---------------------------------------------------------------------------------
Start Renaming Generated Instances
---------------------------------------------------------------------------------
---------------------------------------------------------------------------------
Finished Renaming Generated Instances : Time (s): cpu = 00:00:21 ; elapsed = 00:00:27 . Memory (MB): peak = 3701.984 ; gain = 904.676 ; free physical = 138304 ; free virtual = 209609
Synthesis current peak Physical Memory [PSS] (MB): peak = 3212.275; parent = 2958.110; children = 254.196
Synthesis current peak Virtual Memory [VSS] (MB): peak = 4675.066; parent = 3701.988; children = 973.078
---------------------------------------------------------------------------------
---------------------------------------------------------------------------------
Start Rebuilding User Hierarchy
---------------------------------------------------------------------------------
---------------------------------------------------------------------------------
Finished Rebuilding User Hierarchy : Time (s): cpu = 00:00:21 ; elapsed = 00:00:28 . Memory (MB): peak = 3701.984 ; gain = 904.676 ; free physical = 138305 ; free virtual = 209609
Synthesis current peak Physical Memory [PSS] (MB): peak = 3212.904; parent = 2958.739; children = 254.196
Synthesis current peak Virtual Memory [VSS] (MB): peak = 4675.066; parent = 3701.988; children = 973.078
---------------------------------------------------------------------------------
---------------------------------------------------------------------------------
Start Renaming Generated Ports
---------------------------------------------------------------------------------
---------------------------------------------------------------------------------
Finished Renaming Generated Ports : Time (s): cpu = 00:00:21 ; elapsed = 00:00:28 . Memory (MB): peak = 3701.984 ; gain = 904.676 ; free physical = 138305 ; free virtual = 209609
Synthesis current peak Physical Memory [PSS] (MB): peak = 3212.967; parent = 2958.802; children = 254.196
Synthesis current peak Virtual Memory [VSS] (MB): peak = 4675.066; parent = 3701.988; children = 973.078
---------------------------------------------------------------------------------
---------------------------------------------------------------------------------
Start Handling Custom Attributes
---------------------------------------------------------------------------------
---------------------------------------------------------------------------------
Finished Handling Custom Attributes : Time (s): cpu = 00:00:21 ; elapsed = 00:00:28 . Memory (MB): peak = 3701.984 ; gain = 904.676 ; free physical = 138305 ; free virtual = 209609
Synthesis current peak Physical Memory [PSS] (MB): peak = 3212.967; parent = 2958.802; children = 254.196
Synthesis current peak Virtual Memory [VSS] (MB): peak = 4675.066; parent = 3701.988; children = 973.078
---------------------------------------------------------------------------------
---------------------------------------------------------------------------------
Start Renaming Generated Nets
---------------------------------------------------------------------------------
---------------------------------------------------------------------------------
Finished Renaming Generated Nets : Time (s): cpu = 00:00:21 ; elapsed = 00:00:28 . Memory (MB): peak = 3701.984 ; gain = 904.676 ; free physical = 138303 ; free virtual = 209608
Synthesis current peak Physical Memory [PSS] (MB): peak = 3212.998; parent = 2958.833; children = 254.196
Synthesis current peak Virtual Memory [VSS] (MB): peak = 4675.066; parent = 3701.988; children = 973.078
---------------------------------------------------------------------------------
---------------------------------------------------------------------------------
Start ROM, RAM, DSP, Shift Register and Retiming Reporting
---------------------------------------------------------------------------------

Static Shift Register Report:
+------------+------------------------+--------+-------+--------------+--------------------+-------------------+--------+---------+
|Module Name | RTL Name               | Length | Width | Reset Signal | Pull out first Reg | Pull out last Reg | SRL16E | SRLC32E | 
+------------+------------------------+--------+-------+--------------+--------------------+-------------------+--------+---------+
|sum_signed  | vld_layer7_reg         | 7      | 1     | YES          | NO                 | YES               | 1      | 0       | 
|sum_signed  | reduce_layer53_reg[13] | 4      | 14    | YES          | NO                 | YES               | 14     | 0       | 
+------------+------------------------+--------+-------+--------------+--------------------+-------------------+--------+---------+

---------------------------------------------------------------------------------
Finished ROM, RAM, DSP, Shift Register and Retiming Reporting
---------------------------------------------------------------------------------
---------------------------------------------------------------------------------
Start Writing Synthesis Report
---------------------------------------------------------------------------------

Report BlackBoxes: 
+-+--------------+----------+
| |BlackBox name |Instances |
+-+--------------+----------+
+-+--------------+----------+

Report Cell Usage: 
+------+-------+------+
|      |Cell   |Count |
+------+-------+------+
|1     |BUFG   |     1|
|2     |CARRY8 |   204|
|3     |LUT1   |    99|
|4     |LUT2   |  1298|
|5     |SRL16E |    15|
|6     |FDRE   |  1404|
|7     |IBUF   |  1203|
|8     |OBUF   |    20|
+------+-------+------+
---------------------------------------------------------------------------------
Finished Writing Synthesis Report : Time (s): cpu = 00:00:21 ; elapsed = 00:00:28 . Memory (MB): peak = 3701.984 ; gain = 904.676 ; free physical = 138285 ; free virtual = 209589
Synthesis current peak Physical Memory [PSS] (MB): peak = 3213.014; parent = 2958.849; children = 254.196
Synthesis current peak Virtual Memory [VSS] (MB): peak = 4675.066; parent = 3701.988; children = 973.078
---------------------------------------------------------------------------------
Synthesis finished with 0 errors, 0 critical warnings and 1 warnings.
Synthesis Optimization Runtime : Time (s): cpu = 00:00:18 ; elapsed = 00:00:24 . Memory (MB): peak = 3701.984 ; gain = 739.957 ; free physical = 138351 ; free virtual = 209655
Synthesis Optimization Complete : Time (s): cpu = 00:00:21 ; elapsed = 00:00:28 . Memory (MB): peak = 3701.992 ; gain = 904.676 ; free physical = 138353 ; free virtual = 209658
INFO: [Project 1-571] Translating synthesized netlist
Netlist sorting complete. Time (s): cpu = 00:00:00.01 ; elapsed = 00:00:00.01 . Memory (MB): peak = 3708.922 ; gain = 0.000 ; free physical = 138463 ; free virtual = 209768
INFO: [Netlist 29-17] Analyzing 1408 Unisim elements for replacement
INFO: [Netlist 29-28] Unisim Transformation completed in 0 CPU seconds
WARNING: [Netlist 29-101] Netlist 'sum_signed' is not ideal for floorplanning, since the cellview 'sum_signed' contains a large number of primitives.  Please consider enabling hierarchy in synthesis if you want to do floorplanning.
INFO: [Project 1-570] Preparing netlist for logic optimization
Parsing XDC File [/mnt/vault1/mfaroo19/reduction_tree/integrator/runs/M100_W12/sum_signed.xdc]
Finished Parsing XDC File [/mnt/vault1/mfaroo19/reduction_tree/integrator/runs/M100_W12/sum_signed.xdc]
INFO: [Opt 31-138] Pushed 0 inverter(s) to 0 load pin(s).
Netlist sorting complete. Time (s): cpu = 00:00:00 ; elapsed = 00:00:00 . Memory (MB): peak = 3769.391 ; gain = 0.000 ; free physical = 138413 ; free virtual = 209718
INFO: [Project 1-111] Unisim Transformation Summary:
  A total of 1204 instances were transformed.
  BUFG => BUFGCE: 1 instance 
  IBUF => IBUF (IBUFCTRL, INBUF): 1203 instances

Synth Design complete, checksum: ec4dd09
INFO: [Common 17-83] Releasing license: Synthesis
19 Infos, 2 Warnings, 0 Critical Warnings and 0 Errors encountered.
synth_design completed successfully
synth_design: Time (s): cpu = 00:00:31 ; elapsed = 00:00:38 . Memory (MB): peak = 3769.391 ; gain = 2064.871 ; free physical = 138554 ; free virtual = 209858
# report_utilization -file runs/M100_W12/util.rpt
# report_timing_summary -file runs/M100_W12/timing.rpt
INFO: [Timing 38-35] Done setting XDC timing constraints.
INFO: [Timing 38-91] UpdateTimingParams: Speed grade: -2, Temperature grade: E, Delay Type: min_max.
INFO: [Timing 38-191] Multithreading enabled for timing update using a maximum of 8 CPUs
report_timing_summary: Time (s): cpu = 00:00:12 ; elapsed = 00:00:14 . Memory (MB): peak = 4518.379 ; gain = 748.988 ; free physical = 138033 ; free virtual = 209338
# exit
INFO: [Common 17-206] Exiting Vivado at Tue Nov  4 17:32:29 2025...
