
****** Vivado v2022.2 (64-bit)
  **** SW Build 3671981 on Fri Oct 14 04:59:54 MDT 2022
  **** IP Build 3669848 on Fri Oct 14 08:30:02 MDT 2022
    ** Copyright 1986-2022 Xilinx, Inc. All Rights Reserved.

source runs/M200_W10/run.tcl
# read_verilog -sv runs/M200_W10/sum_signed.sv
# read_xdc runs/M200_W10/sum_signed.xdc
# synth_design -top sum_signed -part xczu7ev-ffvc1156-2-e
Command: synth_design -top sum_signed -part xczu7ev-ffvc1156-2-e
Starting synth_design
Attempting to get a license for feature 'Synthesis' and/or device 'xczu7ev'
INFO: [Common 17-349] Got license for feature 'Synthesis' and/or device 'xczu7ev'
INFO: [Device 21-403] Loading part xczu7ev-ffvc1156-2-e
INFO: [Synth 8-7079] Multithreading enabled for synth_design using a maximum of 4 processes.
INFO: [Synth 8-7078] Launching helper process for spawning children vivado processes
INFO: [Synth 8-7075] Helper process launched with PID 2575945
INFO: [Synth 8-11241] undeclared symbol 'REGCCE', assumed default net type 'wire' [/mnt/vault1/kmhatre/Software/AMD/Vivado/2022.2/data/verilog/src/unimacro/BRAM_SINGLE_MACRO.v:2170]
---------------------------------------------------------------------------------
Starting RTL Elaboration : Time (s): cpu = 00:00:02 ; elapsed = 00:00:03 . Memory (MB): peak = 3037.387 ; gain = 239.832 ; free physical = 138532 ; free virtual = 209913
Synthesis current peak Physical Memory [PSS] (MB): peak = 2627.147; parent = 2372.985; children = 254.162
Synthesis current peak Virtual Memory [VSS] (MB): peak = 4013.434; parent = 3040.359; children = 973.074
---------------------------------------------------------------------------------
INFO: [Synth 8-6157] synthesizing module 'sum_signed' [/mnt/vault1/mfaroo19/reduction_tree/integrator/runs/M200_W10/sum_signed.sv:7]
INFO: [Synth 8-6155] done synthesizing module 'sum_signed' (0#1) [/mnt/vault1/mfaroo19/reduction_tree/integrator/runs/M200_W10/sum_signed.sv:7]
---------------------------------------------------------------------------------
Finished RTL Elaboration : Time (s): cpu = 00:00:03 ; elapsed = 00:00:04 . Memory (MB): peak = 3112.324 ; gain = 314.770 ; free physical = 138441 ; free virtual = 209824
Synthesis current peak Physical Memory [PSS] (MB): peak = 2627.147; parent = 2372.985; children = 254.162
Synthesis current peak Virtual Memory [VSS] (MB): peak = 4085.402; parent = 3112.328; children = 973.074
---------------------------------------------------------------------------------
---------------------------------------------------------------------------------
Start Handling Custom Attributes
---------------------------------------------------------------------------------
---------------------------------------------------------------------------------
Finished Handling Custom Attributes : Time (s): cpu = 00:00:03 ; elapsed = 00:00:04 . Memory (MB): peak = 3130.137 ; gain = 332.582 ; free physical = 138442 ; free virtual = 209824
Synthesis current peak Physical Memory [PSS] (MB): peak = 2627.147; parent = 2372.985; children = 254.162
Synthesis current peak Virtual Memory [VSS] (MB): peak = 4103.215; parent = 3130.141; children = 973.074
---------------------------------------------------------------------------------
---------------------------------------------------------------------------------
Finished RTL Optimization Phase 1 : Time (s): cpu = 00:00:03 ; elapsed = 00:00:04 . Memory (MB): peak = 3130.137 ; gain = 332.582 ; free physical = 138442 ; free virtual = 209824
Synthesis current peak Physical Memory [PSS] (MB): peak = 2627.147; parent = 2372.985; children = 254.162
Synthesis current peak Virtual Memory [VSS] (MB): peak = 4103.215; parent = 3130.141; children = 973.074
---------------------------------------------------------------------------------
Netlist sorting complete. Time (s): cpu = 00:00:00.02 ; elapsed = 00:00:00.02 . Memory (MB): peak = 3130.137 ; gain = 0.000 ; free physical = 138442 ; free virtual = 209824
INFO: [Project 1-570] Preparing netlist for logic optimization

Processing XDC Constraints
Initializing timing engine
Parsing XDC File [/mnt/vault1/mfaroo19/reduction_tree/integrator/runs/M200_W10/sum_signed.xdc]
Finished Parsing XDC File [/mnt/vault1/mfaroo19/reduction_tree/integrator/runs/M200_W10/sum_signed.xdc]
Completed Processing XDC Constraints

Netlist sorting complete. Time (s): cpu = 00:00:00 ; elapsed = 00:00:00 . Memory (MB): peak = 3301.855 ; gain = 0.000 ; free physical = 138401 ; free virtual = 209783
INFO: [Project 1-111] Unisim Transformation Summary:
No Unisim elements were transformed.

Constraint Validation Runtime : Time (s): cpu = 00:00:00.04 ; elapsed = 00:00:00.02 . Memory (MB): peak = 3301.855 ; gain = 0.000 ; free physical = 138401 ; free virtual = 209784
INFO: [Synth 8-11241] undeclared symbol 'REGCCE', assumed default net type 'wire' [/mnt/vault1/kmhatre/Software/AMD/Vivado/2022.2/data/verilog/src/unimacro/BRAM_SINGLE_MACRO.v:2170]
---------------------------------------------------------------------------------
Finished Constraint Validation : Time (s): cpu = 00:00:10 ; elapsed = 00:00:12 . Memory (MB): peak = 3301.855 ; gain = 504.301 ; free physical = 138440 ; free virtual = 209823
Synthesis current peak Physical Memory [PSS] (MB): peak = 2627.147; parent = 2372.985; children = 254.162
Synthesis current peak Virtual Memory [VSS] (MB): peak = 4242.918; parent = 3269.844; children = 973.074
---------------------------------------------------------------------------------
---------------------------------------------------------------------------------
Start Loading Part and Timing Information
---------------------------------------------------------------------------------
Loading part: xczu7ev-ffvc1156-2-e
INFO: [Synth 8-6742] Reading net delay rules and data
---------------------------------------------------------------------------------
Finished Loading Part and Timing Information : Time (s): cpu = 00:00:10 ; elapsed = 00:00:12 . Memory (MB): peak = 3301.855 ; gain = 504.301 ; free physical = 138437 ; free virtual = 209819
Synthesis current peak Physical Memory [PSS] (MB): peak = 2627.147; parent = 2372.985; children = 254.162
Synthesis current peak Virtual Memory [VSS] (MB): peak = 4242.918; parent = 3269.844; children = 973.074
---------------------------------------------------------------------------------
---------------------------------------------------------------------------------
Start Applying 'set_property' XDC Constraints
---------------------------------------------------------------------------------
---------------------------------------------------------------------------------
Finished applying 'set_property' XDC Constraints : Time (s): cpu = 00:00:10 ; elapsed = 00:00:12 . Memory (MB): peak = 3301.855 ; gain = 504.301 ; free physical = 138423 ; free virtual = 209805
Synthesis current peak Physical Memory [PSS] (MB): peak = 2627.147; parent = 2372.985; children = 254.162
Synthesis current peak Virtual Memory [VSS] (MB): peak = 4242.918; parent = 3269.844; children = 973.074
---------------------------------------------------------------------------------
---------------------------------------------------------------------------------
Finished RTL Optimization Phase 2 : Time (s): cpu = 00:00:10 ; elapsed = 00:00:12 . Memory (MB): peak = 3301.855 ; gain = 504.301 ; free physical = 138445 ; free virtual = 209828
Synthesis current peak Physical Memory [PSS] (MB): peak = 2627.147; parent = 2372.985; children = 254.162
Synthesis current peak Virtual Memory [VSS] (MB): peak = 4242.918; parent = 3269.844; children = 973.074
---------------------------------------------------------------------------------
---------------------------------------------------------------------------------
Start RTL Component Statistics 
---------------------------------------------------------------------------------
Detailed RTL Component Info : 
+---Adders : 
	   2 Input   18 Bit       Adders := 1     
	   2 Input   17 Bit       Adders := 2     
	   2 Input   16 Bit       Adders := 3     
	   2 Input   15 Bit       Adders := 6     
	   2 Input   14 Bit       Adders := 12    
	   2 Input   13 Bit       Adders := 25    
	   2 Input   12 Bit       Adders := 50    
	   2 Input   11 Bit       Adders := 100   
+---Registers : 
	               18 Bit    Registers := 1     
	               17 Bit    Registers := 2     
	               16 Bit    Registers := 3     
	               15 Bit    Registers := 6     
	               14 Bit    Registers := 12    
	               13 Bit    Registers := 28    
	               12 Bit    Registers := 50    
	               11 Bit    Registers := 100   
	                1 Bit    Registers := 8     
---------------------------------------------------------------------------------
Finished RTL Component Statistics 
---------------------------------------------------------------------------------
---------------------------------------------------------------------------------
Start Part Resource Summary
---------------------------------------------------------------------------------
Part Resources:
DSPs: 1728 (col length:144)
BRAMs: 624 (col length: RAMB18 144 RAMB36 72)
---------------------------------------------------------------------------------
Finished Part Resource Summary
---------------------------------------------------------------------------------
---------------------------------------------------------------------------------
Start Cross Boundary and Area Optimization
---------------------------------------------------------------------------------
WARNING: [Synth 8-7080] Parallel synthesis criteria is not met
---------------------------------------------------------------------------------
Finished Cross Boundary and Area Optimization : Time (s): cpu = 00:00:12 ; elapsed = 00:00:14 . Memory (MB): peak = 3301.855 ; gain = 504.301 ; free physical = 138471 ; free virtual = 209860
Synthesis current peak Physical Memory [PSS] (MB): peak = 2627.147; parent = 2372.985; children = 254.162
Synthesis current peak Virtual Memory [VSS] (MB): peak = 4242.918; parent = 3269.844; children = 973.074
---------------------------------------------------------------------------------
---------------------------------------------------------------------------------
Start Applying XDC Timing Constraints
---------------------------------------------------------------------------------
---------------------------------------------------------------------------------
Finished Applying XDC Timing Constraints : Time (s): cpu = 00:00:19 ; elapsed = 00:00:25 . Memory (MB): peak = 3672.168 ; gain = 874.613 ; free physical = 138178 ; free virtual = 209567
Synthesis current peak Physical Memory [PSS] (MB): peak = 3208.128; parent = 2953.997; children = 254.162
Synthesis current peak Virtual Memory [VSS] (MB): peak = 4645.246; parent = 3672.172; children = 973.074
---------------------------------------------------------------------------------
---------------------------------------------------------------------------------
Start Timing Optimization
---------------------------------------------------------------------------------
---------------------------------------------------------------------------------
Finished Timing Optimization : Time (s): cpu = 00:00:19 ; elapsed = 00:00:26 . Memory (MB): peak = 3682.168 ; gain = 884.613 ; free physical = 138171 ; free virtual = 209560
Synthesis current peak Physical Memory [PSS] (MB): peak = 3218.104; parent = 2963.974; children = 254.162
Synthesis current peak Virtual Memory [VSS] (MB): peak = 4655.246; parent = 3682.172; children = 973.074
---------------------------------------------------------------------------------
---------------------------------------------------------------------------------
Start Technology Mapping
---------------------------------------------------------------------------------
---------------------------------------------------------------------------------
Finished Technology Mapping : Time (s): cpu = 00:00:19 ; elapsed = 00:00:26 . Memory (MB): peak = 3701.199 ; gain = 903.645 ; free physical = 138148 ; free virtual = 209538
Synthesis current peak Physical Memory [PSS] (MB): peak = 3224.069; parent = 2969.938; children = 254.162
Synthesis current peak Virtual Memory [VSS] (MB): peak = 4674.277; parent = 3701.203; children = 973.074
---------------------------------------------------------------------------------
---------------------------------------------------------------------------------
Start IO Insertion
---------------------------------------------------------------------------------
---------------------------------------------------------------------------------
Start Flattening Before IO Insertion
---------------------------------------------------------------------------------
---------------------------------------------------------------------------------
Finished Flattening Before IO Insertion
---------------------------------------------------------------------------------
---------------------------------------------------------------------------------
Start Final Netlist Cleanup
---------------------------------------------------------------------------------
---------------------------------------------------------------------------------
Finished Final Netlist Cleanup
---------------------------------------------------------------------------------
---------------------------------------------------------------------------------
Finished IO Insertion : Time (s): cpu = 00:00:22 ; elapsed = 00:00:29 . Memory (MB): peak = 3713.105 ; gain = 915.551 ; free physical = 138160 ; free virtual = 209550
Synthesis current peak Physical Memory [PSS] (MB): peak = 3224.788; parent = 2970.657; children = 254.162
Synthesis current peak Virtual Memory [VSS] (MB): peak = 4686.184; parent = 3713.109; children = 973.074
---------------------------------------------------------------------------------
---------------------------------------------------------------------------------
Start Renaming Generated Instances
---------------------------------------------------------------------------------
---------------------------------------------------------------------------------
Finished Renaming Generated Instances : Time (s): cpu = 00:00:22 ; elapsed = 00:00:29 . Memory (MB): peak = 3713.105 ; gain = 915.551 ; free physical = 138161 ; free virtual = 209550
Synthesis current peak Physical Memory [PSS] (MB): peak = 3224.804; parent = 2970.673; children = 254.162
Synthesis current peak Virtual Memory [VSS] (MB): peak = 4686.184; parent = 3713.109; children = 973.074
---------------------------------------------------------------------------------
---------------------------------------------------------------------------------
Start Rebuilding User Hierarchy
---------------------------------------------------------------------------------
---------------------------------------------------------------------------------
Finished Rebuilding User Hierarchy : Time (s): cpu = 00:00:22 ; elapsed = 00:00:29 . Memory (MB): peak = 3713.105 ; gain = 915.551 ; free physical = 138162 ; free virtual = 209552
Synthesis current peak Physical Memory [PSS] (MB): peak = 3225.382; parent = 2971.251; children = 254.162
Synthesis current peak Virtual Memory [VSS] (MB): peak = 4686.184; parent = 3713.109; children = 973.074
---------------------------------------------------------------------------------
---------------------------------------------------------------------------------
Start Renaming Generated Ports
---------------------------------------------------------------------------------
---------------------------------------------------------------------------------
Finished Renaming Generated Ports : Time (s): cpu = 00:00:22 ; elapsed = 00:00:29 . Memory (MB): peak = 3713.105 ; gain = 915.551 ; free physical = 138162 ; free virtual = 209552
Synthesis current peak Physical Memory [PSS] (MB): peak = 3225.444; parent = 2971.313; children = 254.162
Synthesis current peak Virtual Memory [VSS] (MB): peak = 4686.184; parent = 3713.109; children = 973.074
---------------------------------------------------------------------------------
---------------------------------------------------------------------------------
Start Handling Custom Attributes
---------------------------------------------------------------------------------
---------------------------------------------------------------------------------
Finished Handling Custom Attributes : Time (s): cpu = 00:00:22 ; elapsed = 00:00:29 . Memory (MB): peak = 3713.105 ; gain = 915.551 ; free physical = 138166 ; free virtual = 209556
Synthesis current peak Physical Memory [PSS] (MB): peak = 3225.444; parent = 2971.313; children = 254.162
Synthesis current peak Virtual Memory [VSS] (MB): peak = 4686.184; parent = 3713.109; children = 973.074
---------------------------------------------------------------------------------
---------------------------------------------------------------------------------
Start Renaming Generated Nets
---------------------------------------------------------------------------------
---------------------------------------------------------------------------------
Finished Renaming Generated Nets : Time (s): cpu = 00:00:22 ; elapsed = 00:00:29 . Memory (MB): peak = 3713.105 ; gain = 915.551 ; free physical = 138166 ; free virtual = 209556
Synthesis current peak Physical Memory [PSS] (MB): peak = 3225.444; parent = 2971.313; children = 254.162
Synthesis current peak Virtual Memory [VSS] (MB): peak = 4686.184; parent = 3713.109; children = 973.074
---------------------------------------------------------------------------------
---------------------------------------------------------------------------------
Start ROM, RAM, DSP, Shift Register and Retiming Reporting
---------------------------------------------------------------------------------

Static Shift Register Report:
+------------+------------------------+--------+-------+--------------+--------------------+-------------------+--------+---------+
|Module Name | RTL Name               | Length | Width | Reset Signal | Pull out first Reg | Pull out last Reg | SRL16E | SRLC32E | 
+------------+------------------------+--------+-------+--------------+--------------------+-------------------+--------+---------+
|sum_signed  | vld_layer8_reg         | 8      | 1     | YES          | NO                 | YES               | 1      | 0       | 
|sum_signed  | reduce_layer63_reg[12] | 4      | 13    | YES          | NO                 | YES               | 13     | 0       | 
+------------+------------------------+--------+-------+--------------+--------------------+-------------------+--------+---------+

---------------------------------------------------------------------------------
Finished ROM, RAM, DSP, Shift Register and Retiming Reporting
---------------------------------------------------------------------------------
---------------------------------------------------------------------------------
Start Writing Synthesis Report
---------------------------------------------------------------------------------

Report BlackBoxes: 
+-+--------------+----------+
| |BlackBox name |Instances |
+-+--------------+----------+
+-+--------------+----------+

Report Cell Usage: 
+------+-------+------+
|      |Cell   |Count |
+------+-------+------+
|1     |BUFG   |     1|
|2     |CARRY8 |   401|
|3     |LUT1   |   199|
|4     |LUT2   |  2198|
|5     |SRL16E |    14|
|6     |FDRE   |  2405|
|7     |IBUF   |  2003|
|8     |OBUF   |    19|
+------+-------+------+
---------------------------------------------------------------------------------
Finished Writing Synthesis Report : Time (s): cpu = 00:00:22 ; elapsed = 00:00:30 . Memory (MB): peak = 3713.105 ; gain = 915.551 ; free physical = 138166 ; free virtual = 209556
Synthesis current peak Physical Memory [PSS] (MB): peak = 3225.444; parent = 2971.313; children = 254.162
Synthesis current peak Virtual Memory [VSS] (MB): peak = 4686.184; parent = 3713.109; children = 973.074
---------------------------------------------------------------------------------
Synthesis finished with 0 errors, 0 critical warnings and 1 warnings.
Synthesis Optimization Runtime : Time (s): cpu = 00:00:18 ; elapsed = 00:00:26 . Memory (MB): peak = 3713.105 ; gain = 743.832 ; free physical = 138204 ; free virtual = 209593
Synthesis Optimization Complete : Time (s): cpu = 00:00:22 ; elapsed = 00:00:30 . Memory (MB): peak = 3713.113 ; gain = 915.551 ; free physical = 138204 ; free virtual = 209593
INFO: [Project 1-571] Translating synthesized netlist
Netlist sorting complete. Time (s): cpu = 00:00:00.02 ; elapsed = 00:00:00.03 . Memory (MB): peak = 3727.043 ; gain = 0.000 ; free physical = 138315 ; free virtual = 209704
INFO: [Netlist 29-17] Analyzing 2405 Unisim elements for replacement
INFO: [Netlist 29-28] Unisim Transformation completed in 0 CPU seconds
WARNING: [Netlist 29-101] Netlist 'sum_signed' is not ideal for floorplanning, since the cellview 'sum_signed' contains a large number of primitives.  Please consider enabling hierarchy in synthesis if you want to do floorplanning.
INFO: [Project 1-570] Preparing netlist for logic optimization
Parsing XDC File [/mnt/vault1/mfaroo19/reduction_tree/integrator/runs/M200_W10/sum_signed.xdc]
Finished Parsing XDC File [/mnt/vault1/mfaroo19/reduction_tree/integrator/runs/M200_W10/sum_signed.xdc]
INFO: [Opt 31-138] Pushed 0 inverter(s) to 0 load pin(s).
Netlist sorting complete. Time (s): cpu = 00:00:00 ; elapsed = 00:00:00 . Memory (MB): peak = 3781.543 ; gain = 0.000 ; free physical = 138260 ; free virtual = 209649
INFO: [Project 1-111] Unisim Transformation Summary:
  A total of 2004 instances were transformed.
  BUFG => BUFGCE: 1 instance 
  IBUF => IBUF (IBUFCTRL, INBUF): 2003 instances

Synth Design complete, checksum: 4d5f5beb
INFO: [Common 17-83] Releasing license: Synthesis
19 Infos, 2 Warnings, 0 Critical Warnings and 0 Errors encountered.
synth_design completed successfully
synth_design: Time (s): cpu = 00:00:32 ; elapsed = 00:00:40 . Memory (MB): peak = 3781.543 ; gain = 2076.809 ; free physical = 138373 ; free virtual = 209762
# report_utilization -file runs/M200_W10/util.rpt
# report_timing_summary -file runs/M200_W10/timing.rpt
INFO: [Timing 38-35] Done setting XDC timing constraints.
INFO: [Timing 38-91] UpdateTimingParams: Speed grade: -2, Temperature grade: E, Delay Type: min_max.
INFO: [Timing 38-191] Multithreading enabled for timing update using a maximum of 8 CPUs
report_timing_summary: Time (s): cpu = 00:00:13 ; elapsed = 00:00:14 . Memory (MB): peak = 4527.531 ; gain = 745.988 ; free physical = 137811 ; free virtual = 209200
# exit
INFO: [Common 17-206] Exiting Vivado at Tue Nov  4 17:51:31 2025...
