
****** Vivado v2022.2 (64-bit)
  **** SW Build 3671981 on Fri Oct 14 04:59:54 MDT 2022
  **** IP Build 3669848 on Fri Oct 14 08:30:02 MDT 2022
    ** Copyright 1986-2022 Xilinx, Inc. All Rights Reserved.

source runs/M150_W9/run.tcl
# read_verilog -sv runs/M150_W9/sum_signed.sv
# read_xdc runs/M150_W9/sum_signed.xdc
# synth_design -top sum_signed -part xczu7ev-ffvc1156-2-e
Command: synth_design -top sum_signed -part xczu7ev-ffvc1156-2-e
Starting synth_design
Attempting to get a license for feature 'Synthesis' and/or device 'xczu7ev'
INFO: [Common 17-349] Got license for feature 'Synthesis' and/or device 'xczu7ev'
INFO: [Device 21-403] Loading part xczu7ev-ffvc1156-2-e
INFO: [Synth 8-7079] Multithreading enabled for synth_design using a maximum of 4 processes.
INFO: [Synth 8-7078] Launching helper process for spawning children vivado processes
INFO: [Synth 8-7075] Helper process launched with PID 2570624
INFO: [Synth 8-11241] undeclared symbol 'REGCCE', assumed default net type 'wire' [/mnt/vault1/kmhatre/Software/AMD/Vivado/2022.2/data/verilog/src/unimacro/BRAM_SINGLE_MACRO.v:2170]
---------------------------------------------------------------------------------
Starting RTL Elaboration : Time (s): cpu = 00:00:02 ; elapsed = 00:00:03 . Memory (MB): peak = 3037.324 ; gain = 239.832 ; free physical = 138421 ; free virtual = 209721
Synthesis current peak Physical Memory [PSS] (MB): peak = 2627.020; parent = 2372.854; children = 254.165
Synthesis current peak Virtual Memory [VSS] (MB): peak = 4013.375; parent = 3040.297; children = 973.078
---------------------------------------------------------------------------------
INFO: [Synth 8-6157] synthesizing module 'sum_signed' [/mnt/vault1/mfaroo19/reduction_tree/integrator/runs/M150_W9/sum_signed.sv:7]
INFO: [Synth 8-6155] done synthesizing module 'sum_signed' (0#1) [/mnt/vault1/mfaroo19/reduction_tree/integrator/runs/M150_W9/sum_signed.sv:7]
---------------------------------------------------------------------------------
Finished RTL Elaboration : Time (s): cpu = 00:00:03 ; elapsed = 00:00:04 . Memory (MB): peak = 3110.262 ; gain = 312.770 ; free physical = 138372 ; free virtual = 209673
Synthesis current peak Physical Memory [PSS] (MB): peak = 2627.020; parent = 2372.854; children = 254.165
Synthesis current peak Virtual Memory [VSS] (MB): peak = 4083.344; parent = 3110.266; children = 973.078
---------------------------------------------------------------------------------
---------------------------------------------------------------------------------
Start Handling Custom Attributes
---------------------------------------------------------------------------------
---------------------------------------------------------------------------------
Finished Handling Custom Attributes : Time (s): cpu = 00:00:03 ; elapsed = 00:00:04 . Memory (MB): peak = 3128.074 ; gain = 330.582 ; free physical = 138380 ; free virtual = 209681
Synthesis current peak Physical Memory [PSS] (MB): peak = 2627.020; parent = 2372.854; children = 254.165
Synthesis current peak Virtual Memory [VSS] (MB): peak = 4101.156; parent = 3128.078; children = 973.078
---------------------------------------------------------------------------------
---------------------------------------------------------------------------------
Finished RTL Optimization Phase 1 : Time (s): cpu = 00:00:03 ; elapsed = 00:00:05 . Memory (MB): peak = 3128.074 ; gain = 330.582 ; free physical = 138380 ; free virtual = 209681
Synthesis current peak Physical Memory [PSS] (MB): peak = 2627.020; parent = 2372.854; children = 254.165
Synthesis current peak Virtual Memory [VSS] (MB): peak = 4101.156; parent = 3128.078; children = 973.078
---------------------------------------------------------------------------------
Netlist sorting complete. Time (s): cpu = 00:00:00.01 ; elapsed = 00:00:00.01 . Memory (MB): peak = 3128.074 ; gain = 0.000 ; free physical = 138376 ; free virtual = 209677
INFO: [Project 1-570] Preparing netlist for logic optimization

Processing XDC Constraints
Initializing timing engine
Parsing XDC File [/mnt/vault1/mfaroo19/reduction_tree/integrator/runs/M150_W9/sum_signed.xdc]
Finished Parsing XDC File [/mnt/vault1/mfaroo19/reduction_tree/integrator/runs/M150_W9/sum_signed.xdc]
Completed Processing XDC Constraints

Netlist sorting complete. Time (s): cpu = 00:00:00 ; elapsed = 00:00:00 . Memory (MB): peak = 3294.793 ; gain = 0.000 ; free physical = 138429 ; free virtual = 209729
INFO: [Project 1-111] Unisim Transformation Summary:
No Unisim elements were transformed.

Constraint Validation Runtime : Time (s): cpu = 00:00:00.03 ; elapsed = 00:00:00.01 . Memory (MB): peak = 3294.793 ; gain = 0.000 ; free physical = 138431 ; free virtual = 209731
INFO: [Synth 8-11241] undeclared symbol 'REGCCE', assumed default net type 'wire' [/mnt/vault1/kmhatre/Software/AMD/Vivado/2022.2/data/verilog/src/unimacro/BRAM_SINGLE_MACRO.v:2170]
---------------------------------------------------------------------------------
Finished Constraint Validation : Time (s): cpu = 00:00:10 ; elapsed = 00:00:12 . Memory (MB): peak = 3294.793 ; gain = 497.301 ; free physical = 138531 ; free virtual = 209832
Synthesis current peak Physical Memory [PSS] (MB): peak = 2636.590; parent = 2382.425; children = 254.165
Synthesis current peak Virtual Memory [VSS] (MB): peak = 4235.859; parent = 3262.781; children = 973.078
---------------------------------------------------------------------------------
---------------------------------------------------------------------------------
Start Loading Part and Timing Information
---------------------------------------------------------------------------------
Loading part: xczu7ev-ffvc1156-2-e
INFO: [Synth 8-6742] Reading net delay rules and data
---------------------------------------------------------------------------------
Finished Loading Part and Timing Information : Time (s): cpu = 00:00:10 ; elapsed = 00:00:12 . Memory (MB): peak = 3294.793 ; gain = 497.301 ; free physical = 138531 ; free virtual = 209832
Synthesis current peak Physical Memory [PSS] (MB): peak = 2636.590; parent = 2382.425; children = 254.165
Synthesis current peak Virtual Memory [VSS] (MB): peak = 4235.859; parent = 3262.781; children = 973.078
---------------------------------------------------------------------------------
---------------------------------------------------------------------------------
Start Applying 'set_property' XDC Constraints
---------------------------------------------------------------------------------
---------------------------------------------------------------------------------
Finished applying 'set_property' XDC Constraints : Time (s): cpu = 00:00:10 ; elapsed = 00:00:12 . Memory (MB): peak = 3294.793 ; gain = 497.301 ; free physical = 138531 ; free virtual = 209832
Synthesis current peak Physical Memory [PSS] (MB): peak = 2636.590; parent = 2382.425; children = 254.165
Synthesis current peak Virtual Memory [VSS] (MB): peak = 4235.859; parent = 3262.781; children = 973.078
---------------------------------------------------------------------------------
---------------------------------------------------------------------------------
Finished RTL Optimization Phase 2 : Time (s): cpu = 00:00:10 ; elapsed = 00:00:13 . Memory (MB): peak = 3294.793 ; gain = 497.301 ; free physical = 138540 ; free virtual = 209842
Synthesis current peak Physical Memory [PSS] (MB): peak = 2636.590; parent = 2382.425; children = 254.165
Synthesis current peak Virtual Memory [VSS] (MB): peak = 4235.859; parent = 3262.781; children = 973.078
---------------------------------------------------------------------------------
---------------------------------------------------------------------------------
Start RTL Component Statistics 
---------------------------------------------------------------------------------
Detailed RTL Component Info : 
+---Adders : 
	   2 Input   17 Bit       Adders := 1     
	   2 Input   16 Bit       Adders := 1     
	   2 Input   15 Bit       Adders := 2     
	   2 Input   14 Bit       Adders := 5     
	   2 Input   13 Bit       Adders := 9     
	   2 Input   12 Bit       Adders := 19    
	   2 Input   11 Bit       Adders := 37    
	   2 Input   10 Bit       Adders := 75    
+---Registers : 
	               17 Bit    Registers := 1     
	               16 Bit    Registers := 1     
	               15 Bit    Registers := 2     
	               14 Bit    Registers := 7     
	               13 Bit    Registers := 9     
	               12 Bit    Registers := 20    
	               11 Bit    Registers := 37    
	               10 Bit    Registers := 76    
	                1 Bit    Registers := 8     
---------------------------------------------------------------------------------
Finished RTL Component Statistics 
---------------------------------------------------------------------------------
---------------------------------------------------------------------------------
Start Part Resource Summary
---------------------------------------------------------------------------------
Part Resources:
DSPs: 1728 (col length:144)
BRAMs: 624 (col length: RAMB18 144 RAMB36 72)
---------------------------------------------------------------------------------
Finished Part Resource Summary
---------------------------------------------------------------------------------
---------------------------------------------------------------------------------
Start Cross Boundary and Area Optimization
---------------------------------------------------------------------------------
WARNING: [Synth 8-7080] Parallel synthesis criteria is not met
---------------------------------------------------------------------------------
Finished Cross Boundary and Area Optimization : Time (s): cpu = 00:00:11 ; elapsed = 00:00:14 . Memory (MB): peak = 3294.793 ; gain = 497.301 ; free physical = 138559 ; free virtual = 209866
Synthesis current peak Physical Memory [PSS] (MB): peak = 2636.590; parent = 2382.425; children = 254.165
Synthesis current peak Virtual Memory [VSS] (MB): peak = 4235.859; parent = 3262.781; children = 973.078
---------------------------------------------------------------------------------
---------------------------------------------------------------------------------
Start Applying XDC Timing Constraints
---------------------------------------------------------------------------------
---------------------------------------------------------------------------------
Finished Applying XDC Timing Constraints : Time (s): cpu = 00:00:18 ; elapsed = 00:00:25 . Memory (MB): peak = 3671.105 ; gain = 873.613 ; free physical = 138130 ; free virtual = 209437
Synthesis current peak Physical Memory [PSS] (MB): peak = 3207.156; parent = 2953.022; children = 254.165
Synthesis current peak Virtual Memory [VSS] (MB): peak = 4644.188; parent = 3671.109; children = 973.078
---------------------------------------------------------------------------------
---------------------------------------------------------------------------------
Start Timing Optimization
---------------------------------------------------------------------------------
---------------------------------------------------------------------------------
Finished Timing Optimization : Time (s): cpu = 00:00:18 ; elapsed = 00:00:25 . Memory (MB): peak = 3678.105 ; gain = 880.613 ; free physical = 138123 ; free virtual = 209429
Synthesis current peak Physical Memory [PSS] (MB): peak = 3213.875; parent = 2959.741; children = 254.165
Synthesis current peak Virtual Memory [VSS] (MB): peak = 4651.188; parent = 3678.109; children = 973.078
---------------------------------------------------------------------------------
---------------------------------------------------------------------------------
Start Technology Mapping
---------------------------------------------------------------------------------
---------------------------------------------------------------------------------
Finished Technology Mapping : Time (s): cpu = 00:00:19 ; elapsed = 00:00:26 . Memory (MB): peak = 3697.137 ; gain = 899.645 ; free physical = 138122 ; free virtual = 209429
Synthesis current peak Physical Memory [PSS] (MB): peak = 3215.234; parent = 2961.101; children = 254.165
Synthesis current peak Virtual Memory [VSS] (MB): peak = 4670.219; parent = 3697.141; children = 973.078
---------------------------------------------------------------------------------
---------------------------------------------------------------------------------
Start IO Insertion
---------------------------------------------------------------------------------
---------------------------------------------------------------------------------
Start Flattening Before IO Insertion
---------------------------------------------------------------------------------
---------------------------------------------------------------------------------
Finished Flattening Before IO Insertion
---------------------------------------------------------------------------------
---------------------------------------------------------------------------------
Start Final Netlist Cleanup
---------------------------------------------------------------------------------
---------------------------------------------------------------------------------
Finished Final Netlist Cleanup
---------------------------------------------------------------------------------
---------------------------------------------------------------------------------
Finished IO Insertion : Time (s): cpu = 00:00:21 ; elapsed = 00:00:28 . Memory (MB): peak = 3706.043 ; gain = 908.551 ; free physical = 138167 ; free virtual = 209474
Synthesis current peak Physical Memory [PSS] (MB): peak = 3216.176; parent = 2962.042; children = 254.165
Synthesis current peak Virtual Memory [VSS] (MB): peak = 4679.125; parent = 3706.047; children = 973.078
---------------------------------------------------------------------------------
---------------------------------------------------------------------------------
Start Renaming Generated Instances
---------------------------------------------------------------------------------
---------------------------------------------------------------------------------
Finished Renaming Generated Instances : Time (s): cpu = 00:00:21 ; elapsed = 00:00:28 . Memory (MB): peak = 3706.043 ; gain = 908.551 ; free physical = 138168 ; free virtual = 209475
Synthesis current peak Physical Memory [PSS] (MB): peak = 3216.191; parent = 2962.058; children = 254.165
Synthesis current peak Virtual Memory [VSS] (MB): peak = 4679.125; parent = 3706.047; children = 973.078
---------------------------------------------------------------------------------
---------------------------------------------------------------------------------
Start Rebuilding User Hierarchy
---------------------------------------------------------------------------------
---------------------------------------------------------------------------------
Finished Rebuilding User Hierarchy : Time (s): cpu = 00:00:21 ; elapsed = 00:00:29 . Memory (MB): peak = 3706.043 ; gain = 908.551 ; free physical = 138176 ; free virtual = 209483
Synthesis current peak Physical Memory [PSS] (MB): peak = 3216.711; parent = 2962.577; children = 254.165
Synthesis current peak Virtual Memory [VSS] (MB): peak = 4679.125; parent = 3706.047; children = 973.078
---------------------------------------------------------------------------------
---------------------------------------------------------------------------------
Start Renaming Generated Ports
---------------------------------------------------------------------------------
---------------------------------------------------------------------------------
Finished Renaming Generated Ports : Time (s): cpu = 00:00:21 ; elapsed = 00:00:29 . Memory (MB): peak = 3706.043 ; gain = 908.551 ; free physical = 138176 ; free virtual = 209483
Synthesis current peak Physical Memory [PSS] (MB): peak = 3216.773; parent = 2962.640; children = 254.165
Synthesis current peak Virtual Memory [VSS] (MB): peak = 4679.125; parent = 3706.047; children = 973.078
---------------------------------------------------------------------------------
---------------------------------------------------------------------------------
Start Handling Custom Attributes
---------------------------------------------------------------------------------
---------------------------------------------------------------------------------
Finished Handling Custom Attributes : Time (s): cpu = 00:00:21 ; elapsed = 00:00:29 . Memory (MB): peak = 3706.043 ; gain = 908.551 ; free physical = 138176 ; free virtual = 209483
Synthesis current peak Physical Memory [PSS] (MB): peak = 3216.773; parent = 2962.640; children = 254.165
Synthesis current peak Virtual Memory [VSS] (MB): peak = 4679.125; parent = 3706.047; children = 973.078
---------------------------------------------------------------------------------
---------------------------------------------------------------------------------
Start Renaming Generated Nets
---------------------------------------------------------------------------------
---------------------------------------------------------------------------------
Finished Renaming Generated Nets : Time (s): cpu = 00:00:21 ; elapsed = 00:00:29 . Memory (MB): peak = 3706.043 ; gain = 908.551 ; free physical = 138176 ; free virtual = 209483
Synthesis current peak Physical Memory [PSS] (MB): peak = 3216.805; parent = 2962.671; children = 254.165
Synthesis current peak Virtual Memory [VSS] (MB): peak = 4679.125; parent = 3706.047; children = 973.078
---------------------------------------------------------------------------------
---------------------------------------------------------------------------------
Start Writing Synthesis Report
---------------------------------------------------------------------------------

Report BlackBoxes: 
+-+--------------+----------+
| |BlackBox name |Instances |
+-+--------------+----------+
+-+--------------+----------+

Report Cell Usage: 
+------+-------+------+
|      |Cell   |Count |
+------+-------+------+
|1     |BUFG   |     1|
|2     |CARRY8 |   299|
|3     |LUT1   |   149|
|4     |LUT2   |  1486|
|5     |FDRE   |  1693|
|6     |IBUF   |  1353|
|7     |OBUF   |    18|
+------+-------+------+
---------------------------------------------------------------------------------
Finished Writing Synthesis Report : Time (s): cpu = 00:00:21 ; elapsed = 00:00:29 . Memory (MB): peak = 3706.043 ; gain = 908.551 ; free physical = 138179 ; free virtual = 209486
Synthesis current peak Physical Memory [PSS] (MB): peak = 3216.820; parent = 2962.687; children = 254.165
Synthesis current peak Virtual Memory [VSS] (MB): peak = 4679.125; parent = 3706.047; children = 973.078
---------------------------------------------------------------------------------
Synthesis finished with 0 errors, 0 critical warnings and 1 warnings.
Synthesis Optimization Runtime : Time (s): cpu = 00:00:18 ; elapsed = 00:00:25 . Memory (MB): peak = 3706.043 ; gain = 741.832 ; free physical = 138179 ; free virtual = 209486
Synthesis Optimization Complete : Time (s): cpu = 00:00:21 ; elapsed = 00:00:29 . Memory (MB): peak = 3706.051 ; gain = 908.551 ; free physical = 138179 ; free virtual = 209486
INFO: [Project 1-571] Translating synthesized netlist
Netlist sorting complete. Time (s): cpu = 00:00:00.02 ; elapsed = 00:00:00.02 . Memory (MB): peak = 3720.980 ; gain = 0.000 ; free physical = 138283 ; free virtual = 209590
INFO: [Netlist 29-17] Analyzing 1653 Unisim elements for replacement
INFO: [Netlist 29-28] Unisim Transformation completed in 0 CPU seconds
WARNING: [Netlist 29-101] Netlist 'sum_signed' is not ideal for floorplanning, since the cellview 'sum_signed' contains a large number of primitives.  Please consider enabling hierarchy in synthesis if you want to do floorplanning.
INFO: [Project 1-570] Preparing netlist for logic optimization
Parsing XDC File [/mnt/vault1/mfaroo19/reduction_tree/integrator/runs/M150_W9/sum_signed.xdc]
Finished Parsing XDC File [/mnt/vault1/mfaroo19/reduction_tree/integrator/runs/M150_W9/sum_signed.xdc]
INFO: [Opt 31-138] Pushed 0 inverter(s) to 0 load pin(s).
Netlist sorting complete. Time (s): cpu = 00:00:00 ; elapsed = 00:00:00 . Memory (MB): peak = 3772.512 ; gain = 0.000 ; free physical = 138276 ; free virtual = 209583
INFO: [Project 1-111] Unisim Transformation Summary:
  A total of 1354 instances were transformed.
  BUFG => BUFGCE: 1 instance 
  IBUF => IBUF (IBUFCTRL, INBUF): 1353 instances

Synth Design complete, checksum: 30f22be8
INFO: [Common 17-83] Releasing license: Synthesis
19 Infos, 2 Warnings, 0 Critical Warnings and 0 Errors encountered.
synth_design completed successfully
synth_design: Time (s): cpu = 00:00:31 ; elapsed = 00:00:39 . Memory (MB): peak = 3772.512 ; gain = 2067.840 ; free physical = 138324 ; free virtual = 209631
# report_utilization -file runs/M150_W9/util.rpt
# report_timing_summary -file runs/M150_W9/timing.rpt
INFO: [Timing 38-35] Done setting XDC timing constraints.
INFO: [Timing 38-91] UpdateTimingParams: Speed grade: -2, Temperature grade: E, Delay Type: min_max.
INFO: [Timing 38-191] Multithreading enabled for timing update using a maximum of 8 CPUs
report_timing_summary: Time (s): cpu = 00:00:12 ; elapsed = 00:00:14 . Memory (MB): peak = 4707.211 ; gain = 934.699 ; free physical = 137932 ; free virtual = 209239
# exit
INFO: [Common 17-206] Exiting Vivado at Tue Nov  4 17:40:15 2025...
