#-----------------------------------------------------------
# Vivado v2022.2 (64-bit)
# SW Build 3671981 on Fri Oct 14 04:59:54 MDT 2022
# IP Build 3669848 on Fri Oct 14 08:30:02 MDT 2022
# Start of session at: Thu Nov  6 18:23:57 2025
# Process ID: 3567232
# Current directory: /mnt/vault1/mfaroo19/reduction_tree/dot_product/runs/M150_W9_N7
# Command line: vivado -mode batch -source /mnt/vault1/mfaroo19/reduction_tree/dot_product/runs/M150_W9_N7/run.tcl
# Log file: /mnt/vault1/mfaroo19/reduction_tree/dot_product/runs/M150_W9_N7/vivado.log
# Journal file: /mnt/vault1/mfaroo19/reduction_tree/dot_product/runs/M150_W9_N7/vivado.jou
# Running On: en4228283l, OS: Linux, CPU Frequency: 2999.993 MHz, CPU Physical cores: 32, Host memory: 269992 MB
#-----------------------------------------------------------
source /mnt/vault1/mfaroo19/reduction_tree/dot_product/runs/M150_W9_N7/run.tcl
# read_verilog -sv /mnt/vault1/mfaroo19/reduction_tree/dot_product/runs/M150_W9_N7/design.sv
# read_xdc /mnt/vault1/mfaroo19/reduction_tree/dot_product/runs/M150_W9_N7/design.xdc
# synth_design -top dotprod -part xczu7ev-ffvc1156-2-e
Command: synth_design -top dotprod -part xczu7ev-ffvc1156-2-e
Starting synth_design
Attempting to get a license for feature 'Synthesis' and/or device 'xczu7ev'
INFO: [Common 17-349] Got license for feature 'Synthesis' and/or device 'xczu7ev'
INFO: [Device 21-403] Loading part xczu7ev-ffvc1156-2-e
INFO: [Synth 8-7079] Multithreading enabled for synth_design using a maximum of 4 processes.
INFO: [Synth 8-7078] Launching helper process for spawning children vivado processes
INFO: [Synth 8-7075] Helper process launched with PID 3567310
INFO: [Synth 8-11241] undeclared symbol 'REGCCE', assumed default net type 'wire' [/mnt/vault1/kmhatre/Software/AMD/Vivado/2022.2/data/verilog/src/unimacro/BRAM_SINGLE_MACRO.v:2170]
---------------------------------------------------------------------------------
Starting RTL Elaboration : Time (s): cpu = 00:00:02 ; elapsed = 00:00:03 . Memory (MB): peak = 3039.047 ; gain = 241.801 ; free physical = 91667 ; free virtual = 202074
Synthesis current peak Physical Memory [PSS] (MB): peak = 2626.559; parent = 2372.446; children = 254.112
Synthesis current peak Virtual Memory [VSS] (MB): peak = 4012.133; parent = 3039.051; children = 973.082
---------------------------------------------------------------------------------
INFO: [Synth 8-6157] synthesizing module 'dotprod' [/mnt/vault1/mfaroo19/reduction_tree/dot_product/runs/M150_W9_N7/design.sv:3]
INFO: [Synth 8-6155] done synthesizing module 'dotprod' (0#1) [/mnt/vault1/mfaroo19/reduction_tree/dot_product/runs/M150_W9_N7/design.sv:3]
---------------------------------------------------------------------------------
Finished RTL Elaboration : Time (s): cpu = 00:00:04 ; elapsed = 00:00:04 . Memory (MB): peak = 3117.016 ; gain = 319.770 ; free physical = 91562 ; free virtual = 201969
Synthesis current peak Physical Memory [PSS] (MB): peak = 2626.559; parent = 2372.446; children = 254.114
Synthesis current peak Virtual Memory [VSS] (MB): peak = 4090.102; parent = 3117.020; children = 973.082
---------------------------------------------------------------------------------
---------------------------------------------------------------------------------
Start Handling Custom Attributes
---------------------------------------------------------------------------------
---------------------------------------------------------------------------------
Finished Handling Custom Attributes : Time (s): cpu = 00:00:04 ; elapsed = 00:00:05 . Memory (MB): peak = 3134.828 ; gain = 337.582 ; free physical = 91562 ; free virtual = 201969
Synthesis current peak Physical Memory [PSS] (MB): peak = 2626.559; parent = 2372.446; children = 254.114
Synthesis current peak Virtual Memory [VSS] (MB): peak = 4107.914; parent = 3134.832; children = 973.082
---------------------------------------------------------------------------------
---------------------------------------------------------------------------------
Finished RTL Optimization Phase 1 : Time (s): cpu = 00:00:04 ; elapsed = 00:00:05 . Memory (MB): peak = 3134.828 ; gain = 337.582 ; free physical = 91562 ; free virtual = 201969
Synthesis current peak Physical Memory [PSS] (MB): peak = 2626.559; parent = 2372.446; children = 254.114
Synthesis current peak Virtual Memory [VSS] (MB): peak = 4107.914; parent = 3134.832; children = 973.082
---------------------------------------------------------------------------------
Netlist sorting complete. Time (s): cpu = 00:00:00.02 ; elapsed = 00:00:00.01 . Memory (MB): peak = 3134.828 ; gain = 0.000 ; free physical = 91565 ; free virtual = 201973
INFO: [Project 1-570] Preparing netlist for logic optimization

Processing XDC Constraints
Initializing timing engine
Parsing XDC File [/mnt/vault1/mfaroo19/reduction_tree/dot_product/runs/M150_W9_N7/design.xdc]
Finished Parsing XDC File [/mnt/vault1/mfaroo19/reduction_tree/dot_product/runs/M150_W9_N7/design.xdc]
Completed Processing XDC Constraints

Netlist sorting complete. Time (s): cpu = 00:00:00 ; elapsed = 00:00:00 . Memory (MB): peak = 3306.516 ; gain = 0.000 ; free physical = 91515 ; free virtual = 201923
INFO: [Project 1-111] Unisim Transformation Summary:
No Unisim elements were transformed.

Constraint Validation Runtime : Time (s): cpu = 00:00:00.05 ; elapsed = 00:00:00.02 . Memory (MB): peak = 3306.516 ; gain = 0.000 ; free physical = 91515 ; free virtual = 201923
INFO: [Synth 8-11241] undeclared symbol 'REGCCE', assumed default net type 'wire' [/mnt/vault1/kmhatre/Software/AMD/Vivado/2022.2/data/verilog/src/unimacro/BRAM_SINGLE_MACRO.v:2170]
---------------------------------------------------------------------------------
Finished Constraint Validation : Time (s): cpu = 00:00:10 ; elapsed = 00:00:12 . Memory (MB): peak = 3306.516 ; gain = 509.270 ; free physical = 91526 ; free virtual = 201933
Synthesis current peak Physical Memory [PSS] (MB): peak = 2640.291; parent = 2386.177; children = 254.114
Synthesis current peak Virtual Memory [VSS] (MB): peak = 4247.586; parent = 3274.504; children = 973.082
---------------------------------------------------------------------------------
---------------------------------------------------------------------------------
Start Loading Part and Timing Information
---------------------------------------------------------------------------------
Loading part: xczu7ev-ffvc1156-2-e
INFO: [Synth 8-6742] Reading net delay rules and data
---------------------------------------------------------------------------------
Finished Loading Part and Timing Information : Time (s): cpu = 00:00:10 ; elapsed = 00:00:12 . Memory (MB): peak = 3306.516 ; gain = 509.270 ; free physical = 91534 ; free virtual = 201941
Synthesis current peak Physical Memory [PSS] (MB): peak = 2640.291; parent = 2386.177; children = 254.114
Synthesis current peak Virtual Memory [VSS] (MB): peak = 4247.586; parent = 3274.504; children = 973.082
---------------------------------------------------------------------------------
---------------------------------------------------------------------------------
Start Applying 'set_property' XDC Constraints
---------------------------------------------------------------------------------
---------------------------------------------------------------------------------
Finished applying 'set_property' XDC Constraints : Time (s): cpu = 00:00:10 ; elapsed = 00:00:12 . Memory (MB): peak = 3306.516 ; gain = 509.270 ; free physical = 91534 ; free virtual = 201941
Synthesis current peak Physical Memory [PSS] (MB): peak = 2640.291; parent = 2386.177; children = 254.114
Synthesis current peak Virtual Memory [VSS] (MB): peak = 4247.586; parent = 3274.504; children = 973.082
---------------------------------------------------------------------------------
---------------------------------------------------------------------------------
Finished RTL Optimization Phase 2 : Time (s): cpu = 00:00:11 ; elapsed = 00:00:13 . Memory (MB): peak = 3306.516 ; gain = 509.270 ; free physical = 91570 ; free virtual = 201978
Synthesis current peak Physical Memory [PSS] (MB): peak = 2640.291; parent = 2386.177; children = 254.114
Synthesis current peak Virtual Memory [VSS] (MB): peak = 4247.586; parent = 3274.504; children = 973.082
---------------------------------------------------------------------------------
---------------------------------------------------------------------------------
Start RTL Component Statistics 
---------------------------------------------------------------------------------
Detailed RTL Component Info : 
+---Adders : 
	   2 Input   24 Bit       Adders := 74    
+---Registers : 
	               24 Bit    Registers := 77    
	               17 Bit    Registers := 76    
	                1 Bit    Registers := 8     
---------------------------------------------------------------------------------
Finished RTL Component Statistics 
---------------------------------------------------------------------------------
---------------------------------------------------------------------------------
Start Part Resource Summary
---------------------------------------------------------------------------------
Part Resources:
DSPs: 1728 (col length:144)
BRAMs: 624 (col length: RAMB18 144 RAMB36 72)
---------------------------------------------------------------------------------
Finished Part Resource Summary
---------------------------------------------------------------------------------
---------------------------------------------------------------------------------
Start Cross Boundary and Area Optimization
---------------------------------------------------------------------------------
WARNING: [Synth 8-7080] Parallel synthesis criteria is not met
---------------------------------------------------------------------------------
Finished Cross Boundary and Area Optimization : Time (s): cpu = 00:00:18 ; elapsed = 00:00:21 . Memory (MB): peak = 3306.516 ; gain = 509.270 ; free physical = 91765 ; free virtual = 202182
Synthesis current peak Physical Memory [PSS] (MB): peak = 2641.244; parent = 2387.161; children = 254.114
Synthesis current peak Virtual Memory [VSS] (MB): peak = 4247.586; parent = 3274.504; children = 973.082
---------------------------------------------------------------------------------
---------------------------------------------------------------------------------
Start Applying XDC Timing Constraints
---------------------------------------------------------------------------------
---------------------------------------------------------------------------------
Finished Applying XDC Timing Constraints : Time (s): cpu = 00:00:26 ; elapsed = 00:00:32 . Memory (MB): peak = 3702.891 ; gain = 905.645 ; free physical = 91374 ; free virtual = 201787
Synthesis current peak Physical Memory [PSS] (MB): peak = 3238.686; parent = 2984.603; children = 254.114
Synthesis current peak Virtual Memory [VSS] (MB): peak = 4675.977; parent = 3702.895; children = 973.082
---------------------------------------------------------------------------------
---------------------------------------------------------------------------------
Start Timing Optimization
---------------------------------------------------------------------------------
---------------------------------------------------------------------------------
Finished Timing Optimization : Time (s): cpu = 00:00:26 ; elapsed = 00:00:33 . Memory (MB): peak = 3722.891 ; gain = 925.645 ; free physical = 91375 ; free virtual = 201788
Synthesis current peak Physical Memory [PSS] (MB): peak = 3257.221; parent = 3003.138; children = 254.114
Synthesis current peak Virtual Memory [VSS] (MB): peak = 4695.977; parent = 3722.895; children = 973.082
---------------------------------------------------------------------------------
---------------------------------------------------------------------------------
Start Technology Mapping
---------------------------------------------------------------------------------
---------------------------------------------------------------------------------
Finished Technology Mapping : Time (s): cpu = 00:00:29 ; elapsed = 00:00:36 . Memory (MB): peak = 3866.055 ; gain = 1068.809 ; free physical = 91255 ; free virtual = 201668
Synthesis current peak Physical Memory [PSS] (MB): peak = 3273.619; parent = 3019.536; children = 254.114
Synthesis current peak Virtual Memory [VSS] (MB): peak = 4839.141; parent = 3866.059; children = 973.082
---------------------------------------------------------------------------------
---------------------------------------------------------------------------------
Start IO Insertion
---------------------------------------------------------------------------------
---------------------------------------------------------------------------------
Start Flattening Before IO Insertion
---------------------------------------------------------------------------------
---------------------------------------------------------------------------------
Finished Flattening Before IO Insertion
---------------------------------------------------------------------------------
---------------------------------------------------------------------------------
Start Final Netlist Cleanup
---------------------------------------------------------------------------------
---------------------------------------------------------------------------------
Finished Final Netlist Cleanup
---------------------------------------------------------------------------------
---------------------------------------------------------------------------------
Finished IO Insertion : Time (s): cpu = 00:00:32 ; elapsed = 00:00:39 . Memory (MB): peak = 3866.055 ; gain = 1068.809 ; free physical = 91294 ; free virtual = 201707
Synthesis current peak Physical Memory [PSS] (MB): peak = 3274.385; parent = 3020.302; children = 254.114
Synthesis current peak Virtual Memory [VSS] (MB): peak = 4839.141; parent = 3866.059; children = 973.082
---------------------------------------------------------------------------------
---------------------------------------------------------------------------------
Start Renaming Generated Instances
---------------------------------------------------------------------------------
---------------------------------------------------------------------------------
Finished Renaming Generated Instances : Time (s): cpu = 00:00:32 ; elapsed = 00:00:39 . Memory (MB): peak = 3866.055 ; gain = 1068.809 ; free physical = 91289 ; free virtual = 201702
Synthesis current peak Physical Memory [PSS] (MB): peak = 3274.424; parent = 3020.341; children = 254.114
Synthesis current peak Virtual Memory [VSS] (MB): peak = 4839.141; parent = 3866.059; children = 973.082
---------------------------------------------------------------------------------
---------------------------------------------------------------------------------
Start Rebuilding User Hierarchy
---------------------------------------------------------------------------------
---------------------------------------------------------------------------------
Finished Rebuilding User Hierarchy : Time (s): cpu = 00:00:32 ; elapsed = 00:00:40 . Memory (MB): peak = 3866.055 ; gain = 1068.809 ; free physical = 91290 ; free virtual = 201703
Synthesis current peak Physical Memory [PSS] (MB): peak = 3276.357; parent = 3022.274; children = 254.114
Synthesis current peak Virtual Memory [VSS] (MB): peak = 4839.141; parent = 3866.059; children = 973.082
---------------------------------------------------------------------------------
---------------------------------------------------------------------------------
Start Renaming Generated Ports
---------------------------------------------------------------------------------
---------------------------------------------------------------------------------
Finished Renaming Generated Ports : Time (s): cpu = 00:00:32 ; elapsed = 00:00:40 . Memory (MB): peak = 3866.055 ; gain = 1068.809 ; free physical = 91291 ; free virtual = 201704
Synthesis current peak Physical Memory [PSS] (MB): peak = 3276.420; parent = 3022.337; children = 254.114
Synthesis current peak Virtual Memory [VSS] (MB): peak = 4839.141; parent = 3866.059; children = 973.082
---------------------------------------------------------------------------------
---------------------------------------------------------------------------------
Start Handling Custom Attributes
---------------------------------------------------------------------------------
---------------------------------------------------------------------------------
Finished Handling Custom Attributes : Time (s): cpu = 00:00:32 ; elapsed = 00:00:40 . Memory (MB): peak = 3866.055 ; gain = 1068.809 ; free physical = 91295 ; free virtual = 201708
Synthesis current peak Physical Memory [PSS] (MB): peak = 3277.006; parent = 3022.923; children = 254.114
Synthesis current peak Virtual Memory [VSS] (MB): peak = 4839.141; parent = 3866.059; children = 973.082
---------------------------------------------------------------------------------
---------------------------------------------------------------------------------
Start Renaming Generated Nets
---------------------------------------------------------------------------------
---------------------------------------------------------------------------------
Finished Renaming Generated Nets : Time (s): cpu = 00:00:32 ; elapsed = 00:00:40 . Memory (MB): peak = 3866.055 ; gain = 1068.809 ; free physical = 91303 ; free virtual = 201716
Synthesis current peak Physical Memory [PSS] (MB): peak = 3277.021; parent = 3022.938; children = 254.114
Synthesis current peak Virtual Memory [VSS] (MB): peak = 4839.141; parent = 3866.059; children = 973.082
---------------------------------------------------------------------------------
---------------------------------------------------------------------------------
Start Writing Synthesis Report
---------------------------------------------------------------------------------

Report BlackBoxes: 
+-+--------------+----------+
| |BlackBox name |Instances |
+-+--------------+----------+
+-+--------------+----------+

Report Cell Usage: 
+------+-------+------+
|      |Cell   |Count |
+------+-------+------+
|1     |BUFG   |     1|
|2     |CARRY8 |  1347|
|3     |LUT2   |  6275|
|4     |LUT3   |   450|
|5     |LUT4   |  2250|
|6     |LUT5   |   300|
|7     |LUT6   |  5400|
|8     |FDRE   |  2764|
|9     |IBUF   |  2403|
|10    |OBUF   |    25|
+------+-------+------+
---------------------------------------------------------------------------------
Finished Writing Synthesis Report : Time (s): cpu = 00:00:32 ; elapsed = 00:00:40 . Memory (MB): peak = 3866.055 ; gain = 1068.809 ; free physical = 91303 ; free virtual = 201716
Synthesis current peak Physical Memory [PSS] (MB): peak = 3277.037; parent = 3022.954; children = 254.114
Synthesis current peak Virtual Memory [VSS] (MB): peak = 4839.141; parent = 3866.059; children = 973.082
---------------------------------------------------------------------------------
Synthesis finished with 0 errors, 0 critical warnings and 1 warnings.
Synthesis Optimization Runtime : Time (s): cpu = 00:00:29 ; elapsed = 00:00:36 . Memory (MB): peak = 3866.055 ; gain = 897.121 ; free physical = 91339 ; free virtual = 201752
Synthesis Optimization Complete : Time (s): cpu = 00:00:32 ; elapsed = 00:00:40 . Memory (MB): peak = 3866.062 ; gain = 1068.809 ; free physical = 91339 ; free virtual = 201752
INFO: [Project 1-571] Translating synthesized netlist
Netlist sorting complete. Time (s): cpu = 00:00:00.09 ; elapsed = 00:00:00.09 . Memory (MB): peak = 3866.062 ; gain = 0.000 ; free physical = 91460 ; free virtual = 201873
INFO: [Netlist 29-17] Analyzing 3751 Unisim elements for replacement
INFO: [Netlist 29-28] Unisim Transformation completed in 0 CPU seconds
WARNING: [Netlist 29-101] Netlist 'dotprod' is not ideal for floorplanning, since the cellview 'dotprod' contains a large number of primitives.  Please consider enabling hierarchy in synthesis if you want to do floorplanning.
INFO: [Project 1-570] Preparing netlist for logic optimization
Parsing XDC File [/mnt/vault1/mfaroo19/reduction_tree/dot_product/runs/M150_W9_N7/design.xdc]
Finished Parsing XDC File [/mnt/vault1/mfaroo19/reduction_tree/dot_product/runs/M150_W9_N7/design.xdc]
INFO: [Opt 31-138] Pushed 0 inverter(s) to 0 load pin(s).
Netlist sorting complete. Time (s): cpu = 00:00:00 ; elapsed = 00:00:00 . Memory (MB): peak = 3890.066 ; gain = 0.000 ; free physical = 91426 ; free virtual = 201839
INFO: [Project 1-111] Unisim Transformation Summary:
  A total of 2404 instances were transformed.
  BUFG => BUFGCE: 1 instance 
  IBUF => IBUF (IBUFCTRL, INBUF): 2403 instances

Synth Design complete, checksum: f12dfef9
INFO: [Common 17-83] Releasing license: Synthesis
19 Infos, 2 Warnings, 0 Critical Warnings and 0 Errors encountered.
synth_design completed successfully
synth_design: Time (s): cpu = 00:00:44 ; elapsed = 00:00:53 . Memory (MB): peak = 3890.066 ; gain = 2185.609 ; free physical = 91604 ; free virtual = 202017
# report_utilization -file /mnt/vault1/mfaroo19/reduction_tree/dot_product/runs/M150_W9_N7/util.rpt
# report_timing_summary -file /mnt/vault1/mfaroo19/reduction_tree/dot_product/runs/M150_W9_N7/timing.rpt
INFO: [Timing 38-35] Done setting XDC timing constraints.
INFO: [Timing 38-91] UpdateTimingParams: Speed grade: -2, Temperature grade: E, Delay Type: min_max.
INFO: [Timing 38-191] Multithreading enabled for timing update using a maximum of 8 CPUs
report_timing_summary: Time (s): cpu = 00:00:15 ; elapsed = 00:00:15 . Memory (MB): peak = 4618.227 ; gain = 728.160 ; free physical = 90887 ; free virtual = 201300
# exit
INFO: [Common 17-206] Exiting Vivado at Thu Nov  6 18:25:12 2025...
