#-----------------------------------------------------------
# Vivado v2022.2 (64-bit)
# SW Build 3671981 on Fri Oct 14 04:59:54 MDT 2022
# IP Build 3669848 on Fri Oct 14 08:30:02 MDT 2022
# Start of session at: Thu Nov  6 17:49:28 2025
# Process ID: 3553754
# Current directory: /mnt/vault1/mfaroo19/reduction_tree/dot_product/runs/M100_W9_N4
# Command line: vivado -mode batch -source /mnt/vault1/mfaroo19/reduction_tree/dot_product/runs/M100_W9_N4/run.tcl
# Log file: /mnt/vault1/mfaroo19/reduction_tree/dot_product/runs/M100_W9_N4/vivado.log
# Journal file: /mnt/vault1/mfaroo19/reduction_tree/dot_product/runs/M100_W9_N4/vivado.jou
# Running On: en4228283l, OS: Linux, CPU Frequency: 3699.424 MHz, CPU Physical cores: 32, Host memory: 269992 MB
#-----------------------------------------------------------
source /mnt/vault1/mfaroo19/reduction_tree/dot_product/runs/M100_W9_N4/run.tcl
# read_verilog -sv /mnt/vault1/mfaroo19/reduction_tree/dot_product/runs/M100_W9_N4/design.sv
# read_xdc /mnt/vault1/mfaroo19/reduction_tree/dot_product/runs/M100_W9_N4/design.xdc
# synth_design -top dotprod -part xczu7ev-ffvc1156-2-e
Command: synth_design -top dotprod -part xczu7ev-ffvc1156-2-e
Starting synth_design
Attempting to get a license for feature 'Synthesis' and/or device 'xczu7ev'
INFO: [Common 17-349] Got license for feature 'Synthesis' and/or device 'xczu7ev'
INFO: [Device 21-403] Loading part xczu7ev-ffvc1156-2-e
INFO: [Synth 8-7079] Multithreading enabled for synth_design using a maximum of 4 processes.
INFO: [Synth 8-7078] Launching helper process for spawning children vivado processes
INFO: [Synth 8-7075] Helper process launched with PID 3553812
INFO: [Synth 8-11241] undeclared symbol 'REGCCE', assumed default net type 'wire' [/mnt/vault1/kmhatre/Software/AMD/Vivado/2022.2/data/verilog/src/unimacro/BRAM_SINGLE_MACRO.v:2170]
---------------------------------------------------------------------------------
Starting RTL Elaboration : Time (s): cpu = 00:00:02 ; elapsed = 00:00:03 . Memory (MB): peak = 3037.324 ; gain = 239.832 ; free physical = 91688 ; free virtual = 202078
Synthesis current peak Physical Memory [PSS] (MB): peak = 2626.662; parent = 2372.468; children = 254.194
Synthesis current peak Virtual Memory [VSS] (MB): peak = 4013.379; parent = 3040.297; children = 973.082
---------------------------------------------------------------------------------
INFO: [Synth 8-6157] synthesizing module 'dotprod' [/mnt/vault1/mfaroo19/reduction_tree/dot_product/runs/M100_W9_N4/design.sv:3]
INFO: [Synth 8-6155] done synthesizing module 'dotprod' (0#1) [/mnt/vault1/mfaroo19/reduction_tree/dot_product/runs/M100_W9_N4/design.sv:3]
---------------------------------------------------------------------------------
Finished RTL Elaboration : Time (s): cpu = 00:00:03 ; elapsed = 00:00:04 . Memory (MB): peak = 3111.262 ; gain = 313.770 ; free physical = 91715 ; free virtual = 202106
Synthesis current peak Physical Memory [PSS] (MB): peak = 2626.662; parent = 2372.468; children = 254.194
Synthesis current peak Virtual Memory [VSS] (MB): peak = 4084.348; parent = 3111.266; children = 973.082
---------------------------------------------------------------------------------
---------------------------------------------------------------------------------
Start Handling Custom Attributes
---------------------------------------------------------------------------------
---------------------------------------------------------------------------------
Finished Handling Custom Attributes : Time (s): cpu = 00:00:03 ; elapsed = 00:00:04 . Memory (MB): peak = 3129.074 ; gain = 331.582 ; free physical = 91723 ; free virtual = 202114
Synthesis current peak Physical Memory [PSS] (MB): peak = 2626.662; parent = 2372.468; children = 254.194
Synthesis current peak Virtual Memory [VSS] (MB): peak = 4102.160; parent = 3129.078; children = 973.082
---------------------------------------------------------------------------------
---------------------------------------------------------------------------------
Finished RTL Optimization Phase 1 : Time (s): cpu = 00:00:03 ; elapsed = 00:00:04 . Memory (MB): peak = 3129.074 ; gain = 331.582 ; free physical = 91731 ; free virtual = 202122
Synthesis current peak Physical Memory [PSS] (MB): peak = 2626.662; parent = 2372.468; children = 254.194
Synthesis current peak Virtual Memory [VSS] (MB): peak = 4102.160; parent = 3129.078; children = 973.082
---------------------------------------------------------------------------------
Netlist sorting complete. Time (s): cpu = 00:00:00.01 ; elapsed = 00:00:00.01 . Memory (MB): peak = 3129.074 ; gain = 0.000 ; free physical = 91727 ; free virtual = 202118
INFO: [Project 1-570] Preparing netlist for logic optimization

Processing XDC Constraints
Initializing timing engine
Parsing XDC File [/mnt/vault1/mfaroo19/reduction_tree/dot_product/runs/M100_W9_N4/design.xdc]
Finished Parsing XDC File [/mnt/vault1/mfaroo19/reduction_tree/dot_product/runs/M100_W9_N4/design.xdc]
Completed Processing XDC Constraints

Netlist sorting complete. Time (s): cpu = 00:00:00 ; elapsed = 00:00:00 . Memory (MB): peak = 3298.793 ; gain = 0.000 ; free physical = 91695 ; free virtual = 202086
INFO: [Project 1-111] Unisim Transformation Summary:
No Unisim elements were transformed.

Constraint Validation Runtime : Time (s): cpu = 00:00:00.03 ; elapsed = 00:00:00.02 . Memory (MB): peak = 3298.793 ; gain = 0.000 ; free physical = 91697 ; free virtual = 202088
INFO: [Synth 8-11241] undeclared symbol 'REGCCE', assumed default net type 'wire' [/mnt/vault1/kmhatre/Software/AMD/Vivado/2022.2/data/verilog/src/unimacro/BRAM_SINGLE_MACRO.v:2170]
---------------------------------------------------------------------------------
Finished Constraint Validation : Time (s): cpu = 00:00:10 ; elapsed = 00:00:12 . Memory (MB): peak = 3298.793 ; gain = 501.301 ; free physical = 91680 ; free virtual = 202071
Synthesis current peak Physical Memory [PSS] (MB): peak = 2636.998; parent = 2382.804; children = 254.194
Synthesis current peak Virtual Memory [VSS] (MB): peak = 4239.863; parent = 3266.781; children = 973.082
---------------------------------------------------------------------------------
---------------------------------------------------------------------------------
Start Loading Part and Timing Information
---------------------------------------------------------------------------------
Loading part: xczu7ev-ffvc1156-2-e
INFO: [Synth 8-6742] Reading net delay rules and data
---------------------------------------------------------------------------------
Finished Loading Part and Timing Information : Time (s): cpu = 00:00:10 ; elapsed = 00:00:12 . Memory (MB): peak = 3298.793 ; gain = 501.301 ; free physical = 91680 ; free virtual = 202071
Synthesis current peak Physical Memory [PSS] (MB): peak = 2636.998; parent = 2382.804; children = 254.194
Synthesis current peak Virtual Memory [VSS] (MB): peak = 4239.863; parent = 3266.781; children = 973.082
---------------------------------------------------------------------------------
---------------------------------------------------------------------------------
Start Applying 'set_property' XDC Constraints
---------------------------------------------------------------------------------
---------------------------------------------------------------------------------
Finished applying 'set_property' XDC Constraints : Time (s): cpu = 00:00:10 ; elapsed = 00:00:12 . Memory (MB): peak = 3298.793 ; gain = 501.301 ; free physical = 91680 ; free virtual = 202071
Synthesis current peak Physical Memory [PSS] (MB): peak = 2636.998; parent = 2382.804; children = 254.194
Synthesis current peak Virtual Memory [VSS] (MB): peak = 4239.863; parent = 3266.781; children = 973.082
---------------------------------------------------------------------------------
---------------------------------------------------------------------------------
Finished RTL Optimization Phase 2 : Time (s): cpu = 00:00:11 ; elapsed = 00:00:13 . Memory (MB): peak = 3298.793 ; gain = 501.301 ; free physical = 91705 ; free virtual = 202097
Synthesis current peak Physical Memory [PSS] (MB): peak = 2636.998; parent = 2382.804; children = 254.194
Synthesis current peak Virtual Memory [VSS] (MB): peak = 4239.863; parent = 3266.781; children = 973.082
---------------------------------------------------------------------------------
---------------------------------------------------------------------------------
Start RTL Component Statistics 
---------------------------------------------------------------------------------
Detailed RTL Component Info : 
+---Adders : 
	   2 Input   20 Bit       Adders := 49    
+---Registers : 
	               20 Bit    Registers := 52    
	               14 Bit    Registers := 50    
	                1 Bit    Registers := 7     
---------------------------------------------------------------------------------
Finished RTL Component Statistics 
---------------------------------------------------------------------------------
---------------------------------------------------------------------------------
Start Part Resource Summary
---------------------------------------------------------------------------------
Part Resources:
DSPs: 1728 (col length:144)
BRAMs: 624 (col length: RAMB18 144 RAMB36 72)
---------------------------------------------------------------------------------
Finished Part Resource Summary
---------------------------------------------------------------------------------
---------------------------------------------------------------------------------
Start Cross Boundary and Area Optimization
---------------------------------------------------------------------------------
WARNING: [Synth 8-7080] Parallel synthesis criteria is not met
---------------------------------------------------------------------------------
Finished Cross Boundary and Area Optimization : Time (s): cpu = 00:00:17 ; elapsed = 00:00:19 . Memory (MB): peak = 3298.793 ; gain = 501.301 ; free physical = 91800 ; free virtual = 202199
Synthesis current peak Physical Memory [PSS] (MB): peak = 2636.998; parent = 2382.804; children = 254.194
Synthesis current peak Virtual Memory [VSS] (MB): peak = 4239.863; parent = 3266.781; children = 973.082
---------------------------------------------------------------------------------
---------------------------------------------------------------------------------
Start Applying XDC Timing Constraints
---------------------------------------------------------------------------------
---------------------------------------------------------------------------------
Finished Applying XDC Timing Constraints : Time (s): cpu = 00:00:24 ; elapsed = 00:00:30 . Memory (MB): peak = 3688.230 ; gain = 890.738 ; free physical = 91411 ; free virtual = 201810
Synthesis current peak Physical Memory [PSS] (MB): peak = 3226.295; parent = 2972.132; children = 254.194
Synthesis current peak Virtual Memory [VSS] (MB): peak = 4661.316; parent = 3688.234; children = 973.082
---------------------------------------------------------------------------------
---------------------------------------------------------------------------------
Start Timing Optimization
---------------------------------------------------------------------------------
---------------------------------------------------------------------------------
Finished Timing Optimization : Time (s): cpu = 00:00:24 ; elapsed = 00:00:31 . Memory (MB): peak = 3698.230 ; gain = 900.738 ; free physical = 91410 ; free virtual = 201809
Synthesis current peak Physical Memory [PSS] (MB): peak = 3235.072; parent = 2980.909; children = 254.194
Synthesis current peak Virtual Memory [VSS] (MB): peak = 4671.316; parent = 3698.234; children = 973.082
---------------------------------------------------------------------------------
---------------------------------------------------------------------------------
Start Technology Mapping
---------------------------------------------------------------------------------
---------------------------------------------------------------------------------
Finished Technology Mapping : Time (s): cpu = 00:00:25 ; elapsed = 00:00:32 . Memory (MB): peak = 3821.262 ; gain = 1023.770 ; free physical = 91288 ; free virtual = 201687
Synthesis current peak Physical Memory [PSS] (MB): peak = 3243.550; parent = 2989.390; children = 254.194
Synthesis current peak Virtual Memory [VSS] (MB): peak = 4794.348; parent = 3821.266; children = 973.082
---------------------------------------------------------------------------------
---------------------------------------------------------------------------------
Start IO Insertion
---------------------------------------------------------------------------------
---------------------------------------------------------------------------------
Start Flattening Before IO Insertion
---------------------------------------------------------------------------------
---------------------------------------------------------------------------------
Finished Flattening Before IO Insertion
---------------------------------------------------------------------------------
---------------------------------------------------------------------------------
Start Final Netlist Cleanup
---------------------------------------------------------------------------------
---------------------------------------------------------------------------------
Finished Final Netlist Cleanup
---------------------------------------------------------------------------------
---------------------------------------------------------------------------------
Finished IO Insertion : Time (s): cpu = 00:00:28 ; elapsed = 00:00:35 . Memory (MB): peak = 3821.262 ; gain = 1023.770 ; free physical = 91331 ; free virtual = 201729
Synthesis current peak Physical Memory [PSS] (MB): peak = 3244.088; parent = 2989.925; children = 254.194
Synthesis current peak Virtual Memory [VSS] (MB): peak = 4794.348; parent = 3821.266; children = 973.082
---------------------------------------------------------------------------------
---------------------------------------------------------------------------------
Start Renaming Generated Instances
---------------------------------------------------------------------------------
---------------------------------------------------------------------------------
Finished Renaming Generated Instances : Time (s): cpu = 00:00:28 ; elapsed = 00:00:35 . Memory (MB): peak = 3821.262 ; gain = 1023.770 ; free physical = 91331 ; free virtual = 201730
Synthesis current peak Physical Memory [PSS] (MB): peak = 3244.088; parent = 2989.925; children = 254.194
Synthesis current peak Virtual Memory [VSS] (MB): peak = 4794.348; parent = 3821.266; children = 973.082
---------------------------------------------------------------------------------
---------------------------------------------------------------------------------
Start Rebuilding User Hierarchy
---------------------------------------------------------------------------------
---------------------------------------------------------------------------------
Finished Rebuilding User Hierarchy : Time (s): cpu = 00:00:28 ; elapsed = 00:00:35 . Memory (MB): peak = 3821.262 ; gain = 1023.770 ; free physical = 91340 ; free virtual = 201739
Synthesis current peak Physical Memory [PSS] (MB): peak = 3244.604; parent = 2990.440; children = 254.194
Synthesis current peak Virtual Memory [VSS] (MB): peak = 4794.348; parent = 3821.266; children = 973.082
---------------------------------------------------------------------------------
---------------------------------------------------------------------------------
Start Renaming Generated Ports
---------------------------------------------------------------------------------
---------------------------------------------------------------------------------
Finished Renaming Generated Ports : Time (s): cpu = 00:00:28 ; elapsed = 00:00:35 . Memory (MB): peak = 3821.262 ; gain = 1023.770 ; free physical = 91340 ; free virtual = 201739
Synthesis current peak Physical Memory [PSS] (MB): peak = 3244.682; parent = 2990.519; children = 254.194
Synthesis current peak Virtual Memory [VSS] (MB): peak = 4794.348; parent = 3821.266; children = 973.082
---------------------------------------------------------------------------------
---------------------------------------------------------------------------------
Start Handling Custom Attributes
---------------------------------------------------------------------------------
---------------------------------------------------------------------------------
Finished Handling Custom Attributes : Time (s): cpu = 00:00:28 ; elapsed = 00:00:35 . Memory (MB): peak = 3821.262 ; gain = 1023.770 ; free physical = 91340 ; free virtual = 201739
Synthesis current peak Physical Memory [PSS] (MB): peak = 3245.119; parent = 2990.956; children = 254.194
Synthesis current peak Virtual Memory [VSS] (MB): peak = 4794.348; parent = 3821.266; children = 973.082
---------------------------------------------------------------------------------
---------------------------------------------------------------------------------
Start Renaming Generated Nets
---------------------------------------------------------------------------------
---------------------------------------------------------------------------------
Finished Renaming Generated Nets : Time (s): cpu = 00:00:28 ; elapsed = 00:00:35 . Memory (MB): peak = 3821.262 ; gain = 1023.770 ; free physical = 91340 ; free virtual = 201739
Synthesis current peak Physical Memory [PSS] (MB): peak = 3245.119; parent = 2990.956; children = 254.194
Synthesis current peak Virtual Memory [VSS] (MB): peak = 4794.348; parent = 3821.266; children = 973.082
---------------------------------------------------------------------------------
---------------------------------------------------------------------------------
Start ROM, RAM, DSP, Shift Register and Retiming Reporting
---------------------------------------------------------------------------------

Static Shift Register Report:
+------------+-------------------+--------+-------+--------------+--------------------+-------------------+--------+---------+
|Module Name | RTL Name          | Length | Width | Reset Signal | Pull out first Reg | Pull out last Reg | SRL16E | SRLC32E | 
+------------+-------------------+--------+-------+--------------+--------------------+-------------------+--------+---------+
|dotprod     | stage5_reg[3][14] | 4      | 15    | YES          | NO                 | YES               | 15     | 0       | 
|dotprod     | vld_layer7_reg    | 7      | 1     | YES          | NO                 | YES               | 1      | 0       | 
+------------+-------------------+--------+-------+--------------+--------------------+-------------------+--------+---------+

---------------------------------------------------------------------------------
Finished ROM, RAM, DSP, Shift Register and Retiming Reporting
---------------------------------------------------------------------------------
---------------------------------------------------------------------------------
Start Writing Synthesis Report
---------------------------------------------------------------------------------

Report BlackBoxes: 
+-+--------------+----------+
| |BlackBox name |Instances |
+-+--------------+----------+
+-+--------------+----------+

Report Cell Usage: 
+------+-------+------+
|      |Cell   |Count |
+------+-------+------+
|1     |BUFG   |     1|
|2     |CARRY8 |   410|
|3     |LUT2   |  1995|
|4     |LUT4   |   800|
|5     |LUT5   |   400|
|6     |LUT6   |  2200|
|7     |SRL16E |    16|
|8     |FDRE   |  1504|
|9     |IBUF   |  1303|
|10    |OBUF   |    21|
+------+-------+------+
---------------------------------------------------------------------------------
Finished Writing Synthesis Report : Time (s): cpu = 00:00:28 ; elapsed = 00:00:36 . Memory (MB): peak = 3821.262 ; gain = 1023.770 ; free physical = 91341 ; free virtual = 201739
Synthesis current peak Physical Memory [PSS] (MB): peak = 3245.135; parent = 2990.972; children = 254.194
Synthesis current peak Virtual Memory [VSS] (MB): peak = 4794.348; parent = 3821.266; children = 973.082
---------------------------------------------------------------------------------
Synthesis finished with 0 errors, 0 critical warnings and 1 warnings.
Synthesis Optimization Runtime : Time (s): cpu = 00:00:24 ; elapsed = 00:00:32 . Memory (MB): peak = 3821.262 ; gain = 854.051 ; free physical = 91382 ; free virtual = 201781
Synthesis Optimization Complete : Time (s): cpu = 00:00:28 ; elapsed = 00:00:36 . Memory (MB): peak = 3821.270 ; gain = 1023.770 ; free physical = 91390 ; free virtual = 201789
INFO: [Project 1-571] Translating synthesized netlist
Netlist sorting complete. Time (s): cpu = 00:00:00.03 ; elapsed = 00:00:00.03 . Memory (MB): peak = 3829.262 ; gain = 0.000 ; free physical = 91471 ; free virtual = 201870
INFO: [Netlist 29-17] Analyzing 1714 Unisim elements for replacement
INFO: [Netlist 29-28] Unisim Transformation completed in 0 CPU seconds
WARNING: [Netlist 29-101] Netlist 'dotprod' is not ideal for floorplanning, since the cellview 'dotprod' contains a large number of primitives.  Please consider enabling hierarchy in synthesis if you want to do floorplanning.
INFO: [Project 1-570] Preparing netlist for logic optimization
Parsing XDC File [/mnt/vault1/mfaroo19/reduction_tree/dot_product/runs/M100_W9_N4/design.xdc]
Finished Parsing XDC File [/mnt/vault1/mfaroo19/reduction_tree/dot_product/runs/M100_W9_N4/design.xdc]
INFO: [Opt 31-138] Pushed 0 inverter(s) to 0 load pin(s).
Netlist sorting complete. Time (s): cpu = 00:00:00 ; elapsed = 00:00:00 . Memory (MB): peak = 3856.242 ; gain = 0.000 ; free physical = 91542 ; free virtual = 201941
INFO: [Project 1-111] Unisim Transformation Summary:
  A total of 1304 instances were transformed.
  BUFG => BUFGCE: 1 instance 
  IBUF => IBUF (IBUFCTRL, INBUF): 1303 instances

Synth Design complete, checksum: 4ca3d38d
INFO: [Common 17-83] Releasing license: Synthesis
19 Infos, 2 Warnings, 0 Critical Warnings and 0 Errors encountered.
synth_design completed successfully
synth_design: Time (s): cpu = 00:00:38 ; elapsed = 00:00:46 . Memory (MB): peak = 3856.242 ; gain = 2151.570 ; free physical = 91698 ; free virtual = 202097
# report_utilization -file /mnt/vault1/mfaroo19/reduction_tree/dot_product/runs/M100_W9_N4/util.rpt
# report_timing_summary -file /mnt/vault1/mfaroo19/reduction_tree/dot_product/runs/M100_W9_N4/timing.rpt
INFO: [Timing 38-35] Done setting XDC timing constraints.
INFO: [Timing 38-91] UpdateTimingParams: Speed grade: -2, Temperature grade: E, Delay Type: min_max.
INFO: [Timing 38-191] Multithreading enabled for timing update using a maximum of 8 CPUs
report_timing_summary: Time (s): cpu = 00:00:12 ; elapsed = 00:00:14 . Memory (MB): peak = 4583.340 ; gain = 727.098 ; free physical = 91244 ; free virtual = 201642
# exit
INFO: [Common 17-206] Exiting Vivado at Thu Nov  6 17:50:36 2025...
