
****** Vivado v2022.2 (64-bit)
  **** SW Build 3671981 on Fri Oct 14 04:59:54 MDT 2022
  **** IP Build 3669848 on Fri Oct 14 08:30:02 MDT 2022
    ** Copyright 1986-2022 Xilinx, Inc. All Rights Reserved.

source /mnt/vault1/mfaroo19/reduction_tree/dot_product/runs/M200_W6_N9/run.tcl
# read_verilog -sv /mnt/vault1/mfaroo19/reduction_tree/dot_product/runs/M200_W6_N9/design.sv
# read_xdc /mnt/vault1/mfaroo19/reduction_tree/dot_product/runs/M200_W6_N9/design.xdc
# synth_design -top dotprod -part xczu7ev-ffvc1156-2-e
Command: synth_design -top dotprod -part xczu7ev-ffvc1156-2-e
Starting synth_design
Attempting to get a license for feature 'Synthesis' and/or device 'xczu7ev'
INFO: [Common 17-349] Got license for feature 'Synthesis' and/or device 'xczu7ev'
INFO: [Device 21-403] Loading part xczu7ev-ffvc1156-2-e
INFO: [Synth 8-7079] Multithreading enabled for synth_design using a maximum of 4 processes.
INFO: [Synth 8-7078] Launching helper process for spawning children vivado processes
INFO: [Synth 8-7075] Helper process launched with PID 3577115
INFO: [Synth 8-11241] undeclared symbol 'REGCCE', assumed default net type 'wire' [/mnt/vault1/kmhatre/Software/AMD/Vivado/2022.2/data/verilog/src/unimacro/BRAM_SINGLE_MACRO.v:2170]
---------------------------------------------------------------------------------
Starting RTL Elaboration : Time (s): cpu = 00:00:02 ; elapsed = 00:00:03 . Memory (MB): peak = 3039.234 ; gain = 241.801 ; free physical = 91385 ; free virtual = 201878
Synthesis current peak Physical Memory [PSS] (MB): peak = 2626.541; parent = 2372.452; children = 254.089
Synthesis current peak Virtual Memory [VSS] (MB): peak = 4012.316; parent = 3039.238; children = 973.078
---------------------------------------------------------------------------------
INFO: [Synth 8-6157] synthesizing module 'dotprod' [/mnt/vault1/mfaroo19/reduction_tree/dot_product/runs/M200_W6_N9/design.sv:3]
INFO: [Synth 8-6155] done synthesizing module 'dotprod' (0#1) [/mnt/vault1/mfaroo19/reduction_tree/dot_product/runs/M200_W6_N9/design.sv:3]
---------------------------------------------------------------------------------
Finished RTL Elaboration : Time (s): cpu = 00:00:04 ; elapsed = 00:00:04 . Memory (MB): peak = 3120.203 ; gain = 322.770 ; free physical = 91295 ; free virtual = 201789
Synthesis current peak Physical Memory [PSS] (MB): peak = 2626.541; parent = 2372.452; children = 254.089
Synthesis current peak Virtual Memory [VSS] (MB): peak = 4093.285; parent = 3120.207; children = 973.078
---------------------------------------------------------------------------------
---------------------------------------------------------------------------------
Start Handling Custom Attributes
---------------------------------------------------------------------------------
---------------------------------------------------------------------------------
Finished Handling Custom Attributes : Time (s): cpu = 00:00:04 ; elapsed = 00:00:05 . Memory (MB): peak = 3138.016 ; gain = 340.582 ; free physical = 91306 ; free virtual = 201800
Synthesis current peak Physical Memory [PSS] (MB): peak = 2626.541; parent = 2372.452; children = 254.089
Synthesis current peak Virtual Memory [VSS] (MB): peak = 4111.098; parent = 3138.020; children = 973.078
---------------------------------------------------------------------------------
---------------------------------------------------------------------------------
Finished RTL Optimization Phase 1 : Time (s): cpu = 00:00:04 ; elapsed = 00:00:05 . Memory (MB): peak = 3138.016 ; gain = 340.582 ; free physical = 91306 ; free virtual = 201800
Synthesis current peak Physical Memory [PSS] (MB): peak = 2626.541; parent = 2372.452; children = 254.089
Synthesis current peak Virtual Memory [VSS] (MB): peak = 4111.098; parent = 3138.020; children = 973.078
---------------------------------------------------------------------------------
Netlist sorting complete. Time (s): cpu = 00:00:00.03 ; elapsed = 00:00:00.02 . Memory (MB): peak = 3138.016 ; gain = 0.000 ; free physical = 91311 ; free virtual = 201805
INFO: [Project 1-570] Preparing netlist for logic optimization

Processing XDC Constraints
Initializing timing engine
Parsing XDC File [/mnt/vault1/mfaroo19/reduction_tree/dot_product/runs/M200_W6_N9/design.xdc]
Finished Parsing XDC File [/mnt/vault1/mfaroo19/reduction_tree/dot_product/runs/M200_W6_N9/design.xdc]
Completed Processing XDC Constraints

Netlist sorting complete. Time (s): cpu = 00:00:00 ; elapsed = 00:00:00 . Memory (MB): peak = 3305.734 ; gain = 0.000 ; free physical = 91361 ; free virtual = 201855
INFO: [Project 1-111] Unisim Transformation Summary:
No Unisim elements were transformed.

Constraint Validation Runtime : Time (s): cpu = 00:00:00.05 ; elapsed = 00:00:00.03 . Memory (MB): peak = 3305.734 ; gain = 0.000 ; free physical = 91362 ; free virtual = 201856
INFO: [Synth 8-11241] undeclared symbol 'REGCCE', assumed default net type 'wire' [/mnt/vault1/kmhatre/Software/AMD/Vivado/2022.2/data/verilog/src/unimacro/BRAM_SINGLE_MACRO.v:2170]
---------------------------------------------------------------------------------
Finished Constraint Validation : Time (s): cpu = 00:00:10 ; elapsed = 00:00:12 . Memory (MB): peak = 3305.734 ; gain = 508.301 ; free physical = 91403 ; free virtual = 201897
Synthesis current peak Physical Memory [PSS] (MB): peak = 2642.385; parent = 2388.296; children = 254.089
Synthesis current peak Virtual Memory [VSS] (MB): peak = 4246.801; parent = 3273.723; children = 973.078
---------------------------------------------------------------------------------
---------------------------------------------------------------------------------
Start Loading Part and Timing Information
---------------------------------------------------------------------------------
Loading part: xczu7ev-ffvc1156-2-e
INFO: [Synth 8-6742] Reading net delay rules and data
---------------------------------------------------------------------------------
Finished Loading Part and Timing Information : Time (s): cpu = 00:00:10 ; elapsed = 00:00:12 . Memory (MB): peak = 3305.734 ; gain = 508.301 ; free physical = 91403 ; free virtual = 201897
Synthesis current peak Physical Memory [PSS] (MB): peak = 2642.385; parent = 2388.296; children = 254.089
Synthesis current peak Virtual Memory [VSS] (MB): peak = 4246.801; parent = 3273.723; children = 973.078
---------------------------------------------------------------------------------
---------------------------------------------------------------------------------
Start Applying 'set_property' XDC Constraints
---------------------------------------------------------------------------------
---------------------------------------------------------------------------------
Finished applying 'set_property' XDC Constraints : Time (s): cpu = 00:00:10 ; elapsed = 00:00:12 . Memory (MB): peak = 3305.734 ; gain = 508.301 ; free physical = 91403 ; free virtual = 201897
Synthesis current peak Physical Memory [PSS] (MB): peak = 2642.385; parent = 2388.296; children = 254.089
Synthesis current peak Virtual Memory [VSS] (MB): peak = 4246.801; parent = 3273.723; children = 973.078
---------------------------------------------------------------------------------
---------------------------------------------------------------------------------
Finished RTL Optimization Phase 2 : Time (s): cpu = 00:00:11 ; elapsed = 00:00:13 . Memory (MB): peak = 3305.734 ; gain = 508.301 ; free physical = 91435 ; free virtual = 201930
Synthesis current peak Physical Memory [PSS] (MB): peak = 2642.385; parent = 2388.296; children = 254.089
Synthesis current peak Virtual Memory [VSS] (MB): peak = 4246.801; parent = 3273.723; children = 973.078
---------------------------------------------------------------------------------
---------------------------------------------------------------------------------
Start RTL Component Statistics 
---------------------------------------------------------------------------------
Detailed RTL Component Info : 
+---Adders : 
	   2 Input   23 Bit       Adders := 99    
+---Registers : 
	               23 Bit    Registers := 102   
	               16 Bit    Registers := 100   
	                1 Bit    Registers := 8     
---------------------------------------------------------------------------------
Finished RTL Component Statistics 
---------------------------------------------------------------------------------
---------------------------------------------------------------------------------
Start Part Resource Summary
---------------------------------------------------------------------------------
Part Resources:
DSPs: 1728 (col length:144)
BRAMs: 624 (col length: RAMB18 144 RAMB36 72)
---------------------------------------------------------------------------------
Finished Part Resource Summary
---------------------------------------------------------------------------------
---------------------------------------------------------------------------------
Start Cross Boundary and Area Optimization
---------------------------------------------------------------------------------
WARNING: [Synth 8-7080] Parallel synthesis criteria is not met
---------------------------------------------------------------------------------
Finished Cross Boundary and Area Optimization : Time (s): cpu = 00:01:02 ; elapsed = 00:01:07 . Memory (MB): peak = 3305.734 ; gain = 508.301 ; free physical = 91587 ; free virtual = 202092
Synthesis current peak Physical Memory [PSS] (MB): peak = 2870.576; parent = 2616.519; children = 254.089
Synthesis current peak Virtual Memory [VSS] (MB): peak = 4273.848; parent = 3300.770; children = 973.078
---------------------------------------------------------------------------------
---------------------------------------------------------------------------------
Start Applying XDC Timing Constraints
---------------------------------------------------------------------------------
---------------------------------------------------------------------------------
Finished Applying XDC Timing Constraints : Time (s): cpu = 00:01:09 ; elapsed = 00:01:18 . Memory (MB): peak = 3724.266 ; gain = 926.832 ; free physical = 91060 ; free virtual = 201566
Synthesis current peak Physical Memory [PSS] (MB): peak = 3262.357; parent = 3008.300; children = 254.089
Synthesis current peak Virtual Memory [VSS] (MB): peak = 4697.348; parent = 3724.270; children = 973.078
---------------------------------------------------------------------------------
---------------------------------------------------------------------------------
Start Timing Optimization
---------------------------------------------------------------------------------
---------------------------------------------------------------------------------
Finished Timing Optimization : Time (s): cpu = 00:01:10 ; elapsed = 00:01:19 . Memory (MB): peak = 3750.406 ; gain = 952.973 ; free physical = 91033 ; free virtual = 201538
Synthesis current peak Physical Memory [PSS] (MB): peak = 3283.811; parent = 3029.753; children = 254.089
Synthesis current peak Virtual Memory [VSS] (MB): peak = 4723.488; parent = 3750.410; children = 973.078
---------------------------------------------------------------------------------
---------------------------------------------------------------------------------
Start Technology Mapping
---------------------------------------------------------------------------------
---------------------------------------------------------------------------------
Finished Technology Mapping : Time (s): cpu = 00:01:14 ; elapsed = 00:01:24 . Memory (MB): peak = 4046.320 ; gain = 1248.887 ; free physical = 90723 ; free virtual = 201228
Synthesis current peak Physical Memory [PSS] (MB): peak = 3300.314; parent = 3046.257; children = 254.089
Synthesis current peak Virtual Memory [VSS] (MB): peak = 5019.402; parent = 4046.324; children = 973.078
---------------------------------------------------------------------------------
---------------------------------------------------------------------------------
Start IO Insertion
---------------------------------------------------------------------------------
---------------------------------------------------------------------------------
Start Flattening Before IO Insertion
---------------------------------------------------------------------------------
---------------------------------------------------------------------------------
Finished Flattening Before IO Insertion
---------------------------------------------------------------------------------
---------------------------------------------------------------------------------
Start Final Netlist Cleanup
---------------------------------------------------------------------------------
---------------------------------------------------------------------------------
Finished Final Netlist Cleanup
---------------------------------------------------------------------------------
---------------------------------------------------------------------------------
Finished IO Insertion : Time (s): cpu = 00:01:17 ; elapsed = 00:01:27 . Memory (MB): peak = 4046.320 ; gain = 1248.887 ; free physical = 90747 ; free virtual = 201253
Synthesis current peak Physical Memory [PSS] (MB): peak = 3300.775; parent = 3046.718; children = 254.089
Synthesis current peak Virtual Memory [VSS] (MB): peak = 5019.402; parent = 4046.324; children = 973.078
---------------------------------------------------------------------------------
---------------------------------------------------------------------------------
Start Renaming Generated Instances
---------------------------------------------------------------------------------
---------------------------------------------------------------------------------
Finished Renaming Generated Instances : Time (s): cpu = 00:01:17 ; elapsed = 00:01:27 . Memory (MB): peak = 4046.320 ; gain = 1248.887 ; free physical = 90755 ; free virtual = 201260
Synthesis current peak Physical Memory [PSS] (MB): peak = 3300.791; parent = 3046.733; children = 254.089
Synthesis current peak Virtual Memory [VSS] (MB): peak = 5019.402; parent = 4046.324; children = 973.078
---------------------------------------------------------------------------------
---------------------------------------------------------------------------------
Start Rebuilding User Hierarchy
---------------------------------------------------------------------------------
---------------------------------------------------------------------------------
Finished Rebuilding User Hierarchy : Time (s): cpu = 00:01:18 ; elapsed = 00:01:27 . Memory (MB): peak = 4046.320 ; gain = 1248.887 ; free physical = 90763 ; free virtual = 201268
Synthesis current peak Physical Memory [PSS] (MB): peak = 3302.459; parent = 3048.401; children = 254.089
Synthesis current peak Virtual Memory [VSS] (MB): peak = 5019.402; parent = 4046.324; children = 973.078
---------------------------------------------------------------------------------
---------------------------------------------------------------------------------
Start Renaming Generated Ports
---------------------------------------------------------------------------------
---------------------------------------------------------------------------------
Finished Renaming Generated Ports : Time (s): cpu = 00:01:18 ; elapsed = 00:01:27 . Memory (MB): peak = 4046.320 ; gain = 1248.887 ; free physical = 90763 ; free virtual = 201268
Synthesis current peak Physical Memory [PSS] (MB): peak = 3302.521; parent = 3048.464; children = 254.089
Synthesis current peak Virtual Memory [VSS] (MB): peak = 5019.402; parent = 4046.324; children = 973.078
---------------------------------------------------------------------------------
---------------------------------------------------------------------------------
Start Handling Custom Attributes
---------------------------------------------------------------------------------
---------------------------------------------------------------------------------
Finished Handling Custom Attributes : Time (s): cpu = 00:01:18 ; elapsed = 00:01:28 . Memory (MB): peak = 4046.320 ; gain = 1248.887 ; free physical = 90762 ; free virtual = 201268
Synthesis current peak Physical Memory [PSS] (MB): peak = 3303.377; parent = 3049.319; children = 254.089
Synthesis current peak Virtual Memory [VSS] (MB): peak = 5019.402; parent = 4046.324; children = 973.078
---------------------------------------------------------------------------------
---------------------------------------------------------------------------------
Start Renaming Generated Nets
---------------------------------------------------------------------------------
---------------------------------------------------------------------------------
Finished Renaming Generated Nets : Time (s): cpu = 00:01:18 ; elapsed = 00:01:28 . Memory (MB): peak = 4046.320 ; gain = 1248.887 ; free physical = 90770 ; free virtual = 201276
Synthesis current peak Physical Memory [PSS] (MB): peak = 3303.377; parent = 3049.319; children = 254.089
Synthesis current peak Virtual Memory [VSS] (MB): peak = 5019.402; parent = 4046.324; children = 973.078
---------------------------------------------------------------------------------
---------------------------------------------------------------------------------
Start ROM, RAM, DSP, Shift Register and Retiming Reporting
---------------------------------------------------------------------------------

Static Shift Register Report:
+------------+-------------------+--------+-------+--------------+--------------------+-------------------+--------+---------+
|Module Name | RTL Name          | Length | Width | Reset Signal | Pull out first Reg | Pull out last Reg | SRL16E | SRLC32E | 
+------------+-------------------+--------+-------+--------------+--------------------+-------------------+--------+---------+
|dotprod     | stage6_reg[3][17] | 4      | 18    | YES          | NO                 | YES               | 18     | 0       | 
|dotprod     | vld_layer8_reg    | 8      | 1     | YES          | NO                 | YES               | 1      | 0       | 
+------------+-------------------+--------+-------+--------------+--------------------+-------------------+--------+---------+

---------------------------------------------------------------------------------
Finished ROM, RAM, DSP, Shift Register and Retiming Reporting
---------------------------------------------------------------------------------
---------------------------------------------------------------------------------
Start Writing Synthesis Report
---------------------------------------------------------------------------------

Report BlackBoxes: 
+-+--------------+----------+
| |BlackBox name |Instances |
+-+--------------+----------+
+-+--------------+----------+

Report Cell Usage: 
+------+-------+------+
|      |Cell   |Count |
+------+-------+------+
|1     |BUFG   |     1|
|2     |CARRY8 |  1297|
|3     |LUT2   |  6395|
|4     |LUT3   |   400|
|5     |LUT4   |  2400|
|6     |LUT5   |  3000|
|7     |LUT6   |  5000|
|8     |SRL16E |    19|
|9     |FDRE   |  3405|
|10    |IBUF   |  3003|
|11    |OBUF   |    24|
+------+-------+------+
---------------------------------------------------------------------------------
Finished Writing Synthesis Report : Time (s): cpu = 00:01:18 ; elapsed = 00:01:28 . Memory (MB): peak = 4046.320 ; gain = 1248.887 ; free physical = 90763 ; free virtual = 201268
Synthesis current peak Physical Memory [PSS] (MB): peak = 3303.377; parent = 3049.319; children = 254.089
Synthesis current peak Virtual Memory [VSS] (MB): peak = 5019.402; parent = 4046.324; children = 973.078
---------------------------------------------------------------------------------
Synthesis finished with 0 errors, 0 critical warnings and 1 warnings.
Synthesis Optimization Runtime : Time (s): cpu = 00:01:14 ; elapsed = 00:01:24 . Memory (MB): peak = 4046.320 ; gain = 1081.168 ; free physical = 90795 ; free virtual = 201300
Synthesis Optimization Complete : Time (s): cpu = 00:01:18 ; elapsed = 00:01:28 . Memory (MB): peak = 4046.328 ; gain = 1248.887 ; free physical = 90795 ; free virtual = 201300
INFO: [Project 1-571] Translating synthesized netlist
Netlist sorting complete. Time (s): cpu = 00:00:00.1 ; elapsed = 00:00:00.11 . Memory (MB): peak = 4046.328 ; gain = 0.000 ; free physical = 90913 ; free virtual = 201418
INFO: [Netlist 29-17] Analyzing 4301 Unisim elements for replacement
INFO: [Netlist 29-28] Unisim Transformation completed in 0 CPU seconds
WARNING: [Netlist 29-101] Netlist 'dotprod' is not ideal for floorplanning, since the cellview 'dotprod' contains a large number of primitives.  Please consider enabling hierarchy in synthesis if you want to do floorplanning.
INFO: [Project 1-570] Preparing netlist for logic optimization
Parsing XDC File [/mnt/vault1/mfaroo19/reduction_tree/dot_product/runs/M200_W6_N9/design.xdc]
Finished Parsing XDC File [/mnt/vault1/mfaroo19/reduction_tree/dot_product/runs/M200_W6_N9/design.xdc]
INFO: [Opt 31-138] Pushed 0 inverter(s) to 0 load pin(s).
Netlist sorting complete. Time (s): cpu = 00:00:00 ; elapsed = 00:00:00 . Memory (MB): peak = 4070.332 ; gain = 0.000 ; free physical = 90941 ; free virtual = 201446
INFO: [Project 1-111] Unisim Transformation Summary:
  A total of 3004 instances were transformed.
  BUFG => BUFGCE: 1 instance 
  IBUF => IBUF (IBUFCTRL, INBUF): 3003 instances

Synth Design complete, checksum: e76169b8
INFO: [Common 17-83] Releasing license: Synthesis
19 Infos, 2 Warnings, 0 Critical Warnings and 0 Errors encountered.
synth_design completed successfully
synth_design: Time (s): cpu = 00:01:30 ; elapsed = 00:01:41 . Memory (MB): peak = 4070.332 ; gain = 2365.719 ; free physical = 91165 ; free virtual = 201670
# report_utilization -file /mnt/vault1/mfaroo19/reduction_tree/dot_product/runs/M200_W6_N9/util.rpt
# report_timing_summary -file /mnt/vault1/mfaroo19/reduction_tree/dot_product/runs/M200_W6_N9/timing.rpt
INFO: [Timing 38-35] Done setting XDC timing constraints.
INFO: [Timing 38-91] UpdateTimingParams: Speed grade: -2, Temperature grade: E, Delay Type: min_max.
INFO: [Timing 38-191] Multithreading enabled for timing update using a maximum of 8 CPUs
report_timing_summary: Time (s): cpu = 00:00:16 ; elapsed = 00:00:16 . Memory (MB): peak = 4638.523 ; gain = 568.191 ; free physical = 90610 ; free virtual = 201116
# exit
INFO: [Common 17-206] Exiting Vivado at Thu Nov  6 18:52:14 2025...
