
****** Vivado v2022.2 (64-bit)
  **** SW Build 3671981 on Fri Oct 14 04:59:54 MDT 2022
  **** IP Build 3669848 on Fri Oct 14 08:30:02 MDT 2022
    ** Copyright 1986-2022 Xilinx, Inc. All Rights Reserved.

source runs/M250_W7/run.tcl
# read_verilog -sv runs/M250_W7/sum_signed.sv
# read_xdc runs/M250_W7/sum_signed.xdc
# synth_design -top sum_signed -part xczu7ev-ffvc1156-2-e
Command: synth_design -top sum_signed -part xczu7ev-ffvc1156-2-e
Starting synth_design
Attempting to get a license for feature 'Synthesis' and/or device 'xczu7ev'
INFO: [Common 17-349] Got license for feature 'Synthesis' and/or device 'xczu7ev'
INFO: [Device 21-403] Loading part xczu7ev-ffvc1156-2-e
INFO: [Synth 8-7079] Multithreading enabled for synth_design using a maximum of 4 processes.
INFO: [Synth 8-7078] Launching helper process for spawning children vivado processes
INFO: [Synth 8-7075] Helper process launched with PID 2579720
INFO: [Synth 8-11241] undeclared symbol 'REGCCE', assumed default net type 'wire' [/mnt/vault1/kmhatre/Software/AMD/Vivado/2022.2/data/verilog/src/unimacro/BRAM_SINGLE_MACRO.v:2170]
---------------------------------------------------------------------------------
Starting RTL Elaboration : Time (s): cpu = 00:00:02 ; elapsed = 00:00:03 . Memory (MB): peak = 3039.199 ; gain = 241.801 ; free physical = 137769 ; free virtual = 209188
Synthesis current peak Physical Memory [PSS] (MB): peak = 2627.307; parent = 2373.140; children = 254.167
Synthesis current peak Virtual Memory [VSS] (MB): peak = 4012.281; parent = 3039.203; children = 973.078
---------------------------------------------------------------------------------
INFO: [Synth 8-6157] synthesizing module 'sum_signed' [/mnt/vault1/mfaroo19/reduction_tree/integrator/runs/M250_W7/sum_signed.sv:7]
INFO: [Synth 8-6155] done synthesizing module 'sum_signed' (0#1) [/mnt/vault1/mfaroo19/reduction_tree/integrator/runs/M250_W7/sum_signed.sv:7]
---------------------------------------------------------------------------------
Finished RTL Elaboration : Time (s): cpu = 00:00:04 ; elapsed = 00:00:05 . Memory (MB): peak = 3134.168 ; gain = 336.770 ; free physical = 137688 ; free virtual = 209109
Synthesis current peak Physical Memory [PSS] (MB): peak = 2627.307; parent = 2373.140; children = 254.169
Synthesis current peak Virtual Memory [VSS] (MB): peak = 4107.250; parent = 3134.172; children = 973.078
---------------------------------------------------------------------------------
---------------------------------------------------------------------------------
Start Handling Custom Attributes
---------------------------------------------------------------------------------
---------------------------------------------------------------------------------
Finished Handling Custom Attributes : Time (s): cpu = 00:00:04 ; elapsed = 00:00:05 . Memory (MB): peak = 3151.980 ; gain = 354.582 ; free physical = 137714 ; free virtual = 209134
Synthesis current peak Physical Memory [PSS] (MB): peak = 2627.307; parent = 2373.140; children = 254.169
Synthesis current peak Virtual Memory [VSS] (MB): peak = 4125.062; parent = 3151.984; children = 973.078
---------------------------------------------------------------------------------
---------------------------------------------------------------------------------
Finished RTL Optimization Phase 1 : Time (s): cpu = 00:00:04 ; elapsed = 00:00:05 . Memory (MB): peak = 3151.980 ; gain = 354.582 ; free physical = 137714 ; free virtual = 209134
Synthesis current peak Physical Memory [PSS] (MB): peak = 2627.307; parent = 2373.140; children = 254.169
Synthesis current peak Virtual Memory [VSS] (MB): peak = 4125.062; parent = 3151.984; children = 973.078
---------------------------------------------------------------------------------
Netlist sorting complete. Time (s): cpu = 00:00:00.01 ; elapsed = 00:00:00.02 . Memory (MB): peak = 3151.980 ; gain = 0.000 ; free physical = 137715 ; free virtual = 209134
INFO: [Project 1-570] Preparing netlist for logic optimization

Processing XDC Constraints
Initializing timing engine
Parsing XDC File [/mnt/vault1/mfaroo19/reduction_tree/integrator/runs/M250_W7/sum_signed.xdc]
Finished Parsing XDC File [/mnt/vault1/mfaroo19/reduction_tree/integrator/runs/M250_W7/sum_signed.xdc]
Completed Processing XDC Constraints

Netlist sorting complete. Time (s): cpu = 00:00:00 ; elapsed = 00:00:00 . Memory (MB): peak = 3317.699 ; gain = 0.000 ; free physical = 137979 ; free virtual = 209380
INFO: [Project 1-111] Unisim Transformation Summary:
No Unisim elements were transformed.

Constraint Validation Runtime : Time (s): cpu = 00:00:00.03 ; elapsed = 00:00:00.02 . Memory (MB): peak = 3317.699 ; gain = 0.000 ; free physical = 137977 ; free virtual = 209378
INFO: [Synth 8-11241] undeclared symbol 'REGCCE', assumed default net type 'wire' [/mnt/vault1/kmhatre/Software/AMD/Vivado/2022.2/data/verilog/src/unimacro/BRAM_SINGLE_MACRO.v:2170]
---------------------------------------------------------------------------------
Finished Constraint Validation : Time (s): cpu = 00:00:10 ; elapsed = 00:00:12 . Memory (MB): peak = 3317.699 ; gain = 520.301 ; free physical = 138104 ; free virtual = 209505
Synthesis current peak Physical Memory [PSS] (MB): peak = 2639.338; parent = 2385.167; children = 254.171
Synthesis current peak Virtual Memory [VSS] (MB): peak = 4258.766; parent = 3285.688; children = 973.078
---------------------------------------------------------------------------------
---------------------------------------------------------------------------------
Start Loading Part and Timing Information
---------------------------------------------------------------------------------
Loading part: xczu7ev-ffvc1156-2-e
INFO: [Synth 8-6742] Reading net delay rules and data
---------------------------------------------------------------------------------
Finished Loading Part and Timing Information : Time (s): cpu = 00:00:10 ; elapsed = 00:00:12 . Memory (MB): peak = 3317.699 ; gain = 520.301 ; free physical = 138104 ; free virtual = 209505
Synthesis current peak Physical Memory [PSS] (MB): peak = 2639.338; parent = 2385.167; children = 254.171
Synthesis current peak Virtual Memory [VSS] (MB): peak = 4258.766; parent = 3285.688; children = 973.078
---------------------------------------------------------------------------------
---------------------------------------------------------------------------------
Start Applying 'set_property' XDC Constraints
---------------------------------------------------------------------------------
---------------------------------------------------------------------------------
Finished applying 'set_property' XDC Constraints : Time (s): cpu = 00:00:10 ; elapsed = 00:00:13 . Memory (MB): peak = 3317.699 ; gain = 520.301 ; free physical = 138108 ; free virtual = 209509
Synthesis current peak Physical Memory [PSS] (MB): peak = 2639.338; parent = 2385.167; children = 254.171
Synthesis current peak Virtual Memory [VSS] (MB): peak = 4258.766; parent = 3285.688; children = 973.078
---------------------------------------------------------------------------------
---------------------------------------------------------------------------------
Finished RTL Optimization Phase 2 : Time (s): cpu = 00:00:11 ; elapsed = 00:00:13 . Memory (MB): peak = 3317.699 ; gain = 520.301 ; free physical = 138113 ; free virtual = 209515
Synthesis current peak Physical Memory [PSS] (MB): peak = 2639.338; parent = 2385.167; children = 254.171
Synthesis current peak Virtual Memory [VSS] (MB): peak = 4258.766; parent = 3285.688; children = 973.078
---------------------------------------------------------------------------------
---------------------------------------------------------------------------------
Start RTL Component Statistics 
---------------------------------------------------------------------------------
Detailed RTL Component Info : 
+---Adders : 
	   2 Input   15 Bit       Adders := 1     
	   2 Input   14 Bit       Adders := 2     
	   2 Input   13 Bit       Adders := 4     
	   2 Input   12 Bit       Adders := 8     
	   2 Input   11 Bit       Adders := 16    
	   2 Input   10 Bit       Adders := 31    
	   2 Input    9 Bit       Adders := 62    
	   2 Input    8 Bit       Adders := 125   
+---Registers : 
	               15 Bit    Registers := 1     
	               14 Bit    Registers := 2     
	               13 Bit    Registers := 4     
	               12 Bit    Registers := 8     
	               11 Bit    Registers := 16    
	               10 Bit    Registers := 31    
	                9 Bit    Registers := 62    
	                8 Bit    Registers := 127   
	                1 Bit    Registers := 8     
---------------------------------------------------------------------------------
Finished RTL Component Statistics 
---------------------------------------------------------------------------------
---------------------------------------------------------------------------------
Start Part Resource Summary
---------------------------------------------------------------------------------
Part Resources:
DSPs: 1728 (col length:144)
BRAMs: 624 (col length: RAMB18 144 RAMB36 72)
---------------------------------------------------------------------------------
Finished Part Resource Summary
---------------------------------------------------------------------------------
---------------------------------------------------------------------------------
Start Cross Boundary and Area Optimization
---------------------------------------------------------------------------------
WARNING: [Synth 8-7080] Parallel synthesis criteria is not met
---------------------------------------------------------------------------------
Finished Cross Boundary and Area Optimization : Time (s): cpu = 00:00:12 ; elapsed = 00:00:15 . Memory (MB): peak = 3317.699 ; gain = 520.301 ; free physical = 138134 ; free virtual = 209542
Synthesis current peak Physical Memory [PSS] (MB): peak = 2639.338; parent = 2385.167; children = 254.171
Synthesis current peak Virtual Memory [VSS] (MB): peak = 4258.766; parent = 3285.688; children = 973.078
---------------------------------------------------------------------------------
---------------------------------------------------------------------------------
Start Applying XDC Timing Constraints
---------------------------------------------------------------------------------
---------------------------------------------------------------------------------
Finished Applying XDC Timing Constraints : Time (s): cpu = 00:00:19 ; elapsed = 00:00:26 . Memory (MB): peak = 3675.074 ; gain = 877.676 ; free physical = 137809 ; free virtual = 209217
Synthesis current peak Physical Memory [PSS] (MB): peak = 3211.322; parent = 2957.183; children = 254.171
Synthesis current peak Virtual Memory [VSS] (MB): peak = 4648.156; parent = 3675.078; children = 973.078
---------------------------------------------------------------------------------
---------------------------------------------------------------------------------
Start Timing Optimization
---------------------------------------------------------------------------------
---------------------------------------------------------------------------------
Finished Timing Optimization : Time (s): cpu = 00:00:19 ; elapsed = 00:00:26 . Memory (MB): peak = 3684.074 ; gain = 886.676 ; free physical = 137796 ; free virtual = 209204
Synthesis current peak Physical Memory [PSS] (MB): peak = 3220.428; parent = 2966.292; children = 254.171
Synthesis current peak Virtual Memory [VSS] (MB): peak = 4657.156; parent = 3684.078; children = 973.078
---------------------------------------------------------------------------------
---------------------------------------------------------------------------------
Start Technology Mapping
---------------------------------------------------------------------------------
---------------------------------------------------------------------------------
Finished Technology Mapping : Time (s): cpu = 00:00:20 ; elapsed = 00:00:27 . Memory (MB): peak = 3703.105 ; gain = 905.707 ; free physical = 137775 ; free virtual = 209183
Synthesis current peak Physical Memory [PSS] (MB): peak = 3223.334; parent = 2969.198; children = 254.171
Synthesis current peak Virtual Memory [VSS] (MB): peak = 4676.188; parent = 3703.109; children = 973.078
---------------------------------------------------------------------------------
---------------------------------------------------------------------------------
Start IO Insertion
---------------------------------------------------------------------------------
---------------------------------------------------------------------------------
Start Flattening Before IO Insertion
---------------------------------------------------------------------------------
---------------------------------------------------------------------------------
Finished Flattening Before IO Insertion
---------------------------------------------------------------------------------
---------------------------------------------------------------------------------
Start Final Netlist Cleanup
---------------------------------------------------------------------------------
---------------------------------------------------------------------------------
Finished Final Netlist Cleanup
---------------------------------------------------------------------------------
---------------------------------------------------------------------------------
Finished IO Insertion : Time (s): cpu = 00:00:22 ; elapsed = 00:00:30 . Memory (MB): peak = 3713.012 ; gain = 915.613 ; free physical = 137815 ; free virtual = 209223
Synthesis current peak Physical Memory [PSS] (MB): peak = 3224.283; parent = 2970.147; children = 254.171
Synthesis current peak Virtual Memory [VSS] (MB): peak = 4686.094; parent = 3713.016; children = 973.078
---------------------------------------------------------------------------------
---------------------------------------------------------------------------------
Start Renaming Generated Instances
---------------------------------------------------------------------------------
---------------------------------------------------------------------------------
Finished Renaming Generated Instances : Time (s): cpu = 00:00:22 ; elapsed = 00:00:30 . Memory (MB): peak = 3713.012 ; gain = 915.613 ; free physical = 137815 ; free virtual = 209223
Synthesis current peak Physical Memory [PSS] (MB): peak = 3224.299; parent = 2970.163; children = 254.171
Synthesis current peak Virtual Memory [VSS] (MB): peak = 4686.094; parent = 3713.016; children = 973.078
---------------------------------------------------------------------------------
---------------------------------------------------------------------------------
Start Rebuilding User Hierarchy
---------------------------------------------------------------------------------
---------------------------------------------------------------------------------
Finished Rebuilding User Hierarchy : Time (s): cpu = 00:00:22 ; elapsed = 00:00:30 . Memory (MB): peak = 3713.012 ; gain = 915.613 ; free physical = 137813 ; free virtual = 209221
Synthesis current peak Physical Memory [PSS] (MB): peak = 3225.029; parent = 2970.894; children = 254.171
Synthesis current peak Virtual Memory [VSS] (MB): peak = 4686.094; parent = 3713.016; children = 973.078
---------------------------------------------------------------------------------
---------------------------------------------------------------------------------
Start Renaming Generated Ports
---------------------------------------------------------------------------------
---------------------------------------------------------------------------------
Finished Renaming Generated Ports : Time (s): cpu = 00:00:22 ; elapsed = 00:00:30 . Memory (MB): peak = 3713.012 ; gain = 915.613 ; free physical = 137812 ; free virtual = 209220
Synthesis current peak Physical Memory [PSS] (MB): peak = 3225.107; parent = 2970.972; children = 254.171
Synthesis current peak Virtual Memory [VSS] (MB): peak = 4686.094; parent = 3713.016; children = 973.078
---------------------------------------------------------------------------------
---------------------------------------------------------------------------------
Start Handling Custom Attributes
---------------------------------------------------------------------------------
---------------------------------------------------------------------------------
Finished Handling Custom Attributes : Time (s): cpu = 00:00:23 ; elapsed = 00:00:30 . Memory (MB): peak = 3713.012 ; gain = 915.613 ; free physical = 137812 ; free virtual = 209220
Synthesis current peak Physical Memory [PSS] (MB): peak = 3225.115; parent = 2970.979; children = 254.171
Synthesis current peak Virtual Memory [VSS] (MB): peak = 4686.094; parent = 3713.016; children = 973.078
---------------------------------------------------------------------------------
---------------------------------------------------------------------------------
Start Renaming Generated Nets
---------------------------------------------------------------------------------
---------------------------------------------------------------------------------
Finished Renaming Generated Nets : Time (s): cpu = 00:00:23 ; elapsed = 00:00:30 . Memory (MB): peak = 3713.012 ; gain = 915.613 ; free physical = 137815 ; free virtual = 209223
Synthesis current peak Physical Memory [PSS] (MB): peak = 3225.146; parent = 2971.011; children = 254.171
Synthesis current peak Virtual Memory [VSS] (MB): peak = 4686.094; parent = 3713.016; children = 973.078
---------------------------------------------------------------------------------
---------------------------------------------------------------------------------
Start Writing Synthesis Report
---------------------------------------------------------------------------------

Report BlackBoxes: 
+-+--------------+----------+
| |BlackBox name |Instances |
+-+--------------+----------+
+-+--------------+----------+

Report Cell Usage: 
+------+-------+------+
|      |Cell   |Count |
+------+-------+------+
|1     |BUFG   |     1|
|2     |CARRY8 |   373|
|3     |LUT1   |   249|
|4     |LUT2   |  1986|
|5     |FDRE   |  2259|
|6     |IBUF   |  1753|
|7     |OBUF   |    16|
+------+-------+------+
---------------------------------------------------------------------------------
Finished Writing Synthesis Report : Time (s): cpu = 00:00:23 ; elapsed = 00:00:30 . Memory (MB): peak = 3713.012 ; gain = 915.613 ; free physical = 137815 ; free virtual = 209223
Synthesis current peak Physical Memory [PSS] (MB): peak = 3225.162; parent = 2971.026; children = 254.171
Synthesis current peak Virtual Memory [VSS] (MB): peak = 4686.094; parent = 3713.016; children = 973.078
---------------------------------------------------------------------------------
Synthesis finished with 0 errors, 0 critical warnings and 1 warnings.
Synthesis Optimization Runtime : Time (s): cpu = 00:00:19 ; elapsed = 00:00:27 . Memory (MB): peak = 3713.012 ; gain = 749.895 ; free physical = 137815 ; free virtual = 209223
Synthesis Optimization Complete : Time (s): cpu = 00:00:23 ; elapsed = 00:00:31 . Memory (MB): peak = 3713.020 ; gain = 915.613 ; free physical = 137814 ; free virtual = 209222
INFO: [Project 1-571] Translating synthesized netlist
Netlist sorting complete. Time (s): cpu = 00:00:00.03 ; elapsed = 00:00:00.03 . Memory (MB): peak = 3726.949 ; gain = 0.000 ; free physical = 137940 ; free virtual = 209348
INFO: [Netlist 29-17] Analyzing 2127 Unisim elements for replacement
INFO: [Netlist 29-28] Unisim Transformation completed in 0 CPU seconds
WARNING: [Netlist 29-101] Netlist 'sum_signed' is not ideal for floorplanning, since the cellview 'sum_signed' contains a large number of primitives.  Please consider enabling hierarchy in synthesis if you want to do floorplanning.
INFO: [Project 1-570] Preparing netlist for logic optimization
Parsing XDC File [/mnt/vault1/mfaroo19/reduction_tree/integrator/runs/M250_W7/sum_signed.xdc]
Finished Parsing XDC File [/mnt/vault1/mfaroo19/reduction_tree/integrator/runs/M250_W7/sum_signed.xdc]
INFO: [Opt 31-138] Pushed 0 inverter(s) to 0 load pin(s).
Netlist sorting complete. Time (s): cpu = 00:00:00 ; elapsed = 00:00:00 . Memory (MB): peak = 3780.480 ; gain = 0.000 ; free physical = 137922 ; free virtual = 209330
INFO: [Project 1-111] Unisim Transformation Summary:
  A total of 1754 instances were transformed.
  BUFG => BUFGCE: 1 instance 
  IBUF => IBUF (IBUFCTRL, INBUF): 1753 instances

Synth Design complete, checksum: f62ff588
INFO: [Common 17-83] Releasing license: Synthesis
19 Infos, 2 Warnings, 0 Critical Warnings and 0 Errors encountered.
synth_design completed successfully
synth_design: Time (s): cpu = 00:00:33 ; elapsed = 00:00:41 . Memory (MB): peak = 3780.480 ; gain = 2075.902 ; free physical = 137983 ; free virtual = 209391
# report_utilization -file runs/M250_W7/util.rpt
# report_timing_summary -file runs/M250_W7/timing.rpt
INFO: [Timing 38-35] Done setting XDC timing constraints.
INFO: [Timing 38-91] UpdateTimingParams: Speed grade: -2, Temperature grade: E, Delay Type: min_max.
INFO: [Timing 38-191] Multithreading enabled for timing update using a maximum of 8 CPUs
report_timing_summary: Time (s): cpu = 00:00:12 ; elapsed = 00:00:14 . Memory (MB): peak = 4526.469 ; gain = 745.988 ; free physical = 137571 ; free virtual = 208988
# exit
INFO: [Common 17-206] Exiting Vivado at Tue Nov  4 17:58:27 2025...
