
****** Vivado v2022.2 (64-bit)
  **** SW Build 3671981 on Fri Oct 14 04:59:54 MDT 2022
  **** IP Build 3669848 on Fri Oct 14 08:30:02 MDT 2022
    ** Copyright 1986-2022 Xilinx, Inc. All Rights Reserved.

source runs/M300_W9/run.tcl
# read_verilog -sv runs/M300_W9/sum_signed.sv
# read_xdc runs/M300_W9/sum_signed.xdc
# synth_design -top sum_signed -part xczu7ev-ffvc1156-2-e
Command: synth_design -top sum_signed -part xczu7ev-ffvc1156-2-e
Starting synth_design
Attempting to get a license for feature 'Synthesis' and/or device 'xczu7ev'
INFO: [Common 17-349] Got license for feature 'Synthesis' and/or device 'xczu7ev'
INFO: [Device 21-403] Loading part xczu7ev-ffvc1156-2-e
INFO: [Synth 8-7079] Multithreading enabled for synth_design using a maximum of 4 processes.
INFO: [Synth 8-7078] Launching helper process for spawning children vivado processes
INFO: [Synth 8-7075] Helper process launched with PID 2585960
INFO: [Synth 8-11241] undeclared symbol 'REGCCE', assumed default net type 'wire' [/mnt/vault1/kmhatre/Software/AMD/Vivado/2022.2/data/verilog/src/unimacro/BRAM_SINGLE_MACRO.v:2170]
---------------------------------------------------------------------------------
Starting RTL Elaboration : Time (s): cpu = 00:00:02 ; elapsed = 00:00:03 . Memory (MB): peak = 3037.324 ; gain = 239.832 ; free physical = 138215 ; free virtual = 209665
Synthesis current peak Physical Memory [PSS] (MB): peak = 2627.434; parent = 2373.290; children = 254.144
Synthesis current peak Virtual Memory [VSS] (MB): peak = 4013.371; parent = 3040.297; children = 973.074
---------------------------------------------------------------------------------
INFO: [Synth 8-6157] synthesizing module 'sum_signed' [/mnt/vault1/mfaroo19/reduction_tree/integrator/runs/M300_W9/sum_signed.sv:7]
INFO: [Synth 8-6155] done synthesizing module 'sum_signed' (0#1) [/mnt/vault1/mfaroo19/reduction_tree/integrator/runs/M300_W9/sum_signed.sv:7]
---------------------------------------------------------------------------------
Finished RTL Elaboration : Time (s): cpu = 00:00:03 ; elapsed = 00:00:04 . Memory (MB): peak = 3116.262 ; gain = 318.770 ; free physical = 138123 ; free virtual = 209575
Synthesis current peak Physical Memory [PSS] (MB): peak = 2627.434; parent = 2373.290; children = 254.144
Synthesis current peak Virtual Memory [VSS] (MB): peak = 4089.340; parent = 3116.266; children = 973.074
---------------------------------------------------------------------------------
---------------------------------------------------------------------------------
Start Handling Custom Attributes
---------------------------------------------------------------------------------
---------------------------------------------------------------------------------
Finished Handling Custom Attributes : Time (s): cpu = 00:00:03 ; elapsed = 00:00:04 . Memory (MB): peak = 3134.074 ; gain = 336.582 ; free physical = 138131 ; free virtual = 209583
Synthesis current peak Physical Memory [PSS] (MB): peak = 2627.434; parent = 2373.290; children = 254.144
Synthesis current peak Virtual Memory [VSS] (MB): peak = 4107.152; parent = 3134.078; children = 973.074
---------------------------------------------------------------------------------
---------------------------------------------------------------------------------
Finished RTL Optimization Phase 1 : Time (s): cpu = 00:00:03 ; elapsed = 00:00:04 . Memory (MB): peak = 3134.074 ; gain = 336.582 ; free physical = 138131 ; free virtual = 209583
Synthesis current peak Physical Memory [PSS] (MB): peak = 2627.434; parent = 2373.290; children = 254.144
Synthesis current peak Virtual Memory [VSS] (MB): peak = 4107.152; parent = 3134.078; children = 973.074
---------------------------------------------------------------------------------
Netlist sorting complete. Time (s): cpu = 00:00:00.02 ; elapsed = 00:00:00.02 . Memory (MB): peak = 3134.074 ; gain = 0.000 ; free physical = 138131 ; free virtual = 209583
INFO: [Project 1-570] Preparing netlist for logic optimization

Processing XDC Constraints
Initializing timing engine
Parsing XDC File [/mnt/vault1/mfaroo19/reduction_tree/integrator/runs/M300_W9/sum_signed.xdc]
Finished Parsing XDC File [/mnt/vault1/mfaroo19/reduction_tree/integrator/runs/M300_W9/sum_signed.xdc]
Completed Processing XDC Constraints

Netlist sorting complete. Time (s): cpu = 00:00:00 ; elapsed = 00:00:00 . Memory (MB): peak = 3297.793 ; gain = 0.000 ; free physical = 138151 ; free virtual = 209602
INFO: [Project 1-111] Unisim Transformation Summary:
No Unisim elements were transformed.

Constraint Validation Runtime : Time (s): cpu = 00:00:00.05 ; elapsed = 00:00:00.02 . Memory (MB): peak = 3297.793 ; gain = 0.000 ; free physical = 138150 ; free virtual = 209602
INFO: [Synth 8-11241] undeclared symbol 'REGCCE', assumed default net type 'wire' [/mnt/vault1/kmhatre/Software/AMD/Vivado/2022.2/data/verilog/src/unimacro/BRAM_SINGLE_MACRO.v:2170]
---------------------------------------------------------------------------------
Finished Constraint Validation : Time (s): cpu = 00:00:10 ; elapsed = 00:00:12 . Memory (MB): peak = 3297.793 ; gain = 500.301 ; free physical = 138179 ; free virtual = 209631
Synthesis current peak Physical Memory [PSS] (MB): peak = 2639.793; parent = 2385.649; children = 254.144
Synthesis current peak Virtual Memory [VSS] (MB): peak = 4238.855; parent = 3265.781; children = 973.074
---------------------------------------------------------------------------------
---------------------------------------------------------------------------------
Start Loading Part and Timing Information
---------------------------------------------------------------------------------
Loading part: xczu7ev-ffvc1156-2-e
INFO: [Synth 8-6742] Reading net delay rules and data
---------------------------------------------------------------------------------
Finished Loading Part and Timing Information : Time (s): cpu = 00:00:10 ; elapsed = 00:00:12 . Memory (MB): peak = 3297.793 ; gain = 500.301 ; free physical = 138179 ; free virtual = 209631
Synthesis current peak Physical Memory [PSS] (MB): peak = 2639.793; parent = 2385.649; children = 254.144
Synthesis current peak Virtual Memory [VSS] (MB): peak = 4238.855; parent = 3265.781; children = 973.074
---------------------------------------------------------------------------------
---------------------------------------------------------------------------------
Start Applying 'set_property' XDC Constraints
---------------------------------------------------------------------------------
---------------------------------------------------------------------------------
Finished applying 'set_property' XDC Constraints : Time (s): cpu = 00:00:10 ; elapsed = 00:00:12 . Memory (MB): peak = 3297.793 ; gain = 500.301 ; free physical = 138179 ; free virtual = 209631
Synthesis current peak Physical Memory [PSS] (MB): peak = 2639.793; parent = 2385.649; children = 254.144
Synthesis current peak Virtual Memory [VSS] (MB): peak = 4238.855; parent = 3265.781; children = 973.074
---------------------------------------------------------------------------------
---------------------------------------------------------------------------------
Finished RTL Optimization Phase 2 : Time (s): cpu = 00:00:11 ; elapsed = 00:00:13 . Memory (MB): peak = 3297.793 ; gain = 500.301 ; free physical = 138180 ; free virtual = 209632
Synthesis current peak Physical Memory [PSS] (MB): peak = 2639.793; parent = 2385.649; children = 254.144
Synthesis current peak Virtual Memory [VSS] (MB): peak = 4238.855; parent = 3265.781; children = 973.074
---------------------------------------------------------------------------------
---------------------------------------------------------------------------------
Start RTL Component Statistics 
---------------------------------------------------------------------------------
Detailed RTL Component Info : 
+---Adders : 
	   2 Input   18 Bit       Adders := 1     
	   2 Input   17 Bit       Adders := 1     
	   2 Input   16 Bit       Adders := 2     
	   2 Input   15 Bit       Adders := 5     
	   2 Input   14 Bit       Adders := 9     
	   2 Input   13 Bit       Adders := 19    
	   2 Input   12 Bit       Adders := 37    
	   2 Input   11 Bit       Adders := 75    
	   2 Input   10 Bit       Adders := 150   
+---Registers : 
	               18 Bit    Registers := 1     
	               17 Bit    Registers := 1     
	               16 Bit    Registers := 2     
	               15 Bit    Registers := 7     
	               14 Bit    Registers := 9     
	               13 Bit    Registers := 20    
	               12 Bit    Registers := 37    
	               11 Bit    Registers := 76    
	               10 Bit    Registers := 150   
	                1 Bit    Registers := 9     
---------------------------------------------------------------------------------
Finished RTL Component Statistics 
---------------------------------------------------------------------------------
---------------------------------------------------------------------------------
Start Part Resource Summary
---------------------------------------------------------------------------------
Part Resources:
DSPs: 1728 (col length:144)
BRAMs: 624 (col length: RAMB18 144 RAMB36 72)
---------------------------------------------------------------------------------
Finished Part Resource Summary
---------------------------------------------------------------------------------
---------------------------------------------------------------------------------
Start Cross Boundary and Area Optimization
---------------------------------------------------------------------------------
WARNING: [Synth 8-7080] Parallel synthesis criteria is not met
---------------------------------------------------------------------------------
Finished Cross Boundary and Area Optimization : Time (s): cpu = 00:00:12 ; elapsed = 00:00:15 . Memory (MB): peak = 3297.793 ; gain = 500.301 ; free physical = 138196 ; free virtual = 209656
Synthesis current peak Physical Memory [PSS] (MB): peak = 2639.793; parent = 2385.649; children = 254.144
Synthesis current peak Virtual Memory [VSS] (MB): peak = 4238.855; parent = 3265.781; children = 973.074
---------------------------------------------------------------------------------
---------------------------------------------------------------------------------
Start Applying XDC Timing Constraints
---------------------------------------------------------------------------------
---------------------------------------------------------------------------------
Finished Applying XDC Timing Constraints : Time (s): cpu = 00:00:19 ; elapsed = 00:00:26 . Memory (MB): peak = 3676.199 ; gain = 878.707 ; free physical = 137758 ; free virtual = 209217
Synthesis current peak Physical Memory [PSS] (MB): peak = 3212.312; parent = 2958.200; children = 254.144
Synthesis current peak Virtual Memory [VSS] (MB): peak = 4649.277; parent = 3676.203; children = 973.074
---------------------------------------------------------------------------------
---------------------------------------------------------------------------------
Start Timing Optimization
---------------------------------------------------------------------------------
---------------------------------------------------------------------------------
Finished Timing Optimization : Time (s): cpu = 00:00:20 ; elapsed = 00:00:27 . Memory (MB): peak = 3690.199 ; gain = 892.707 ; free physical = 137743 ; free virtual = 209203
Synthesis current peak Physical Memory [PSS] (MB): peak = 3225.281; parent = 2971.169; children = 254.144
Synthesis current peak Virtual Memory [VSS] (MB): peak = 4663.277; parent = 3690.203; children = 973.074
---------------------------------------------------------------------------------
---------------------------------------------------------------------------------
Start Technology Mapping
---------------------------------------------------------------------------------
---------------------------------------------------------------------------------
Finished Technology Mapping : Time (s): cpu = 00:00:20 ; elapsed = 00:00:28 . Memory (MB): peak = 3709.230 ; gain = 911.738 ; free physical = 137754 ; free virtual = 209214
Synthesis current peak Physical Memory [PSS] (MB): peak = 3230.543; parent = 2976.431; children = 254.144
Synthesis current peak Virtual Memory [VSS] (MB): peak = 4682.309; parent = 3709.234; children = 973.074
---------------------------------------------------------------------------------
---------------------------------------------------------------------------------
Start IO Insertion
---------------------------------------------------------------------------------
---------------------------------------------------------------------------------
Start Flattening Before IO Insertion
---------------------------------------------------------------------------------
---------------------------------------------------------------------------------
Finished Flattening Before IO Insertion
---------------------------------------------------------------------------------
---------------------------------------------------------------------------------
Start Final Netlist Cleanup
---------------------------------------------------------------------------------
---------------------------------------------------------------------------------
Finished Final Netlist Cleanup
---------------------------------------------------------------------------------
---------------------------------------------------------------------------------
Finished IO Insertion : Time (s): cpu = 00:00:23 ; elapsed = 00:00:30 . Memory (MB): peak = 3720.137 ; gain = 922.645 ; free physical = 137774 ; free virtual = 209233
Synthesis current peak Physical Memory [PSS] (MB): peak = 3231.391; parent = 2977.278; children = 254.144
Synthesis current peak Virtual Memory [VSS] (MB): peak = 4693.215; parent = 3720.141; children = 973.074
---------------------------------------------------------------------------------
---------------------------------------------------------------------------------
Start Renaming Generated Instances
---------------------------------------------------------------------------------
---------------------------------------------------------------------------------
Finished Renaming Generated Instances : Time (s): cpu = 00:00:23 ; elapsed = 00:00:30 . Memory (MB): peak = 3720.137 ; gain = 922.645 ; free physical = 137774 ; free virtual = 209234
Synthesis current peak Physical Memory [PSS] (MB): peak = 3231.406; parent = 2977.294; children = 254.144
Synthesis current peak Virtual Memory [VSS] (MB): peak = 4693.215; parent = 3720.141; children = 973.074
---------------------------------------------------------------------------------
---------------------------------------------------------------------------------
Start Rebuilding User Hierarchy
---------------------------------------------------------------------------------
---------------------------------------------------------------------------------
Finished Rebuilding User Hierarchy : Time (s): cpu = 00:00:23 ; elapsed = 00:00:31 . Memory (MB): peak = 3720.137 ; gain = 922.645 ; free physical = 137774 ; free virtual = 209234
Synthesis current peak Physical Memory [PSS] (MB): peak = 3232.473; parent = 2978.360; children = 254.144
Synthesis current peak Virtual Memory [VSS] (MB): peak = 4693.215; parent = 3720.141; children = 973.074
---------------------------------------------------------------------------------
---------------------------------------------------------------------------------
Start Renaming Generated Ports
---------------------------------------------------------------------------------
---------------------------------------------------------------------------------
Finished Renaming Generated Ports : Time (s): cpu = 00:00:23 ; elapsed = 00:00:31 . Memory (MB): peak = 3720.137 ; gain = 922.645 ; free physical = 137774 ; free virtual = 209234
Synthesis current peak Physical Memory [PSS] (MB): peak = 3232.535; parent = 2978.423; children = 254.144
Synthesis current peak Virtual Memory [VSS] (MB): peak = 4693.215; parent = 3720.141; children = 973.074
---------------------------------------------------------------------------------
---------------------------------------------------------------------------------
Start Handling Custom Attributes
---------------------------------------------------------------------------------
---------------------------------------------------------------------------------
Finished Handling Custom Attributes : Time (s): cpu = 00:00:23 ; elapsed = 00:00:31 . Memory (MB): peak = 3720.137 ; gain = 922.645 ; free physical = 137774 ; free virtual = 209234
Synthesis current peak Physical Memory [PSS] (MB): peak = 3232.707; parent = 2978.595; children = 254.144
Synthesis current peak Virtual Memory [VSS] (MB): peak = 4693.215; parent = 3720.141; children = 973.074
---------------------------------------------------------------------------------
---------------------------------------------------------------------------------
Start Renaming Generated Nets
---------------------------------------------------------------------------------
---------------------------------------------------------------------------------
Finished Renaming Generated Nets : Time (s): cpu = 00:00:23 ; elapsed = 00:00:31 . Memory (MB): peak = 3720.137 ; gain = 922.645 ; free physical = 137774 ; free virtual = 209234
Synthesis current peak Physical Memory [PSS] (MB): peak = 3232.738; parent = 2978.626; children = 254.144
Synthesis current peak Virtual Memory [VSS] (MB): peak = 4693.215; parent = 3720.141; children = 973.074
---------------------------------------------------------------------------------
---------------------------------------------------------------------------------
Start Writing Synthesis Report
---------------------------------------------------------------------------------

Report BlackBoxes: 
+-+--------------+----------+
| |BlackBox name |Instances |
+-+--------------+----------+
+-+--------------+----------+

Report Cell Usage: 
+------+-------+------+
|      |Cell   |Count |
+------+-------+------+
|1     |BUFG   |     1|
|2     |CARRY8 |   600|
|3     |LUT1   |   299|
|4     |LUT2   |  2985|
|5     |FDRE   |  3347|
|6     |IBUF   |  2703|
|7     |OBUF   |    19|
+------+-------+------+
---------------------------------------------------------------------------------
Finished Writing Synthesis Report : Time (s): cpu = 00:00:23 ; elapsed = 00:00:31 . Memory (MB): peak = 3720.137 ; gain = 922.645 ; free physical = 137778 ; free virtual = 209238
Synthesis current peak Physical Memory [PSS] (MB): peak = 3232.754; parent = 2978.642; children = 254.144
Synthesis current peak Virtual Memory [VSS] (MB): peak = 4693.215; parent = 3720.141; children = 973.074
---------------------------------------------------------------------------------
Synthesis finished with 0 errors, 0 critical warnings and 1 warnings.
Synthesis Optimization Runtime : Time (s): cpu = 00:00:19 ; elapsed = 00:00:27 . Memory (MB): peak = 3720.137 ; gain = 758.926 ; free physical = 137778 ; free virtual = 209238
Synthesis Optimization Complete : Time (s): cpu = 00:00:23 ; elapsed = 00:00:31 . Memory (MB): peak = 3720.145 ; gain = 922.645 ; free physical = 137784 ; free virtual = 209244
INFO: [Project 1-571] Translating synthesized netlist
Netlist sorting complete. Time (s): cpu = 00:00:00.04 ; elapsed = 00:00:00.04 . Memory (MB): peak = 3734.074 ; gain = 0.000 ; free physical = 137909 ; free virtual = 209368
INFO: [Netlist 29-17] Analyzing 3304 Unisim elements for replacement
INFO: [Netlist 29-28] Unisim Transformation completed in 0 CPU seconds
WARNING: [Netlist 29-101] Netlist 'sum_signed' is not ideal for floorplanning, since the cellview 'sum_signed' contains a large number of primitives.  Please consider enabling hierarchy in synthesis if you want to do floorplanning.
INFO: [Project 1-570] Preparing netlist for logic optimization
Parsing XDC File [/mnt/vault1/mfaroo19/reduction_tree/integrator/runs/M300_W9/sum_signed.xdc]
Finished Parsing XDC File [/mnt/vault1/mfaroo19/reduction_tree/integrator/runs/M300_W9/sum_signed.xdc]
INFO: [Opt 31-138] Pushed 0 inverter(s) to 0 load pin(s).
Netlist sorting complete. Time (s): cpu = 00:00:00 ; elapsed = 00:00:00.01 . Memory (MB): peak = 3792.855 ; gain = 0.000 ; free physical = 137854 ; free virtual = 209314
INFO: [Project 1-111] Unisim Transformation Summary:
  A total of 2704 instances were transformed.
  BUFG => BUFGCE: 1 instance 
  IBUF => IBUF (IBUFCTRL, INBUF): 2703 instances

Synth Design complete, checksum: ba838a72
INFO: [Common 17-83] Releasing license: Synthesis
19 Infos, 2 Warnings, 0 Critical Warnings and 0 Errors encountered.
synth_design completed successfully
synth_design: Time (s): cpu = 00:00:34 ; elapsed = 00:00:42 . Memory (MB): peak = 3792.855 ; gain = 2088.184 ; free physical = 137937 ; free virtual = 209397
# report_utilization -file runs/M300_W9/util.rpt
# report_timing_summary -file runs/M300_W9/timing.rpt
INFO: [Timing 38-35] Done setting XDC timing constraints.
INFO: [Timing 38-91] UpdateTimingParams: Speed grade: -2, Temperature grade: E, Delay Type: min_max.
INFO: [Timing 38-191] Multithreading enabled for timing update using a maximum of 8 CPUs
report_timing_summary: Time (s): cpu = 00:00:13 ; elapsed = 00:00:14 . Memory (MB): peak = 4539.812 ; gain = 746.957 ; free physical = 137464 ; free virtual = 208924
# exit
INFO: [Common 17-206] Exiting Vivado at Tue Nov  4 18:11:18 2025...
