
****** Vivado v2022.2 (64-bit)
  **** SW Build 3671981 on Fri Oct 14 04:59:54 MDT 2022
  **** IP Build 3669848 on Fri Oct 14 08:30:02 MDT 2022
    ** Copyright 1986-2022 Xilinx, Inc. All Rights Reserved.

source runs/M300_W7/run.tcl
# read_verilog -sv runs/M300_W7/sum_signed.sv
# read_xdc runs/M300_W7/sum_signed.xdc
# synth_design -top sum_signed -part xczu7ev-ffvc1156-2-e
Command: synth_design -top sum_signed -part xczu7ev-ffvc1156-2-e
Starting synth_design
Attempting to get a license for feature 'Synthesis' and/or device 'xczu7ev'
INFO: [Common 17-349] Got license for feature 'Synthesis' and/or device 'xczu7ev'
INFO: [Device 21-403] Loading part xczu7ev-ffvc1156-2-e
INFO: [Synth 8-7079] Multithreading enabled for synth_design using a maximum of 4 processes.
INFO: [Synth 8-7078] Launching helper process for spawning children vivado processes
INFO: [Synth 8-7075] Helper process launched with PID 2584945
INFO: [Synth 8-11241] undeclared symbol 'REGCCE', assumed default net type 'wire' [/mnt/vault1/kmhatre/Software/AMD/Vivado/2022.2/data/verilog/src/unimacro/BRAM_SINGLE_MACRO.v:2170]
---------------------------------------------------------------------------------
Starting RTL Elaboration : Time (s): cpu = 00:00:02 ; elapsed = 00:00:03 . Memory (MB): peak = 3037.324 ; gain = 239.832 ; free physical = 137929 ; free virtual = 209377
Synthesis current peak Physical Memory [PSS] (MB): peak = 2627.461; parent = 2373.326; children = 254.135
Synthesis current peak Virtual Memory [VSS] (MB): peak = 4013.371; parent = 3040.297; children = 973.074
---------------------------------------------------------------------------------
INFO: [Synth 8-6157] synthesizing module 'sum_signed' [/mnt/vault1/mfaroo19/reduction_tree/integrator/runs/M300_W7/sum_signed.sv:7]
INFO: [Synth 8-6155] done synthesizing module 'sum_signed' (0#1) [/mnt/vault1/mfaroo19/reduction_tree/integrator/runs/M300_W7/sum_signed.sv:7]
---------------------------------------------------------------------------------
Finished RTL Elaboration : Time (s): cpu = 00:00:04 ; elapsed = 00:00:05 . Memory (MB): peak = 3140.262 ; gain = 342.770 ; free physical = 137827 ; free virtual = 209276
Synthesis current peak Physical Memory [PSS] (MB): peak = 2627.461; parent = 2373.326; children = 254.135
Synthesis current peak Virtual Memory [VSS] (MB): peak = 4113.340; parent = 3140.266; children = 973.074
---------------------------------------------------------------------------------
---------------------------------------------------------------------------------
Start Handling Custom Attributes
---------------------------------------------------------------------------------
---------------------------------------------------------------------------------
Finished Handling Custom Attributes : Time (s): cpu = 00:00:04 ; elapsed = 00:00:05 . Memory (MB): peak = 3158.074 ; gain = 360.582 ; free physical = 137844 ; free virtual = 209293
Synthesis current peak Physical Memory [PSS] (MB): peak = 2627.461; parent = 2373.326; children = 254.135
Synthesis current peak Virtual Memory [VSS] (MB): peak = 4131.152; parent = 3158.078; children = 973.074
---------------------------------------------------------------------------------
---------------------------------------------------------------------------------
Finished RTL Optimization Phase 1 : Time (s): cpu = 00:00:04 ; elapsed = 00:00:05 . Memory (MB): peak = 3158.074 ; gain = 360.582 ; free physical = 137851 ; free virtual = 209300
Synthesis current peak Physical Memory [PSS] (MB): peak = 2627.461; parent = 2373.326; children = 254.135
Synthesis current peak Virtual Memory [VSS] (MB): peak = 4131.152; parent = 3158.078; children = 973.074
---------------------------------------------------------------------------------
Netlist sorting complete. Time (s): cpu = 00:00:00.02 ; elapsed = 00:00:00.01 . Memory (MB): peak = 3158.074 ; gain = 0.000 ; free physical = 137851 ; free virtual = 209301
INFO: [Project 1-570] Preparing netlist for logic optimization

Processing XDC Constraints
Initializing timing engine
Parsing XDC File [/mnt/vault1/mfaroo19/reduction_tree/integrator/runs/M300_W7/sum_signed.xdc]
Finished Parsing XDC File [/mnt/vault1/mfaroo19/reduction_tree/integrator/runs/M300_W7/sum_signed.xdc]
Completed Processing XDC Constraints

Netlist sorting complete. Time (s): cpu = 00:00:00 ; elapsed = 00:00:00.01 . Memory (MB): peak = 3317.793 ; gain = 0.000 ; free physical = 137922 ; free virtual = 209371
INFO: [Project 1-111] Unisim Transformation Summary:
No Unisim elements were transformed.

Constraint Validation Runtime : Time (s): cpu = 00:00:00.07 ; elapsed = 00:00:00.02 . Memory (MB): peak = 3317.793 ; gain = 0.000 ; free physical = 137929 ; free virtual = 209379
INFO: [Synth 8-11241] undeclared symbol 'REGCCE', assumed default net type 'wire' [/mnt/vault1/kmhatre/Software/AMD/Vivado/2022.2/data/verilog/src/unimacro/BRAM_SINGLE_MACRO.v:2170]
---------------------------------------------------------------------------------
Finished Constraint Validation : Time (s): cpu = 00:00:10 ; elapsed = 00:00:12 . Memory (MB): peak = 3317.793 ; gain = 520.301 ; free physical = 138053 ; free virtual = 209502
Synthesis current peak Physical Memory [PSS] (MB): peak = 2641.465; parent = 2387.330; children = 254.135
Synthesis current peak Virtual Memory [VSS] (MB): peak = 4258.855; parent = 3285.781; children = 973.074
---------------------------------------------------------------------------------
---------------------------------------------------------------------------------
Start Loading Part and Timing Information
---------------------------------------------------------------------------------
Loading part: xczu7ev-ffvc1156-2-e
INFO: [Synth 8-6742] Reading net delay rules and data
---------------------------------------------------------------------------------
Finished Loading Part and Timing Information : Time (s): cpu = 00:00:11 ; elapsed = 00:00:12 . Memory (MB): peak = 3317.793 ; gain = 520.301 ; free physical = 138053 ; free virtual = 209503
Synthesis current peak Physical Memory [PSS] (MB): peak = 2641.465; parent = 2387.330; children = 254.135
Synthesis current peak Virtual Memory [VSS] (MB): peak = 4258.855; parent = 3285.781; children = 973.074
---------------------------------------------------------------------------------
---------------------------------------------------------------------------------
Start Applying 'set_property' XDC Constraints
---------------------------------------------------------------------------------
---------------------------------------------------------------------------------
Finished applying 'set_property' XDC Constraints : Time (s): cpu = 00:00:11 ; elapsed = 00:00:12 . Memory (MB): peak = 3317.793 ; gain = 520.301 ; free physical = 138060 ; free virtual = 209510
Synthesis current peak Physical Memory [PSS] (MB): peak = 2641.465; parent = 2387.330; children = 254.135
Synthesis current peak Virtual Memory [VSS] (MB): peak = 4258.855; parent = 3285.781; children = 973.074
---------------------------------------------------------------------------------
---------------------------------------------------------------------------------
Finished RTL Optimization Phase 2 : Time (s): cpu = 00:00:11 ; elapsed = 00:00:13 . Memory (MB): peak = 3317.793 ; gain = 520.301 ; free physical = 138090 ; free virtual = 209540
Synthesis current peak Physical Memory [PSS] (MB): peak = 2641.465; parent = 2387.330; children = 254.135
Synthesis current peak Virtual Memory [VSS] (MB): peak = 4258.855; parent = 3285.781; children = 973.074
---------------------------------------------------------------------------------
---------------------------------------------------------------------------------
Start RTL Component Statistics 
---------------------------------------------------------------------------------
Detailed RTL Component Info : 
+---Adders : 
	   2 Input   16 Bit       Adders := 1     
	   2 Input   15 Bit       Adders := 1     
	   2 Input   14 Bit       Adders := 2     
	   2 Input   13 Bit       Adders := 5     
	   2 Input   12 Bit       Adders := 9     
	   2 Input   11 Bit       Adders := 19    
	   2 Input   10 Bit       Adders := 37    
	   2 Input    9 Bit       Adders := 75    
	   2 Input    8 Bit       Adders := 150   
+---Registers : 
	               16 Bit    Registers := 1     
	               15 Bit    Registers := 1     
	               14 Bit    Registers := 2     
	               13 Bit    Registers := 7     
	               12 Bit    Registers := 9     
	               11 Bit    Registers := 20    
	               10 Bit    Registers := 37    
	                9 Bit    Registers := 76    
	                8 Bit    Registers := 150   
	                1 Bit    Registers := 9     
---------------------------------------------------------------------------------
Finished RTL Component Statistics 
---------------------------------------------------------------------------------
---------------------------------------------------------------------------------
Start Part Resource Summary
---------------------------------------------------------------------------------
Part Resources:
DSPs: 1728 (col length:144)
BRAMs: 624 (col length: RAMB18 144 RAMB36 72)
---------------------------------------------------------------------------------
Finished Part Resource Summary
---------------------------------------------------------------------------------
---------------------------------------------------------------------------------
Start Cross Boundary and Area Optimization
---------------------------------------------------------------------------------
WARNING: [Synth 8-7080] Parallel synthesis criteria is not met
---------------------------------------------------------------------------------
Finished Cross Boundary and Area Optimization : Time (s): cpu = 00:00:12 ; elapsed = 00:00:16 . Memory (MB): peak = 3317.793 ; gain = 520.301 ; free physical = 138021 ; free virtual = 209479
Synthesis current peak Physical Memory [PSS] (MB): peak = 2641.465; parent = 2387.330; children = 254.135
Synthesis current peak Virtual Memory [VSS] (MB): peak = 4258.855; parent = 3285.781; children = 973.074
---------------------------------------------------------------------------------
---------------------------------------------------------------------------------
Start Applying XDC Timing Constraints
---------------------------------------------------------------------------------
---------------------------------------------------------------------------------
Finished Applying XDC Timing Constraints : Time (s): cpu = 00:00:19 ; elapsed = 00:00:26 . Memory (MB): peak = 3676.074 ; gain = 878.582 ; free physical = 137741 ; free virtual = 209198
Synthesis current peak Physical Memory [PSS] (MB): peak = 3212.246; parent = 2958.143; children = 254.135
Synthesis current peak Virtual Memory [VSS] (MB): peak = 4649.152; parent = 3676.078; children = 973.074
---------------------------------------------------------------------------------
---------------------------------------------------------------------------------
Start Timing Optimization
---------------------------------------------------------------------------------
---------------------------------------------------------------------------------
Finished Timing Optimization : Time (s): cpu = 00:00:20 ; elapsed = 00:00:27 . Memory (MB): peak = 3687.074 ; gain = 889.582 ; free physical = 137736 ; free virtual = 209193
Synthesis current peak Physical Memory [PSS] (MB): peak = 3222.758; parent = 2968.654; children = 254.135
Synthesis current peak Virtual Memory [VSS] (MB): peak = 4660.152; parent = 3687.078; children = 973.074
---------------------------------------------------------------------------------
---------------------------------------------------------------------------------
Start Technology Mapping
---------------------------------------------------------------------------------
---------------------------------------------------------------------------------
Finished Technology Mapping : Time (s): cpu = 00:00:20 ; elapsed = 00:00:27 . Memory (MB): peak = 3706.105 ; gain = 908.613 ; free physical = 137731 ; free virtual = 209188
Synthesis current peak Physical Memory [PSS] (MB): peak = 3229.195; parent = 2975.092; children = 254.135
Synthesis current peak Virtual Memory [VSS] (MB): peak = 4679.184; parent = 3706.109; children = 973.074
---------------------------------------------------------------------------------
---------------------------------------------------------------------------------
Start IO Insertion
---------------------------------------------------------------------------------
---------------------------------------------------------------------------------
Start Flattening Before IO Insertion
---------------------------------------------------------------------------------
---------------------------------------------------------------------------------
Finished Flattening Before IO Insertion
---------------------------------------------------------------------------------
---------------------------------------------------------------------------------
Start Final Netlist Cleanup
---------------------------------------------------------------------------------
---------------------------------------------------------------------------------
Finished Final Netlist Cleanup
---------------------------------------------------------------------------------
---------------------------------------------------------------------------------
Finished IO Insertion : Time (s): cpu = 00:00:23 ; elapsed = 00:00:30 . Memory (MB): peak = 3718.012 ; gain = 920.520 ; free physical = 137784 ; free virtual = 209242
Synthesis current peak Physical Memory [PSS] (MB): peak = 3229.938; parent = 2975.834; children = 254.135
Synthesis current peak Virtual Memory [VSS] (MB): peak = 4691.090; parent = 3718.016; children = 973.074
---------------------------------------------------------------------------------
---------------------------------------------------------------------------------
Start Renaming Generated Instances
---------------------------------------------------------------------------------
---------------------------------------------------------------------------------
Finished Renaming Generated Instances : Time (s): cpu = 00:00:23 ; elapsed = 00:00:30 . Memory (MB): peak = 3718.012 ; gain = 920.520 ; free physical = 137784 ; free virtual = 209242
Synthesis current peak Physical Memory [PSS] (MB): peak = 3229.953; parent = 2975.850; children = 254.135
Synthesis current peak Virtual Memory [VSS] (MB): peak = 4691.090; parent = 3718.016; children = 973.074
---------------------------------------------------------------------------------
---------------------------------------------------------------------------------
Start Rebuilding User Hierarchy
---------------------------------------------------------------------------------
---------------------------------------------------------------------------------
Finished Rebuilding User Hierarchy : Time (s): cpu = 00:00:23 ; elapsed = 00:00:30 . Memory (MB): peak = 3718.012 ; gain = 920.520 ; free physical = 137793 ; free virtual = 209250
Synthesis current peak Physical Memory [PSS] (MB): peak = 3230.852; parent = 2976.748; children = 254.135
Synthesis current peak Virtual Memory [VSS] (MB): peak = 4691.090; parent = 3718.016; children = 973.074
---------------------------------------------------------------------------------
---------------------------------------------------------------------------------
Start Renaming Generated Ports
---------------------------------------------------------------------------------
---------------------------------------------------------------------------------
Finished Renaming Generated Ports : Time (s): cpu = 00:00:23 ; elapsed = 00:00:31 . Memory (MB): peak = 3718.012 ; gain = 920.520 ; free physical = 137793 ; free virtual = 209250
Synthesis current peak Physical Memory [PSS] (MB): peak = 3230.914; parent = 2976.811; children = 254.135
Synthesis current peak Virtual Memory [VSS] (MB): peak = 4691.090; parent = 3718.016; children = 973.074
---------------------------------------------------------------------------------
---------------------------------------------------------------------------------
Start Handling Custom Attributes
---------------------------------------------------------------------------------
---------------------------------------------------------------------------------
Finished Handling Custom Attributes : Time (s): cpu = 00:00:23 ; elapsed = 00:00:31 . Memory (MB): peak = 3718.012 ; gain = 920.520 ; free physical = 137801 ; free virtual = 209258
Synthesis current peak Physical Memory [PSS] (MB): peak = 3230.914; parent = 2976.811; children = 254.135
Synthesis current peak Virtual Memory [VSS] (MB): peak = 4691.090; parent = 3718.016; children = 973.074
---------------------------------------------------------------------------------
---------------------------------------------------------------------------------
Start Renaming Generated Nets
---------------------------------------------------------------------------------
---------------------------------------------------------------------------------
Finished Renaming Generated Nets : Time (s): cpu = 00:00:23 ; elapsed = 00:00:31 . Memory (MB): peak = 3718.012 ; gain = 920.520 ; free physical = 137803 ; free virtual = 209261
Synthesis current peak Physical Memory [PSS] (MB): peak = 3230.914; parent = 2976.811; children = 254.135
Synthesis current peak Virtual Memory [VSS] (MB): peak = 4691.090; parent = 3718.016; children = 973.074
---------------------------------------------------------------------------------
---------------------------------------------------------------------------------
Start Writing Synthesis Report
---------------------------------------------------------------------------------

Report BlackBoxes: 
+-+--------------+----------+
| |BlackBox name |Instances |
+-+--------------+----------+
+-+--------------+----------+

Report Cell Usage: 
+------+-------+------+
|      |Cell   |Count |
+------+-------+------+
|1     |BUFG   |     1|
|2     |CARRY8 |   448|
|3     |LUT1   |   299|
|4     |LUT2   |  2387|
|5     |FDRE   |  2741|
|6     |IBUF   |  2103|
|7     |OBUF   |    17|
+------+-------+------+
---------------------------------------------------------------------------------
Finished Writing Synthesis Report : Time (s): cpu = 00:00:23 ; elapsed = 00:00:31 . Memory (MB): peak = 3718.012 ; gain = 920.520 ; free physical = 137803 ; free virtual = 209261
Synthesis current peak Physical Memory [PSS] (MB): peak = 3230.914; parent = 2976.811; children = 254.135
Synthesis current peak Virtual Memory [VSS] (MB): peak = 4691.090; parent = 3718.016; children = 973.074
---------------------------------------------------------------------------------
Synthesis finished with 0 errors, 0 critical warnings and 1 warnings.
Synthesis Optimization Runtime : Time (s): cpu = 00:00:19 ; elapsed = 00:00:27 . Memory (MB): peak = 3718.012 ; gain = 760.801 ; free physical = 137844 ; free virtual = 209302
Synthesis Optimization Complete : Time (s): cpu = 00:00:23 ; elapsed = 00:00:31 . Memory (MB): peak = 3718.020 ; gain = 920.520 ; free physical = 137844 ; free virtual = 209302
INFO: [Project 1-571] Translating synthesized netlist
Netlist sorting complete. Time (s): cpu = 00:00:00.03 ; elapsed = 00:00:00.03 . Memory (MB): peak = 3723.949 ; gain = 0.000 ; free physical = 137963 ; free virtual = 209420
INFO: [Netlist 29-17] Analyzing 2552 Unisim elements for replacement
INFO: [Netlist 29-28] Unisim Transformation completed in 0 CPU seconds
WARNING: [Netlist 29-101] Netlist 'sum_signed' is not ideal for floorplanning, since the cellview 'sum_signed' contains a large number of primitives.  Please consider enabling hierarchy in synthesis if you want to do floorplanning.
INFO: [Project 1-570] Preparing netlist for logic optimization
Parsing XDC File [/mnt/vault1/mfaroo19/reduction_tree/integrator/runs/M300_W7/sum_signed.xdc]
Finished Parsing XDC File [/mnt/vault1/mfaroo19/reduction_tree/integrator/runs/M300_W7/sum_signed.xdc]
INFO: [Opt 31-138] Pushed 0 inverter(s) to 0 load pin(s).
Netlist sorting complete. Time (s): cpu = 00:00:00 ; elapsed = 00:00:00 . Memory (MB): peak = 3786.387 ; gain = 0.000 ; free physical = 137965 ; free virtual = 209423
INFO: [Project 1-111] Unisim Transformation Summary:
  A total of 2104 instances were transformed.
  BUFG => BUFGCE: 1 instance 
  IBUF => IBUF (IBUFCTRL, INBUF): 2103 instances

Synth Design complete, checksum: 69c5a6b6
INFO: [Common 17-83] Releasing license: Synthesis
19 Infos, 2 Warnings, 0 Critical Warnings and 0 Errors encountered.
synth_design completed successfully
synth_design: Time (s): cpu = 00:00:33 ; elapsed = 00:00:42 . Memory (MB): peak = 3786.387 ; gain = 2081.715 ; free physical = 138087 ; free virtual = 209545
# report_utilization -file runs/M300_W7/util.rpt
# report_timing_summary -file runs/M300_W7/timing.rpt
INFO: [Timing 38-35] Done setting XDC timing constraints.
INFO: [Timing 38-91] UpdateTimingParams: Speed grade: -2, Temperature grade: E, Delay Type: min_max.
INFO: [Timing 38-191] Multithreading enabled for timing update using a maximum of 8 CPUs
report_timing_summary: Time (s): cpu = 00:00:13 ; elapsed = 00:00:14 . Memory (MB): peak = 4529.375 ; gain = 742.988 ; free physical = 137614 ; free virtual = 209072
# exit
INFO: [Common 17-206] Exiting Vivado at Tue Nov  4 18:09:00 2025...
