#-----------------------------------------------------------
# Vivado v2022.2 (64-bit)
# SW Build 3671981 on Fri Oct 14 04:59:54 MDT 2022
# IP Build 3669848 on Fri Oct 14 08:30:02 MDT 2022
# Start of session at: Wed Sep 24 19:31:57 2025
# Process ID: 271761
# Current directory: /mnt/vault1/mfaroo19/reduction_tree/dot_product/vivado_runs/M8_W6_N12
# Command line: vivado -mode batch -source /mnt/vault1/mfaroo19/reduction_tree/dot_product/vivado_runs/M8_W6_N12/run.tcl
# Log file: /mnt/vault1/mfaroo19/reduction_tree/dot_product/vivado_runs/M8_W6_N12/vivado.log
# Journal file: /mnt/vault1/mfaroo19/reduction_tree/dot_product/vivado_runs/M8_W6_N12/vivado.jou
# Running On: en4228283l, OS: Linux, CPU Frequency: 2999.996 MHz, CPU Physical cores: 32, Host memory: 269992 MB
#-----------------------------------------------------------
source /mnt/vault1/mfaroo19/reduction_tree/dot_product/vivado_runs/M8_W6_N12/run.tcl
# read_verilog -sv /mnt/vault1/mfaroo19/reduction_tree/dot_product/vivado_runs/M8_W6_N12/design.sv
# read_xdc /mnt/vault1/mfaroo19/reduction_tree/dot_product/vivado_runs/M8_W6_N12/design.xdc
# synth_design -top dotprod -part xczu7ev-ffvc1156-2-i
Command: synth_design -top dotprod -part xczu7ev-ffvc1156-2-i
Starting synth_design
Attempting to get a license for feature 'Synthesis' and/or device 'xczu7ev'
INFO: [Common 17-349] Got license for feature 'Synthesis' and/or device 'xczu7ev'
INFO: [Device 21-403] Loading part xczu7ev-ffvc1156-2-i
INFO: [Synth 8-7079] Multithreading enabled for synth_design using a maximum of 4 processes.
INFO: [Synth 8-7078] Launching helper process for spawning children vivado processes
INFO: [Synth 8-7075] Helper process launched with PID 271831
INFO: [Synth 8-11241] undeclared symbol 'REGCCE', assumed default net type 'wire' [/mnt/vault1/kmhatre/Software/AMD/Vivado/2022.2/data/verilog/src/unimacro/BRAM_SINGLE_MACRO.v:2170]
---------------------------------------------------------------------------------
Starting RTL Elaboration : Time (s): cpu = 00:00:02 ; elapsed = 00:00:03 . Memory (MB): peak = 3037.289 ; gain = 239.832 ; free physical = 36711 ; free virtual = 210434
Synthesis current peak Physical Memory [PSS] (MB): peak = 2626.608; parent = 2372.439; children = 254.169
Synthesis current peak Virtual Memory [VSS] (MB): peak = 4013.328; parent = 3040.262; children = 973.066
---------------------------------------------------------------------------------
INFO: [Synth 8-6157] synthesizing module 'dotprod' [/mnt/vault1/mfaroo19/reduction_tree/dot_product/vivado_runs/M8_W6_N12/design.sv:3]
INFO: [Synth 8-6155] done synthesizing module 'dotprod' (0#1) [/mnt/vault1/mfaroo19/reduction_tree/dot_product/vivado_runs/M8_W6_N12/design.sv:3]
---------------------------------------------------------------------------------
Finished RTL Elaboration : Time (s): cpu = 00:00:03 ; elapsed = 00:00:04 . Memory (MB): peak = 3105.227 ; gain = 307.770 ; free physical = 36793 ; free virtual = 210517
Synthesis current peak Physical Memory [PSS] (MB): peak = 2626.608; parent = 2372.439; children = 254.169
Synthesis current peak Virtual Memory [VSS] (MB): peak = 4078.297; parent = 3105.230; children = 973.066
---------------------------------------------------------------------------------
---------------------------------------------------------------------------------
Start Handling Custom Attributes
---------------------------------------------------------------------------------
---------------------------------------------------------------------------------
Finished Handling Custom Attributes : Time (s): cpu = 00:00:03 ; elapsed = 00:00:04 . Memory (MB): peak = 3123.039 ; gain = 325.582 ; free physical = 36792 ; free virtual = 210517
Synthesis current peak Physical Memory [PSS] (MB): peak = 2626.608; parent = 2372.439; children = 254.169
Synthesis current peak Virtual Memory [VSS] (MB): peak = 4096.109; parent = 3123.043; children = 973.066
---------------------------------------------------------------------------------
---------------------------------------------------------------------------------
Finished RTL Optimization Phase 1 : Time (s): cpu = 00:00:03 ; elapsed = 00:00:04 . Memory (MB): peak = 3123.039 ; gain = 325.582 ; free physical = 36793 ; free virtual = 210517
Synthesis current peak Physical Memory [PSS] (MB): peak = 2626.608; parent = 2372.439; children = 254.169
Synthesis current peak Virtual Memory [VSS] (MB): peak = 4096.109; parent = 3123.043; children = 973.066
---------------------------------------------------------------------------------
Netlist sorting complete. Time (s): cpu = 00:00:00 ; elapsed = 00:00:00 . Memory (MB): peak = 3123.039 ; gain = 0.000 ; free physical = 36792 ; free virtual = 210517
INFO: [Project 1-570] Preparing netlist for logic optimization

Processing XDC Constraints
Initializing timing engine
Parsing XDC File [/mnt/vault1/mfaroo19/reduction_tree/dot_product/vivado_runs/M8_W6_N12/design.xdc]
Finished Parsing XDC File [/mnt/vault1/mfaroo19/reduction_tree/dot_product/vivado_runs/M8_W6_N12/design.xdc]
Completed Processing XDC Constraints

Netlist sorting complete. Time (s): cpu = 00:00:00 ; elapsed = 00:00:00 . Memory (MB): peak = 3288.758 ; gain = 0.000 ; free physical = 36844 ; free virtual = 210568
INFO: [Project 1-111] Unisim Transformation Summary:
No Unisim elements were transformed.

Constraint Validation Runtime : Time (s): cpu = 00:00:00 ; elapsed = 00:00:00 . Memory (MB): peak = 3288.758 ; gain = 0.000 ; free physical = 36845 ; free virtual = 210569
INFO: [Synth 8-11241] undeclared symbol 'REGCCE', assumed default net type 'wire' [/mnt/vault1/kmhatre/Software/AMD/Vivado/2022.2/data/verilog/src/unimacro/BRAM_SINGLE_MACRO.v:2170]
---------------------------------------------------------------------------------
Finished Constraint Validation : Time (s): cpu = 00:00:10 ; elapsed = 00:00:11 . Memory (MB): peak = 3288.758 ; gain = 491.301 ; free physical = 36821 ; free virtual = 210545
Synthesis current peak Physical Memory [PSS] (MB): peak = 2626.608; parent = 2372.439; children = 254.169
Synthesis current peak Virtual Memory [VSS] (MB): peak = 4229.812; parent = 3256.746; children = 973.066
---------------------------------------------------------------------------------
---------------------------------------------------------------------------------
Start Loading Part and Timing Information
---------------------------------------------------------------------------------
Loading part: xczu7ev-ffvc1156-2-i
INFO: [Synth 8-6742] Reading net delay rules and data
---------------------------------------------------------------------------------
Finished Loading Part and Timing Information : Time (s): cpu = 00:00:10 ; elapsed = 00:00:11 . Memory (MB): peak = 3288.758 ; gain = 491.301 ; free physical = 36821 ; free virtual = 210545
Synthesis current peak Physical Memory [PSS] (MB): peak = 2626.608; parent = 2372.439; children = 254.169
Synthesis current peak Virtual Memory [VSS] (MB): peak = 4229.812; parent = 3256.746; children = 973.066
---------------------------------------------------------------------------------
---------------------------------------------------------------------------------
Start Applying 'set_property' XDC Constraints
---------------------------------------------------------------------------------
---------------------------------------------------------------------------------
Finished applying 'set_property' XDC Constraints : Time (s): cpu = 00:00:10 ; elapsed = 00:00:12 . Memory (MB): peak = 3288.758 ; gain = 491.301 ; free physical = 36824 ; free virtual = 210548
Synthesis current peak Physical Memory [PSS] (MB): peak = 2626.608; parent = 2372.439; children = 254.169
Synthesis current peak Virtual Memory [VSS] (MB): peak = 4229.812; parent = 3256.746; children = 973.066
---------------------------------------------------------------------------------
---------------------------------------------------------------------------------
Finished RTL Optimization Phase 2 : Time (s): cpu = 00:00:10 ; elapsed = 00:00:12 . Memory (MB): peak = 3288.758 ; gain = 491.301 ; free physical = 36832 ; free virtual = 210557
Synthesis current peak Physical Memory [PSS] (MB): peak = 2626.608; parent = 2372.439; children = 254.169
Synthesis current peak Virtual Memory [VSS] (MB): peak = 4229.812; parent = 3256.746; children = 973.066
---------------------------------------------------------------------------------
---------------------------------------------------------------------------------
Start RTL Component Statistics 
---------------------------------------------------------------------------------
Detailed RTL Component Info : 
+---Adders : 
	   2 Input   21 Bit       Adders := 3     
+---Registers : 
	               21 Bit    Registers := 3     
	               19 Bit    Registers := 4     
	                1 Bit    Registers := 3     
---------------------------------------------------------------------------------
Finished RTL Component Statistics 
---------------------------------------------------------------------------------
---------------------------------------------------------------------------------
Start Part Resource Summary
---------------------------------------------------------------------------------
Part Resources:
DSPs: 1728 (col length:144)
BRAMs: 624 (col length: RAMB18 144 RAMB36 72)
---------------------------------------------------------------------------------
Finished Part Resource Summary
---------------------------------------------------------------------------------
---------------------------------------------------------------------------------
Start Cross Boundary and Area Optimization
---------------------------------------------------------------------------------
WARNING: [Synth 8-7080] Parallel synthesis criteria is not met
DSP Report: Generating DSP prods[6], operation Mode is: A*B.
DSP Report: operator prods[6] is absorbed into DSP prods[6].
DSP Report: Generating DSP stage1_reg[3], operation Mode is: (PCIN+A*B)'.
DSP Report: register stage1_reg[3] is absorbed into DSP stage1_reg[3].
DSP Report: operator p_0_in is absorbed into DSP stage1_reg[3].
DSP Report: operator prods[7] is absorbed into DSP stage1_reg[3].
DSP Report: Generating DSP prods[4], operation Mode is: A*B.
DSP Report: operator prods[4] is absorbed into DSP prods[4].
DSP Report: Generating DSP stage1_reg[2], operation Mode is: (PCIN+A*B)'.
DSP Report: register stage1_reg[2] is absorbed into DSP stage1_reg[2].
DSP Report: operator p_1_in is absorbed into DSP stage1_reg[2].
DSP Report: operator prods[5] is absorbed into DSP stage1_reg[2].
DSP Report: Generating DSP prods[2], operation Mode is: A*B.
DSP Report: operator prods[2] is absorbed into DSP prods[2].
DSP Report: Generating DSP stage1_reg[1], operation Mode is: (PCIN+A*B)'.
DSP Report: register stage1_reg[1] is absorbed into DSP stage1_reg[1].
DSP Report: operator p_2_in is absorbed into DSP stage1_reg[1].
DSP Report: operator prods[3] is absorbed into DSP stage1_reg[1].
DSP Report: Generating DSP prods[0], operation Mode is: A*B.
DSP Report: operator prods[0] is absorbed into DSP prods[0].
DSP Report: Generating DSP stage1_reg[0], operation Mode is: (PCIN+A*B)'.
DSP Report: register stage1_reg[0] is absorbed into DSP stage1_reg[0].
DSP Report: operator p_3_in is absorbed into DSP stage1_reg[0].
DSP Report: operator prods[1] is absorbed into DSP stage1_reg[0].
---------------------------------------------------------------------------------
Finished Cross Boundary and Area Optimization : Time (s): cpu = 00:00:11 ; elapsed = 00:00:13 . Memory (MB): peak = 3288.758 ; gain = 491.301 ; free physical = 36851 ; free virtual = 210579
Synthesis current peak Physical Memory [PSS] (MB): peak = 2626.608; parent = 2372.439; children = 254.169
Synthesis current peak Virtual Memory [VSS] (MB): peak = 4229.812; parent = 3256.746; children = 973.066
---------------------------------------------------------------------------------
---------------------------------------------------------------------------------
Start ROM, RAM, DSP, Shift Register and Retiming Reporting
---------------------------------------------------------------------------------

DSP: Preliminary Mapping Report (see note below. The ' indicates corresponding REG is set)
+------------+-------------+--------+--------+--------+--------+--------+------+------+------+------+-------+------+------+
|Module Name | DSP Mapping | A Size | B Size | C Size | D Size | P Size | AREG | BREG | CREG | DREG | ADREG | MREG | PREG | 
+------------+-------------+--------+--------+--------+--------+--------+------+------+------+------+-------+------+------+
|dotprod     | A*B         | 12     | 6      | -      | -      | 18     | 0    | 0    | -    | -    | -     | 0    | 0    | 
|dotprod     | (PCIN+A*B)' | 12     | 6      | -      | -      | 19     | 0    | 0    | -    | -    | -     | 0    | 1    | 
|dotprod     | A*B         | 12     | 6      | -      | -      | 18     | 0    | 0    | -    | -    | -     | 0    | 0    | 
|dotprod     | (PCIN+A*B)' | 12     | 6      | -      | -      | 19     | 0    | 0    | -    | -    | -     | 0    | 1    | 
|dotprod     | A*B         | 12     | 6      | -      | -      | 18     | 0    | 0    | -    | -    | -     | 0    | 0    | 
|dotprod     | (PCIN+A*B)' | 12     | 6      | -      | -      | 19     | 0    | 0    | -    | -    | -     | 0    | 1    | 
|dotprod     | A*B         | 12     | 6      | -      | -      | 18     | 0    | 0    | -    | -    | -     | 0    | 0    | 
|dotprod     | (PCIN+A*B)' | 12     | 6      | -      | -      | 19     | 0    | 0    | -    | -    | -     | 0    | 1    | 
+------------+-------------+--------+--------+--------+--------+--------+------+------+------+------+-------+------+------+

Note: The table above is a preliminary report that shows the DSPs inferred at the current stage of the synthesis flow. Some DSP may be reimplemented as non DSP primitives later in the synthesis flow. Multiple instantiated DSPs are reported only once.
---------------------------------------------------------------------------------
Finished ROM, RAM, DSP, Shift Register and Retiming Reporting
---------------------------------------------------------------------------------
---------------------------------------------------------------------------------
Start Applying XDC Timing Constraints
---------------------------------------------------------------------------------
---------------------------------------------------------------------------------
Finished Applying XDC Timing Constraints : Time (s): cpu = 00:00:18 ; elapsed = 00:00:24 . Memory (MB): peak = 3702.883 ; gain = 905.426 ; free physical = 36368 ; free virtual = 210097
Synthesis current peak Physical Memory [PSS] (MB): peak = 3219.720; parent = 2965.582; children = 254.169
Synthesis current peak Virtual Memory [VSS] (MB): peak = 4675.953; parent = 3702.887; children = 973.066
---------------------------------------------------------------------------------
---------------------------------------------------------------------------------
Start Timing Optimization
---------------------------------------------------------------------------------
---------------------------------------------------------------------------------
Finished Timing Optimization : Time (s): cpu = 00:00:18 ; elapsed = 00:00:24 . Memory (MB): peak = 3702.883 ; gain = 905.426 ; free physical = 36365 ; free virtual = 210094
Synthesis current peak Physical Memory [PSS] (MB): peak = 3221.954; parent = 2967.816; children = 254.169
Synthesis current peak Virtual Memory [VSS] (MB): peak = 4675.953; parent = 3702.887; children = 973.066
---------------------------------------------------------------------------------
---------------------------------------------------------------------------------
Start Technology Mapping
---------------------------------------------------------------------------------
---------------------------------------------------------------------------------
Finished Technology Mapping : Time (s): cpu = 00:00:18 ; elapsed = 00:00:24 . Memory (MB): peak = 3710.891 ; gain = 913.434 ; free physical = 36349 ; free virtual = 210077
Synthesis current peak Physical Memory [PSS] (MB): peak = 3222.728; parent = 2968.590; children = 254.169
Synthesis current peak Virtual Memory [VSS] (MB): peak = 4683.961; parent = 3710.895; children = 973.066
---------------------------------------------------------------------------------
---------------------------------------------------------------------------------
Start IO Insertion
---------------------------------------------------------------------------------
---------------------------------------------------------------------------------
Start Flattening Before IO Insertion
---------------------------------------------------------------------------------
---------------------------------------------------------------------------------
Finished Flattening Before IO Insertion
---------------------------------------------------------------------------------
---------------------------------------------------------------------------------
Start Final Netlist Cleanup
---------------------------------------------------------------------------------
---------------------------------------------------------------------------------
Finished Final Netlist Cleanup
---------------------------------------------------------------------------------
---------------------------------------------------------------------------------
Finished IO Insertion : Time (s): cpu = 00:00:20 ; elapsed = 00:00:26 . Memory (MB): peak = 3710.891 ; gain = 913.434 ; free physical = 36385 ; free virtual = 210114
Synthesis current peak Physical Memory [PSS] (MB): peak = 3223.188; parent = 2969.051; children = 254.169
Synthesis current peak Virtual Memory [VSS] (MB): peak = 4683.961; parent = 3710.895; children = 973.066
---------------------------------------------------------------------------------
---------------------------------------------------------------------------------
Start Renaming Generated Instances
---------------------------------------------------------------------------------
---------------------------------------------------------------------------------
Finished Renaming Generated Instances : Time (s): cpu = 00:00:20 ; elapsed = 00:00:27 . Memory (MB): peak = 3710.891 ; gain = 913.434 ; free physical = 36385 ; free virtual = 210114
Synthesis current peak Physical Memory [PSS] (MB): peak = 3223.188; parent = 2969.051; children = 254.169
Synthesis current peak Virtual Memory [VSS] (MB): peak = 4683.961; parent = 3710.895; children = 973.066
---------------------------------------------------------------------------------
---------------------------------------------------------------------------------
Start Rebuilding User Hierarchy
---------------------------------------------------------------------------------
---------------------------------------------------------------------------------
Finished Rebuilding User Hierarchy : Time (s): cpu = 00:00:20 ; elapsed = 00:00:27 . Memory (MB): peak = 3710.891 ; gain = 913.434 ; free physical = 36386 ; free virtual = 210114
Synthesis current peak Physical Memory [PSS] (MB): peak = 3223.239; parent = 2969.102; children = 254.169
Synthesis current peak Virtual Memory [VSS] (MB): peak = 4683.961; parent = 3710.895; children = 973.066
---------------------------------------------------------------------------------
---------------------------------------------------------------------------------
Start Renaming Generated Ports
---------------------------------------------------------------------------------
---------------------------------------------------------------------------------
Finished Renaming Generated Ports : Time (s): cpu = 00:00:20 ; elapsed = 00:00:27 . Memory (MB): peak = 3710.891 ; gain = 913.434 ; free physical = 36386 ; free virtual = 210115
Synthesis current peak Physical Memory [PSS] (MB): peak = 3223.302; parent = 2969.164; children = 254.169
Synthesis current peak Virtual Memory [VSS] (MB): peak = 4683.961; parent = 3710.895; children = 973.066
---------------------------------------------------------------------------------
---------------------------------------------------------------------------------
Start Handling Custom Attributes
---------------------------------------------------------------------------------
---------------------------------------------------------------------------------
Finished Handling Custom Attributes : Time (s): cpu = 00:00:20 ; elapsed = 00:00:27 . Memory (MB): peak = 3710.891 ; gain = 913.434 ; free physical = 36386 ; free virtual = 210114
Synthesis current peak Physical Memory [PSS] (MB): peak = 3223.302; parent = 2969.164; children = 254.169
Synthesis current peak Virtual Memory [VSS] (MB): peak = 4683.961; parent = 3710.895; children = 973.066
---------------------------------------------------------------------------------
---------------------------------------------------------------------------------
Start Renaming Generated Nets
---------------------------------------------------------------------------------
---------------------------------------------------------------------------------
Finished Renaming Generated Nets : Time (s): cpu = 00:00:20 ; elapsed = 00:00:27 . Memory (MB): peak = 3710.891 ; gain = 913.434 ; free physical = 36386 ; free virtual = 210115
Synthesis current peak Physical Memory [PSS] (MB): peak = 3223.317; parent = 2969.180; children = 254.169
Synthesis current peak Virtual Memory [VSS] (MB): peak = 4683.961; parent = 3710.895; children = 973.066
---------------------------------------------------------------------------------
---------------------------------------------------------------------------------
Start Writing Synthesis Report
---------------------------------------------------------------------------------

DSP Final Report (the ' indicates corresponding REG is set)
+------------+-------------+--------+--------+--------+--------+--------+------+------+------+------+-------+------+------+
|Module Name | DSP Mapping | A Size | B Size | C Size | D Size | P Size | AREG | BREG | CREG | DREG | ADREG | MREG | PREG | 
+------------+-------------+--------+--------+--------+--------+--------+------+------+------+------+-------+------+------+
|dotprod     | A*B         | 12     | 6      | -      | -      | 18     | 0    | 0    | -    | -    | -     | 0    | 0    | 
|dotprod     | (PCIN+A*B)' | 12     | 6      | -      | -      | 19     | 0    | 0    | -    | -    | -     | 0    | 1    | 
|dotprod     | A*B         | 12     | 6      | -      | -      | 18     | 0    | 0    | -    | -    | -     | 0    | 0    | 
|dotprod     | (PCIN+A*B)' | 12     | 6      | -      | -      | 19     | 0    | 0    | -    | -    | -     | 0    | 1    | 
|dotprod     | A*B         | 12     | 6      | -      | -      | 18     | 0    | 0    | -    | -    | -     | 0    | 0    | 
|dotprod     | (PCIN+A*B)' | 12     | 6      | -      | -      | 19     | 0    | 0    | -    | -    | -     | 0    | 1    | 
|dotprod     | A*B         | 12     | 6      | -      | -      | 18     | 0    | 0    | -    | -    | -     | 0    | 0    | 
|dotprod     | (PCIN+A*B)' | 12     | 6      | -      | -      | 19     | 0    | 0    | -    | -    | -     | 0    | 1    | 
+------------+-------------+--------+--------+--------+--------+--------+------+------+------+------+-------+------+------+


Report BlackBoxes: 
+-+--------------+----------+
| |BlackBox name |Instances |
+-+--------------+----------+
+-+--------------+----------+

Report Cell Usage: 
+------+----------------+------+
|      |Cell            |Count |
+------+----------------+------+
|1     |BUFG            |     1|
|2     |CARRY8          |     9|
|3     |DSP_ALU         |     8|
|4     |DSP_A_B_DATA    |     8|
|5     |DSP_C_DATA      |     8|
|6     |DSP_MULTIPLIER  |     8|
|7     |DSP_M_DATA      |     8|
|8     |DSP_OUTPUT      |     8|
|10    |DSP_PREADD      |     8|
|11    |DSP_PREADD_DATA |     8|
|12    |LUT2            |    58|
|13    |FDRE            |    64|
|14    |IBUF            |   147|
|15    |OBUF            |    22|
+------+----------------+------+
---------------------------------------------------------------------------------
Finished Writing Synthesis Report : Time (s): cpu = 00:00:20 ; elapsed = 00:00:27 . Memory (MB): peak = 3710.891 ; gain = 913.434 ; free physical = 36387 ; free virtual = 210115
Synthesis current peak Physical Memory [PSS] (MB): peak = 3223.329; parent = 2969.194; children = 254.169
Synthesis current peak Virtual Memory [VSS] (MB): peak = 4683.961; parent = 3710.895; children = 973.066
---------------------------------------------------------------------------------
Synthesis finished with 0 errors, 0 critical warnings and 1 warnings.
Synthesis Optimization Runtime : Time (s): cpu = 00:00:17 ; elapsed = 00:00:23 . Memory (MB): peak = 3710.891 ; gain = 747.715 ; free physical = 36366 ; free virtual = 210095
Synthesis Optimization Complete : Time (s): cpu = 00:00:20 ; elapsed = 00:00:27 . Memory (MB): peak = 3710.898 ; gain = 913.434 ; free physical = 36366 ; free virtual = 210095
INFO: [Project 1-571] Translating synthesized netlist
Netlist sorting complete. Time (s): cpu = 00:00:00 ; elapsed = 00:00:00 . Memory (MB): peak = 3717.828 ; gain = 0.000 ; free physical = 36476 ; free virtual = 210205
INFO: [Netlist 29-17] Analyzing 165 Unisim elements for replacement
INFO: [Netlist 29-28] Unisim Transformation completed in 0 CPU seconds
INFO: [Project 1-570] Preparing netlist for logic optimization
Parsing XDC File [/mnt/vault1/mfaroo19/reduction_tree/dot_product/vivado_runs/M8_W6_N12/design.xdc]
Finished Parsing XDC File [/mnt/vault1/mfaroo19/reduction_tree/dot_product/vivado_runs/M8_W6_N12/design.xdc]
INFO: [Opt 31-138] Pushed 0 inverter(s) to 0 load pin(s).
Netlist sorting complete. Time (s): cpu = 00:00:00 ; elapsed = 00:00:00 . Memory (MB): peak = 3776.266 ; gain = 0.000 ; free physical = 36437 ; free virtual = 210166
INFO: [Project 1-111] Unisim Transformation Summary:
  A total of 156 instances were transformed.
  BUFG => BUFGCE: 1 instance 
  DSP48E2 => DSP48E2 (DSP_ALU, DSP_A_B_DATA, DSP_C_DATA, DSP_MULTIPLIER, DSP_M_DATA, DSP_OUTPUT, DSP_PREADD, DSP_PREADD_DATA): 8 instances
  IBUF => IBUF (IBUFCTRL, INBUF): 147 instances

Synth Design complete, checksum: f9156e2b
INFO: [Common 17-83] Releasing license: Synthesis
19 Infos, 1 Warnings, 0 Critical Warnings and 0 Errors encountered.
synth_design completed successfully
synth_design: Time (s): cpu = 00:00:30 ; elapsed = 00:00:37 . Memory (MB): peak = 3776.266 ; gain = 2071.629 ; free physical = 36478 ; free virtual = 210207
# report_utilization -file /mnt/vault1/mfaroo19/reduction_tree/dot_product/vivado_runs/M8_W6_N12/util.rpt
# report_timing_summary -file /mnt/vault1/mfaroo19/reduction_tree/dot_product/vivado_runs/M8_W6_N12/timing.rpt
INFO: [Timing 38-35] Done setting XDC timing constraints.
INFO: [Timing 38-91] UpdateTimingParams: Speed grade: -2, Temperature grade: I, Delay Type: min_max.
INFO: [Timing 38-191] Multithreading enabled for timing update using a maximum of 8 CPUs
report_timing_summary: Time (s): cpu = 00:00:11 ; elapsed = 00:00:14 . Memory (MB): peak = 4484.441 ; gain = 708.176 ; free physical = 35982 ; free virtual = 209711
# exit
INFO: [Common 17-206] Exiting Vivado at Wed Sep 24 19:32:55 2025...
