
****** Vivado v2022.2 (64-bit)
  **** SW Build 3671981 on Fri Oct 14 04:59:54 MDT 2022
  **** IP Build 3669848 on Fri Oct 14 08:30:02 MDT 2022
    ** Copyright 1986-2022 Xilinx, Inc. All Rights Reserved.

source runs/M150_W4/run.tcl
# read_verilog -sv runs/M150_W4/sum_signed.sv
# read_xdc runs/M150_W4/sum_signed.xdc
# synth_design -top sum_signed -part xczu7ev-ffvc1156-2-e
Command: synth_design -top sum_signed -part xczu7ev-ffvc1156-2-e
Starting synth_design
Attempting to get a license for feature 'Synthesis' and/or device 'xczu7ev'
INFO: [Common 17-349] Got license for feature 'Synthesis' and/or device 'xczu7ev'
INFO: [Device 21-403] Loading part xczu7ev-ffvc1156-2-e
INFO: [Synth 8-7079] Multithreading enabled for synth_design using a maximum of 4 processes.
INFO: [Synth 8-7078] Launching helper process for spawning children vivado processes
INFO: [Synth 8-7075] Helper process launched with PID 2568281
INFO: [Synth 8-11241] undeclared symbol 'REGCCE', assumed default net type 'wire' [/mnt/vault1/kmhatre/Software/AMD/Vivado/2022.2/data/verilog/src/unimacro/BRAM_SINGLE_MACRO.v:2170]
---------------------------------------------------------------------------------
Starting RTL Elaboration : Time (s): cpu = 00:00:02 ; elapsed = 00:00:03 . Memory (MB): peak = 3040.105 ; gain = 242.801 ; free physical = 138672 ; free virtual = 209970
Synthesis current peak Physical Memory [PSS] (MB): peak = 2626.970; parent = 2372.847; children = 254.123
Synthesis current peak Virtual Memory [VSS] (MB): peak = 4013.188; parent = 3040.109; children = 973.078
---------------------------------------------------------------------------------
INFO: [Synth 8-6157] synthesizing module 'sum_signed' [/mnt/vault1/mfaroo19/reduction_tree/integrator/runs/M150_W4/sum_signed.sv:7]
INFO: [Synth 8-6155] done synthesizing module 'sum_signed' (0#1) [/mnt/vault1/mfaroo19/reduction_tree/integrator/runs/M150_W4/sum_signed.sv:7]
---------------------------------------------------------------------------------
Finished RTL Elaboration : Time (s): cpu = 00:00:03 ; elapsed = 00:00:04 . Memory (MB): peak = 3112.074 ; gain = 314.770 ; free physical = 138592 ; free virtual = 209892
Synthesis current peak Physical Memory [PSS] (MB): peak = 2626.970; parent = 2372.847; children = 254.123
Synthesis current peak Virtual Memory [VSS] (MB): peak = 4085.156; parent = 3112.078; children = 973.078
---------------------------------------------------------------------------------
---------------------------------------------------------------------------------
Start Handling Custom Attributes
---------------------------------------------------------------------------------
---------------------------------------------------------------------------------
Finished Handling Custom Attributes : Time (s): cpu = 00:00:03 ; elapsed = 00:00:04 . Memory (MB): peak = 3129.887 ; gain = 332.582 ; free physical = 138593 ; free virtual = 209893
Synthesis current peak Physical Memory [PSS] (MB): peak = 2626.970; parent = 2372.847; children = 254.123
Synthesis current peak Virtual Memory [VSS] (MB): peak = 4102.969; parent = 3129.891; children = 973.078
---------------------------------------------------------------------------------
---------------------------------------------------------------------------------
Finished RTL Optimization Phase 1 : Time (s): cpu = 00:00:03 ; elapsed = 00:00:04 . Memory (MB): peak = 3129.887 ; gain = 332.582 ; free physical = 138593 ; free virtual = 209893
Synthesis current peak Physical Memory [PSS] (MB): peak = 2626.970; parent = 2372.847; children = 254.123
Synthesis current peak Virtual Memory [VSS] (MB): peak = 4102.969; parent = 3129.891; children = 973.078
---------------------------------------------------------------------------------
Netlist sorting complete. Time (s): cpu = 00:00:00.01 ; elapsed = 00:00:00 . Memory (MB): peak = 3129.887 ; gain = 0.000 ; free physical = 138594 ; free virtual = 209893
INFO: [Project 1-570] Preparing netlist for logic optimization

Processing XDC Constraints
Initializing timing engine
Parsing XDC File [/mnt/vault1/mfaroo19/reduction_tree/integrator/runs/M150_W4/sum_signed.xdc]
Finished Parsing XDC File [/mnt/vault1/mfaroo19/reduction_tree/integrator/runs/M150_W4/sum_signed.xdc]
Completed Processing XDC Constraints

Netlist sorting complete. Time (s): cpu = 00:00:00 ; elapsed = 00:00:00 . Memory (MB): peak = 3298.605 ; gain = 0.000 ; free physical = 138638 ; free virtual = 209937
INFO: [Project 1-111] Unisim Transformation Summary:
No Unisim elements were transformed.

Constraint Validation Runtime : Time (s): cpu = 00:00:00.02 ; elapsed = 00:00:00.01 . Memory (MB): peak = 3298.605 ; gain = 0.000 ; free physical = 138638 ; free virtual = 209937
INFO: [Synth 8-11241] undeclared symbol 'REGCCE', assumed default net type 'wire' [/mnt/vault1/kmhatre/Software/AMD/Vivado/2022.2/data/verilog/src/unimacro/BRAM_SINGLE_MACRO.v:2170]
---------------------------------------------------------------------------------
Finished Constraint Validation : Time (s): cpu = 00:00:10 ; elapsed = 00:00:12 . Memory (MB): peak = 3298.605 ; gain = 501.301 ; free physical = 138659 ; free virtual = 209958
Synthesis current peak Physical Memory [PSS] (MB): peak = 2626.970; parent = 2372.847; children = 254.123
Synthesis current peak Virtual Memory [VSS] (MB): peak = 4239.672; parent = 3266.594; children = 973.078
---------------------------------------------------------------------------------
---------------------------------------------------------------------------------
Start Loading Part and Timing Information
---------------------------------------------------------------------------------
Loading part: xczu7ev-ffvc1156-2-e
INFO: [Synth 8-6742] Reading net delay rules and data
---------------------------------------------------------------------------------
Finished Loading Part and Timing Information : Time (s): cpu = 00:00:10 ; elapsed = 00:00:12 . Memory (MB): peak = 3298.605 ; gain = 501.301 ; free physical = 138651 ; free virtual = 209950
Synthesis current peak Physical Memory [PSS] (MB): peak = 2626.970; parent = 2372.847; children = 254.123
Synthesis current peak Virtual Memory [VSS] (MB): peak = 4239.672; parent = 3266.594; children = 973.078
---------------------------------------------------------------------------------
---------------------------------------------------------------------------------
Start Applying 'set_property' XDC Constraints
---------------------------------------------------------------------------------
---------------------------------------------------------------------------------
Finished applying 'set_property' XDC Constraints : Time (s): cpu = 00:00:10 ; elapsed = 00:00:12 . Memory (MB): peak = 3298.605 ; gain = 501.301 ; free physical = 138667 ; free virtual = 209966
Synthesis current peak Physical Memory [PSS] (MB): peak = 2626.970; parent = 2372.847; children = 254.123
Synthesis current peak Virtual Memory [VSS] (MB): peak = 4239.672; parent = 3266.594; children = 973.078
---------------------------------------------------------------------------------
---------------------------------------------------------------------------------
Finished RTL Optimization Phase 2 : Time (s): cpu = 00:00:10 ; elapsed = 00:00:12 . Memory (MB): peak = 3298.605 ; gain = 501.301 ; free physical = 138670 ; free virtual = 209970
Synthesis current peak Physical Memory [PSS] (MB): peak = 2626.970; parent = 2372.847; children = 254.123
Synthesis current peak Virtual Memory [VSS] (MB): peak = 4239.672; parent = 3266.594; children = 973.078
---------------------------------------------------------------------------------
---------------------------------------------------------------------------------
Start RTL Component Statistics 
---------------------------------------------------------------------------------
Detailed RTL Component Info : 
+---Adders : 
	   2 Input   12 Bit       Adders := 1     
	   2 Input   11 Bit       Adders := 1     
	   2 Input   10 Bit       Adders := 2     
	   2 Input    9 Bit       Adders := 5     
	   2 Input    8 Bit       Adders := 9     
	   2 Input    7 Bit       Adders := 19    
	   2 Input    6 Bit       Adders := 37    
	   2 Input    5 Bit       Adders := 75    
+---Registers : 
	               12 Bit    Registers := 1     
	               11 Bit    Registers := 1     
	               10 Bit    Registers := 2     
	                9 Bit    Registers := 7     
	                8 Bit    Registers := 9     
	                7 Bit    Registers := 20    
	                6 Bit    Registers := 37    
	                5 Bit    Registers := 76    
	                1 Bit    Registers := 8     
---------------------------------------------------------------------------------
Finished RTL Component Statistics 
---------------------------------------------------------------------------------
---------------------------------------------------------------------------------
Start Part Resource Summary
---------------------------------------------------------------------------------
Part Resources:
DSPs: 1728 (col length:144)
BRAMs: 624 (col length: RAMB18 144 RAMB36 72)
---------------------------------------------------------------------------------
Finished Part Resource Summary
---------------------------------------------------------------------------------
---------------------------------------------------------------------------------
Start Cross Boundary and Area Optimization
---------------------------------------------------------------------------------
WARNING: [Synth 8-7080] Parallel synthesis criteria is not met
---------------------------------------------------------------------------------
Finished Cross Boundary and Area Optimization : Time (s): cpu = 00:00:14 ; elapsed = 00:00:18 . Memory (MB): peak = 3298.605 ; gain = 501.301 ; free physical = 138730 ; free virtual = 210035
Synthesis current peak Physical Memory [PSS] (MB): peak = 2626.970; parent = 2372.847; children = 254.123
Synthesis current peak Virtual Memory [VSS] (MB): peak = 4239.672; parent = 3266.594; children = 973.078
---------------------------------------------------------------------------------
---------------------------------------------------------------------------------
Start Applying XDC Timing Constraints
---------------------------------------------------------------------------------
---------------------------------------------------------------------------------
Finished Applying XDC Timing Constraints : Time (s): cpu = 00:00:21 ; elapsed = 00:00:29 . Memory (MB): peak = 3671.918 ; gain = 874.613 ; free physical = 138255 ; free virtual = 209559
Synthesis current peak Physical Memory [PSS] (MB): peak = 3210.126; parent = 2956.034; children = 254.123
Synthesis current peak Virtual Memory [VSS] (MB): peak = 4645.000; parent = 3671.922; children = 973.078
---------------------------------------------------------------------------------
---------------------------------------------------------------------------------
Start Timing Optimization
---------------------------------------------------------------------------------
---------------------------------------------------------------------------------
Finished Timing Optimization : Time (s): cpu = 00:00:21 ; elapsed = 00:00:29 . Memory (MB): peak = 3675.918 ; gain = 878.613 ; free physical = 138255 ; free virtual = 209560
Synthesis current peak Physical Memory [PSS] (MB): peak = 3213.700; parent = 2959.608; children = 254.123
Synthesis current peak Virtual Memory [VSS] (MB): peak = 4649.000; parent = 3675.922; children = 973.078
---------------------------------------------------------------------------------
---------------------------------------------------------------------------------
Start Technology Mapping
---------------------------------------------------------------------------------
---------------------------------------------------------------------------------
Finished Technology Mapping : Time (s): cpu = 00:00:22 ; elapsed = 00:00:30 . Memory (MB): peak = 3696.965 ; gain = 899.660 ; free physical = 138247 ; free virtual = 209552
Synthesis current peak Physical Memory [PSS] (MB): peak = 3218.091; parent = 2963.999; children = 254.123
Synthesis current peak Virtual Memory [VSS] (MB): peak = 4670.047; parent = 3696.969; children = 973.078
---------------------------------------------------------------------------------
---------------------------------------------------------------------------------
Start IO Insertion
---------------------------------------------------------------------------------
---------------------------------------------------------------------------------
Start Flattening Before IO Insertion
---------------------------------------------------------------------------------
---------------------------------------------------------------------------------
Finished Flattening Before IO Insertion
---------------------------------------------------------------------------------
---------------------------------------------------------------------------------
Start Final Netlist Cleanup
---------------------------------------------------------------------------------
---------------------------------------------------------------------------------
Finished Final Netlist Cleanup
---------------------------------------------------------------------------------
---------------------------------------------------------------------------------
Finished IO Insertion : Time (s): cpu = 00:00:24 ; elapsed = 00:00:32 . Memory (MB): peak = 3710.840 ; gain = 913.535 ; free physical = 138275 ; free virtual = 209580
Synthesis current peak Physical Memory [PSS] (MB): peak = 3218.247; parent = 2964.155; children = 254.123
Synthesis current peak Virtual Memory [VSS] (MB): peak = 4683.922; parent = 3710.844; children = 973.078
---------------------------------------------------------------------------------
---------------------------------------------------------------------------------
Start Renaming Generated Instances
---------------------------------------------------------------------------------
---------------------------------------------------------------------------------
Finished Renaming Generated Instances : Time (s): cpu = 00:00:24 ; elapsed = 00:00:32 . Memory (MB): peak = 3710.840 ; gain = 913.535 ; free physical = 138275 ; free virtual = 209580
Synthesis current peak Physical Memory [PSS] (MB): peak = 3218.267; parent = 2964.175; children = 254.123
Synthesis current peak Virtual Memory [VSS] (MB): peak = 4683.922; parent = 3710.844; children = 973.078
---------------------------------------------------------------------------------
---------------------------------------------------------------------------------
Start Rebuilding User Hierarchy
---------------------------------------------------------------------------------
---------------------------------------------------------------------------------
Finished Rebuilding User Hierarchy : Time (s): cpu = 00:00:24 ; elapsed = 00:00:33 . Memory (MB): peak = 3710.840 ; gain = 913.535 ; free physical = 138276 ; free virtual = 209581
Synthesis current peak Physical Memory [PSS] (MB): peak = 3218.298; parent = 2964.206; children = 254.123
Synthesis current peak Virtual Memory [VSS] (MB): peak = 4683.922; parent = 3710.844; children = 973.078
---------------------------------------------------------------------------------
---------------------------------------------------------------------------------
Start Renaming Generated Ports
---------------------------------------------------------------------------------
---------------------------------------------------------------------------------
Finished Renaming Generated Ports : Time (s): cpu = 00:00:24 ; elapsed = 00:00:33 . Memory (MB): peak = 3710.840 ; gain = 913.535 ; free physical = 138276 ; free virtual = 209581
Synthesis current peak Physical Memory [PSS] (MB): peak = 3218.360; parent = 2964.269; children = 254.123
Synthesis current peak Virtual Memory [VSS] (MB): peak = 4683.922; parent = 3710.844; children = 973.078
---------------------------------------------------------------------------------
---------------------------------------------------------------------------------
Start Handling Custom Attributes
---------------------------------------------------------------------------------
---------------------------------------------------------------------------------
Finished Handling Custom Attributes : Time (s): cpu = 00:00:24 ; elapsed = 00:00:33 . Memory (MB): peak = 3710.840 ; gain = 913.535 ; free physical = 138276 ; free virtual = 209581
Synthesis current peak Physical Memory [PSS] (MB): peak = 3218.360; parent = 2964.269; children = 254.123
Synthesis current peak Virtual Memory [VSS] (MB): peak = 4683.922; parent = 3710.844; children = 973.078
---------------------------------------------------------------------------------
---------------------------------------------------------------------------------
Start Renaming Generated Nets
---------------------------------------------------------------------------------
---------------------------------------------------------------------------------
Finished Renaming Generated Nets : Time (s): cpu = 00:00:24 ; elapsed = 00:00:33 . Memory (MB): peak = 3710.840 ; gain = 913.535 ; free physical = 138276 ; free virtual = 209581
Synthesis current peak Physical Memory [PSS] (MB): peak = 3218.384; parent = 2964.292; children = 254.123
Synthesis current peak Virtual Memory [VSS] (MB): peak = 4683.922; parent = 3710.844; children = 973.078
---------------------------------------------------------------------------------
---------------------------------------------------------------------------------
Start Writing Synthesis Report
---------------------------------------------------------------------------------

Report BlackBoxes: 
+-+--------------+----------+
| |BlackBox name |Instances |
+-+--------------+----------+
+-+--------------+----------+

Report Cell Usage: 
+------+-------+------+
|      |Cell   |Count |
+------+-------+------+
|1     |BUFG   |     1|
|2     |CARRY8 |    46|
|3     |LUT1   |    37|
|4     |LUT2   |   368|
|5     |LUT3   |   187|
|6     |LUT4   |   112|
|7     |LUT5   |    74|
|8     |LUT6   |   224|
|9     |FDRE   |   928|
|10    |IBUF   |   603|
|11    |OBUF   |    13|
+------+-------+------+
---------------------------------------------------------------------------------
Finished Writing Synthesis Report : Time (s): cpu = 00:00:24 ; elapsed = 00:00:33 . Memory (MB): peak = 3710.840 ; gain = 913.535 ; free physical = 138260 ; free virtual = 209565
Synthesis current peak Physical Memory [PSS] (MB): peak = 3218.399; parent = 2964.308; children = 254.123
Synthesis current peak Virtual Memory [VSS] (MB): peak = 4683.922; parent = 3710.844; children = 973.078
---------------------------------------------------------------------------------
Synthesis finished with 0 errors, 0 critical warnings and 1 warnings.
Synthesis Optimization Runtime : Time (s): cpu = 00:00:21 ; elapsed = 00:00:29 . Memory (MB): peak = 3710.840 ; gain = 744.816 ; free physical = 138304 ; free virtual = 209609
Synthesis Optimization Complete : Time (s): cpu = 00:00:24 ; elapsed = 00:00:33 . Memory (MB): peak = 3710.848 ; gain = 913.535 ; free physical = 138305 ; free virtual = 209610
INFO: [Project 1-571] Translating synthesized netlist
Netlist sorting complete. Time (s): cpu = 00:00:00.01 ; elapsed = 00:00:00.01 . Memory (MB): peak = 3724.777 ; gain = 0.000 ; free physical = 138417 ; free virtual = 209722
INFO: [Netlist 29-17] Analyzing 650 Unisim elements for replacement
INFO: [Netlist 29-28] Unisim Transformation completed in 0 CPU seconds
WARNING: [Netlist 29-101] Netlist 'sum_signed' is not ideal for floorplanning, since the cellview 'sum_signed' contains a large number of primitives.  Please consider enabling hierarchy in synthesis if you want to do floorplanning.
INFO: [Project 1-570] Preparing netlist for logic optimization
Parsing XDC File [/mnt/vault1/mfaroo19/reduction_tree/integrator/runs/M150_W4/sum_signed.xdc]
Finished Parsing XDC File [/mnt/vault1/mfaroo19/reduction_tree/integrator/runs/M150_W4/sum_signed.xdc]
INFO: [Opt 31-138] Pushed 0 inverter(s) to 0 load pin(s).
Netlist sorting complete. Time (s): cpu = 00:00:00 ; elapsed = 00:00:00 . Memory (MB): peak = 3788.414 ; gain = 0.000 ; free physical = 138401 ; free virtual = 209706
INFO: [Project 1-111] Unisim Transformation Summary:
  A total of 604 instances were transformed.
  BUFG => BUFGCE: 1 instance 
  IBUF => IBUF (IBUFCTRL, INBUF): 603 instances

Synth Design complete, checksum: 1e86c906
INFO: [Common 17-83] Releasing license: Synthesis
19 Infos, 2 Warnings, 0 Critical Warnings and 0 Errors encountered.
synth_design completed successfully
synth_design: Time (s): cpu = 00:00:34 ; elapsed = 00:00:43 . Memory (MB): peak = 3788.414 ; gain = 2083.898 ; free physical = 138543 ; free virtual = 209848
# report_utilization -file runs/M150_W4/util.rpt
# report_timing_summary -file runs/M150_W4/timing.rpt
INFO: [Timing 38-35] Done setting XDC timing constraints.
INFO: [Timing 38-91] UpdateTimingParams: Speed grade: -2, Temperature grade: E, Delay Type: min_max.
INFO: [Timing 38-191] Multithreading enabled for timing update using a maximum of 8 CPUs
report_timing_summary: Time (s): cpu = 00:00:11 ; elapsed = 00:00:14 . Memory (MB): peak = 4568.418 ; gain = 780.004 ; free physical = 138065 ; free virtual = 209370
# exit
INFO: [Common 17-206] Exiting Vivado at Tue Nov  4 17:34:46 2025...
