#-----------------------------------------------------------
# Vivado v2022.2 (64-bit)
# SW Build 3671981 on Fri Oct 14 04:59:54 MDT 2022
# IP Build 3669848 on Fri Oct 14 08:30:02 MDT 2022
# Start of session at: Thu Nov  6 21:18:25 2025
# Process ID: 3771999
# Current directory: /mnt/vault1/mfaroo19/reduction_tree/dot_product/runs/M350_W13_N4
# Command line: vivado -mode batch -source /mnt/vault1/mfaroo19/reduction_tree/dot_product/runs/M350_W13_N4/run.tcl
# Log file: /mnt/vault1/mfaroo19/reduction_tree/dot_product/runs/M350_W13_N4/vivado.log
# Journal file: /mnt/vault1/mfaroo19/reduction_tree/dot_product/runs/M350_W13_N4/vivado.jou
# Running On: en4228283l, OS: Linux, CPU Frequency: 2999.993 MHz, CPU Physical cores: 32, Host memory: 269992 MB
#-----------------------------------------------------------
source /mnt/vault1/mfaroo19/reduction_tree/dot_product/runs/M350_W13_N4/run.tcl
# read_verilog -sv /mnt/vault1/mfaroo19/reduction_tree/dot_product/runs/M350_W13_N4/design.sv
# read_xdc /mnt/vault1/mfaroo19/reduction_tree/dot_product/runs/M350_W13_N4/design.xdc
# synth_design -top dotprod -part xczu7ev-ffvc1156-2-e
Command: synth_design -top dotprod -part xczu7ev-ffvc1156-2-e
Starting synth_design
Attempting to get a license for feature 'Synthesis' and/or device 'xczu7ev'
INFO: [Common 17-349] Got license for feature 'Synthesis' and/or device 'xczu7ev'
INFO: [Device 21-403] Loading part xczu7ev-ffvc1156-2-e
INFO: [Synth 8-7079] Multithreading enabled for synth_design using a maximum of 4 processes.
INFO: [Synth 8-7078] Launching helper process for spawning children vivado processes
INFO: [Synth 8-7075] Helper process launched with PID 3772068
INFO: [Synth 8-11241] undeclared symbol 'REGCCE', assumed default net type 'wire' [/mnt/vault1/kmhatre/Software/AMD/Vivado/2022.2/data/verilog/src/unimacro/BRAM_SINGLE_MACRO.v:2170]
---------------------------------------------------------------------------------
Starting RTL Elaboration : Time (s): cpu = 00:00:02 ; elapsed = 00:00:03 . Memory (MB): peak = 3039.074 ; gain = 241.801 ; free physical = 126310 ; free virtual = 229504
Synthesis current peak Physical Memory [PSS] (MB): peak = 2626.559; parent = 2372.427; children = 254.132
Synthesis current peak Virtual Memory [VSS] (MB): peak = 4012.160; parent = 3039.078; children = 973.082
---------------------------------------------------------------------------------
INFO: [Synth 8-6157] synthesizing module 'dotprod' [/mnt/vault1/mfaroo19/reduction_tree/dot_product/runs/M350_W13_N4/design.sv:3]
INFO: [Synth 8-6155] done synthesizing module 'dotprod' (0#1) [/mnt/vault1/mfaroo19/reduction_tree/dot_product/runs/M350_W13_N4/design.sv:3]
---------------------------------------------------------------------------------
Finished RTL Elaboration : Time (s): cpu = 00:00:04 ; elapsed = 00:00:04 . Memory (MB): peak = 3127.043 ; gain = 329.770 ; free physical = 126230 ; free virtual = 229425
Synthesis current peak Physical Memory [PSS] (MB): peak = 2626.559; parent = 2372.427; children = 254.132
Synthesis current peak Virtual Memory [VSS] (MB): peak = 4100.129; parent = 3127.047; children = 973.082
---------------------------------------------------------------------------------
---------------------------------------------------------------------------------
Start Handling Custom Attributes
---------------------------------------------------------------------------------
---------------------------------------------------------------------------------
Finished Handling Custom Attributes : Time (s): cpu = 00:00:04 ; elapsed = 00:00:05 . Memory (MB): peak = 3144.855 ; gain = 347.582 ; free physical = 126230 ; free virtual = 229425
Synthesis current peak Physical Memory [PSS] (MB): peak = 2626.559; parent = 2372.427; children = 254.132
Synthesis current peak Virtual Memory [VSS] (MB): peak = 4117.941; parent = 3144.859; children = 973.082
---------------------------------------------------------------------------------
---------------------------------------------------------------------------------
Finished RTL Optimization Phase 1 : Time (s): cpu = 00:00:04 ; elapsed = 00:00:05 . Memory (MB): peak = 3144.855 ; gain = 347.582 ; free physical = 126238 ; free virtual = 229434
Synthesis current peak Physical Memory [PSS] (MB): peak = 2626.559; parent = 2372.427; children = 254.132
Synthesis current peak Virtual Memory [VSS] (MB): peak = 4117.941; parent = 3144.859; children = 973.082
---------------------------------------------------------------------------------
Netlist sorting complete. Time (s): cpu = 00:00:00.05 ; elapsed = 00:00:00.05 . Memory (MB): peak = 3144.855 ; gain = 0.000 ; free physical = 126238 ; free virtual = 229434
INFO: [Project 1-570] Preparing netlist for logic optimization

Processing XDC Constraints
Initializing timing engine
Parsing XDC File [/mnt/vault1/mfaroo19/reduction_tree/dot_product/runs/M350_W13_N4/design.xdc]
Finished Parsing XDC File [/mnt/vault1/mfaroo19/reduction_tree/dot_product/runs/M350_W13_N4/design.xdc]
Completed Processing XDC Constraints

Netlist sorting complete. Time (s): cpu = 00:00:00 ; elapsed = 00:00:00 . Memory (MB): peak = 3308.574 ; gain = 0.000 ; free physical = 126288 ; free virtual = 229484
INFO: [Project 1-111] Unisim Transformation Summary:
No Unisim elements were transformed.

Constraint Validation Runtime : Time (s): cpu = 00:00:00.12 ; elapsed = 00:00:00.05 . Memory (MB): peak = 3308.574 ; gain = 0.000 ; free physical = 126288 ; free virtual = 229484
INFO: [Synth 8-11241] undeclared symbol 'REGCCE', assumed default net type 'wire' [/mnt/vault1/kmhatre/Software/AMD/Vivado/2022.2/data/verilog/src/unimacro/BRAM_SINGLE_MACRO.v:2170]
---------------------------------------------------------------------------------
Finished Constraint Validation : Time (s): cpu = 00:00:11 ; elapsed = 00:00:13 . Memory (MB): peak = 3308.574 ; gain = 511.301 ; free physical = 126519 ; free virtual = 229714
Synthesis current peak Physical Memory [PSS] (MB): peak = 2645.758; parent = 2391.626; children = 254.132
Synthesis current peak Virtual Memory [VSS] (MB): peak = 4249.645; parent = 3276.562; children = 973.082
---------------------------------------------------------------------------------
---------------------------------------------------------------------------------
Start Loading Part and Timing Information
---------------------------------------------------------------------------------
Loading part: xczu7ev-ffvc1156-2-e
INFO: [Synth 8-6742] Reading net delay rules and data
---------------------------------------------------------------------------------
Finished Loading Part and Timing Information : Time (s): cpu = 00:00:11 ; elapsed = 00:00:13 . Memory (MB): peak = 3308.574 ; gain = 511.301 ; free physical = 126519 ; free virtual = 229714
Synthesis current peak Physical Memory [PSS] (MB): peak = 2645.758; parent = 2391.626; children = 254.132
Synthesis current peak Virtual Memory [VSS] (MB): peak = 4249.645; parent = 3276.562; children = 973.082
---------------------------------------------------------------------------------
---------------------------------------------------------------------------------
Start Applying 'set_property' XDC Constraints
---------------------------------------------------------------------------------
---------------------------------------------------------------------------------
Finished applying 'set_property' XDC Constraints : Time (s): cpu = 00:00:11 ; elapsed = 00:00:13 . Memory (MB): peak = 3308.574 ; gain = 511.301 ; free physical = 126519 ; free virtual = 229714
Synthesis current peak Physical Memory [PSS] (MB): peak = 2645.758; parent = 2391.626; children = 254.132
Synthesis current peak Virtual Memory [VSS] (MB): peak = 4249.645; parent = 3276.562; children = 973.082
---------------------------------------------------------------------------------
---------------------------------------------------------------------------------
Finished RTL Optimization Phase 2 : Time (s): cpu = 00:00:12 ; elapsed = 00:00:14 . Memory (MB): peak = 3308.574 ; gain = 511.301 ; free physical = 126536 ; free virtual = 229733
Synthesis current peak Physical Memory [PSS] (MB): peak = 2645.758; parent = 2391.626; children = 254.132
Synthesis current peak Virtual Memory [VSS] (MB): peak = 4249.645; parent = 3276.562; children = 973.082
---------------------------------------------------------------------------------
---------------------------------------------------------------------------------
Start RTL Component Statistics 
---------------------------------------------------------------------------------
Detailed RTL Component Info : 
+---Adders : 
	   2 Input   26 Bit       Adders := 174   
+---Registers : 
	               26 Bit    Registers := 176   
	               18 Bit    Registers := 176   
	                1 Bit    Registers := 9     
---------------------------------------------------------------------------------
Finished RTL Component Statistics 
---------------------------------------------------------------------------------
---------------------------------------------------------------------------------
Start Part Resource Summary
---------------------------------------------------------------------------------
Part Resources:
DSPs: 1728 (col length:144)
BRAMs: 624 (col length: RAMB18 144 RAMB36 72)
---------------------------------------------------------------------------------
Finished Part Resource Summary
---------------------------------------------------------------------------------
---------------------------------------------------------------------------------
Start Cross Boundary and Area Optimization
---------------------------------------------------------------------------------
WARNING: [Synth 8-7080] Parallel synthesis criteria is not met
---------------------------------------------------------------------------------
Finished Cross Boundary and Area Optimization : Time (s): cpu = 00:00:47 ; elapsed = 00:00:51 . Memory (MB): peak = 3308.574 ; gain = 511.301 ; free physical = 126748 ; free virtual = 229960
Synthesis current peak Physical Memory [PSS] (MB): peak = 2730.555; parent = 2476.454; children = 254.132
Synthesis current peak Virtual Memory [VSS] (MB): peak = 4249.645; parent = 3276.562; children = 973.082
---------------------------------------------------------------------------------
---------------------------------------------------------------------------------
Start Applying XDC Timing Constraints
---------------------------------------------------------------------------------
---------------------------------------------------------------------------------
Finished Applying XDC Timing Constraints : Time (s): cpu = 00:00:54 ; elapsed = 00:01:03 . Memory (MB): peak = 3741.270 ; gain = 943.996 ; free physical = 126246 ; free virtual = 229458
Synthesis current peak Physical Memory [PSS] (MB): peak = 3278.758; parent = 3024.657; children = 254.132
Synthesis current peak Virtual Memory [VSS] (MB): peak = 4714.355; parent = 3741.273; children = 973.082
---------------------------------------------------------------------------------
---------------------------------------------------------------------------------
Start Timing Optimization
---------------------------------------------------------------------------------
---------------------------------------------------------------------------------
Finished Timing Optimization : Time (s): cpu = 00:00:57 ; elapsed = 00:01:06 . Memory (MB): peak = 3794.121 ; gain = 996.848 ; free physical = 126198 ; free virtual = 229410
Synthesis current peak Physical Memory [PSS] (MB): peak = 3321.527; parent = 3067.427; children = 254.132
Synthesis current peak Virtual Memory [VSS] (MB): peak = 4767.207; parent = 3794.125; children = 973.082
---------------------------------------------------------------------------------
---------------------------------------------------------------------------------
Start Technology Mapping
---------------------------------------------------------------------------------
---------------------------------------------------------------------------------
Finished Technology Mapping : Time (s): cpu = 00:01:05 ; elapsed = 00:01:15 . Memory (MB): peak = 4670.855 ; gain = 1873.582 ; free physical = 125825 ; free virtual = 229037
Synthesis current peak Physical Memory [PSS] (MB): peak = 3853.875; parent = 3599.774; children = 254.132
Synthesis current peak Virtual Memory [VSS] (MB): peak = 5643.941; parent = 4670.859; children = 973.082
---------------------------------------------------------------------------------
---------------------------------------------------------------------------------
Start IO Insertion
---------------------------------------------------------------------------------
---------------------------------------------------------------------------------
Start Flattening Before IO Insertion
---------------------------------------------------------------------------------
---------------------------------------------------------------------------------
Finished Flattening Before IO Insertion
---------------------------------------------------------------------------------
---------------------------------------------------------------------------------
Start Final Netlist Cleanup
---------------------------------------------------------------------------------
---------------------------------------------------------------------------------
Finished Final Netlist Cleanup
---------------------------------------------------------------------------------
---------------------------------------------------------------------------------
Finished IO Insertion : Time (s): cpu = 00:01:08 ; elapsed = 00:01:19 . Memory (MB): peak = 4670.855 ; gain = 1873.582 ; free physical = 125836 ; free virtual = 229048
Synthesis current peak Physical Memory [PSS] (MB): peak = 3853.875; parent = 3599.774; children = 254.132
Synthesis current peak Virtual Memory [VSS] (MB): peak = 5643.941; parent = 4670.859; children = 973.082
---------------------------------------------------------------------------------
---------------------------------------------------------------------------------
Start Renaming Generated Instances
---------------------------------------------------------------------------------
---------------------------------------------------------------------------------
Finished Renaming Generated Instances : Time (s): cpu = 00:01:08 ; elapsed = 00:01:19 . Memory (MB): peak = 4670.855 ; gain = 1873.582 ; free physical = 125837 ; free virtual = 229049
Synthesis current peak Physical Memory [PSS] (MB): peak = 3853.875; parent = 3599.774; children = 254.132
Synthesis current peak Virtual Memory [VSS] (MB): peak = 5643.941; parent = 4670.859; children = 973.082
---------------------------------------------------------------------------------
---------------------------------------------------------------------------------
Start Rebuilding User Hierarchy
---------------------------------------------------------------------------------
---------------------------------------------------------------------------------
Finished Rebuilding User Hierarchy : Time (s): cpu = 00:01:09 ; elapsed = 00:01:20 . Memory (MB): peak = 4670.855 ; gain = 1873.582 ; free physical = 125836 ; free virtual = 229048
Synthesis current peak Physical Memory [PSS] (MB): peak = 3853.875; parent = 3599.774; children = 254.132
Synthesis current peak Virtual Memory [VSS] (MB): peak = 5643.941; parent = 4670.859; children = 973.082
---------------------------------------------------------------------------------
---------------------------------------------------------------------------------
Start Renaming Generated Ports
---------------------------------------------------------------------------------
---------------------------------------------------------------------------------
Finished Renaming Generated Ports : Time (s): cpu = 00:01:09 ; elapsed = 00:01:20 . Memory (MB): peak = 4670.855 ; gain = 1873.582 ; free physical = 125836 ; free virtual = 229048
Synthesis current peak Physical Memory [PSS] (MB): peak = 3853.875; parent = 3599.774; children = 254.132
Synthesis current peak Virtual Memory [VSS] (MB): peak = 5643.941; parent = 4670.859; children = 973.082
---------------------------------------------------------------------------------
---------------------------------------------------------------------------------
Start Handling Custom Attributes
---------------------------------------------------------------------------------
---------------------------------------------------------------------------------
Finished Handling Custom Attributes : Time (s): cpu = 00:01:09 ; elapsed = 00:01:20 . Memory (MB): peak = 4670.855 ; gain = 1873.582 ; free physical = 125837 ; free virtual = 229049
Synthesis current peak Physical Memory [PSS] (MB): peak = 3853.875; parent = 3599.774; children = 254.132
Synthesis current peak Virtual Memory [VSS] (MB): peak = 5643.941; parent = 4670.859; children = 973.082
---------------------------------------------------------------------------------
---------------------------------------------------------------------------------
Start Renaming Generated Nets
---------------------------------------------------------------------------------
---------------------------------------------------------------------------------
Finished Renaming Generated Nets : Time (s): cpu = 00:01:09 ; elapsed = 00:01:21 . Memory (MB): peak = 4670.855 ; gain = 1873.582 ; free physical = 125837 ; free virtual = 229049
Synthesis current peak Physical Memory [PSS] (MB): peak = 3853.875; parent = 3599.774; children = 254.132
Synthesis current peak Virtual Memory [VSS] (MB): peak = 5643.941; parent = 4670.859; children = 973.082
---------------------------------------------------------------------------------
---------------------------------------------------------------------------------
Start Writing Synthesis Report
---------------------------------------------------------------------------------

Report BlackBoxes: 
+-+--------------+----------+
| |BlackBox name |Instances |
+-+--------------+----------+
+-+--------------+----------+

Report Cell Usage: 
+------+-------+------+
|      |Cell   |Count |
+------+-------+------+
|1     |BUFG   |     1|
|2     |CARRY8 |  2099|
|3     |LUT2   |  7673|
|4     |LUT4   |  4200|
|5     |LUT5   |  3150|
|6     |LUT6   | 10150|
|7     |FDRE   |  6698|
|8     |IBUF   |  5953|
|9     |OBUF   |    27|
+------+-------+------+
---------------------------------------------------------------------------------
Finished Writing Synthesis Report : Time (s): cpu = 00:01:09 ; elapsed = 00:01:21 . Memory (MB): peak = 4670.855 ; gain = 1873.582 ; free physical = 125837 ; free virtual = 229049
Synthesis current peak Physical Memory [PSS] (MB): peak = 3853.875; parent = 3599.774; children = 254.132
Synthesis current peak Virtual Memory [VSS] (MB): peak = 5643.941; parent = 4670.859; children = 973.082
---------------------------------------------------------------------------------
Synthesis finished with 0 errors, 0 critical warnings and 1 warnings.
Synthesis Optimization Runtime : Time (s): cpu = 00:01:05 ; elapsed = 00:01:16 . Memory (MB): peak = 4670.855 ; gain = 1709.863 ; free physical = 125874 ; free virtual = 229086
Synthesis Optimization Complete : Time (s): cpu = 00:01:10 ; elapsed = 00:01:21 . Memory (MB): peak = 4670.863 ; gain = 1873.582 ; free physical = 125874 ; free virtual = 229086
INFO: [Project 1-571] Translating synthesized netlist
Netlist sorting complete. Time (s): cpu = 00:00:00.19 ; elapsed = 00:00:00.19 . Memory (MB): peak = 4670.863 ; gain = 0.000 ; free physical = 125980 ; free virtual = 229192
INFO: [Netlist 29-17] Analyzing 8053 Unisim elements for replacement
INFO: [Netlist 29-28] Unisim Transformation completed in 0 CPU seconds
WARNING: [Netlist 29-101] Netlist 'dotprod' is not ideal for floorplanning, since the cellview 'dotprod' contains a large number of primitives.  Please consider enabling hierarchy in synthesis if you want to do floorplanning.
INFO: [Project 1-570] Preparing netlist for logic optimization
Parsing XDC File [/mnt/vault1/mfaroo19/reduction_tree/dot_product/runs/M350_W13_N4/design.xdc]
Finished Parsing XDC File [/mnt/vault1/mfaroo19/reduction_tree/dot_product/runs/M350_W13_N4/design.xdc]
INFO: [Opt 31-138] Pushed 0 inverter(s) to 0 load pin(s).
Netlist sorting complete. Time (s): cpu = 00:00:00.01 ; elapsed = 00:00:00.01 . Memory (MB): peak = 4670.863 ; gain = 0.000 ; free physical = 125881 ; free virtual = 229093
INFO: [Project 1-111] Unisim Transformation Summary:
  A total of 5954 instances were transformed.
  BUFG => BUFGCE: 1 instance 
  IBUF => IBUF (IBUFCTRL, INBUF): 5953 instances

Synth Design complete, checksum: 9780f8f4
INFO: [Common 17-83] Releasing license: Synthesis
19 Infos, 2 Warnings, 0 Critical Warnings and 0 Errors encountered.
synth_design completed successfully
synth_design: Time (s): cpu = 00:01:24 ; elapsed = 00:01:35 . Memory (MB): peak = 4670.863 ; gain = 2966.379 ; free physical = 126068 ; free virtual = 229280
# report_utilization -file /mnt/vault1/mfaroo19/reduction_tree/dot_product/runs/M350_W13_N4/util.rpt
# report_timing_summary -file /mnt/vault1/mfaroo19/reduction_tree/dot_product/runs/M350_W13_N4/timing.rpt
INFO: [Timing 38-35] Done setting XDC timing constraints.
INFO: [Timing 38-91] UpdateTimingParams: Speed grade: -2, Temperature grade: E, Delay Type: min_max.
INFO: [Timing 38-191] Multithreading enabled for timing update using a maximum of 8 CPUs
report_timing_summary: Time (s): cpu = 00:00:19 ; elapsed = 00:00:17 . Memory (MB): peak = 4709.898 ; gain = 39.035 ; free physical = 125615 ; free virtual = 228828
# exit
INFO: [Common 17-206] Exiting Vivado at Thu Nov  6 21:20:25 2025...
