
****** Vivado v2022.2 (64-bit)
  **** SW Build 3671981 on Fri Oct 14 04:59:54 MDT 2022
  **** IP Build 3669848 on Fri Oct 14 08:30:02 MDT 2022
    ** Copyright 1986-2022 Xilinx, Inc. All Rights Reserved.

source runs/M350_W5/run.tcl
# read_verilog -sv runs/M350_W5/sum_signed.sv
# read_xdc runs/M350_W5/sum_signed.xdc
# synth_design -top sum_signed -part xczu7ev-ffvc1156-2-e
Command: synth_design -top sum_signed -part xczu7ev-ffvc1156-2-e
Starting synth_design
Attempting to get a license for feature 'Synthesis' and/or device 'xczu7ev'
INFO: [Common 17-349] Got license for feature 'Synthesis' and/or device 'xczu7ev'
INFO: [Device 21-403] Loading part xczu7ev-ffvc1156-2-e
INFO: [Synth 8-7079] Multithreading enabled for synth_design using a maximum of 4 processes.
INFO: [Synth 8-7078] Launching helper process for spawning children vivado processes
INFO: [Synth 8-7075] Helper process launched with PID 2587380
INFO: [Synth 8-11241] undeclared symbol 'REGCCE', assumed default net type 'wire' [/mnt/vault1/kmhatre/Software/AMD/Vivado/2022.2/data/verilog/src/unimacro/BRAM_SINGLE_MACRO.v:2170]
---------------------------------------------------------------------------------
Starting RTL Elaboration : Time (s): cpu = 00:00:02 ; elapsed = 00:00:03 . Memory (MB): peak = 3037.328 ; gain = 239.832 ; free physical = 138199 ; free virtual = 209663
Synthesis current peak Physical Memory [PSS] (MB): peak = 2627.627; parent = 2373.479; children = 254.147
Synthesis current peak Virtual Memory [VSS] (MB): peak = 4013.375; parent = 3040.301; children = 973.074
---------------------------------------------------------------------------------
INFO: [Synth 8-6157] synthesizing module 'sum_signed' [/mnt/vault1/mfaroo19/reduction_tree/integrator/runs/M350_W5/sum_signed.sv:7]
INFO: [Synth 8-6155] done synthesizing module 'sum_signed' (0#1) [/mnt/vault1/mfaroo19/reduction_tree/integrator/runs/M350_W5/sum_signed.sv:7]
---------------------------------------------------------------------------------
Finished RTL Elaboration : Time (s): cpu = 00:00:04 ; elapsed = 00:00:04 . Memory (MB): peak = 3128.266 ; gain = 330.770 ; free physical = 138137 ; free virtual = 209602
Synthesis current peak Physical Memory [PSS] (MB): peak = 2627.627; parent = 2373.479; children = 254.147
Synthesis current peak Virtual Memory [VSS] (MB): peak = 4101.344; parent = 3128.270; children = 973.074
---------------------------------------------------------------------------------
---------------------------------------------------------------------------------
Start Handling Custom Attributes
---------------------------------------------------------------------------------
---------------------------------------------------------------------------------
Finished Handling Custom Attributes : Time (s): cpu = 00:00:04 ; elapsed = 00:00:05 . Memory (MB): peak = 3146.078 ; gain = 348.582 ; free physical = 138137 ; free virtual = 209602
Synthesis current peak Physical Memory [PSS] (MB): peak = 2627.627; parent = 2373.479; children = 254.147
Synthesis current peak Virtual Memory [VSS] (MB): peak = 4119.156; parent = 3146.082; children = 973.074
---------------------------------------------------------------------------------
---------------------------------------------------------------------------------
Finished RTL Optimization Phase 1 : Time (s): cpu = 00:00:04 ; elapsed = 00:00:05 . Memory (MB): peak = 3146.078 ; gain = 348.582 ; free physical = 138137 ; free virtual = 209602
Synthesis current peak Physical Memory [PSS] (MB): peak = 2627.627; parent = 2373.479; children = 254.147
Synthesis current peak Virtual Memory [VSS] (MB): peak = 4119.156; parent = 3146.082; children = 973.074
---------------------------------------------------------------------------------
Netlist sorting complete. Time (s): cpu = 00:00:00.01 ; elapsed = 00:00:00.02 . Memory (MB): peak = 3146.078 ; gain = 0.000 ; free physical = 138137 ; free virtual = 209602
INFO: [Project 1-570] Preparing netlist for logic optimization

Processing XDC Constraints
Initializing timing engine
Parsing XDC File [/mnt/vault1/mfaroo19/reduction_tree/integrator/runs/M350_W5/sum_signed.xdc]
Finished Parsing XDC File [/mnt/vault1/mfaroo19/reduction_tree/integrator/runs/M350_W5/sum_signed.xdc]
Completed Processing XDC Constraints

Netlist sorting complete. Time (s): cpu = 00:00:00 ; elapsed = 00:00:00 . Memory (MB): peak = 3314.797 ; gain = 0.000 ; free physical = 138175 ; free virtual = 209640
INFO: [Project 1-111] Unisim Transformation Summary:
No Unisim elements were transformed.

Constraint Validation Runtime : Time (s): cpu = 00:00:00.03 ; elapsed = 00:00:00.01 . Memory (MB): peak = 3314.797 ; gain = 0.000 ; free physical = 138175 ; free virtual = 209640
INFO: [Synth 8-11241] undeclared symbol 'REGCCE', assumed default net type 'wire' [/mnt/vault1/kmhatre/Software/AMD/Vivado/2022.2/data/verilog/src/unimacro/BRAM_SINGLE_MACRO.v:2170]
---------------------------------------------------------------------------------
Finished Constraint Validation : Time (s): cpu = 00:00:10 ; elapsed = 00:00:12 . Memory (MB): peak = 3314.797 ; gain = 517.301 ; free physical = 138208 ; free virtual = 209673
Synthesis current peak Physical Memory [PSS] (MB): peak = 2640.697; parent = 2386.550; children = 254.147
Synthesis current peak Virtual Memory [VSS] (MB): peak = 4255.859; parent = 3282.785; children = 973.074
---------------------------------------------------------------------------------
---------------------------------------------------------------------------------
Start Loading Part and Timing Information
---------------------------------------------------------------------------------
Loading part: xczu7ev-ffvc1156-2-e
INFO: [Synth 8-6742] Reading net delay rules and data
---------------------------------------------------------------------------------
Finished Loading Part and Timing Information : Time (s): cpu = 00:00:10 ; elapsed = 00:00:12 . Memory (MB): peak = 3314.797 ; gain = 517.301 ; free physical = 138208 ; free virtual = 209673
Synthesis current peak Physical Memory [PSS] (MB): peak = 2640.697; parent = 2386.550; children = 254.147
Synthesis current peak Virtual Memory [VSS] (MB): peak = 4255.859; parent = 3282.785; children = 973.074
---------------------------------------------------------------------------------
---------------------------------------------------------------------------------
Start Applying 'set_property' XDC Constraints
---------------------------------------------------------------------------------
---------------------------------------------------------------------------------
Finished applying 'set_property' XDC Constraints : Time (s): cpu = 00:00:10 ; elapsed = 00:00:12 . Memory (MB): peak = 3314.797 ; gain = 517.301 ; free physical = 138222 ; free virtual = 209687
Synthesis current peak Physical Memory [PSS] (MB): peak = 2640.697; parent = 2386.550; children = 254.147
Synthesis current peak Virtual Memory [VSS] (MB): peak = 4255.859; parent = 3282.785; children = 973.074
---------------------------------------------------------------------------------
---------------------------------------------------------------------------------
Finished RTL Optimization Phase 2 : Time (s): cpu = 00:00:11 ; elapsed = 00:00:13 . Memory (MB): peak = 3314.797 ; gain = 517.301 ; free physical = 138227 ; free virtual = 209694
Synthesis current peak Physical Memory [PSS] (MB): peak = 2640.697; parent = 2386.550; children = 254.147
Synthesis current peak Virtual Memory [VSS] (MB): peak = 4255.859; parent = 3282.785; children = 973.074
---------------------------------------------------------------------------------
---------------------------------------------------------------------------------
Start RTL Component Statistics 
---------------------------------------------------------------------------------
Detailed RTL Component Info : 
+---Adders : 
	   2 Input   14 Bit       Adders := 1     
	   2 Input   13 Bit       Adders := 1     
	   2 Input   12 Bit       Adders := 3     
	   2 Input   11 Bit       Adders := 5     
	   2 Input   10 Bit       Adders := 11    
	   2 Input    9 Bit       Adders := 22    
	   2 Input    8 Bit       Adders := 44    
	   2 Input    7 Bit       Adders := 87    
	   2 Input    6 Bit       Adders := 175   
+---Registers : 
	               14 Bit    Registers := 1     
	               13 Bit    Registers := 1     
	               12 Bit    Registers := 4     
	               11 Bit    Registers := 5     
	               10 Bit    Registers := 12    
	                9 Bit    Registers := 22    
	                8 Bit    Registers := 44    
	                7 Bit    Registers := 87    
	                6 Bit    Registers := 176   
	                1 Bit    Registers := 9     
---------------------------------------------------------------------------------
Finished RTL Component Statistics 
---------------------------------------------------------------------------------
---------------------------------------------------------------------------------
Start Part Resource Summary
---------------------------------------------------------------------------------
Part Resources:
DSPs: 1728 (col length:144)
BRAMs: 624 (col length: RAMB18 144 RAMB36 72)
---------------------------------------------------------------------------------
Finished Part Resource Summary
---------------------------------------------------------------------------------
---------------------------------------------------------------------------------
Start Cross Boundary and Area Optimization
---------------------------------------------------------------------------------
WARNING: [Synth 8-7080] Parallel synthesis criteria is not met
---------------------------------------------------------------------------------
Finished Cross Boundary and Area Optimization : Time (s): cpu = 00:00:18 ; elapsed = 00:00:24 . Memory (MB): peak = 3314.797 ; gain = 517.301 ; free physical = 138303 ; free virtual = 209775
Synthesis current peak Physical Memory [PSS] (MB): peak = 2640.697; parent = 2386.550; children = 254.147
Synthesis current peak Virtual Memory [VSS] (MB): peak = 4255.859; parent = 3282.785; children = 973.074
---------------------------------------------------------------------------------
---------------------------------------------------------------------------------
Start Applying XDC Timing Constraints
---------------------------------------------------------------------------------
---------------------------------------------------------------------------------
Finished Applying XDC Timing Constraints : Time (s): cpu = 00:00:25 ; elapsed = 00:00:35 . Memory (MB): peak = 3678.203 ; gain = 880.707 ; free physical = 137826 ; free virtual = 209298
Synthesis current peak Physical Memory [PSS] (MB): peak = 3216.865; parent = 2962.749; children = 254.147
Synthesis current peak Virtual Memory [VSS] (MB): peak = 4651.281; parent = 3678.207; children = 973.074
---------------------------------------------------------------------------------
---------------------------------------------------------------------------------
Start Timing Optimization
---------------------------------------------------------------------------------
---------------------------------------------------------------------------------
Finished Timing Optimization : Time (s): cpu = 00:00:26 ; elapsed = 00:00:35 . Memory (MB): peak = 3689.203 ; gain = 891.707 ; free physical = 137805 ; free virtual = 209278
Synthesis current peak Physical Memory [PSS] (MB): peak = 3226.393; parent = 2972.276; children = 254.147
Synthesis current peak Virtual Memory [VSS] (MB): peak = 4662.281; parent = 3689.207; children = 973.074
---------------------------------------------------------------------------------
---------------------------------------------------------------------------------
Start Technology Mapping
---------------------------------------------------------------------------------
---------------------------------------------------------------------------------
Finished Technology Mapping : Time (s): cpu = 00:00:26 ; elapsed = 00:00:36 . Memory (MB): peak = 3724.258 ; gain = 926.762 ; free physical = 137784 ; free virtual = 209256
Synthesis current peak Physical Memory [PSS] (MB): peak = 3232.596; parent = 2978.479; children = 254.147
Synthesis current peak Virtual Memory [VSS] (MB): peak = 4697.336; parent = 3724.262; children = 973.074
---------------------------------------------------------------------------------
---------------------------------------------------------------------------------
Start IO Insertion
---------------------------------------------------------------------------------
---------------------------------------------------------------------------------
Start Flattening Before IO Insertion
---------------------------------------------------------------------------------
---------------------------------------------------------------------------------
Finished Flattening Before IO Insertion
---------------------------------------------------------------------------------
---------------------------------------------------------------------------------
Start Final Netlist Cleanup
---------------------------------------------------------------------------------
---------------------------------------------------------------------------------
Finished Final Netlist Cleanup
---------------------------------------------------------------------------------
---------------------------------------------------------------------------------
Finished IO Insertion : Time (s): cpu = 00:00:29 ; elapsed = 00:00:39 . Memory (MB): peak = 3738.133 ; gain = 940.637 ; free physical = 137794 ; free virtual = 209266
Synthesis current peak Physical Memory [PSS] (MB): peak = 3233.166; parent = 2979.050; children = 254.147
Synthesis current peak Virtual Memory [VSS] (MB): peak = 4711.211; parent = 3738.137; children = 973.074
---------------------------------------------------------------------------------
---------------------------------------------------------------------------------
Start Renaming Generated Instances
---------------------------------------------------------------------------------
---------------------------------------------------------------------------------
Finished Renaming Generated Instances : Time (s): cpu = 00:00:29 ; elapsed = 00:00:39 . Memory (MB): peak = 3738.133 ; gain = 940.637 ; free physical = 137794 ; free virtual = 209266
Synthesis current peak Physical Memory [PSS] (MB): peak = 3233.182; parent = 2979.065; children = 254.147
Synthesis current peak Virtual Memory [VSS] (MB): peak = 4711.211; parent = 3738.137; children = 973.074
---------------------------------------------------------------------------------
---------------------------------------------------------------------------------
Start Rebuilding User Hierarchy
---------------------------------------------------------------------------------
---------------------------------------------------------------------------------
Finished Rebuilding User Hierarchy : Time (s): cpu = 00:00:29 ; elapsed = 00:00:39 . Memory (MB): peak = 3738.133 ; gain = 940.637 ; free physical = 137794 ; free virtual = 209266
Synthesis current peak Physical Memory [PSS] (MB): peak = 3233.541; parent = 2979.425; children = 254.147
Synthesis current peak Virtual Memory [VSS] (MB): peak = 4711.211; parent = 3738.137; children = 973.074
---------------------------------------------------------------------------------
---------------------------------------------------------------------------------
Start Renaming Generated Ports
---------------------------------------------------------------------------------
---------------------------------------------------------------------------------
Finished Renaming Generated Ports : Time (s): cpu = 00:00:29 ; elapsed = 00:00:39 . Memory (MB): peak = 3738.133 ; gain = 940.637 ; free physical = 137794 ; free virtual = 209266
Synthesis current peak Physical Memory [PSS] (MB): peak = 3233.604; parent = 2979.487; children = 254.147
Synthesis current peak Virtual Memory [VSS] (MB): peak = 4711.211; parent = 3738.137; children = 973.074
---------------------------------------------------------------------------------
---------------------------------------------------------------------------------
Start Handling Custom Attributes
---------------------------------------------------------------------------------
---------------------------------------------------------------------------------
Finished Handling Custom Attributes : Time (s): cpu = 00:00:29 ; elapsed = 00:00:40 . Memory (MB): peak = 3738.133 ; gain = 940.637 ; free physical = 137794 ; free virtual = 209266
Synthesis current peak Physical Memory [PSS] (MB): peak = 3233.604; parent = 2979.487; children = 254.147
Synthesis current peak Virtual Memory [VSS] (MB): peak = 4711.211; parent = 3738.137; children = 973.074
---------------------------------------------------------------------------------
---------------------------------------------------------------------------------
Start Renaming Generated Nets
---------------------------------------------------------------------------------
---------------------------------------------------------------------------------
Finished Renaming Generated Nets : Time (s): cpu = 00:00:29 ; elapsed = 00:00:40 . Memory (MB): peak = 3738.133 ; gain = 940.637 ; free physical = 137794 ; free virtual = 209266
Synthesis current peak Physical Memory [PSS] (MB): peak = 3233.631; parent = 2979.519; children = 254.147
Synthesis current peak Virtual Memory [VSS] (MB): peak = 4711.211; parent = 3738.137; children = 973.074
---------------------------------------------------------------------------------
---------------------------------------------------------------------------------
Start Writing Synthesis Report
---------------------------------------------------------------------------------

Report BlackBoxes: 
+-+--------------+----------+
| |BlackBox name |Instances |
+-+--------------+----------+
+-+--------------+----------+

Report Cell Usage: 
+------+-------+------+
|      |Cell   |Count |
+------+-------+------+
|1     |BUFG   |     1|
|2     |CARRY8 |   217|
|3     |LUT1   |   174|
|4     |LUT2   |  1388|
|5     |LUT3   |   175|
|6     |LUT4   |   175|
|7     |LUT5   |   350|
|8     |LUT6   |   350|
|9     |FDRE   |  2474|
|10    |IBUF   |  1753|
|11    |OBUF   |    15|
+------+-------+------+
---------------------------------------------------------------------------------
Finished Writing Synthesis Report : Time (s): cpu = 00:00:29 ; elapsed = 00:00:40 . Memory (MB): peak = 3738.133 ; gain = 940.637 ; free physical = 137777 ; free virtual = 209249
Synthesis current peak Physical Memory [PSS] (MB): peak = 3233.650; parent = 2979.534; children = 254.147
Synthesis current peak Virtual Memory [VSS] (MB): peak = 4711.211; parent = 3738.137; children = 973.074
---------------------------------------------------------------------------------
Synthesis finished with 0 errors, 0 critical warnings and 1 warnings.
Synthesis Optimization Runtime : Time (s): cpu = 00:00:26 ; elapsed = 00:00:36 . Memory (MB): peak = 3738.133 ; gain = 771.918 ; free physical = 137786 ; free virtual = 209258
Synthesis Optimization Complete : Time (s): cpu = 00:00:29 ; elapsed = 00:00:40 . Memory (MB): peak = 3738.141 ; gain = 940.637 ; free physical = 137786 ; free virtual = 209259
INFO: [Project 1-571] Translating synthesized netlist
Netlist sorting complete. Time (s): cpu = 00:00:00.03 ; elapsed = 00:00:00.03 . Memory (MB): peak = 3750.102 ; gain = 0.000 ; free physical = 137909 ; free virtual = 209382
INFO: [Netlist 29-17] Analyzing 1971 Unisim elements for replacement
INFO: [Netlist 29-28] Unisim Transformation completed in 0 CPU seconds
WARNING: [Netlist 29-101] Netlist 'sum_signed' is not ideal for floorplanning, since the cellview 'sum_signed' contains a large number of primitives.  Please consider enabling hierarchy in synthesis if you want to do floorplanning.
INFO: [Project 1-570] Preparing netlist for logic optimization
Parsing XDC File [/mnt/vault1/mfaroo19/reduction_tree/integrator/runs/M350_W5/sum_signed.xdc]
Finished Parsing XDC File [/mnt/vault1/mfaroo19/reduction_tree/integrator/runs/M350_W5/sum_signed.xdc]
INFO: [Opt 31-138] Pushed 0 inverter(s) to 0 load pin(s).
Netlist sorting complete. Time (s): cpu = 00:00:00 ; elapsed = 00:00:00 . Memory (MB): peak = 3806.801 ; gain = 0.000 ; free physical = 137872 ; free virtual = 209344
INFO: [Project 1-111] Unisim Transformation Summary:
  A total of 1754 instances were transformed.
  BUFG => BUFGCE: 1 instance 
  IBUF => IBUF (IBUFCTRL, INBUF): 1753 instances

Synth Design complete, checksum: 6004a92
INFO: [Common 17-83] Releasing license: Synthesis
19 Infos, 2 Warnings, 0 Critical Warnings and 0 Errors encountered.
synth_design completed successfully
synth_design: Time (s): cpu = 00:00:39 ; elapsed = 00:00:50 . Memory (MB): peak = 3806.801 ; gain = 2102.125 ; free physical = 138069 ; free virtual = 209542
# report_utilization -file runs/M350_W5/util.rpt
# report_timing_summary -file runs/M350_W5/timing.rpt
INFO: [Timing 38-35] Done setting XDC timing constraints.
INFO: [Timing 38-91] UpdateTimingParams: Speed grade: -2, Temperature grade: E, Delay Type: min_max.
INFO: [Timing 38-191] Multithreading enabled for timing update using a maximum of 8 CPUs
report_timing_summary: Time (s): cpu = 00:00:12 ; elapsed = 00:00:14 . Memory (MB): peak = 4585.805 ; gain = 779.004 ; free physical = 137385 ; free virtual = 208857
# exit
INFO: [Common 17-206] Exiting Vivado at Tue Nov  4 18:14:56 2025...
