
****** Vivado v2022.2 (64-bit)
  **** SW Build 3671981 on Fri Oct 14 04:59:54 MDT 2022
  **** IP Build 3669848 on Fri Oct 14 08:30:02 MDT 2022
    ** Copyright 1986-2022 Xilinx, Inc. All Rights Reserved.

source /mnt/vault1/mfaroo19/reduction_tree/dot_product/runs/M100_W5_N4/run.tcl
# read_verilog -sv /mnt/vault1/mfaroo19/reduction_tree/dot_product/runs/M100_W5_N4/design.sv
# read_xdc /mnt/vault1/mfaroo19/reduction_tree/dot_product/runs/M100_W5_N4/design.xdc
# synth_design -top dotprod -part xczu7ev-ffvc1156-2-e
Command: synth_design -top dotprod -part xczu7ev-ffvc1156-2-e
Starting synth_design
Attempting to get a license for feature 'Synthesis' and/or device 'xczu7ev'
INFO: [Common 17-349] Got license for feature 'Synthesis' and/or device 'xczu7ev'
INFO: [Device 21-403] Loading part xczu7ev-ffvc1156-2-e
INFO: [Synth 8-7079] Multithreading enabled for synth_design using a maximum of 4 processes.
INFO: [Synth 8-7078] Launching helper process for spawning children vivado processes
INFO: [Synth 8-7075] Helper process launched with PID 3537985
INFO: [Synth 8-11241] undeclared symbol 'REGCCE', assumed default net type 'wire' [/mnt/vault1/kmhatre/Software/AMD/Vivado/2022.2/data/verilog/src/unimacro/BRAM_SINGLE_MACRO.v:2170]
---------------------------------------------------------------------------------
Starting RTL Elaboration : Time (s): cpu = 00:00:02 ; elapsed = 00:00:03 . Memory (MB): peak = 3039.137 ; gain = 241.801 ; free physical = 92257 ; free virtual = 202633
Synthesis current peak Physical Memory [PSS] (MB): peak = 2626.635; parent = 2372.409; children = 254.226
Synthesis current peak Virtual Memory [VSS] (MB): peak = 4012.219; parent = 3039.141; children = 973.078
---------------------------------------------------------------------------------
INFO: [Synth 8-6157] synthesizing module 'dotprod' [/mnt/vault1/mfaroo19/reduction_tree/dot_product/runs/M100_W5_N4/design.sv:3]
INFO: [Synth 8-6155] done synthesizing module 'dotprod' (0#1) [/mnt/vault1/mfaroo19/reduction_tree/dot_product/runs/M100_W5_N4/design.sv:3]
---------------------------------------------------------------------------------
Finished RTL Elaboration : Time (s): cpu = 00:00:03 ; elapsed = 00:00:04 . Memory (MB): peak = 3124.105 ; gain = 326.770 ; free physical = 92165 ; free virtual = 202542
Synthesis current peak Physical Memory [PSS] (MB): peak = 2626.635; parent = 2372.409; children = 254.226
Synthesis current peak Virtual Memory [VSS] (MB): peak = 4097.188; parent = 3124.109; children = 973.078
---------------------------------------------------------------------------------
---------------------------------------------------------------------------------
Start Handling Custom Attributes
---------------------------------------------------------------------------------
---------------------------------------------------------------------------------
Finished Handling Custom Attributes : Time (s): cpu = 00:00:03 ; elapsed = 00:00:04 . Memory (MB): peak = 3141.918 ; gain = 344.582 ; free physical = 92166 ; free virtual = 202543
Synthesis current peak Physical Memory [PSS] (MB): peak = 2626.635; parent = 2372.409; children = 254.226
Synthesis current peak Virtual Memory [VSS] (MB): peak = 4115.000; parent = 3141.922; children = 973.078
---------------------------------------------------------------------------------
---------------------------------------------------------------------------------
Finished RTL Optimization Phase 1 : Time (s): cpu = 00:00:03 ; elapsed = 00:00:04 . Memory (MB): peak = 3141.918 ; gain = 344.582 ; free physical = 92158 ; free virtual = 202535
Synthesis current peak Physical Memory [PSS] (MB): peak = 2626.635; parent = 2372.409; children = 254.226
Synthesis current peak Virtual Memory [VSS] (MB): peak = 4115.000; parent = 3141.922; children = 973.078
---------------------------------------------------------------------------------
Netlist sorting complete. Time (s): cpu = 00:00:00.01 ; elapsed = 00:00:00.01 . Memory (MB): peak = 3141.918 ; gain = 0.000 ; free physical = 92171 ; free virtual = 202548
INFO: [Project 1-570] Preparing netlist for logic optimization

Processing XDC Constraints
Initializing timing engine
Parsing XDC File [/mnt/vault1/mfaroo19/reduction_tree/dot_product/runs/M100_W5_N4/design.xdc]
Finished Parsing XDC File [/mnt/vault1/mfaroo19/reduction_tree/dot_product/runs/M100_W5_N4/design.xdc]
Completed Processing XDC Constraints

Netlist sorting complete. Time (s): cpu = 00:00:00 ; elapsed = 00:00:00 . Memory (MB): peak = 3310.637 ; gain = 0.000 ; free physical = 92254 ; free virtual = 202631
INFO: [Project 1-111] Unisim Transformation Summary:
No Unisim elements were transformed.

Constraint Validation Runtime : Time (s): cpu = 00:00:00.02 ; elapsed = 00:00:00.01 . Memory (MB): peak = 3310.637 ; gain = 0.000 ; free physical = 92257 ; free virtual = 202633
INFO: [Synth 8-11241] undeclared symbol 'REGCCE', assumed default net type 'wire' [/mnt/vault1/kmhatre/Software/AMD/Vivado/2022.2/data/verilog/src/unimacro/BRAM_SINGLE_MACRO.v:2170]
---------------------------------------------------------------------------------
Finished Constraint Validation : Time (s): cpu = 00:00:10 ; elapsed = 00:00:12 . Memory (MB): peak = 3310.637 ; gain = 513.301 ; free physical = 92251 ; free virtual = 202628
Synthesis current peak Physical Memory [PSS] (MB): peak = 2638.049; parent = 2383.823; children = 254.226
Synthesis current peak Virtual Memory [VSS] (MB): peak = 4251.703; parent = 3278.625; children = 973.078
---------------------------------------------------------------------------------
---------------------------------------------------------------------------------
Start Loading Part and Timing Information
---------------------------------------------------------------------------------
Loading part: xczu7ev-ffvc1156-2-e
INFO: [Synth 8-6742] Reading net delay rules and data
---------------------------------------------------------------------------------
Finished Loading Part and Timing Information : Time (s): cpu = 00:00:10 ; elapsed = 00:00:12 . Memory (MB): peak = 3310.637 ; gain = 513.301 ; free physical = 92251 ; free virtual = 202628
Synthesis current peak Physical Memory [PSS] (MB): peak = 2638.049; parent = 2383.823; children = 254.226
Synthesis current peak Virtual Memory [VSS] (MB): peak = 4251.703; parent = 3278.625; children = 973.078
---------------------------------------------------------------------------------
---------------------------------------------------------------------------------
Start Applying 'set_property' XDC Constraints
---------------------------------------------------------------------------------
---------------------------------------------------------------------------------
Finished applying 'set_property' XDC Constraints : Time (s): cpu = 00:00:10 ; elapsed = 00:00:12 . Memory (MB): peak = 3310.637 ; gain = 513.301 ; free physical = 92253 ; free virtual = 202630
Synthesis current peak Physical Memory [PSS] (MB): peak = 2638.049; parent = 2383.823; children = 254.226
Synthesis current peak Virtual Memory [VSS] (MB): peak = 4251.703; parent = 3278.625; children = 973.078
---------------------------------------------------------------------------------
---------------------------------------------------------------------------------
Finished RTL Optimization Phase 2 : Time (s): cpu = 00:00:10 ; elapsed = 00:00:13 . Memory (MB): peak = 3310.637 ; gain = 513.301 ; free physical = 92261 ; free virtual = 202638
Synthesis current peak Physical Memory [PSS] (MB): peak = 2638.049; parent = 2383.823; children = 254.226
Synthesis current peak Virtual Memory [VSS] (MB): peak = 4251.703; parent = 3278.625; children = 973.078
---------------------------------------------------------------------------------
---------------------------------------------------------------------------------
Start RTL Component Statistics 
---------------------------------------------------------------------------------
Detailed RTL Component Info : 
+---Adders : 
	   2 Input   16 Bit       Adders := 49    
+---Registers : 
	               16 Bit    Registers := 52    
	               10 Bit    Registers := 50    
	                1 Bit    Registers := 7     
---------------------------------------------------------------------------------
Finished RTL Component Statistics 
---------------------------------------------------------------------------------
---------------------------------------------------------------------------------
Start Part Resource Summary
---------------------------------------------------------------------------------
Part Resources:
DSPs: 1728 (col length:144)
BRAMs: 624 (col length: RAMB18 144 RAMB36 72)
---------------------------------------------------------------------------------
Finished Part Resource Summary
---------------------------------------------------------------------------------
---------------------------------------------------------------------------------
Start Cross Boundary and Area Optimization
---------------------------------------------------------------------------------
WARNING: [Synth 8-7080] Parallel synthesis criteria is not met
---------------------------------------------------------------------------------
Finished Cross Boundary and Area Optimization : Time (s): cpu = 00:00:18 ; elapsed = 00:00:21 . Memory (MB): peak = 3310.637 ; gain = 513.301 ; free physical = 92397 ; free virtual = 202781
Synthesis current peak Physical Memory [PSS] (MB): peak = 2638.049; parent = 2383.823; children = 254.226
Synthesis current peak Virtual Memory [VSS] (MB): peak = 4251.703; parent = 3278.625; children = 973.078
---------------------------------------------------------------------------------
---------------------------------------------------------------------------------
Start Applying XDC Timing Constraints
---------------------------------------------------------------------------------
---------------------------------------------------------------------------------
Finished Applying XDC Timing Constraints : Time (s): cpu = 00:00:25 ; elapsed = 00:00:32 . Memory (MB): peak = 3686.980 ; gain = 889.645 ; free physical = 91963 ; free virtual = 202347
Synthesis current peak Physical Memory [PSS] (MB): peak = 3224.346; parent = 2970.151; children = 254.226
Synthesis current peak Virtual Memory [VSS] (MB): peak = 4660.062; parent = 3686.984; children = 973.078
---------------------------------------------------------------------------------
---------------------------------------------------------------------------------
Start Timing Optimization
---------------------------------------------------------------------------------
---------------------------------------------------------------------------------
Finished Timing Optimization : Time (s): cpu = 00:00:25 ; elapsed = 00:00:32 . Memory (MB): peak = 3692.980 ; gain = 895.645 ; free physical = 91964 ; free virtual = 202348
Synthesis current peak Physical Memory [PSS] (MB): peak = 3230.686; parent = 2976.491; children = 254.226
Synthesis current peak Virtual Memory [VSS] (MB): peak = 4666.062; parent = 3692.984; children = 973.078
---------------------------------------------------------------------------------
---------------------------------------------------------------------------------
Start Technology Mapping
---------------------------------------------------------------------------------
---------------------------------------------------------------------------------
Finished Technology Mapping : Time (s): cpu = 00:00:26 ; elapsed = 00:00:33 . Memory (MB): peak = 3815.020 ; gain = 1017.684 ; free physical = 91853 ; free virtual = 202237
Synthesis current peak Physical Memory [PSS] (MB): peak = 3240.010; parent = 2985.815; children = 254.226
Synthesis current peak Virtual Memory [VSS] (MB): peak = 4788.102; parent = 3815.023; children = 973.078
---------------------------------------------------------------------------------
---------------------------------------------------------------------------------
Start IO Insertion
---------------------------------------------------------------------------------
---------------------------------------------------------------------------------
Start Flattening Before IO Insertion
---------------------------------------------------------------------------------
---------------------------------------------------------------------------------
Finished Flattening Before IO Insertion
---------------------------------------------------------------------------------
---------------------------------------------------------------------------------
Start Final Netlist Cleanup
---------------------------------------------------------------------------------
---------------------------------------------------------------------------------
Finished Final Netlist Cleanup
---------------------------------------------------------------------------------
---------------------------------------------------------------------------------
Finished IO Insertion : Time (s): cpu = 00:00:29 ; elapsed = 00:00:36 . Memory (MB): peak = 3826.895 ; gain = 1029.559 ; free physical = 91908 ; free virtual = 202292
Synthesis current peak Physical Memory [PSS] (MB): peak = 3240.092; parent = 2985.897; children = 254.226
Synthesis current peak Virtual Memory [VSS] (MB): peak = 4799.977; parent = 3826.898; children = 973.078
---------------------------------------------------------------------------------
---------------------------------------------------------------------------------
Start Renaming Generated Instances
---------------------------------------------------------------------------------
---------------------------------------------------------------------------------
Finished Renaming Generated Instances : Time (s): cpu = 00:00:29 ; elapsed = 00:00:36 . Memory (MB): peak = 3826.895 ; gain = 1029.559 ; free physical = 91908 ; free virtual = 202292
Synthesis current peak Physical Memory [PSS] (MB): peak = 3240.092; parent = 2985.897; children = 254.226
Synthesis current peak Virtual Memory [VSS] (MB): peak = 4799.977; parent = 3826.898; children = 973.078
---------------------------------------------------------------------------------
---------------------------------------------------------------------------------
Start Rebuilding User Hierarchy
---------------------------------------------------------------------------------
---------------------------------------------------------------------------------
Finished Rebuilding User Hierarchy : Time (s): cpu = 00:00:29 ; elapsed = 00:00:36 . Memory (MB): peak = 3826.895 ; gain = 1029.559 ; free physical = 91918 ; free virtual = 202302
Synthesis current peak Physical Memory [PSS] (MB): peak = 3240.143; parent = 2985.948; children = 254.226
Synthesis current peak Virtual Memory [VSS] (MB): peak = 4799.977; parent = 3826.898; children = 973.078
---------------------------------------------------------------------------------
---------------------------------------------------------------------------------
Start Renaming Generated Ports
---------------------------------------------------------------------------------
---------------------------------------------------------------------------------
Finished Renaming Generated Ports : Time (s): cpu = 00:00:29 ; elapsed = 00:00:36 . Memory (MB): peak = 3826.895 ; gain = 1029.559 ; free physical = 91918 ; free virtual = 202302
Synthesis current peak Physical Memory [PSS] (MB): peak = 3240.221; parent = 2986.026; children = 254.226
Synthesis current peak Virtual Memory [VSS] (MB): peak = 4799.977; parent = 3826.898; children = 973.078
---------------------------------------------------------------------------------
---------------------------------------------------------------------------------
Start Handling Custom Attributes
---------------------------------------------------------------------------------
---------------------------------------------------------------------------------
Finished Handling Custom Attributes : Time (s): cpu = 00:00:29 ; elapsed = 00:00:36 . Memory (MB): peak = 3826.895 ; gain = 1029.559 ; free physical = 91918 ; free virtual = 202302
Synthesis current peak Physical Memory [PSS] (MB): peak = 3240.236; parent = 2986.042; children = 254.226
Synthesis current peak Virtual Memory [VSS] (MB): peak = 4799.977; parent = 3826.898; children = 973.078
---------------------------------------------------------------------------------
---------------------------------------------------------------------------------
Start Renaming Generated Nets
---------------------------------------------------------------------------------
---------------------------------------------------------------------------------
Finished Renaming Generated Nets : Time (s): cpu = 00:00:29 ; elapsed = 00:00:36 . Memory (MB): peak = 3826.895 ; gain = 1029.559 ; free physical = 91919 ; free virtual = 202303
Synthesis current peak Physical Memory [PSS] (MB): peak = 3240.252; parent = 2986.058; children = 254.226
Synthesis current peak Virtual Memory [VSS] (MB): peak = 4799.977; parent = 3826.898; children = 973.078
---------------------------------------------------------------------------------
---------------------------------------------------------------------------------
Start ROM, RAM, DSP, Shift Register and Retiming Reporting
---------------------------------------------------------------------------------

Static Shift Register Report:
+------------+-------------------+--------+-------+--------------+--------------------+-------------------+--------+---------+
|Module Name | RTL Name          | Length | Width | Reset Signal | Pull out first Reg | Pull out last Reg | SRL16E | SRLC32E | 
+------------+-------------------+--------+-------+--------------+--------------------+-------------------+--------+---------+
|dotprod     | stage5_reg[3][10] | 4      | 11    | YES          | NO                 | YES               | 11     | 0       | 
|dotprod     | vld_layer7_reg    | 7      | 1     | YES          | NO                 | YES               | 1      | 0       | 
+------------+-------------------+--------+-------+--------------+--------------------+-------------------+--------+---------+

---------------------------------------------------------------------------------
Finished ROM, RAM, DSP, Shift Register and Retiming Reporting
---------------------------------------------------------------------------------
---------------------------------------------------------------------------------
Start Writing Synthesis Report
---------------------------------------------------------------------------------

Report BlackBoxes: 
+-+--------------+----------+
| |BlackBox name |Instances |
+-+--------------+----------+
+-+--------------+----------+

Report Cell Usage: 
+------+-------+------+
|      |Cell   |Count |
+------+-------+------+
|1     |BUFG   |     1|
|2     |CARRY8 |   198|
|3     |LUT2   |   695|
|4     |LUT3   |   250|
|5     |LUT4   |   400|
|6     |LUT5   |   150|
|7     |LUT6   |  1600|
|8     |SRL16E |    12|
|9     |FDRE   |  1104|
|10    |IBUF   |   903|
|11    |OBUF   |    17|
+------+-------+------+
---------------------------------------------------------------------------------
Finished Writing Synthesis Report : Time (s): cpu = 00:00:29 ; elapsed = 00:00:36 . Memory (MB): peak = 3826.895 ; gain = 1029.559 ; free physical = 91923 ; free virtual = 202307
Synthesis current peak Physical Memory [PSS] (MB): peak = 3240.283; parent = 2986.089; children = 254.226
Synthesis current peak Virtual Memory [VSS] (MB): peak = 4799.977; parent = 3826.898; children = 973.078
---------------------------------------------------------------------------------
Synthesis finished with 0 errors, 0 critical warnings and 1 warnings.
Synthesis Optimization Runtime : Time (s): cpu = 00:00:25 ; elapsed = 00:00:32 . Memory (MB): peak = 3826.895 ; gain = 860.840 ; free physical = 91933 ; free virtual = 202317
Synthesis Optimization Complete : Time (s): cpu = 00:00:29 ; elapsed = 00:00:37 . Memory (MB): peak = 3826.902 ; gain = 1029.559 ; free physical = 91936 ; free virtual = 202320
INFO: [Project 1-571] Translating synthesized netlist
Netlist sorting complete. Time (s): cpu = 00:00:00.02 ; elapsed = 00:00:00.02 . Memory (MB): peak = 3837.863 ; gain = 0.000 ; free physical = 92076 ; free virtual = 202460
INFO: [Netlist 29-17] Analyzing 1102 Unisim elements for replacement
INFO: [Netlist 29-28] Unisim Transformation completed in 0 CPU seconds
WARNING: [Netlist 29-101] Netlist 'dotprod' is not ideal for floorplanning, since the cellview 'dotprod' contains a large number of primitives.  Please consider enabling hierarchy in synthesis if you want to do floorplanning.
INFO: [Project 1-570] Preparing netlist for logic optimization
Parsing XDC File [/mnt/vault1/mfaroo19/reduction_tree/dot_product/runs/M100_W5_N4/design.xdc]
Finished Parsing XDC File [/mnt/vault1/mfaroo19/reduction_tree/dot_product/runs/M100_W5_N4/design.xdc]
INFO: [Opt 31-138] Pushed 0 inverter(s) to 0 load pin(s).
Netlist sorting complete. Time (s): cpu = 00:00:00 ; elapsed = 00:00:00 . Memory (MB): peak = 3873.750 ; gain = 0.000 ; free physical = 92130 ; free virtual = 202514
INFO: [Project 1-111] Unisim Transformation Summary:
  A total of 904 instances were transformed.
  BUFG => BUFGCE: 1 instance 
  IBUF => IBUF (IBUFCTRL, INBUF): 903 instances

Synth Design complete, checksum: 8775fc76
INFO: [Common 17-83] Releasing license: Synthesis
19 Infos, 2 Warnings, 0 Critical Warnings and 0 Errors encountered.
synth_design completed successfully
synth_design: Time (s): cpu = 00:00:39 ; elapsed = 00:00:47 . Memory (MB): peak = 3873.750 ; gain = 2169.234 ; free physical = 92246 ; free virtual = 202630
# report_utilization -file /mnt/vault1/mfaroo19/reduction_tree/dot_product/runs/M100_W5_N4/util.rpt
# report_timing_summary -file /mnt/vault1/mfaroo19/reduction_tree/dot_product/runs/M100_W5_N4/timing.rpt
INFO: [Timing 38-35] Done setting XDC timing constraints.
INFO: [Timing 38-91] UpdateTimingParams: Speed grade: -2, Temperature grade: E, Delay Type: min_max.
INFO: [Timing 38-191] Multithreading enabled for timing update using a maximum of 8 CPUs
report_timing_summary: Time (s): cpu = 00:00:12 ; elapsed = 00:00:14 . Memory (MB): peak = 4763.652 ; gain = 889.902 ; free physical = 91834 ; free virtual = 202218
# exit
INFO: [Common 17-206] Exiting Vivado at Thu Nov  6 17:09:10 2025...
