
****** Vivado v2022.2 (64-bit)
  **** SW Build 3671981 on Fri Oct 14 04:59:54 MDT 2022
  **** IP Build 3669848 on Fri Oct 14 08:30:02 MDT 2022
    ** Copyright 1986-2022 Xilinx, Inc. All Rights Reserved.

source runs/M150_W6/run.tcl
# read_verilog -sv runs/M150_W6/sum_signed.sv
# read_xdc runs/M150_W6/sum_signed.xdc
# synth_design -top sum_signed -part xczu7ev-ffvc1156-2-e
Command: synth_design -top sum_signed -part xczu7ev-ffvc1156-2-e
Starting synth_design
Attempting to get a license for feature 'Synthesis' and/or device 'xczu7ev'
INFO: [Common 17-349] Got license for feature 'Synthesis' and/or device 'xczu7ev'
INFO: [Device 21-403] Loading part xczu7ev-ffvc1156-2-e
INFO: [Synth 8-7079] Multithreading enabled for synth_design using a maximum of 4 processes.
INFO: [Synth 8-7078] Launching helper process for spawning children vivado processes
INFO: [Synth 8-7075] Helper process launched with PID 2569230
INFO: [Synth 8-11241] undeclared symbol 'REGCCE', assumed default net type 'wire' [/mnt/vault1/kmhatre/Software/AMD/Vivado/2022.2/data/verilog/src/unimacro/BRAM_SINGLE_MACRO.v:2170]
---------------------------------------------------------------------------------
Starting RTL Elaboration : Time (s): cpu = 00:00:02 ; elapsed = 00:00:03 . Memory (MB): peak = 3039.109 ; gain = 241.801 ; free physical = 138331 ; free virtual = 209630
Synthesis current peak Physical Memory [PSS] (MB): peak = 2626.934; parent = 2372.825; children = 254.108
Synthesis current peak Virtual Memory [VSS] (MB): peak = 4012.188; parent = 3039.113; children = 973.074
---------------------------------------------------------------------------------
INFO: [Synth 8-6157] synthesizing module 'sum_signed' [/mnt/vault1/mfaroo19/reduction_tree/integrator/runs/M150_W6/sum_signed.sv:7]
INFO: [Synth 8-6155] done synthesizing module 'sum_signed' (0#1) [/mnt/vault1/mfaroo19/reduction_tree/integrator/runs/M150_W6/sum_signed.sv:7]
---------------------------------------------------------------------------------
Finished RTL Elaboration : Time (s): cpu = 00:00:03 ; elapsed = 00:00:04 . Memory (MB): peak = 3119.078 ; gain = 321.770 ; free physical = 138256 ; free virtual = 209556
Synthesis current peak Physical Memory [PSS] (MB): peak = 2626.934; parent = 2372.825; children = 254.108
Synthesis current peak Virtual Memory [VSS] (MB): peak = 4092.156; parent = 3119.082; children = 973.074
---------------------------------------------------------------------------------
---------------------------------------------------------------------------------
Start Handling Custom Attributes
---------------------------------------------------------------------------------
---------------------------------------------------------------------------------
Finished Handling Custom Attributes : Time (s): cpu = 00:00:04 ; elapsed = 00:00:04 . Memory (MB): peak = 3136.891 ; gain = 339.582 ; free physical = 138256 ; free virtual = 209556
Synthesis current peak Physical Memory [PSS] (MB): peak = 2626.934; parent = 2372.825; children = 254.108
Synthesis current peak Virtual Memory [VSS] (MB): peak = 4109.969; parent = 3136.895; children = 973.074
---------------------------------------------------------------------------------
---------------------------------------------------------------------------------
Finished RTL Optimization Phase 1 : Time (s): cpu = 00:00:04 ; elapsed = 00:00:04 . Memory (MB): peak = 3136.891 ; gain = 339.582 ; free physical = 138256 ; free virtual = 209556
Synthesis current peak Physical Memory [PSS] (MB): peak = 2626.934; parent = 2372.825; children = 254.108
Synthesis current peak Virtual Memory [VSS] (MB): peak = 4109.969; parent = 3136.895; children = 973.074
---------------------------------------------------------------------------------
Netlist sorting complete. Time (s): cpu = 00:00:00.01 ; elapsed = 00:00:00 . Memory (MB): peak = 3136.891 ; gain = 0.000 ; free physical = 138263 ; free virtual = 209563
INFO: [Project 1-570] Preparing netlist for logic optimization

Processing XDC Constraints
Initializing timing engine
Parsing XDC File [/mnt/vault1/mfaroo19/reduction_tree/integrator/runs/M150_W6/sum_signed.xdc]
Finished Parsing XDC File [/mnt/vault1/mfaroo19/reduction_tree/integrator/runs/M150_W6/sum_signed.xdc]
Completed Processing XDC Constraints

Netlist sorting complete. Time (s): cpu = 00:00:00 ; elapsed = 00:00:00 . Memory (MB): peak = 3306.609 ; gain = 0.000 ; free physical = 138363 ; free virtual = 209663
INFO: [Project 1-111] Unisim Transformation Summary:
No Unisim elements were transformed.

Constraint Validation Runtime : Time (s): cpu = 00:00:00.02 ; elapsed = 00:00:00.01 . Memory (MB): peak = 3306.609 ; gain = 0.000 ; free physical = 138375 ; free virtual = 209675
INFO: [Synth 8-11241] undeclared symbol 'REGCCE', assumed default net type 'wire' [/mnt/vault1/kmhatre/Software/AMD/Vivado/2022.2/data/verilog/src/unimacro/BRAM_SINGLE_MACRO.v:2170]
---------------------------------------------------------------------------------
Finished Constraint Validation : Time (s): cpu = 00:00:10 ; elapsed = 00:00:12 . Memory (MB): peak = 3306.609 ; gain = 509.301 ; free physical = 138402 ; free virtual = 209702
Synthesis current peak Physical Memory [PSS] (MB): peak = 2626.934; parent = 2372.825; children = 254.108
Synthesis current peak Virtual Memory [VSS] (MB): peak = 4247.672; parent = 3274.598; children = 973.074
---------------------------------------------------------------------------------
---------------------------------------------------------------------------------
Start Loading Part and Timing Information
---------------------------------------------------------------------------------
Loading part: xczu7ev-ffvc1156-2-e
INFO: [Synth 8-6742] Reading net delay rules and data
---------------------------------------------------------------------------------
Finished Loading Part and Timing Information : Time (s): cpu = 00:00:10 ; elapsed = 00:00:12 . Memory (MB): peak = 3306.609 ; gain = 509.301 ; free physical = 138402 ; free virtual = 209702
Synthesis current peak Physical Memory [PSS] (MB): peak = 2626.934; parent = 2372.825; children = 254.108
Synthesis current peak Virtual Memory [VSS] (MB): peak = 4247.672; parent = 3274.598; children = 973.074
---------------------------------------------------------------------------------
---------------------------------------------------------------------------------
Start Applying 'set_property' XDC Constraints
---------------------------------------------------------------------------------
---------------------------------------------------------------------------------
Finished applying 'set_property' XDC Constraints : Time (s): cpu = 00:00:10 ; elapsed = 00:00:12 . Memory (MB): peak = 3306.609 ; gain = 509.301 ; free physical = 138402 ; free virtual = 209702
Synthesis current peak Physical Memory [PSS] (MB): peak = 2626.934; parent = 2372.825; children = 254.108
Synthesis current peak Virtual Memory [VSS] (MB): peak = 4247.672; parent = 3274.598; children = 973.074
---------------------------------------------------------------------------------
---------------------------------------------------------------------------------
Finished RTL Optimization Phase 2 : Time (s): cpu = 00:00:10 ; elapsed = 00:00:12 . Memory (MB): peak = 3306.609 ; gain = 509.301 ; free physical = 138429 ; free virtual = 209729
Synthesis current peak Physical Memory [PSS] (MB): peak = 2626.934; parent = 2372.825; children = 254.108
Synthesis current peak Virtual Memory [VSS] (MB): peak = 4247.672; parent = 3274.598; children = 973.074
---------------------------------------------------------------------------------
---------------------------------------------------------------------------------
Start RTL Component Statistics 
---------------------------------------------------------------------------------
Detailed RTL Component Info : 
+---Adders : 
	   2 Input   14 Bit       Adders := 1     
	   2 Input   13 Bit       Adders := 1     
	   2 Input   12 Bit       Adders := 2     
	   2 Input   11 Bit       Adders := 5     
	   2 Input   10 Bit       Adders := 9     
	   2 Input    9 Bit       Adders := 19    
	   2 Input    8 Bit       Adders := 37    
	   2 Input    7 Bit       Adders := 75    
+---Registers : 
	               14 Bit    Registers := 1     
	               13 Bit    Registers := 1     
	               12 Bit    Registers := 2     
	               11 Bit    Registers := 7     
	               10 Bit    Registers := 9     
	                9 Bit    Registers := 20    
	                8 Bit    Registers := 37    
	                7 Bit    Registers := 76    
	                1 Bit    Registers := 8     
---------------------------------------------------------------------------------
Finished RTL Component Statistics 
---------------------------------------------------------------------------------
---------------------------------------------------------------------------------
Start Part Resource Summary
---------------------------------------------------------------------------------
Part Resources:
DSPs: 1728 (col length:144)
BRAMs: 624 (col length: RAMB18 144 RAMB36 72)
---------------------------------------------------------------------------------
Finished Part Resource Summary
---------------------------------------------------------------------------------
---------------------------------------------------------------------------------
Start Cross Boundary and Area Optimization
---------------------------------------------------------------------------------
WARNING: [Synth 8-7080] Parallel synthesis criteria is not met
---------------------------------------------------------------------------------
Finished Cross Boundary and Area Optimization : Time (s): cpu = 00:00:11 ; elapsed = 00:00:14 . Memory (MB): peak = 3306.609 ; gain = 509.301 ; free physical = 138448 ; free virtual = 209753
Synthesis current peak Physical Memory [PSS] (MB): peak = 2626.934; parent = 2372.825; children = 254.108
Synthesis current peak Virtual Memory [VSS] (MB): peak = 4247.672; parent = 3274.598; children = 973.074
---------------------------------------------------------------------------------
---------------------------------------------------------------------------------
Start Applying XDC Timing Constraints
---------------------------------------------------------------------------------
---------------------------------------------------------------------------------
Finished Applying XDC Timing Constraints : Time (s): cpu = 00:00:18 ; elapsed = 00:00:25 . Memory (MB): peak = 3669.984 ; gain = 872.676 ; free physical = 138080 ; free virtual = 209385
Synthesis current peak Physical Memory [PSS] (MB): peak = 3205.883; parent = 2951.806; children = 254.108
Synthesis current peak Virtual Memory [VSS] (MB): peak = 4643.062; parent = 3669.988; children = 973.074
---------------------------------------------------------------------------------
---------------------------------------------------------------------------------
Start Timing Optimization
---------------------------------------------------------------------------------
---------------------------------------------------------------------------------
Finished Timing Optimization : Time (s): cpu = 00:00:18 ; elapsed = 00:00:25 . Memory (MB): peak = 3674.984 ; gain = 877.676 ; free physical = 138070 ; free virtual = 209376
Synthesis current peak Physical Memory [PSS] (MB): peak = 3210.789; parent = 2956.712; children = 254.108
Synthesis current peak Virtual Memory [VSS] (MB): peak = 4648.062; parent = 3674.988; children = 973.074
---------------------------------------------------------------------------------
---------------------------------------------------------------------------------
Start Technology Mapping
---------------------------------------------------------------------------------
---------------------------------------------------------------------------------
Finished Technology Mapping : Time (s): cpu = 00:00:19 ; elapsed = 00:00:25 . Memory (MB): peak = 3694.016 ; gain = 896.707 ; free physical = 138062 ; free virtual = 209368
Synthesis current peak Physical Memory [PSS] (MB): peak = 3212.633; parent = 2958.556; children = 254.108
Synthesis current peak Virtual Memory [VSS] (MB): peak = 4667.094; parent = 3694.020; children = 973.074
---------------------------------------------------------------------------------
---------------------------------------------------------------------------------
Start IO Insertion
---------------------------------------------------------------------------------
---------------------------------------------------------------------------------
Start Flattening Before IO Insertion
---------------------------------------------------------------------------------
---------------------------------------------------------------------------------
Finished Flattening Before IO Insertion
---------------------------------------------------------------------------------
---------------------------------------------------------------------------------
Start Final Netlist Cleanup
---------------------------------------------------------------------------------
---------------------------------------------------------------------------------
Finished Final Netlist Cleanup
---------------------------------------------------------------------------------
---------------------------------------------------------------------------------
Finished IO Insertion : Time (s): cpu = 00:00:21 ; elapsed = 00:00:28 . Memory (MB): peak = 3700.953 ; gain = 903.645 ; free physical = 138092 ; free virtual = 209397
Synthesis current peak Physical Memory [PSS] (MB): peak = 3213.371; parent = 2959.294; children = 254.108
Synthesis current peak Virtual Memory [VSS] (MB): peak = 4674.031; parent = 3700.957; children = 973.074
---------------------------------------------------------------------------------
---------------------------------------------------------------------------------
Start Renaming Generated Instances
---------------------------------------------------------------------------------
---------------------------------------------------------------------------------
Finished Renaming Generated Instances : Time (s): cpu = 00:00:21 ; elapsed = 00:00:28 . Memory (MB): peak = 3700.953 ; gain = 903.645 ; free physical = 138092 ; free virtual = 209397
Synthesis current peak Physical Memory [PSS] (MB): peak = 3213.387; parent = 2959.310; children = 254.108
Synthesis current peak Virtual Memory [VSS] (MB): peak = 4674.031; parent = 3700.957; children = 973.074
---------------------------------------------------------------------------------
---------------------------------------------------------------------------------
Start Rebuilding User Hierarchy
---------------------------------------------------------------------------------
---------------------------------------------------------------------------------
Finished Rebuilding User Hierarchy : Time (s): cpu = 00:00:21 ; elapsed = 00:00:28 . Memory (MB): peak = 3700.953 ; gain = 903.645 ; free physical = 138098 ; free virtual = 209404
Synthesis current peak Physical Memory [PSS] (MB): peak = 3213.684; parent = 2959.606; children = 254.108
Synthesis current peak Virtual Memory [VSS] (MB): peak = 4674.031; parent = 3700.957; children = 973.074
---------------------------------------------------------------------------------
---------------------------------------------------------------------------------
Start Renaming Generated Ports
---------------------------------------------------------------------------------
---------------------------------------------------------------------------------
Finished Renaming Generated Ports : Time (s): cpu = 00:00:21 ; elapsed = 00:00:28 . Memory (MB): peak = 3700.953 ; gain = 903.645 ; free physical = 138098 ; free virtual = 209404
Synthesis current peak Physical Memory [PSS] (MB): peak = 3213.746; parent = 2959.669; children = 254.108
Synthesis current peak Virtual Memory [VSS] (MB): peak = 4674.031; parent = 3700.957; children = 973.074
---------------------------------------------------------------------------------
---------------------------------------------------------------------------------
Start Handling Custom Attributes
---------------------------------------------------------------------------------
---------------------------------------------------------------------------------
Finished Handling Custom Attributes : Time (s): cpu = 00:00:21 ; elapsed = 00:00:28 . Memory (MB): peak = 3700.953 ; gain = 903.645 ; free physical = 138098 ; free virtual = 209404
Synthesis current peak Physical Memory [PSS] (MB): peak = 3213.746; parent = 2959.669; children = 254.108
Synthesis current peak Virtual Memory [VSS] (MB): peak = 4674.031; parent = 3700.957; children = 973.074
---------------------------------------------------------------------------------
---------------------------------------------------------------------------------
Start Renaming Generated Nets
---------------------------------------------------------------------------------
---------------------------------------------------------------------------------
Finished Renaming Generated Nets : Time (s): cpu = 00:00:21 ; elapsed = 00:00:28 . Memory (MB): peak = 3700.953 ; gain = 903.645 ; free physical = 138106 ; free virtual = 209412
Synthesis current peak Physical Memory [PSS] (MB): peak = 3213.777; parent = 2959.700; children = 254.108
Synthesis current peak Virtual Memory [VSS] (MB): peak = 4674.031; parent = 3700.957; children = 973.074
---------------------------------------------------------------------------------
---------------------------------------------------------------------------------
Start Writing Synthesis Report
---------------------------------------------------------------------------------

Report BlackBoxes: 
+-+--------------+----------+
| |BlackBox name |Instances |
+-+--------------+----------+
+-+--------------+----------+

Report Cell Usage: 
+------+-------+------+
|      |Cell   |Count |
+------+-------+------+
|1     |BUFG   |     1|
|2     |CARRY8 |   186|
|3     |LUT1   |   149|
|4     |LUT2   |  1039|
|5     |FDRE   |  1234|
|6     |IBUF   |   903|
|7     |OBUF   |    15|
+------+-------+------+
---------------------------------------------------------------------------------
Finished Writing Synthesis Report : Time (s): cpu = 00:00:21 ; elapsed = 00:00:28 . Memory (MB): peak = 3700.953 ; gain = 903.645 ; free physical = 138114 ; free virtual = 209420
Synthesis current peak Physical Memory [PSS] (MB): peak = 3213.793; parent = 2959.716; children = 254.108
Synthesis current peak Virtual Memory [VSS] (MB): peak = 4674.031; parent = 3700.957; children = 973.074
---------------------------------------------------------------------------------
Synthesis finished with 0 errors, 0 critical warnings and 1 warnings.
Synthesis Optimization Runtime : Time (s): cpu = 00:00:18 ; elapsed = 00:00:25 . Memory (MB): peak = 3700.953 ; gain = 733.926 ; free physical = 138118 ; free virtual = 209424
Synthesis Optimization Complete : Time (s): cpu = 00:00:21 ; elapsed = 00:00:29 . Memory (MB): peak = 3700.961 ; gain = 903.645 ; free physical = 138118 ; free virtual = 209424
INFO: [Project 1-571] Translating synthesized netlist
Netlist sorting complete. Time (s): cpu = 00:00:00.02 ; elapsed = 00:00:00.01 . Memory (MB): peak = 3715.891 ; gain = 0.000 ; free physical = 138233 ; free virtual = 209539
INFO: [Netlist 29-17] Analyzing 1090 Unisim elements for replacement
INFO: [Netlist 29-28] Unisim Transformation completed in 0 CPU seconds
WARNING: [Netlist 29-101] Netlist 'sum_signed' is not ideal for floorplanning, since the cellview 'sum_signed' contains a large number of primitives.  Please consider enabling hierarchy in synthesis if you want to do floorplanning.
INFO: [Project 1-570] Preparing netlist for logic optimization
Parsing XDC File [/mnt/vault1/mfaroo19/reduction_tree/integrator/runs/M150_W6/sum_signed.xdc]
Finished Parsing XDC File [/mnt/vault1/mfaroo19/reduction_tree/integrator/runs/M150_W6/sum_signed.xdc]
INFO: [Opt 31-138] Pushed 0 inverter(s) to 0 load pin(s).
Netlist sorting complete. Time (s): cpu = 00:00:00 ; elapsed = 00:00:00.01 . Memory (MB): peak = 3765.453 ; gain = 0.000 ; free physical = 138225 ; free virtual = 209531
INFO: [Project 1-111] Unisim Transformation Summary:
  A total of 904 instances were transformed.
  BUFG => BUFGCE: 1 instance 
  IBUF => IBUF (IBUFCTRL, INBUF): 903 instances

Synth Design complete, checksum: d875ac5c
INFO: [Common 17-83] Releasing license: Synthesis
19 Infos, 2 Warnings, 0 Critical Warnings and 0 Errors encountered.
synth_design completed successfully
synth_design: Time (s): cpu = 00:00:31 ; elapsed = 00:00:39 . Memory (MB): peak = 3765.453 ; gain = 2060.934 ; free physical = 138282 ; free virtual = 209587
# report_utilization -file runs/M150_W6/util.rpt
# report_timing_summary -file runs/M150_W6/timing.rpt
INFO: [Timing 38-35] Done setting XDC timing constraints.
INFO: [Timing 38-91] UpdateTimingParams: Speed grade: -2, Temperature grade: E, Delay Type: min_max.
INFO: [Timing 38-191] Multithreading enabled for timing update using a maximum of 8 CPUs
report_timing_summary: Time (s): cpu = 00:00:11 ; elapsed = 00:00:14 . Memory (MB): peak = 4515.441 ; gain = 749.988 ; free physical = 137823 ; free virtual = 209128
# exit
INFO: [Common 17-206] Exiting Vivado at Tue Nov  4 17:36:58 2025...
