#-----------------------------------------------------------
# Vivado v2022.2 (64-bit)
# SW Build 3671981 on Fri Oct 14 04:59:54 MDT 2022
# IP Build 3669848 on Fri Oct 14 08:30:02 MDT 2022
# Start of session at: Tue Nov 11 07:26:08 2025
# Process ID: 3570854
# Current directory: /mnt/vault1/mfaroo19/quantum-net-final/latency-opt
# Command line: vivado -mode batch -source run.tcl -log vivado.log
# Log file: /mnt/vault1/mfaroo19/quantum-net-final/latency-opt/vivado.log
# Journal file: /mnt/vault1/mfaroo19/quantum-net-final/latency-opt/vivado.jou
# Running On: en4228283l, OS: Linux, CPU Frequency: 3699.326 MHz, CPU Physical cores: 32, Host memory: 269992 MB
#-----------------------------------------------------------
source run.tcl
# create_project lat-opt-classifier ./lat-opt-classifer -part xczu7ev-ffvc1156-2-e -force
# add_files -fileset sources_1 -norecurse ./readout_ip.sv ./sum_signed.sv
# add_files -fileset sources_1 -norecurse "./logicnets"
# set_property include_dirs "logicnets/" [current_fileset]
# read_xdc ./constraints.xdc
# set_property top nn_classifier_wrapper [current_fileset]
# launch_runs synth_1 -jobs 4
WARNING: [Vivado 12-7122] Auto Incremental Compile:: No reference checkpoint was found in run synth_1. Auto-incremental flow will not be run, the standard flow will be run instead.
[Tue Nov 11 07:26:17 2025] Launched synth_1...
Run output will be captured here: /mnt/vault1/mfaroo19/quantum-net-final/latency-opt/lat-opt-classifer/lat-opt-classifier.runs/synth_1/runme.log
# wait_on_run synth_1
[Tue Nov 11 07:26:17 2025] Waiting for synth_1 to finish...

*** Running vivado
    with args -log nn_classifier_wrapper.vds -m64 -product Vivado -mode batch -messageDb vivado.pb -notrace -source nn_classifier_wrapper.tcl

