#-----------------------------------------------------------
# Vivado v2022.2 (64-bit)
# SW Build 3671981 on Fri Oct 14 04:59:54 MDT 2022
# IP Build 3669848 on Fri Oct 14 08:30:02 MDT 2022
# Start of session at: Thu Nov  6 20:43:21 2025
# Process ID: 3759289
# Current directory: /mnt/vault1/mfaroo19/reduction_tree/dot_product/runs/M350_W6_N4
# Command line: vivado -mode batch -source /mnt/vault1/mfaroo19/reduction_tree/dot_product/runs/M350_W6_N4/run.tcl
# Log file: /mnt/vault1/mfaroo19/reduction_tree/dot_product/runs/M350_W6_N4/vivado.log
# Journal file: /mnt/vault1/mfaroo19/reduction_tree/dot_product/runs/M350_W6_N4/vivado.jou
# Running On: en4228283l, OS: Linux, CPU Frequency: 3691.608 MHz, CPU Physical cores: 32, Host memory: 269992 MB
#-----------------------------------------------------------
source /mnt/vault1/mfaroo19/reduction_tree/dot_product/runs/M350_W6_N4/run.tcl
# read_verilog -sv /mnt/vault1/mfaroo19/reduction_tree/dot_product/runs/M350_W6_N4/design.sv
# read_xdc /mnt/vault1/mfaroo19/reduction_tree/dot_product/runs/M350_W6_N4/design.xdc
# synth_design -top dotprod -part xczu7ev-ffvc1156-2-e
Command: synth_design -top dotprod -part xczu7ev-ffvc1156-2-e
Starting synth_design
Attempting to get a license for feature 'Synthesis' and/or device 'xczu7ev'
INFO: [Common 17-349] Got license for feature 'Synthesis' and/or device 'xczu7ev'
INFO: [Device 21-403] Loading part xczu7ev-ffvc1156-2-e
INFO: [Synth 8-7079] Multithreading enabled for synth_design using a maximum of 4 processes.
INFO: [Synth 8-7078] Launching helper process for spawning children vivado processes
INFO: [Synth 8-7075] Helper process launched with PID 3759346
INFO: [Synth 8-11241] undeclared symbol 'REGCCE', assumed default net type 'wire' [/mnt/vault1/kmhatre/Software/AMD/Vivado/2022.2/data/verilog/src/unimacro/BRAM_SINGLE_MACRO.v:2170]
---------------------------------------------------------------------------------
Starting RTL Elaboration : Time (s): cpu = 00:00:02 ; elapsed = 00:00:03 . Memory (MB): peak = 3039.234 ; gain = 241.801 ; free physical = 126929 ; free virtual = 230104
Synthesis current peak Physical Memory [PSS] (MB): peak = 2626.577; parent = 2372.452; children = 254.125
Synthesis current peak Virtual Memory [VSS] (MB): peak = 4012.316; parent = 3039.238; children = 973.078
---------------------------------------------------------------------------------
INFO: [Synth 8-6157] synthesizing module 'dotprod' [/mnt/vault1/mfaroo19/reduction_tree/dot_product/runs/M350_W6_N4/design.sv:3]
INFO: [Synth 8-6155] done synthesizing module 'dotprod' (0#1) [/mnt/vault1/mfaroo19/reduction_tree/dot_product/runs/M350_W6_N4/design.sv:3]
---------------------------------------------------------------------------------
Finished RTL Elaboration : Time (s): cpu = 00:00:04 ; elapsed = 00:00:05 . Memory (MB): peak = 3136.203 ; gain = 338.770 ; free physical = 126828 ; free virtual = 230004
Synthesis current peak Physical Memory [PSS] (MB): peak = 2626.577; parent = 2372.452; children = 254.125
Synthesis current peak Virtual Memory [VSS] (MB): peak = 4109.285; parent = 3136.207; children = 973.078
---------------------------------------------------------------------------------
---------------------------------------------------------------------------------
Start Handling Custom Attributes
---------------------------------------------------------------------------------
---------------------------------------------------------------------------------
Finished Handling Custom Attributes : Time (s): cpu = 00:00:04 ; elapsed = 00:00:05 . Memory (MB): peak = 3154.016 ; gain = 356.582 ; free physical = 126820 ; free virtual = 229996
Synthesis current peak Physical Memory [PSS] (MB): peak = 2626.577; parent = 2372.452; children = 254.125
Synthesis current peak Virtual Memory [VSS] (MB): peak = 4127.098; parent = 3154.020; children = 973.078
---------------------------------------------------------------------------------
---------------------------------------------------------------------------------
Finished RTL Optimization Phase 1 : Time (s): cpu = 00:00:04 ; elapsed = 00:00:05 . Memory (MB): peak = 3154.016 ; gain = 356.582 ; free physical = 126820 ; free virtual = 229996
Synthesis current peak Physical Memory [PSS] (MB): peak = 2626.577; parent = 2372.452; children = 254.125
Synthesis current peak Virtual Memory [VSS] (MB): peak = 4127.098; parent = 3154.020; children = 973.078
---------------------------------------------------------------------------------
Netlist sorting complete. Time (s): cpu = 00:00:00.04 ; elapsed = 00:00:00.04 . Memory (MB): peak = 3154.016 ; gain = 0.000 ; free physical = 126820 ; free virtual = 229996
INFO: [Project 1-570] Preparing netlist for logic optimization

Processing XDC Constraints
Initializing timing engine
Parsing XDC File [/mnt/vault1/mfaroo19/reduction_tree/dot_product/runs/M350_W6_N4/design.xdc]
Finished Parsing XDC File [/mnt/vault1/mfaroo19/reduction_tree/dot_product/runs/M350_W6_N4/design.xdc]
Completed Processing XDC Constraints

Netlist sorting complete. Time (s): cpu = 00:00:00 ; elapsed = 00:00:00 . Memory (MB): peak = 3319.734 ; gain = 0.000 ; free physical = 126867 ; free virtual = 230043
INFO: [Project 1-111] Unisim Transformation Summary:
No Unisim elements were transformed.

Constraint Validation Runtime : Time (s): cpu = 00:00:00.09 ; elapsed = 00:00:00.04 . Memory (MB): peak = 3319.734 ; gain = 0.000 ; free physical = 126867 ; free virtual = 230043
INFO: [Synth 8-11241] undeclared symbol 'REGCCE', assumed default net type 'wire' [/mnt/vault1/kmhatre/Software/AMD/Vivado/2022.2/data/verilog/src/unimacro/BRAM_SINGLE_MACRO.v:2170]
---------------------------------------------------------------------------------
Finished Constraint Validation : Time (s): cpu = 00:00:11 ; elapsed = 00:00:13 . Memory (MB): peak = 3319.734 ; gain = 522.301 ; free physical = 126949 ; free virtual = 230125
Synthesis current peak Physical Memory [PSS] (MB): peak = 2646.085; parent = 2391.960; children = 254.125
Synthesis current peak Virtual Memory [VSS] (MB): peak = 4260.801; parent = 3287.723; children = 973.078
---------------------------------------------------------------------------------
---------------------------------------------------------------------------------
Start Loading Part and Timing Information
---------------------------------------------------------------------------------
Loading part: xczu7ev-ffvc1156-2-e
INFO: [Synth 8-6742] Reading net delay rules and data
---------------------------------------------------------------------------------
Finished Loading Part and Timing Information : Time (s): cpu = 00:00:11 ; elapsed = 00:00:13 . Memory (MB): peak = 3319.734 ; gain = 522.301 ; free physical = 126949 ; free virtual = 230125
Synthesis current peak Physical Memory [PSS] (MB): peak = 2646.085; parent = 2391.960; children = 254.125
Synthesis current peak Virtual Memory [VSS] (MB): peak = 4260.801; parent = 3287.723; children = 973.078
---------------------------------------------------------------------------------
---------------------------------------------------------------------------------
Start Applying 'set_property' XDC Constraints
---------------------------------------------------------------------------------
---------------------------------------------------------------------------------
Finished applying 'set_property' XDC Constraints : Time (s): cpu = 00:00:11 ; elapsed = 00:00:13 . Memory (MB): peak = 3319.734 ; gain = 522.301 ; free physical = 126949 ; free virtual = 230125
Synthesis current peak Physical Memory [PSS] (MB): peak = 2646.085; parent = 2391.960; children = 254.125
Synthesis current peak Virtual Memory [VSS] (MB): peak = 4260.801; parent = 3287.723; children = 973.078
---------------------------------------------------------------------------------
---------------------------------------------------------------------------------
Finished RTL Optimization Phase 2 : Time (s): cpu = 00:00:12 ; elapsed = 00:00:14 . Memory (MB): peak = 3319.734 ; gain = 522.301 ; free physical = 126971 ; free virtual = 230148
Synthesis current peak Physical Memory [PSS] (MB): peak = 2646.085; parent = 2391.960; children = 254.125
Synthesis current peak Virtual Memory [VSS] (MB): peak = 4260.801; parent = 3287.723; children = 973.078
---------------------------------------------------------------------------------
---------------------------------------------------------------------------------
Start RTL Component Statistics 
---------------------------------------------------------------------------------
Detailed RTL Component Info : 
+---Adders : 
	   2 Input   19 Bit       Adders := 174   
+---Registers : 
	               19 Bit    Registers := 176   
	               11 Bit    Registers := 176   
	                1 Bit    Registers := 9     
---------------------------------------------------------------------------------
Finished RTL Component Statistics 
---------------------------------------------------------------------------------
---------------------------------------------------------------------------------
Start Part Resource Summary
---------------------------------------------------------------------------------
Part Resources:
DSPs: 1728 (col length:144)
BRAMs: 624 (col length: RAMB18 144 RAMB36 72)
---------------------------------------------------------------------------------
Finished Part Resource Summary
---------------------------------------------------------------------------------
---------------------------------------------------------------------------------
Start Cross Boundary and Area Optimization
---------------------------------------------------------------------------------
WARNING: [Synth 8-7080] Parallel synthesis criteria is not met
---------------------------------------------------------------------------------
Finished Cross Boundary and Area Optimization : Time (s): cpu = 00:00:25 ; elapsed = 00:00:29 . Memory (MB): peak = 3319.734 ; gain = 522.301 ; free physical = 130056 ; free virtual = 233246
Synthesis current peak Physical Memory [PSS] (MB): peak = 2661.151; parent = 2407.058; children = 254.125
Synthesis current peak Virtual Memory [VSS] (MB): peak = 4260.801; parent = 3287.723; children = 973.078
---------------------------------------------------------------------------------
---------------------------------------------------------------------------------
Start Applying XDC Timing Constraints
---------------------------------------------------------------------------------
---------------------------------------------------------------------------------
Finished Applying XDC Timing Constraints : Time (s): cpu = 00:00:33 ; elapsed = 00:00:40 . Memory (MB): peak = 3707.078 ; gain = 909.645 ; free physical = 129537 ; free virtual = 232727
Synthesis current peak Physical Memory [PSS] (MB): peak = 3244.450; parent = 2990.358; children = 254.125
Synthesis current peak Virtual Memory [VSS] (MB): peak = 4680.160; parent = 3707.082; children = 973.078
---------------------------------------------------------------------------------
---------------------------------------------------------------------------------
Start Timing Optimization
---------------------------------------------------------------------------------
---------------------------------------------------------------------------------
Finished Timing Optimization : Time (s): cpu = 00:00:33 ; elapsed = 00:00:41 . Memory (MB): peak = 3733.078 ; gain = 935.645 ; free physical = 129520 ; free virtual = 232710
Synthesis current peak Physical Memory [PSS] (MB): peak = 3266.976; parent = 3012.882; children = 254.125
Synthesis current peak Virtual Memory [VSS] (MB): peak = 4706.160; parent = 3733.082; children = 973.078
---------------------------------------------------------------------------------
---------------------------------------------------------------------------------
Start Technology Mapping
---------------------------------------------------------------------------------
---------------------------------------------------------------------------------
Finished Technology Mapping : Time (s): cpu = 00:00:36 ; elapsed = 00:00:45 . Memory (MB): peak = 3976.102 ; gain = 1178.668 ; free physical = 129265 ; free virtual = 232455
Synthesis current peak Physical Memory [PSS] (MB): peak = 3282.915; parent = 3028.823; children = 254.125
Synthesis current peak Virtual Memory [VSS] (MB): peak = 4949.184; parent = 3976.105; children = 973.078
---------------------------------------------------------------------------------
---------------------------------------------------------------------------------
Start IO Insertion
---------------------------------------------------------------------------------
---------------------------------------------------------------------------------
Start Flattening Before IO Insertion
---------------------------------------------------------------------------------
---------------------------------------------------------------------------------
Finished Flattening Before IO Insertion
---------------------------------------------------------------------------------
---------------------------------------------------------------------------------
Start Final Netlist Cleanup
---------------------------------------------------------------------------------
---------------------------------------------------------------------------------
Finished Final Netlist Cleanup
---------------------------------------------------------------------------------
---------------------------------------------------------------------------------
Finished IO Insertion : Time (s): cpu = 00:00:39 ; elapsed = 00:00:48 . Memory (MB): peak = 3976.102 ; gain = 1178.668 ; free physical = 129286 ; free virtual = 232476
Synthesis current peak Physical Memory [PSS] (MB): peak = 3283.946; parent = 3029.854; children = 254.125
Synthesis current peak Virtual Memory [VSS] (MB): peak = 4949.184; parent = 3976.105; children = 973.078
---------------------------------------------------------------------------------
---------------------------------------------------------------------------------
Start Renaming Generated Instances
---------------------------------------------------------------------------------
---------------------------------------------------------------------------------
Finished Renaming Generated Instances : Time (s): cpu = 00:00:39 ; elapsed = 00:00:48 . Memory (MB): peak = 3976.102 ; gain = 1178.668 ; free physical = 129286 ; free virtual = 232476
Synthesis current peak Physical Memory [PSS] (MB): peak = 3284.001; parent = 3029.909; children = 254.125
Synthesis current peak Virtual Memory [VSS] (MB): peak = 4949.184; parent = 3976.105; children = 973.078
---------------------------------------------------------------------------------
---------------------------------------------------------------------------------
Start Rebuilding User Hierarchy
---------------------------------------------------------------------------------
---------------------------------------------------------------------------------
Finished Rebuilding User Hierarchy : Time (s): cpu = 00:00:40 ; elapsed = 00:00:48 . Memory (MB): peak = 3976.102 ; gain = 1178.668 ; free physical = 129287 ; free virtual = 232477
Synthesis current peak Physical Memory [PSS] (MB): peak = 3284.001; parent = 3029.909; children = 254.125
Synthesis current peak Virtual Memory [VSS] (MB): peak = 4949.184; parent = 3976.105; children = 973.078
---------------------------------------------------------------------------------
---------------------------------------------------------------------------------
Start Renaming Generated Ports
---------------------------------------------------------------------------------
---------------------------------------------------------------------------------
Finished Renaming Generated Ports : Time (s): cpu = 00:00:40 ; elapsed = 00:00:48 . Memory (MB): peak = 3976.102 ; gain = 1178.668 ; free physical = 129287 ; free virtual = 232477
Synthesis current peak Physical Memory [PSS] (MB): peak = 3284.001; parent = 3029.909; children = 254.125
Synthesis current peak Virtual Memory [VSS] (MB): peak = 4949.184; parent = 3976.105; children = 973.078
---------------------------------------------------------------------------------
---------------------------------------------------------------------------------
Start Handling Custom Attributes
---------------------------------------------------------------------------------
---------------------------------------------------------------------------------
Finished Handling Custom Attributes : Time (s): cpu = 00:00:40 ; elapsed = 00:00:49 . Memory (MB): peak = 3976.102 ; gain = 1178.668 ; free physical = 129288 ; free virtual = 232478
Synthesis current peak Physical Memory [PSS] (MB): peak = 3284.634; parent = 3030.542; children = 254.125
Synthesis current peak Virtual Memory [VSS] (MB): peak = 4949.184; parent = 3976.105; children = 973.078
---------------------------------------------------------------------------------
---------------------------------------------------------------------------------
Start Renaming Generated Nets
---------------------------------------------------------------------------------
---------------------------------------------------------------------------------
Finished Renaming Generated Nets : Time (s): cpu = 00:00:40 ; elapsed = 00:00:49 . Memory (MB): peak = 3976.102 ; gain = 1178.668 ; free physical = 129289 ; free virtual = 232479
Synthesis current peak Physical Memory [PSS] (MB): peak = 3284.649; parent = 3030.558; children = 254.125
Synthesis current peak Virtual Memory [VSS] (MB): peak = 4949.184; parent = 3976.105; children = 973.078
---------------------------------------------------------------------------------
---------------------------------------------------------------------------------
Start Writing Synthesis Report
---------------------------------------------------------------------------------

Report BlackBoxes: 
+-+--------------+----------+
| |BlackBox name |Instances |
+-+--------------+----------+
+-+--------------+----------+

Report Cell Usage: 
+------+-------+------+
|      |Cell   |Count |
+------+-------+------+
|1     |BUFG   |     1|
|2     |CARRY8 |  1403|
|3     |LUT2   |  5930|
|4     |LUT4   |  1750|
|5     |LUT5   |   350|
|6     |LUT6   |  5600|
|7     |FDRE   |  4234|
|8     |IBUF   |  3503|
|9     |OBUF   |    20|
+------+-------+------+
---------------------------------------------------------------------------------
Finished Writing Synthesis Report : Time (s): cpu = 00:00:40 ; elapsed = 00:00:49 . Memory (MB): peak = 3976.102 ; gain = 1178.668 ; free physical = 129289 ; free virtual = 232479
Synthesis current peak Physical Memory [PSS] (MB): peak = 3284.665; parent = 3030.573; children = 254.125
Synthesis current peak Virtual Memory [VSS] (MB): peak = 4949.184; parent = 3976.105; children = 973.078
---------------------------------------------------------------------------------
Synthesis finished with 0 errors, 0 critical warnings and 1 warnings.
Synthesis Optimization Runtime : Time (s): cpu = 00:00:36 ; elapsed = 00:00:45 . Memory (MB): peak = 3976.102 ; gain = 1012.949 ; free physical = 129329 ; free virtual = 232519
Synthesis Optimization Complete : Time (s): cpu = 00:00:40 ; elapsed = 00:00:49 . Memory (MB): peak = 3976.109 ; gain = 1178.668 ; free physical = 129324 ; free virtual = 232514
INFO: [Project 1-571] Translating synthesized netlist
Netlist sorting complete. Time (s): cpu = 00:00:00.1 ; elapsed = 00:00:00.09 . Memory (MB): peak = 3976.109 ; gain = 0.000 ; free physical = 129441 ; free virtual = 232631
INFO: [Netlist 29-17] Analyzing 4907 Unisim elements for replacement
INFO: [Netlist 29-28] Unisim Transformation completed in 0 CPU seconds
WARNING: [Netlist 29-101] Netlist 'dotprod' is not ideal for floorplanning, since the cellview 'dotprod' contains a large number of primitives.  Please consider enabling hierarchy in synthesis if you want to do floorplanning.
INFO: [Project 1-570] Preparing netlist for logic optimization
Parsing XDC File [/mnt/vault1/mfaroo19/reduction_tree/dot_product/runs/M350_W6_N4/design.xdc]
Finished Parsing XDC File [/mnt/vault1/mfaroo19/reduction_tree/dot_product/runs/M350_W6_N4/design.xdc]
INFO: [Opt 31-138] Pushed 0 inverter(s) to 0 load pin(s).
Netlist sorting complete. Time (s): cpu = 00:00:00 ; elapsed = 00:00:00.01 . Memory (MB): peak = 4000.113 ; gain = 0.000 ; free physical = 129217 ; free virtual = 232407
INFO: [Project 1-111] Unisim Transformation Summary:
  A total of 3504 instances were transformed.
  BUFG => BUFGCE: 1 instance 
  IBUF => IBUF (IBUFCTRL, INBUF): 3503 instances

Synth Design complete, checksum: 74e66503
INFO: [Common 17-83] Releasing license: Synthesis
19 Infos, 2 Warnings, 0 Critical Warnings and 0 Errors encountered.
synth_design completed successfully
synth_design: Time (s): cpu = 00:00:52 ; elapsed = 00:01:01 . Memory (MB): peak = 4000.113 ; gain = 2295.500 ; free physical = 129242 ; free virtual = 232432
# report_utilization -file /mnt/vault1/mfaroo19/reduction_tree/dot_product/runs/M350_W6_N4/util.rpt
# report_timing_summary -file /mnt/vault1/mfaroo19/reduction_tree/dot_product/runs/M350_W6_N4/timing.rpt
INFO: [Timing 38-35] Done setting XDC timing constraints.
INFO: [Timing 38-91] UpdateTimingParams: Speed grade: -2, Temperature grade: E, Delay Type: min_max.
INFO: [Timing 38-191] Multithreading enabled for timing update using a maximum of 8 CPUs
report_timing_summary: Time (s): cpu = 00:00:15 ; elapsed = 00:00:15 . Memory (MB): peak = 4616.625 ; gain = 616.512 ; free physical = 125279 ; free virtual = 228564
# exit
INFO: [Common 17-206] Exiting Vivado at Thu Nov  6 20:44:45 2025...
