
****** Vivado v2022.2 (64-bit)
  **** SW Build 3671981 on Fri Oct 14 04:59:54 MDT 2022
  **** IP Build 3669848 on Fri Oct 14 08:30:02 MDT 2022
    ** Copyright 1986-2022 Xilinx, Inc. All Rights Reserved.

source runs/M250_W10/run.tcl
# read_verilog -sv runs/M250_W10/sum_signed.sv
# read_xdc runs/M250_W10/sum_signed.xdc
# synth_design -top sum_signed -part xczu7ev-ffvc1156-2-e
Command: synth_design -top sum_signed -part xczu7ev-ffvc1156-2-e
Starting synth_design
Attempting to get a license for feature 'Synthesis' and/or device 'xczu7ev'
INFO: [Common 17-349] Got license for feature 'Synthesis' and/or device 'xczu7ev'
INFO: [Device 21-403] Loading part xczu7ev-ffvc1156-2-e
INFO: [Synth 8-7079] Multithreading enabled for synth_design using a maximum of 4 processes.
INFO: [Synth 8-7078] Launching helper process for spawning children vivado processes
INFO: [Synth 8-7075] Helper process launched with PID 2581545
INFO: [Synth 8-11241] undeclared symbol 'REGCCE', assumed default net type 'wire' [/mnt/vault1/kmhatre/Software/AMD/Vivado/2022.2/data/verilog/src/unimacro/BRAM_SINGLE_MACRO.v:2170]
---------------------------------------------------------------------------------
Starting RTL Elaboration : Time (s): cpu = 00:00:02 ; elapsed = 00:00:03 . Memory (MB): peak = 3039.109 ; gain = 241.801 ; free physical = 138239 ; free virtual = 209659
Synthesis current peak Physical Memory [PSS] (MB): peak = 2627.305; parent = 2373.168; children = 254.137
Synthesis current peak Virtual Memory [VSS] (MB): peak = 4012.188; parent = 3039.113; children = 973.074
---------------------------------------------------------------------------------
INFO: [Synth 8-6157] synthesizing module 'sum_signed' [/mnt/vault1/mfaroo19/reduction_tree/integrator/runs/M250_W10/sum_signed.sv:7]
INFO: [Synth 8-6155] done synthesizing module 'sum_signed' (0#1) [/mnt/vault1/mfaroo19/reduction_tree/integrator/runs/M250_W10/sum_signed.sv:7]
---------------------------------------------------------------------------------
Finished RTL Elaboration : Time (s): cpu = 00:00:04 ; elapsed = 00:00:04 . Memory (MB): peak = 3114.078 ; gain = 316.770 ; free physical = 138181 ; free virtual = 209602
Synthesis current peak Physical Memory [PSS] (MB): peak = 2627.305; parent = 2373.168; children = 254.137
Synthesis current peak Virtual Memory [VSS] (MB): peak = 4087.156; parent = 3114.082; children = 973.074
---------------------------------------------------------------------------------
---------------------------------------------------------------------------------
Start Handling Custom Attributes
---------------------------------------------------------------------------------
---------------------------------------------------------------------------------
Finished Handling Custom Attributes : Time (s): cpu = 00:00:04 ; elapsed = 00:00:05 . Memory (MB): peak = 3131.891 ; gain = 334.582 ; free physical = 138190 ; free virtual = 209611
Synthesis current peak Physical Memory [PSS] (MB): peak = 2627.305; parent = 2373.168; children = 254.137
Synthesis current peak Virtual Memory [VSS] (MB): peak = 4104.969; parent = 3131.895; children = 973.074
---------------------------------------------------------------------------------
---------------------------------------------------------------------------------
Finished RTL Optimization Phase 1 : Time (s): cpu = 00:00:04 ; elapsed = 00:00:05 . Memory (MB): peak = 3131.891 ; gain = 334.582 ; free physical = 138191 ; free virtual = 209612
Synthesis current peak Physical Memory [PSS] (MB): peak = 2627.305; parent = 2373.168; children = 254.137
Synthesis current peak Virtual Memory [VSS] (MB): peak = 4104.969; parent = 3131.895; children = 973.074
---------------------------------------------------------------------------------
Netlist sorting complete. Time (s): cpu = 00:00:00.02 ; elapsed = 00:00:00.01 . Memory (MB): peak = 3131.891 ; gain = 0.000 ; free physical = 138202 ; free virtual = 209622
INFO: [Project 1-570] Preparing netlist for logic optimization

Processing XDC Constraints
Initializing timing engine
Parsing XDC File [/mnt/vault1/mfaroo19/reduction_tree/integrator/runs/M250_W10/sum_signed.xdc]
Finished Parsing XDC File [/mnt/vault1/mfaroo19/reduction_tree/integrator/runs/M250_W10/sum_signed.xdc]
Completed Processing XDC Constraints

Netlist sorting complete. Time (s): cpu = 00:00:00 ; elapsed = 00:00:00 . Memory (MB): peak = 3303.578 ; gain = 0.000 ; free physical = 138336 ; free virtual = 209757
INFO: [Project 1-111] Unisim Transformation Summary:
No Unisim elements were transformed.

Constraint Validation Runtime : Time (s): cpu = 00:00:00.04 ; elapsed = 00:00:00.02 . Memory (MB): peak = 3303.578 ; gain = 0.000 ; free physical = 138344 ; free virtual = 209764
INFO: [Synth 8-11241] undeclared symbol 'REGCCE', assumed default net type 'wire' [/mnt/vault1/kmhatre/Software/AMD/Vivado/2022.2/data/verilog/src/unimacro/BRAM_SINGLE_MACRO.v:2170]
---------------------------------------------------------------------------------
Finished Constraint Validation : Time (s): cpu = 00:00:10 ; elapsed = 00:00:12 . Memory (MB): peak = 3303.578 ; gain = 506.270 ; free physical = 138385 ; free virtual = 209806
Synthesis current peak Physical Memory [PSS] (MB): peak = 2639.988; parent = 2385.852; children = 254.137
Synthesis current peak Virtual Memory [VSS] (MB): peak = 4244.641; parent = 3271.566; children = 973.074
---------------------------------------------------------------------------------
---------------------------------------------------------------------------------
Start Loading Part and Timing Information
---------------------------------------------------------------------------------
Loading part: xczu7ev-ffvc1156-2-e
INFO: [Synth 8-6742] Reading net delay rules and data
---------------------------------------------------------------------------------
Finished Loading Part and Timing Information : Time (s): cpu = 00:00:10 ; elapsed = 00:00:12 . Memory (MB): peak = 3303.578 ; gain = 506.270 ; free physical = 138385 ; free virtual = 209806
Synthesis current peak Physical Memory [PSS] (MB): peak = 2639.988; parent = 2385.852; children = 254.137
Synthesis current peak Virtual Memory [VSS] (MB): peak = 4244.641; parent = 3271.566; children = 973.074
---------------------------------------------------------------------------------
---------------------------------------------------------------------------------
Start Applying 'set_property' XDC Constraints
---------------------------------------------------------------------------------
---------------------------------------------------------------------------------
Finished applying 'set_property' XDC Constraints : Time (s): cpu = 00:00:10 ; elapsed = 00:00:12 . Memory (MB): peak = 3303.578 ; gain = 506.270 ; free physical = 138385 ; free virtual = 209806
Synthesis current peak Physical Memory [PSS] (MB): peak = 2639.988; parent = 2385.852; children = 254.137
Synthesis current peak Virtual Memory [VSS] (MB): peak = 4244.641; parent = 3271.566; children = 973.074
---------------------------------------------------------------------------------
---------------------------------------------------------------------------------
Finished RTL Optimization Phase 2 : Time (s): cpu = 00:00:11 ; elapsed = 00:00:13 . Memory (MB): peak = 3303.578 ; gain = 506.270 ; free physical = 138408 ; free virtual = 209830
Synthesis current peak Physical Memory [PSS] (MB): peak = 2639.988; parent = 2385.852; children = 254.137
Synthesis current peak Virtual Memory [VSS] (MB): peak = 4244.641; parent = 3271.566; children = 973.074
---------------------------------------------------------------------------------
---------------------------------------------------------------------------------
Start RTL Component Statistics 
---------------------------------------------------------------------------------
Detailed RTL Component Info : 
+---Adders : 
	   2 Input   18 Bit       Adders := 1     
	   2 Input   17 Bit       Adders := 2     
	   2 Input   16 Bit       Adders := 4     
	   2 Input   15 Bit       Adders := 8     
	   2 Input   14 Bit       Adders := 16    
	   2 Input   13 Bit       Adders := 31    
	   2 Input   12 Bit       Adders := 62    
	   2 Input   11 Bit       Adders := 125   
+---Registers : 
	               18 Bit    Registers := 1     
	               17 Bit    Registers := 2     
	               16 Bit    Registers := 4     
	               15 Bit    Registers := 8     
	               14 Bit    Registers := 16    
	               13 Bit    Registers := 31    
	               12 Bit    Registers := 62    
	               11 Bit    Registers := 127   
	                1 Bit    Registers := 8     
---------------------------------------------------------------------------------
Finished RTL Component Statistics 
---------------------------------------------------------------------------------
---------------------------------------------------------------------------------
Start Part Resource Summary
---------------------------------------------------------------------------------
Part Resources:
DSPs: 1728 (col length:144)
BRAMs: 624 (col length: RAMB18 144 RAMB36 72)
---------------------------------------------------------------------------------
Finished Part Resource Summary
---------------------------------------------------------------------------------
---------------------------------------------------------------------------------
Start Cross Boundary and Area Optimization
---------------------------------------------------------------------------------
WARNING: [Synth 8-7080] Parallel synthesis criteria is not met
---------------------------------------------------------------------------------
Finished Cross Boundary and Area Optimization : Time (s): cpu = 00:00:12 ; elapsed = 00:00:15 . Memory (MB): peak = 3303.578 ; gain = 506.270 ; free physical = 138416 ; free virtual = 209844
Synthesis current peak Physical Memory [PSS] (MB): peak = 2639.988; parent = 2385.852; children = 254.137
Synthesis current peak Virtual Memory [VSS] (MB): peak = 4244.641; parent = 3271.566; children = 973.074
---------------------------------------------------------------------------------
---------------------------------------------------------------------------------
Start Applying XDC Timing Constraints
---------------------------------------------------------------------------------
---------------------------------------------------------------------------------
Finished Applying XDC Timing Constraints : Time (s): cpu = 00:00:19 ; elapsed = 00:00:26 . Memory (MB): peak = 3673.891 ; gain = 876.582 ; free physical = 138057 ; free virtual = 209485
Synthesis current peak Physical Memory [PSS] (MB): peak = 3210.461; parent = 2956.355; children = 254.137
Synthesis current peak Virtual Memory [VSS] (MB): peak = 4646.969; parent = 3673.895; children = 973.074
---------------------------------------------------------------------------------
---------------------------------------------------------------------------------
Start Timing Optimization
---------------------------------------------------------------------------------
---------------------------------------------------------------------------------
Finished Timing Optimization : Time (s): cpu = 00:00:19 ; elapsed = 00:00:27 . Memory (MB): peak = 3686.891 ; gain = 889.582 ; free physical = 138051 ; free virtual = 209479
Synthesis current peak Physical Memory [PSS] (MB): peak = 3222.105; parent = 2968.000; children = 254.137
Synthesis current peak Virtual Memory [VSS] (MB): peak = 4659.969; parent = 3686.895; children = 973.074
---------------------------------------------------------------------------------
---------------------------------------------------------------------------------
Start Technology Mapping
---------------------------------------------------------------------------------
---------------------------------------------------------------------------------
Finished Technology Mapping : Time (s): cpu = 00:00:20 ; elapsed = 00:00:27 . Memory (MB): peak = 3705.922 ; gain = 908.613 ; free physical = 138039 ; free virtual = 209467
Synthesis current peak Physical Memory [PSS] (MB): peak = 3226.578; parent = 2972.473; children = 254.137
Synthesis current peak Virtual Memory [VSS] (MB): peak = 4679.000; parent = 3705.926; children = 973.074
---------------------------------------------------------------------------------
---------------------------------------------------------------------------------
Start IO Insertion
---------------------------------------------------------------------------------
---------------------------------------------------------------------------------
Start Flattening Before IO Insertion
---------------------------------------------------------------------------------
---------------------------------------------------------------------------------
Finished Flattening Before IO Insertion
---------------------------------------------------------------------------------
---------------------------------------------------------------------------------
Start Final Netlist Cleanup
---------------------------------------------------------------------------------
---------------------------------------------------------------------------------
Finished Final Netlist Cleanup
---------------------------------------------------------------------------------
---------------------------------------------------------------------------------
Finished IO Insertion : Time (s): cpu = 00:00:23 ; elapsed = 00:00:30 . Memory (MB): peak = 3717.828 ; gain = 920.520 ; free physical = 138073 ; free virtual = 209501
Synthesis current peak Physical Memory [PSS] (MB): peak = 3227.387; parent = 2973.281; children = 254.137
Synthesis current peak Virtual Memory [VSS] (MB): peak = 4690.906; parent = 3717.832; children = 973.074
---------------------------------------------------------------------------------
---------------------------------------------------------------------------------
Start Renaming Generated Instances
---------------------------------------------------------------------------------
---------------------------------------------------------------------------------
Finished Renaming Generated Instances : Time (s): cpu = 00:00:23 ; elapsed = 00:00:30 . Memory (MB): peak = 3717.828 ; gain = 920.520 ; free physical = 138073 ; free virtual = 209501
Synthesis current peak Physical Memory [PSS] (MB): peak = 3227.402; parent = 2973.297; children = 254.137
Synthesis current peak Virtual Memory [VSS] (MB): peak = 4690.906; parent = 3717.832; children = 973.074
---------------------------------------------------------------------------------
---------------------------------------------------------------------------------
Start Rebuilding User Hierarchy
---------------------------------------------------------------------------------
---------------------------------------------------------------------------------
Finished Rebuilding User Hierarchy : Time (s): cpu = 00:00:23 ; elapsed = 00:00:30 . Memory (MB): peak = 3717.828 ; gain = 920.520 ; free physical = 138076 ; free virtual = 209505
Synthesis current peak Physical Memory [PSS] (MB): peak = 3228.699; parent = 2974.594; children = 254.137
Synthesis current peak Virtual Memory [VSS] (MB): peak = 4690.906; parent = 3717.832; children = 973.074
---------------------------------------------------------------------------------
---------------------------------------------------------------------------------
Start Renaming Generated Ports
---------------------------------------------------------------------------------
---------------------------------------------------------------------------------
Finished Renaming Generated Ports : Time (s): cpu = 00:00:23 ; elapsed = 00:00:30 . Memory (MB): peak = 3717.828 ; gain = 920.520 ; free physical = 138076 ; free virtual = 209505
Synthesis current peak Physical Memory [PSS] (MB): peak = 3228.762; parent = 2974.656; children = 254.137
Synthesis current peak Virtual Memory [VSS] (MB): peak = 4690.906; parent = 3717.832; children = 973.074
---------------------------------------------------------------------------------
---------------------------------------------------------------------------------
Start Handling Custom Attributes
---------------------------------------------------------------------------------
---------------------------------------------------------------------------------
Finished Handling Custom Attributes : Time (s): cpu = 00:00:23 ; elapsed = 00:00:31 . Memory (MB): peak = 3717.828 ; gain = 920.520 ; free physical = 138076 ; free virtual = 209505
Synthesis current peak Physical Memory [PSS] (MB): peak = 3228.793; parent = 2974.688; children = 254.137
Synthesis current peak Virtual Memory [VSS] (MB): peak = 4690.906; parent = 3717.832; children = 973.074
---------------------------------------------------------------------------------
---------------------------------------------------------------------------------
Start Renaming Generated Nets
---------------------------------------------------------------------------------
---------------------------------------------------------------------------------
Finished Renaming Generated Nets : Time (s): cpu = 00:00:23 ; elapsed = 00:00:31 . Memory (MB): peak = 3717.828 ; gain = 920.520 ; free physical = 138078 ; free virtual = 209507
Synthesis current peak Physical Memory [PSS] (MB): peak = 3228.824; parent = 2974.719; children = 254.137
Synthesis current peak Virtual Memory [VSS] (MB): peak = 4690.906; parent = 3717.832; children = 973.074
---------------------------------------------------------------------------------
---------------------------------------------------------------------------------
Start Writing Synthesis Report
---------------------------------------------------------------------------------

Report BlackBoxes: 
+-+--------------+----------+
| |BlackBox name |Instances |
+-+--------------+----------+
+-+--------------+----------+

Report Cell Usage: 
+------+-------+------+
|      |Cell   |Count |
+------+-------+------+
|1     |BUFG   |     1|
|2     |CARRY8 |   501|
|3     |LUT1   |   249|
|4     |LUT2   |  2733|
|5     |FDRE   |  3012|
|6     |IBUF   |  2503|
|7     |OBUF   |    19|
+------+-------+------+
---------------------------------------------------------------------------------
Finished Writing Synthesis Report : Time (s): cpu = 00:00:23 ; elapsed = 00:00:31 . Memory (MB): peak = 3717.828 ; gain = 920.520 ; free physical = 138079 ; free virtual = 209507
Synthesis current peak Physical Memory [PSS] (MB): peak = 3228.840; parent = 2974.734; children = 254.137
Synthesis current peak Virtual Memory [VSS] (MB): peak = 4690.906; parent = 3717.832; children = 973.074
---------------------------------------------------------------------------------
Synthesis finished with 0 errors, 0 critical warnings and 1 warnings.
Synthesis Optimization Runtime : Time (s): cpu = 00:00:19 ; elapsed = 00:00:27 . Memory (MB): peak = 3717.828 ; gain = 748.832 ; free physical = 138098 ; free virtual = 209527
Synthesis Optimization Complete : Time (s): cpu = 00:00:23 ; elapsed = 00:00:31 . Memory (MB): peak = 3717.836 ; gain = 920.520 ; free physical = 138099 ; free virtual = 209527
INFO: [Project 1-571] Translating synthesized netlist
Netlist sorting complete. Time (s): cpu = 00:00:00.04 ; elapsed = 00:00:00.04 . Memory (MB): peak = 3731.766 ; gain = 0.000 ; free physical = 138199 ; free virtual = 209627
INFO: [Netlist 29-17] Analyzing 3005 Unisim elements for replacement
INFO: [Netlist 29-28] Unisim Transformation completed in 0 CPU seconds
WARNING: [Netlist 29-101] Netlist 'sum_signed' is not ideal for floorplanning, since the cellview 'sum_signed' contains a large number of primitives.  Please consider enabling hierarchy in synthesis if you want to do floorplanning.
INFO: [Project 1-570] Preparing netlist for logic optimization
Parsing XDC File [/mnt/vault1/mfaroo19/reduction_tree/integrator/runs/M250_W10/sum_signed.xdc]
Finished Parsing XDC File [/mnt/vault1/mfaroo19/reduction_tree/integrator/runs/M250_W10/sum_signed.xdc]
INFO: [Opt 31-138] Pushed 0 inverter(s) to 0 load pin(s).
Netlist sorting complete. Time (s): cpu = 00:00:00 ; elapsed = 00:00:00 . Memory (MB): peak = 3787.547 ; gain = 0.000 ; free physical = 138122 ; free virtual = 209550
INFO: [Project 1-111] Unisim Transformation Summary:
  A total of 2504 instances were transformed.
  BUFG => BUFGCE: 1 instance 
  IBUF => IBUF (IBUFCTRL, INBUF): 2503 instances

Synth Design complete, checksum: 25590929
INFO: [Common 17-83] Releasing license: Synthesis
19 Infos, 2 Warnings, 0 Critical Warnings and 0 Errors encountered.
synth_design completed successfully
synth_design: Time (s): cpu = 00:00:33 ; elapsed = 00:00:42 . Memory (MB): peak = 3787.547 ; gain = 2083.027 ; free physical = 138266 ; free virtual = 209694
# report_utilization -file runs/M250_W10/util.rpt
# report_timing_summary -file runs/M250_W10/timing.rpt
INFO: [Timing 38-35] Done setting XDC timing constraints.
INFO: [Timing 38-91] UpdateTimingParams: Speed grade: -2, Temperature grade: E, Delay Type: min_max.
INFO: [Timing 38-191] Multithreading enabled for timing update using a maximum of 8 CPUs
report_timing_summary: Time (s): cpu = 00:00:13 ; elapsed = 00:00:14 . Memory (MB): peak = 4534.535 ; gain = 746.988 ; free physical = 137781 ; free virtual = 209216
# exit
INFO: [Common 17-206] Exiting Vivado at Tue Nov  4 18:01:53 2025...
