
****** Vivado v2022.2 (64-bit)
  **** SW Build 3671981 on Fri Oct 14 04:59:54 MDT 2022
  **** IP Build 3669848 on Fri Oct 14 08:30:02 MDT 2022
    ** Copyright 1986-2022 Xilinx, Inc. All Rights Reserved.

source /mnt/vault1/mfaroo19/reduction_tree/dot_product/runs/M100_W9_N7/run.tcl
# read_verilog -sv /mnt/vault1/mfaroo19/reduction_tree/dot_product/runs/M100_W9_N7/design.sv
# read_xdc /mnt/vault1/mfaroo19/reduction_tree/dot_product/runs/M100_W9_N7/design.xdc
# synth_design -top dotprod -part xczu7ev-ffvc1156-2-e
Command: synth_design -top dotprod -part xczu7ev-ffvc1156-2-e
Starting synth_design
Attempting to get a license for feature 'Synthesis' and/or device 'xczu7ev'
INFO: [Common 17-349] Got license for feature 'Synthesis' and/or device 'xczu7ev'
INFO: [Device 21-403] Loading part xczu7ev-ffvc1156-2-e
INFO: [Synth 8-7079] Multithreading enabled for synth_design using a maximum of 4 processes.
INFO: [Synth 8-7078] Launching helper process for spawning children vivado processes
INFO: [Synth 8-7075] Helper process launched with PID 3554810
INFO: [Synth 8-11241] undeclared symbol 'REGCCE', assumed default net type 'wire' [/mnt/vault1/kmhatre/Software/AMD/Vivado/2022.2/data/verilog/src/unimacro/BRAM_SINGLE_MACRO.v:2170]
---------------------------------------------------------------------------------
Starting RTL Elaboration : Time (s): cpu = 00:00:02 ; elapsed = 00:00:03 . Memory (MB): peak = 3037.262 ; gain = 239.832 ; free physical = 91816 ; free virtual = 202210
Synthesis current peak Physical Memory [PSS] (MB): peak = 2626.530; parent = 2372.349; children = 254.182
Synthesis current peak Virtual Memory [VSS] (MB): peak = 4013.312; parent = 3040.234; children = 973.078
---------------------------------------------------------------------------------
INFO: [Synth 8-6157] synthesizing module 'dotprod' [/mnt/vault1/mfaroo19/reduction_tree/dot_product/runs/M100_W9_N7/design.sv:3]
INFO: [Synth 8-6155] done synthesizing module 'dotprod' (0#1) [/mnt/vault1/mfaroo19/reduction_tree/dot_product/runs/M100_W9_N7/design.sv:3]
---------------------------------------------------------------------------------
Finished RTL Elaboration : Time (s): cpu = 00:00:04 ; elapsed = 00:00:04 . Memory (MB): peak = 3113.199 ; gain = 315.770 ; free physical = 91743 ; free virtual = 202139
Synthesis current peak Physical Memory [PSS] (MB): peak = 2626.530; parent = 2372.349; children = 254.182
Synthesis current peak Virtual Memory [VSS] (MB): peak = 4086.281; parent = 3113.203; children = 973.078
---------------------------------------------------------------------------------
---------------------------------------------------------------------------------
Start Handling Custom Attributes
---------------------------------------------------------------------------------
---------------------------------------------------------------------------------
Finished Handling Custom Attributes : Time (s): cpu = 00:00:04 ; elapsed = 00:00:04 . Memory (MB): peak = 3131.012 ; gain = 333.582 ; free physical = 91743 ; free virtual = 202139
Synthesis current peak Physical Memory [PSS] (MB): peak = 2626.530; parent = 2372.349; children = 254.182
Synthesis current peak Virtual Memory [VSS] (MB): peak = 4104.094; parent = 3131.016; children = 973.078
---------------------------------------------------------------------------------
---------------------------------------------------------------------------------
Finished RTL Optimization Phase 1 : Time (s): cpu = 00:00:04 ; elapsed = 00:00:04 . Memory (MB): peak = 3131.012 ; gain = 333.582 ; free physical = 91743 ; free virtual = 202139
Synthesis current peak Physical Memory [PSS] (MB): peak = 2626.530; parent = 2372.349; children = 254.182
Synthesis current peak Virtual Memory [VSS] (MB): peak = 4104.094; parent = 3131.016; children = 973.078
---------------------------------------------------------------------------------
Netlist sorting complete. Time (s): cpu = 00:00:00.01 ; elapsed = 00:00:00.01 . Memory (MB): peak = 3131.012 ; gain = 0.000 ; free physical = 91743 ; free virtual = 202139
INFO: [Project 1-570] Preparing netlist for logic optimization

Processing XDC Constraints
Initializing timing engine
Parsing XDC File [/mnt/vault1/mfaroo19/reduction_tree/dot_product/runs/M100_W9_N7/design.xdc]
Finished Parsing XDC File [/mnt/vault1/mfaroo19/reduction_tree/dot_product/runs/M100_W9_N7/design.xdc]
Completed Processing XDC Constraints

Netlist sorting complete. Time (s): cpu = 00:00:00 ; elapsed = 00:00:00 . Memory (MB): peak = 3302.730 ; gain = 0.000 ; free physical = 91766 ; free virtual = 202161
INFO: [Project 1-111] Unisim Transformation Summary:
No Unisim elements were transformed.

Constraint Validation Runtime : Time (s): cpu = 00:00:00.03 ; elapsed = 00:00:00.02 . Memory (MB): peak = 3302.730 ; gain = 0.000 ; free physical = 91766 ; free virtual = 202161
INFO: [Synth 8-11241] undeclared symbol 'REGCCE', assumed default net type 'wire' [/mnt/vault1/kmhatre/Software/AMD/Vivado/2022.2/data/verilog/src/unimacro/BRAM_SINGLE_MACRO.v:2170]
---------------------------------------------------------------------------------
Finished Constraint Validation : Time (s): cpu = 00:00:10 ; elapsed = 00:00:12 . Memory (MB): peak = 3302.730 ; gain = 505.301 ; free physical = 91838 ; free virtual = 202234
Synthesis current peak Physical Memory [PSS] (MB): peak = 2638.815; parent = 2384.634; children = 254.182
Synthesis current peak Virtual Memory [VSS] (MB): peak = 4243.797; parent = 3270.719; children = 973.078
---------------------------------------------------------------------------------
---------------------------------------------------------------------------------
Start Loading Part and Timing Information
---------------------------------------------------------------------------------
Loading part: xczu7ev-ffvc1156-2-e
INFO: [Synth 8-6742] Reading net delay rules and data
---------------------------------------------------------------------------------
Finished Loading Part and Timing Information : Time (s): cpu = 00:00:10 ; elapsed = 00:00:12 . Memory (MB): peak = 3302.730 ; gain = 505.301 ; free physical = 91843 ; free virtual = 202239
Synthesis current peak Physical Memory [PSS] (MB): peak = 2638.815; parent = 2384.634; children = 254.182
Synthesis current peak Virtual Memory [VSS] (MB): peak = 4243.797; parent = 3270.719; children = 973.078
---------------------------------------------------------------------------------
---------------------------------------------------------------------------------
Start Applying 'set_property' XDC Constraints
---------------------------------------------------------------------------------
---------------------------------------------------------------------------------
Finished applying 'set_property' XDC Constraints : Time (s): cpu = 00:00:10 ; elapsed = 00:00:12 . Memory (MB): peak = 3302.730 ; gain = 505.301 ; free physical = 91847 ; free virtual = 202243
Synthesis current peak Physical Memory [PSS] (MB): peak = 2638.815; parent = 2384.634; children = 254.182
Synthesis current peak Virtual Memory [VSS] (MB): peak = 4243.797; parent = 3270.719; children = 973.078
---------------------------------------------------------------------------------
---------------------------------------------------------------------------------
Finished RTL Optimization Phase 2 : Time (s): cpu = 00:00:11 ; elapsed = 00:00:13 . Memory (MB): peak = 3302.730 ; gain = 505.301 ; free physical = 91862 ; free virtual = 202259
Synthesis current peak Physical Memory [PSS] (MB): peak = 2638.815; parent = 2384.634; children = 254.182
Synthesis current peak Virtual Memory [VSS] (MB): peak = 4243.797; parent = 3270.719; children = 973.078
---------------------------------------------------------------------------------
---------------------------------------------------------------------------------
Start RTL Component Statistics 
---------------------------------------------------------------------------------
Detailed RTL Component Info : 
+---Adders : 
	   2 Input   23 Bit       Adders := 49    
+---Registers : 
	               23 Bit    Registers := 52    
	               17 Bit    Registers := 50    
	                1 Bit    Registers := 7     
---------------------------------------------------------------------------------
Finished RTL Component Statistics 
---------------------------------------------------------------------------------
---------------------------------------------------------------------------------
Start Part Resource Summary
---------------------------------------------------------------------------------
Part Resources:
DSPs: 1728 (col length:144)
BRAMs: 624 (col length: RAMB18 144 RAMB36 72)
---------------------------------------------------------------------------------
Finished Part Resource Summary
---------------------------------------------------------------------------------
---------------------------------------------------------------------------------
Start Cross Boundary and Area Optimization
---------------------------------------------------------------------------------
WARNING: [Synth 8-7080] Parallel synthesis criteria is not met
---------------------------------------------------------------------------------
Finished Cross Boundary and Area Optimization : Time (s): cpu = 00:00:15 ; elapsed = 00:00:18 . Memory (MB): peak = 3302.730 ; gain = 505.301 ; free physical = 91950 ; free virtual = 202353
Synthesis current peak Physical Memory [PSS] (MB): peak = 2638.815; parent = 2384.634; children = 254.182
Synthesis current peak Virtual Memory [VSS] (MB): peak = 4243.797; parent = 3270.719; children = 973.078
---------------------------------------------------------------------------------
---------------------------------------------------------------------------------
Start Applying XDC Timing Constraints
---------------------------------------------------------------------------------
---------------------------------------------------------------------------------
Finished Applying XDC Timing Constraints : Time (s): cpu = 00:00:23 ; elapsed = 00:00:29 . Memory (MB): peak = 3693.074 ; gain = 895.645 ; free physical = 91507 ; free virtual = 201910
Synthesis current peak Physical Memory [PSS] (MB): peak = 3228.413; parent = 2974.263; children = 254.182
Synthesis current peak Virtual Memory [VSS] (MB): peak = 4666.156; parent = 3693.078; children = 973.078
---------------------------------------------------------------------------------
---------------------------------------------------------------------------------
Start Timing Optimization
---------------------------------------------------------------------------------
---------------------------------------------------------------------------------
Finished Timing Optimization : Time (s): cpu = 00:00:23 ; elapsed = 00:00:30 . Memory (MB): peak = 3706.074 ; gain = 908.645 ; free physical = 91495 ; free virtual = 201899
Synthesis current peak Physical Memory [PSS] (MB): peak = 3240.589; parent = 2986.438; children = 254.182
Synthesis current peak Virtual Memory [VSS] (MB): peak = 4679.156; parent = 3706.078; children = 973.078
---------------------------------------------------------------------------------
---------------------------------------------------------------------------------
Start Technology Mapping
---------------------------------------------------------------------------------
---------------------------------------------------------------------------------
Finished Technology Mapping : Time (s): cpu = 00:00:25 ; elapsed = 00:00:32 . Memory (MB): peak = 3803.105 ; gain = 1005.676 ; free physical = 91415 ; free virtual = 201819
Synthesis current peak Physical Memory [PSS] (MB): peak = 3255.683; parent = 3001.532; children = 254.182
Synthesis current peak Virtual Memory [VSS] (MB): peak = 4776.188; parent = 3803.109; children = 973.078
---------------------------------------------------------------------------------
---------------------------------------------------------------------------------
Start IO Insertion
---------------------------------------------------------------------------------
---------------------------------------------------------------------------------
Start Flattening Before IO Insertion
---------------------------------------------------------------------------------
---------------------------------------------------------------------------------
Finished Flattening Before IO Insertion
---------------------------------------------------------------------------------
---------------------------------------------------------------------------------
Start Final Netlist Cleanup
---------------------------------------------------------------------------------
---------------------------------------------------------------------------------
Finished Final Netlist Cleanup
---------------------------------------------------------------------------------
---------------------------------------------------------------------------------
Finished IO Insertion : Time (s): cpu = 00:00:27 ; elapsed = 00:00:34 . Memory (MB): peak = 3803.105 ; gain = 1005.676 ; free physical = 91412 ; free virtual = 201816
Synthesis current peak Physical Memory [PSS] (MB): peak = 3255.964; parent = 3001.813; children = 254.182
Synthesis current peak Virtual Memory [VSS] (MB): peak = 4776.188; parent = 3803.109; children = 973.078
---------------------------------------------------------------------------------
---------------------------------------------------------------------------------
Start Renaming Generated Instances
---------------------------------------------------------------------------------
---------------------------------------------------------------------------------
Finished Renaming Generated Instances : Time (s): cpu = 00:00:27 ; elapsed = 00:00:34 . Memory (MB): peak = 3803.105 ; gain = 1005.676 ; free physical = 91412 ; free virtual = 201816
Synthesis current peak Physical Memory [PSS] (MB): peak = 3255.995; parent = 3001.845; children = 254.182
Synthesis current peak Virtual Memory [VSS] (MB): peak = 4776.188; parent = 3803.109; children = 973.078
---------------------------------------------------------------------------------
---------------------------------------------------------------------------------
Start Rebuilding User Hierarchy
---------------------------------------------------------------------------------
---------------------------------------------------------------------------------
Finished Rebuilding User Hierarchy : Time (s): cpu = 00:00:28 ; elapsed = 00:00:35 . Memory (MB): peak = 3803.105 ; gain = 1005.676 ; free physical = 91417 ; free virtual = 201821
Synthesis current peak Physical Memory [PSS] (MB): peak = 3257.296; parent = 3003.146; children = 254.182
Synthesis current peak Virtual Memory [VSS] (MB): peak = 4776.188; parent = 3803.109; children = 973.078
---------------------------------------------------------------------------------
---------------------------------------------------------------------------------
Start Renaming Generated Ports
---------------------------------------------------------------------------------
---------------------------------------------------------------------------------
Finished Renaming Generated Ports : Time (s): cpu = 00:00:28 ; elapsed = 00:00:35 . Memory (MB): peak = 3803.105 ; gain = 1005.676 ; free physical = 91423 ; free virtual = 201827
Synthesis current peak Physical Memory [PSS] (MB): peak = 3257.296; parent = 3003.146; children = 254.182
Synthesis current peak Virtual Memory [VSS] (MB): peak = 4776.188; parent = 3803.109; children = 973.078
---------------------------------------------------------------------------------
---------------------------------------------------------------------------------
Start Handling Custom Attributes
---------------------------------------------------------------------------------
---------------------------------------------------------------------------------
Finished Handling Custom Attributes : Time (s): cpu = 00:00:28 ; elapsed = 00:00:35 . Memory (MB): peak = 3803.105 ; gain = 1005.676 ; free physical = 91424 ; free virtual = 201828
Synthesis current peak Physical Memory [PSS] (MB): peak = 3257.296; parent = 3003.146; children = 254.182
Synthesis current peak Virtual Memory [VSS] (MB): peak = 4776.188; parent = 3803.109; children = 973.078
---------------------------------------------------------------------------------
---------------------------------------------------------------------------------
Start Renaming Generated Nets
---------------------------------------------------------------------------------
---------------------------------------------------------------------------------
Finished Renaming Generated Nets : Time (s): cpu = 00:00:28 ; elapsed = 00:00:35 . Memory (MB): peak = 3803.105 ; gain = 1005.676 ; free physical = 91425 ; free virtual = 201829
Synthesis current peak Physical Memory [PSS] (MB): peak = 3257.296; parent = 3003.146; children = 254.182
Synthesis current peak Virtual Memory [VSS] (MB): peak = 4776.188; parent = 3803.109; children = 973.078
---------------------------------------------------------------------------------
---------------------------------------------------------------------------------
Start ROM, RAM, DSP, Shift Register and Retiming Reporting
---------------------------------------------------------------------------------

Static Shift Register Report:
+------------+-------------------+--------+-------+--------------+--------------------+-------------------+--------+---------+
|Module Name | RTL Name          | Length | Width | Reset Signal | Pull out first Reg | Pull out last Reg | SRL16E | SRLC32E | 
+------------+-------------------+--------+-------+--------------+--------------------+-------------------+--------+---------+
|dotprod     | stage5_reg[3][17] | 4      | 18    | YES          | NO                 | YES               | 18     | 0       | 
|dotprod     | vld_layer7_reg    | 7      | 1     | YES          | NO                 | YES               | 1      | 0       | 
+------------+-------------------+--------+-------+--------------+--------------------+-------------------+--------+---------+

---------------------------------------------------------------------------------
Finished ROM, RAM, DSP, Shift Register and Retiming Reporting
---------------------------------------------------------------------------------
---------------------------------------------------------------------------------
Start Writing Synthesis Report
---------------------------------------------------------------------------------

Report BlackBoxes: 
+-+--------------+----------+
| |BlackBox name |Instances |
+-+--------------+----------+
+-+--------------+----------+

Report Cell Usage: 
+------+-------+------+
|      |Cell   |Count |
+------+-------+------+
|1     |BUFG   |     1|
|2     |CARRY8 |   897|
|3     |LUT2   |  4195|
|4     |LUT3   |   300|
|5     |LUT4   |  1500|
|6     |LUT5   |   200|
|7     |LUT6   |  3600|
|8     |SRL16E |    19|
|9     |FDRE   |  1804|
|10    |IBUF   |  1603|
|11    |OBUF   |    24|
+------+-------+------+
---------------------------------------------------------------------------------
Finished Writing Synthesis Report : Time (s): cpu = 00:00:28 ; elapsed = 00:00:35 . Memory (MB): peak = 3803.105 ; gain = 1005.676 ; free physical = 91425 ; free virtual = 201829
Synthesis current peak Physical Memory [PSS] (MB): peak = 3257.296; parent = 3003.146; children = 254.182
Synthesis current peak Virtual Memory [VSS] (MB): peak = 4776.188; parent = 3803.109; children = 973.078
---------------------------------------------------------------------------------
Synthesis finished with 0 errors, 0 critical warnings and 1 warnings.
Synthesis Optimization Runtime : Time (s): cpu = 00:00:24 ; elapsed = 00:00:31 . Memory (MB): peak = 3803.105 ; gain = 833.957 ; free physical = 91440 ; free virtual = 201844
Synthesis Optimization Complete : Time (s): cpu = 00:00:28 ; elapsed = 00:00:35 . Memory (MB): peak = 3803.113 ; gain = 1005.676 ; free physical = 91440 ; free virtual = 201844
INFO: [Project 1-571] Translating synthesized netlist
Netlist sorting complete. Time (s): cpu = 00:00:00.06 ; elapsed = 00:00:00.06 . Memory (MB): peak = 3811.105 ; gain = 0.000 ; free physical = 91550 ; free virtual = 201954
INFO: [Netlist 29-17] Analyzing 2501 Unisim elements for replacement
INFO: [Netlist 29-28] Unisim Transformation completed in 0 CPU seconds
WARNING: [Netlist 29-101] Netlist 'dotprod' is not ideal for floorplanning, since the cellview 'dotprod' contains a large number of primitives.  Please consider enabling hierarchy in synthesis if you want to do floorplanning.
INFO: [Project 1-570] Preparing netlist for logic optimization
Parsing XDC File [/mnt/vault1/mfaroo19/reduction_tree/dot_product/runs/M100_W9_N7/design.xdc]
Finished Parsing XDC File [/mnt/vault1/mfaroo19/reduction_tree/dot_product/runs/M100_W9_N7/design.xdc]
INFO: [Opt 31-138] Pushed 0 inverter(s) to 0 load pin(s).
Netlist sorting complete. Time (s): cpu = 00:00:00 ; elapsed = 00:00:00 . Memory (MB): peak = 3842.750 ; gain = 0.000 ; free physical = 91538 ; free virtual = 201941
INFO: [Project 1-111] Unisim Transformation Summary:
  A total of 1604 instances were transformed.
  BUFG => BUFGCE: 1 instance 
  IBUF => IBUF (IBUFCTRL, INBUF): 1603 instances

Synth Design complete, checksum: 3ebf9e00
INFO: [Common 17-83] Releasing license: Synthesis
19 Infos, 2 Warnings, 0 Critical Warnings and 0 Errors encountered.
synth_design completed successfully
synth_design: Time (s): cpu = 00:00:39 ; elapsed = 00:00:47 . Memory (MB): peak = 3842.750 ; gain = 2138.141 ; free physical = 91675 ; free virtual = 202079
# report_utilization -file /mnt/vault1/mfaroo19/reduction_tree/dot_product/runs/M100_W9_N7/util.rpt
# report_timing_summary -file /mnt/vault1/mfaroo19/reduction_tree/dot_product/runs/M100_W9_N7/timing.rpt
INFO: [Timing 38-35] Done setting XDC timing constraints.
INFO: [Timing 38-91] UpdateTimingParams: Speed grade: -2, Temperature grade: E, Delay Type: min_max.
INFO: [Timing 38-191] Multithreading enabled for timing update using a maximum of 8 CPUs
report_timing_summary: Time (s): cpu = 00:00:14 ; elapsed = 00:00:15 . Memory (MB): peak = 4597.785 ; gain = 755.035 ; free physical = 91136 ; free virtual = 201540
# exit
INFO: [Common 17-206] Exiting Vivado at Thu Nov  6 17:53:24 2025...
