#-----------------------------------------------------------
# Vivado v2022.2 (64-bit)
# SW Build 3671981 on Fri Oct 14 04:59:54 MDT 2022
# IP Build 3669848 on Fri Oct 14 08:30:02 MDT 2022
# Start of session at: Thu Nov  6 18:55:00 2025
# Process ID: 3578848
# Current directory: /mnt/vault1/mfaroo19/reduction_tree/dot_product/runs/M200_W9_N4
# Command line: vivado -mode batch -source /mnt/vault1/mfaroo19/reduction_tree/dot_product/runs/M200_W9_N4/run.tcl
# Log file: /mnt/vault1/mfaroo19/reduction_tree/dot_product/runs/M200_W9_N4/vivado.log
# Journal file: /mnt/vault1/mfaroo19/reduction_tree/dot_product/runs/M200_W9_N4/vivado.jou
# Running On: en4228283l, OS: Linux, CPU Frequency: 3699.769 MHz, CPU Physical cores: 32, Host memory: 269992 MB
#-----------------------------------------------------------
source /mnt/vault1/mfaroo19/reduction_tree/dot_product/runs/M200_W9_N4/run.tcl
# read_verilog -sv /mnt/vault1/mfaroo19/reduction_tree/dot_product/runs/M200_W9_N4/design.sv
# read_xdc /mnt/vault1/mfaroo19/reduction_tree/dot_product/runs/M200_W9_N4/design.xdc
# synth_design -top dotprod -part xczu7ev-ffvc1156-2-e
Command: synth_design -top dotprod -part xczu7ev-ffvc1156-2-e
Starting synth_design
Attempting to get a license for feature 'Synthesis' and/or device 'xczu7ev'
INFO: [Common 17-349] Got license for feature 'Synthesis' and/or device 'xczu7ev'
INFO: [Device 21-403] Loading part xczu7ev-ffvc1156-2-e
INFO: [Synth 8-7079] Multithreading enabled for synth_design using a maximum of 4 processes.
INFO: [Synth 8-7078] Launching helper process for spawning children vivado processes
INFO: [Synth 8-7075] Helper process launched with PID 3578938
INFO: [Synth 8-11241] undeclared symbol 'REGCCE', assumed default net type 'wire' [/mnt/vault1/kmhatre/Software/AMD/Vivado/2022.2/data/verilog/src/unimacro/BRAM_SINGLE_MACRO.v:2170]
---------------------------------------------------------------------------------
Starting RTL Elaboration : Time (s): cpu = 00:00:02 ; elapsed = 00:00:03 . Memory (MB): peak = 3039.074 ; gain = 241.801 ; free physical = 91367 ; free virtual = 201806
Synthesis current peak Physical Memory [PSS] (MB): peak = 2626.707; parent = 2372.479; children = 254.228
Synthesis current peak Virtual Memory [VSS] (MB): peak = 4012.156; parent = 3039.078; children = 973.078
---------------------------------------------------------------------------------
INFO: [Synth 8-6157] synthesizing module 'dotprod' [/mnt/vault1/mfaroo19/reduction_tree/dot_product/runs/M200_W9_N4/design.sv:3]
INFO: [Synth 8-6155] done synthesizing module 'dotprod' (0#1) [/mnt/vault1/mfaroo19/reduction_tree/dot_product/runs/M200_W9_N4/design.sv:3]
---------------------------------------------------------------------------------
Finished RTL Elaboration : Time (s): cpu = 00:00:03 ; elapsed = 00:00:04 . Memory (MB): peak = 3118.043 ; gain = 320.770 ; free physical = 91294 ; free virtual = 201734
Synthesis current peak Physical Memory [PSS] (MB): peak = 2626.707; parent = 2372.479; children = 254.228
Synthesis current peak Virtual Memory [VSS] (MB): peak = 4091.125; parent = 3118.047; children = 973.078
---------------------------------------------------------------------------------
---------------------------------------------------------------------------------
Start Handling Custom Attributes
---------------------------------------------------------------------------------
---------------------------------------------------------------------------------
Finished Handling Custom Attributes : Time (s): cpu = 00:00:04 ; elapsed = 00:00:04 . Memory (MB): peak = 3135.855 ; gain = 338.582 ; free physical = 91295 ; free virtual = 201734
Synthesis current peak Physical Memory [PSS] (MB): peak = 2626.707; parent = 2372.479; children = 254.228
Synthesis current peak Virtual Memory [VSS] (MB): peak = 4108.938; parent = 3135.859; children = 973.078
---------------------------------------------------------------------------------
---------------------------------------------------------------------------------
Finished RTL Optimization Phase 1 : Time (s): cpu = 00:00:04 ; elapsed = 00:00:04 . Memory (MB): peak = 3135.855 ; gain = 338.582 ; free physical = 91295 ; free virtual = 201734
Synthesis current peak Physical Memory [PSS] (MB): peak = 2626.707; parent = 2372.479; children = 254.228
Synthesis current peak Virtual Memory [VSS] (MB): peak = 4108.938; parent = 3135.859; children = 973.078
---------------------------------------------------------------------------------
Netlist sorting complete. Time (s): cpu = 00:00:00.02 ; elapsed = 00:00:00.03 . Memory (MB): peak = 3135.855 ; gain = 0.000 ; free physical = 91303 ; free virtual = 201742
INFO: [Project 1-570] Preparing netlist for logic optimization

Processing XDC Constraints
Initializing timing engine
Parsing XDC File [/mnt/vault1/mfaroo19/reduction_tree/dot_product/runs/M200_W9_N4/design.xdc]
Finished Parsing XDC File [/mnt/vault1/mfaroo19/reduction_tree/dot_product/runs/M200_W9_N4/design.xdc]
Completed Processing XDC Constraints

Netlist sorting complete. Time (s): cpu = 00:00:00 ; elapsed = 00:00:00 . Memory (MB): peak = 3305.574 ; gain = 0.000 ; free physical = 91332 ; free virtual = 201771
INFO: [Project 1-111] Unisim Transformation Summary:
No Unisim elements were transformed.

Constraint Validation Runtime : Time (s): cpu = 00:00:00.05 ; elapsed = 00:00:00.02 . Memory (MB): peak = 3305.574 ; gain = 0.000 ; free physical = 91333 ; free virtual = 201773
INFO: [Synth 8-11241] undeclared symbol 'REGCCE', assumed default net type 'wire' [/mnt/vault1/kmhatre/Software/AMD/Vivado/2022.2/data/verilog/src/unimacro/BRAM_SINGLE_MACRO.v:2170]
---------------------------------------------------------------------------------
Finished Constraint Validation : Time (s): cpu = 00:00:10 ; elapsed = 00:00:12 . Memory (MB): peak = 3305.574 ; gain = 508.301 ; free physical = 91362 ; free virtual = 201802
Synthesis current peak Physical Memory [PSS] (MB): peak = 2642.949; parent = 2388.722; children = 254.228
Synthesis current peak Virtual Memory [VSS] (MB): peak = 4246.641; parent = 3273.562; children = 973.078
---------------------------------------------------------------------------------
---------------------------------------------------------------------------------
Start Loading Part and Timing Information
---------------------------------------------------------------------------------
Loading part: xczu7ev-ffvc1156-2-e
INFO: [Synth 8-6742] Reading net delay rules and data
---------------------------------------------------------------------------------
Finished Loading Part and Timing Information : Time (s): cpu = 00:00:10 ; elapsed = 00:00:12 . Memory (MB): peak = 3305.574 ; gain = 508.301 ; free physical = 91347 ; free virtual = 201786
Synthesis current peak Physical Memory [PSS] (MB): peak = 2642.949; parent = 2388.722; children = 254.228
Synthesis current peak Virtual Memory [VSS] (MB): peak = 4246.641; parent = 3273.562; children = 973.078
---------------------------------------------------------------------------------
---------------------------------------------------------------------------------
Start Applying 'set_property' XDC Constraints
---------------------------------------------------------------------------------
---------------------------------------------------------------------------------
Finished applying 'set_property' XDC Constraints : Time (s): cpu = 00:00:10 ; elapsed = 00:00:12 . Memory (MB): peak = 3305.574 ; gain = 508.301 ; free physical = 91357 ; free virtual = 201797
Synthesis current peak Physical Memory [PSS] (MB): peak = 2642.949; parent = 2388.722; children = 254.228
Synthesis current peak Virtual Memory [VSS] (MB): peak = 4246.641; parent = 3273.562; children = 973.078
---------------------------------------------------------------------------------
---------------------------------------------------------------------------------
Finished RTL Optimization Phase 2 : Time (s): cpu = 00:00:11 ; elapsed = 00:00:13 . Memory (MB): peak = 3305.574 ; gain = 508.301 ; free physical = 91360 ; free virtual = 201801
Synthesis current peak Physical Memory [PSS] (MB): peak = 2642.949; parent = 2388.722; children = 254.228
Synthesis current peak Virtual Memory [VSS] (MB): peak = 4246.641; parent = 3273.562; children = 973.078
---------------------------------------------------------------------------------
---------------------------------------------------------------------------------
Start RTL Component Statistics 
---------------------------------------------------------------------------------
Detailed RTL Component Info : 
+---Adders : 
	   2 Input   21 Bit       Adders := 99    
+---Registers : 
	               21 Bit    Registers := 102   
	               14 Bit    Registers := 100   
	                1 Bit    Registers := 8     
---------------------------------------------------------------------------------
Finished RTL Component Statistics 
---------------------------------------------------------------------------------
---------------------------------------------------------------------------------
Start Part Resource Summary
---------------------------------------------------------------------------------
Part Resources:
DSPs: 1728 (col length:144)
BRAMs: 624 (col length: RAMB18 144 RAMB36 72)
---------------------------------------------------------------------------------
Finished Part Resource Summary
---------------------------------------------------------------------------------
---------------------------------------------------------------------------------
Start Cross Boundary and Area Optimization
---------------------------------------------------------------------------------
WARNING: [Synth 8-7080] Parallel synthesis criteria is not met
---------------------------------------------------------------------------------
Finished Cross Boundary and Area Optimization : Time (s): cpu = 00:00:23 ; elapsed = 00:00:26 . Memory (MB): peak = 3305.574 ; gain = 508.301 ; free physical = 91557 ; free virtual = 202007
Synthesis current peak Physical Memory [PSS] (MB): peak = 2650.668; parent = 2396.472; children = 254.228
Synthesis current peak Virtual Memory [VSS] (MB): peak = 4246.641; parent = 3273.562; children = 973.078
---------------------------------------------------------------------------------
---------------------------------------------------------------------------------
Start Applying XDC Timing Constraints
---------------------------------------------------------------------------------
---------------------------------------------------------------------------------
Finished Applying XDC Timing Constraints : Time (s): cpu = 00:00:30 ; elapsed = 00:00:37 . Memory (MB): peak = 3700.809 ; gain = 903.535 ; free physical = 91097 ; free virtual = 201548
Synthesis current peak Physical Memory [PSS] (MB): peak = 3238.031; parent = 2983.835; children = 254.228
Synthesis current peak Virtual Memory [VSS] (MB): peak = 4673.891; parent = 3700.812; children = 973.078
---------------------------------------------------------------------------------
---------------------------------------------------------------------------------
Start Timing Optimization
---------------------------------------------------------------------------------
---------------------------------------------------------------------------------
Finished Timing Optimization : Time (s): cpu = 00:00:31 ; elapsed = 00:00:38 . Memory (MB): peak = 3719.809 ; gain = 922.535 ; free physical = 91444 ; free virtual = 201895
Synthesis current peak Physical Memory [PSS] (MB): peak = 3255.637; parent = 3001.440; children = 254.228
Synthesis current peak Virtual Memory [VSS] (MB): peak = 4692.891; parent = 3719.812; children = 973.078
---------------------------------------------------------------------------------
---------------------------------------------------------------------------------
Start Technology Mapping
---------------------------------------------------------------------------------
---------------------------------------------------------------------------------
Finished Technology Mapping : Time (s): cpu = 00:00:33 ; elapsed = 00:00:41 . Memory (MB): peak = 3966.832 ; gain = 1169.559 ; free physical = 91199 ; free virtual = 201650
Synthesis current peak Physical Memory [PSS] (MB): peak = 3266.797; parent = 3012.601; children = 254.228
Synthesis current peak Virtual Memory [VSS] (MB): peak = 4939.914; parent = 3966.836; children = 973.078
---------------------------------------------------------------------------------
---------------------------------------------------------------------------------
Start IO Insertion
---------------------------------------------------------------------------------
---------------------------------------------------------------------------------
Start Flattening Before IO Insertion
---------------------------------------------------------------------------------
---------------------------------------------------------------------------------
Finished Flattening Before IO Insertion
---------------------------------------------------------------------------------
---------------------------------------------------------------------------------
Start Final Netlist Cleanup
---------------------------------------------------------------------------------
---------------------------------------------------------------------------------
Finished Final Netlist Cleanup
---------------------------------------------------------------------------------
---------------------------------------------------------------------------------
Finished IO Insertion : Time (s): cpu = 00:00:36 ; elapsed = 00:00:43 . Memory (MB): peak = 3966.832 ; gain = 1169.559 ; free physical = 91208 ; free virtual = 201659
Synthesis current peak Physical Memory [PSS] (MB): peak = 3267.391; parent = 3013.194; children = 254.228
Synthesis current peak Virtual Memory [VSS] (MB): peak = 4939.914; parent = 3966.836; children = 973.078
---------------------------------------------------------------------------------
---------------------------------------------------------------------------------
Start Renaming Generated Instances
---------------------------------------------------------------------------------
---------------------------------------------------------------------------------
Finished Renaming Generated Instances : Time (s): cpu = 00:00:36 ; elapsed = 00:00:44 . Memory (MB): peak = 3966.832 ; gain = 1169.559 ; free physical = 91209 ; free virtual = 201660
Synthesis current peak Physical Memory [PSS] (MB): peak = 3267.406; parent = 3013.210; children = 254.228
Synthesis current peak Virtual Memory [VSS] (MB): peak = 4939.914; parent = 3966.836; children = 973.078
---------------------------------------------------------------------------------
---------------------------------------------------------------------------------
Start Rebuilding User Hierarchy
---------------------------------------------------------------------------------
---------------------------------------------------------------------------------
Finished Rebuilding User Hierarchy : Time (s): cpu = 00:00:36 ; elapsed = 00:00:44 . Memory (MB): peak = 3966.832 ; gain = 1169.559 ; free physical = 91217 ; free virtual = 201668
Synthesis current peak Physical Memory [PSS] (MB): peak = 3269.496; parent = 3015.300; children = 254.228
Synthesis current peak Virtual Memory [VSS] (MB): peak = 4939.914; parent = 3966.836; children = 973.078
---------------------------------------------------------------------------------
---------------------------------------------------------------------------------
Start Renaming Generated Ports
---------------------------------------------------------------------------------
---------------------------------------------------------------------------------
Finished Renaming Generated Ports : Time (s): cpu = 00:00:36 ; elapsed = 00:00:44 . Memory (MB): peak = 3966.832 ; gain = 1169.559 ; free physical = 91217 ; free virtual = 201668
Synthesis current peak Physical Memory [PSS] (MB): peak = 3269.559; parent = 3015.362; children = 254.228
Synthesis current peak Virtual Memory [VSS] (MB): peak = 4939.914; parent = 3966.836; children = 973.078
---------------------------------------------------------------------------------
---------------------------------------------------------------------------------
Start Handling Custom Attributes
---------------------------------------------------------------------------------
---------------------------------------------------------------------------------
Finished Handling Custom Attributes : Time (s): cpu = 00:00:36 ; elapsed = 00:00:44 . Memory (MB): peak = 3966.832 ; gain = 1169.559 ; free physical = 91217 ; free virtual = 201668
Synthesis current peak Physical Memory [PSS] (MB): peak = 3270.320; parent = 3016.124; children = 254.228
Synthesis current peak Virtual Memory [VSS] (MB): peak = 4939.914; parent = 3966.836; children = 973.078
---------------------------------------------------------------------------------
---------------------------------------------------------------------------------
Start Renaming Generated Nets
---------------------------------------------------------------------------------
---------------------------------------------------------------------------------
Finished Renaming Generated Nets : Time (s): cpu = 00:00:36 ; elapsed = 00:00:44 . Memory (MB): peak = 3966.832 ; gain = 1169.559 ; free physical = 91217 ; free virtual = 201668
Synthesis current peak Physical Memory [PSS] (MB): peak = 3270.336; parent = 3016.140; children = 254.228
Synthesis current peak Virtual Memory [VSS] (MB): peak = 4939.914; parent = 3966.836; children = 973.078
---------------------------------------------------------------------------------
---------------------------------------------------------------------------------
Start ROM, RAM, DSP, Shift Register and Retiming Reporting
---------------------------------------------------------------------------------

Static Shift Register Report:
+------------+-------------------+--------+-------+--------------+--------------------+-------------------+--------+---------+
|Module Name | RTL Name          | Length | Width | Reset Signal | Pull out first Reg | Pull out last Reg | SRL16E | SRLC32E | 
+------------+-------------------+--------+-------+--------------+--------------------+-------------------+--------+---------+
|dotprod     | stage6_reg[3][15] | 4      | 16    | YES          | NO                 | YES               | 16     | 0       | 
|dotprod     | vld_layer8_reg    | 8      | 1     | YES          | NO                 | YES               | 1      | 0       | 
+------------+-------------------+--------+-------+--------------+--------------------+-------------------+--------+---------+

---------------------------------------------------------------------------------
Finished ROM, RAM, DSP, Shift Register and Retiming Reporting
---------------------------------------------------------------------------------
---------------------------------------------------------------------------------
Start Writing Synthesis Report
---------------------------------------------------------------------------------

Report BlackBoxes: 
+-+--------------+----------+
| |BlackBox name |Instances |
+-+--------------+----------+
+-+--------------+----------+

Report Cell Usage: 
+------+-------+------+
|      |Cell   |Count |
+------+-------+------+
|1     |BUFG   |     1|
|2     |CARRY8 |   822|
|3     |LUT2   |  3995|
|4     |LUT4   |  1600|
|5     |LUT5   |   800|
|6     |LUT6   |  4400|
|7     |SRL16E |    17|
|8     |FDRE   |  3005|
|9     |IBUF   |  2603|
|10    |OBUF   |    22|
+------+-------+------+
---------------------------------------------------------------------------------
Finished Writing Synthesis Report : Time (s): cpu = 00:00:36 ; elapsed = 00:00:44 . Memory (MB): peak = 3966.832 ; gain = 1169.559 ; free physical = 91217 ; free virtual = 201668
Synthesis current peak Physical Memory [PSS] (MB): peak = 3270.352; parent = 3016.155; children = 254.228
Synthesis current peak Virtual Memory [VSS] (MB): peak = 4939.914; parent = 3966.836; children = 973.078
---------------------------------------------------------------------------------
Synthesis finished with 0 errors, 0 critical warnings and 1 warnings.
Synthesis Optimization Runtime : Time (s): cpu = 00:00:33 ; elapsed = 00:00:40 . Memory (MB): peak = 3966.832 ; gain = 999.840 ; free physical = 91253 ; free virtual = 201704
Synthesis Optimization Complete : Time (s): cpu = 00:00:36 ; elapsed = 00:00:45 . Memory (MB): peak = 3966.840 ; gain = 1169.559 ; free physical = 91253 ; free virtual = 201704
INFO: [Project 1-571] Translating synthesized netlist
Netlist sorting complete. Time (s): cpu = 00:00:00.07 ; elapsed = 00:00:00.07 . Memory (MB): peak = 3966.840 ; gain = 0.000 ; free physical = 91374 ; free virtual = 201825
INFO: [Netlist 29-17] Analyzing 3426 Unisim elements for replacement
INFO: [Netlist 29-28] Unisim Transformation completed in 0 CPU seconds
WARNING: [Netlist 29-101] Netlist 'dotprod' is not ideal for floorplanning, since the cellview 'dotprod' contains a large number of primitives.  Please consider enabling hierarchy in synthesis if you want to do floorplanning.
INFO: [Project 1-570] Preparing netlist for logic optimization
Parsing XDC File [/mnt/vault1/mfaroo19/reduction_tree/dot_product/runs/M200_W9_N4/design.xdc]
Finished Parsing XDC File [/mnt/vault1/mfaroo19/reduction_tree/dot_product/runs/M200_W9_N4/design.xdc]
INFO: [Opt 31-138] Pushed 0 inverter(s) to 0 load pin(s).
Netlist sorting complete. Time (s): cpu = 00:00:00 ; elapsed = 00:00:00 . Memory (MB): peak = 3990.844 ; gain = 0.000 ; free physical = 91400 ; free virtual = 201851
INFO: [Project 1-111] Unisim Transformation Summary:
  A total of 2604 instances were transformed.
  BUFG => BUFGCE: 1 instance 
  IBUF => IBUF (IBUFCTRL, INBUF): 2603 instances

Synth Design complete, checksum: b59c2a79
INFO: [Common 17-83] Releasing license: Synthesis
19 Infos, 2 Warnings, 0 Critical Warnings and 0 Errors encountered.
synth_design completed successfully
synth_design: Time (s): cpu = 00:00:48 ; elapsed = 00:00:56 . Memory (MB): peak = 3990.844 ; gain = 2286.359 ; free physical = 91634 ; free virtual = 202085
# report_utilization -file /mnt/vault1/mfaroo19/reduction_tree/dot_product/runs/M200_W9_N4/util.rpt
# report_timing_summary -file /mnt/vault1/mfaroo19/reduction_tree/dot_product/runs/M200_W9_N4/timing.rpt
INFO: [Timing 38-35] Done setting XDC timing constraints.
INFO: [Timing 38-91] UpdateTimingParams: Speed grade: -2, Temperature grade: E, Delay Type: min_max.
INFO: [Timing 38-191] Multithreading enabled for timing update using a maximum of 8 CPUs
report_timing_summary: Time (s): cpu = 00:00:14 ; elapsed = 00:00:15 . Memory (MB): peak = 4654.746 ; gain = 663.902 ; free physical = 90719 ; free virtual = 201170
# exit
INFO: [Common 17-206] Exiting Vivado at Thu Nov  6 18:56:19 2025...
