
****** Vivado v2022.2 (64-bit)
  **** SW Build 3671981 on Fri Oct 14 04:59:54 MDT 2022
  **** IP Build 3669848 on Fri Oct 14 08:30:02 MDT 2022
    ** Copyright 1986-2022 Xilinx, Inc. All Rights Reserved.

source runs/M100_W10/run.tcl
# read_verilog -sv runs/M100_W10/sum_signed.sv
# read_xdc runs/M100_W10/sum_signed.xdc
# synth_design -top sum_signed -part xczu7ev-ffvc1156-2-e
Command: synth_design -top sum_signed -part xczu7ev-ffvc1156-2-e
Starting synth_design
Attempting to get a license for feature 'Synthesis' and/or device 'xczu7ev'
INFO: [Common 17-349] Got license for feature 'Synthesis' and/or device 'xczu7ev'
INFO: [Device 21-403] Loading part xczu7ev-ffvc1156-2-e
INFO: [Synth 8-7079] Multithreading enabled for synth_design using a maximum of 4 processes.
INFO: [Synth 8-7078] Launching helper process for spawning children vivado processes
INFO: [Synth 8-7075] Helper process launched with PID 2566888
INFO: [Synth 8-11241] undeclared symbol 'REGCCE', assumed default net type 'wire' [/mnt/vault1/kmhatre/Software/AMD/Vivado/2022.2/data/verilog/src/unimacro/BRAM_SINGLE_MACRO.v:2170]
---------------------------------------------------------------------------------
Starting RTL Elaboration : Time (s): cpu = 00:00:02 ; elapsed = 00:00:03 . Memory (MB): peak = 3037.328 ; gain = 239.832 ; free physical = 138317 ; free virtual = 209612
Synthesis current peak Physical Memory [PSS] (MB): peak = 2626.796; parent = 2372.646; children = 254.149
Synthesis current peak Virtual Memory [VSS] (MB): peak = 4013.375; parent = 3040.301; children = 973.074
---------------------------------------------------------------------------------
INFO: [Synth 8-6157] synthesizing module 'sum_signed' [/mnt/vault1/mfaroo19/reduction_tree/integrator/runs/M100_W10/sum_signed.sv:7]
INFO: [Synth 8-6155] done synthesizing module 'sum_signed' (0#1) [/mnt/vault1/mfaroo19/reduction_tree/integrator/runs/M100_W10/sum_signed.sv:7]
---------------------------------------------------------------------------------
Finished RTL Elaboration : Time (s): cpu = 00:00:03 ; elapsed = 00:00:04 . Memory (MB): peak = 3108.266 ; gain = 310.770 ; free physical = 138363 ; free virtual = 209659
Synthesis current peak Physical Memory [PSS] (MB): peak = 2626.796; parent = 2372.646; children = 254.149
Synthesis current peak Virtual Memory [VSS] (MB): peak = 4081.344; parent = 3108.270; children = 973.074
---------------------------------------------------------------------------------
---------------------------------------------------------------------------------
Start Handling Custom Attributes
---------------------------------------------------------------------------------
---------------------------------------------------------------------------------
Finished Handling Custom Attributes : Time (s): cpu = 00:00:03 ; elapsed = 00:00:04 . Memory (MB): peak = 3126.078 ; gain = 328.582 ; free physical = 138363 ; free virtual = 209659
Synthesis current peak Physical Memory [PSS] (MB): peak = 2626.796; parent = 2372.646; children = 254.149
Synthesis current peak Virtual Memory [VSS] (MB): peak = 4099.156; parent = 3126.082; children = 973.074
---------------------------------------------------------------------------------
---------------------------------------------------------------------------------
Finished RTL Optimization Phase 1 : Time (s): cpu = 00:00:03 ; elapsed = 00:00:04 . Memory (MB): peak = 3126.078 ; gain = 328.582 ; free physical = 138363 ; free virtual = 209659
Synthesis current peak Physical Memory [PSS] (MB): peak = 2626.796; parent = 2372.646; children = 254.149
Synthesis current peak Virtual Memory [VSS] (MB): peak = 4099.156; parent = 3126.082; children = 973.074
---------------------------------------------------------------------------------
Netlist sorting complete. Time (s): cpu = 00:00:00.01 ; elapsed = 00:00:00.01 . Memory (MB): peak = 3126.078 ; gain = 0.000 ; free physical = 138363 ; free virtual = 209659
INFO: [Project 1-570] Preparing netlist for logic optimization

Processing XDC Constraints
Initializing timing engine
Parsing XDC File [/mnt/vault1/mfaroo19/reduction_tree/integrator/runs/M100_W10/sum_signed.xdc]
Finished Parsing XDC File [/mnt/vault1/mfaroo19/reduction_tree/integrator/runs/M100_W10/sum_signed.xdc]
Completed Processing XDC Constraints

Netlist sorting complete. Time (s): cpu = 00:00:00 ; elapsed = 00:00:00 . Memory (MB): peak = 3291.797 ; gain = 0.000 ; free physical = 138479 ; free virtual = 209776
INFO: [Project 1-111] Unisim Transformation Summary:
No Unisim elements were transformed.

Constraint Validation Runtime : Time (s): cpu = 00:00:00.01 ; elapsed = 00:00:00.01 . Memory (MB): peak = 3291.797 ; gain = 0.000 ; free physical = 138479 ; free virtual = 209776
INFO: [Synth 8-11241] undeclared symbol 'REGCCE', assumed default net type 'wire' [/mnt/vault1/kmhatre/Software/AMD/Vivado/2022.2/data/verilog/src/unimacro/BRAM_SINGLE_MACRO.v:2170]
---------------------------------------------------------------------------------
Finished Constraint Validation : Time (s): cpu = 00:00:10 ; elapsed = 00:00:12 . Memory (MB): peak = 3291.797 ; gain = 494.301 ; free physical = 138240 ; free virtual = 209536
Synthesis current peak Physical Memory [PSS] (MB): peak = 2626.796; parent = 2372.646; children = 254.149
Synthesis current peak Virtual Memory [VSS] (MB): peak = 4232.859; parent = 3259.785; children = 973.074
---------------------------------------------------------------------------------
---------------------------------------------------------------------------------
Start Loading Part and Timing Information
---------------------------------------------------------------------------------
Loading part: xczu7ev-ffvc1156-2-e
INFO: [Synth 8-6742] Reading net delay rules and data
---------------------------------------------------------------------------------
Finished Loading Part and Timing Information : Time (s): cpu = 00:00:10 ; elapsed = 00:00:12 . Memory (MB): peak = 3291.797 ; gain = 494.301 ; free physical = 138240 ; free virtual = 209536
Synthesis current peak Physical Memory [PSS] (MB): peak = 2626.796; parent = 2372.646; children = 254.149
Synthesis current peak Virtual Memory [VSS] (MB): peak = 4232.859; parent = 3259.785; children = 973.074
---------------------------------------------------------------------------------
---------------------------------------------------------------------------------
Start Applying 'set_property' XDC Constraints
---------------------------------------------------------------------------------
---------------------------------------------------------------------------------
Finished applying 'set_property' XDC Constraints : Time (s): cpu = 00:00:10 ; elapsed = 00:00:12 . Memory (MB): peak = 3291.797 ; gain = 494.301 ; free physical = 138246 ; free virtual = 209542
Synthesis current peak Physical Memory [PSS] (MB): peak = 2626.796; parent = 2372.646; children = 254.149
Synthesis current peak Virtual Memory [VSS] (MB): peak = 4232.859; parent = 3259.785; children = 973.074
---------------------------------------------------------------------------------
---------------------------------------------------------------------------------
Finished RTL Optimization Phase 2 : Time (s): cpu = 00:00:10 ; elapsed = 00:00:12 . Memory (MB): peak = 3291.797 ; gain = 494.301 ; free physical = 138249 ; free virtual = 209547
Synthesis current peak Physical Memory [PSS] (MB): peak = 2626.796; parent = 2372.646; children = 254.149
Synthesis current peak Virtual Memory [VSS] (MB): peak = 4232.859; parent = 3259.785; children = 973.074
---------------------------------------------------------------------------------
---------------------------------------------------------------------------------
Start RTL Component Statistics 
---------------------------------------------------------------------------------
Detailed RTL Component Info : 
+---Adders : 
	   2 Input   17 Bit       Adders := 1     
	   2 Input   16 Bit       Adders := 2     
	   2 Input   15 Bit       Adders := 3     
	   2 Input   14 Bit       Adders := 6     
	   2 Input   13 Bit       Adders := 12    
	   2 Input   12 Bit       Adders := 25    
	   2 Input   11 Bit       Adders := 50    
+---Registers : 
	               17 Bit    Registers := 1     
	               16 Bit    Registers := 2     
	               15 Bit    Registers := 3     
	               14 Bit    Registers := 6     
	               13 Bit    Registers := 12    
	               12 Bit    Registers := 28    
	               11 Bit    Registers := 50    
	                1 Bit    Registers := 7     
---------------------------------------------------------------------------------
Finished RTL Component Statistics 
---------------------------------------------------------------------------------
---------------------------------------------------------------------------------
Start Part Resource Summary
---------------------------------------------------------------------------------
Part Resources:
DSPs: 1728 (col length:144)
BRAMs: 624 (col length: RAMB18 144 RAMB36 72)
---------------------------------------------------------------------------------
Finished Part Resource Summary
---------------------------------------------------------------------------------
---------------------------------------------------------------------------------
Start Cross Boundary and Area Optimization
---------------------------------------------------------------------------------
WARNING: [Synth 8-7080] Parallel synthesis criteria is not met
---------------------------------------------------------------------------------
Finished Cross Boundary and Area Optimization : Time (s): cpu = 00:00:11 ; elapsed = 00:00:14 . Memory (MB): peak = 3291.797 ; gain = 494.301 ; free physical = 138317 ; free virtual = 209620
Synthesis current peak Physical Memory [PSS] (MB): peak = 2626.796; parent = 2372.646; children = 254.149
Synthesis current peak Virtual Memory [VSS] (MB): peak = 4232.859; parent = 3259.785; children = 973.074
---------------------------------------------------------------------------------
---------------------------------------------------------------------------------
Start Applying XDC Timing Constraints
---------------------------------------------------------------------------------
---------------------------------------------------------------------------------
Finished Applying XDC Timing Constraints : Time (s): cpu = 00:00:18 ; elapsed = 00:00:24 . Memory (MB): peak = 3670.172 ; gain = 872.676 ; free physical = 137474 ; free virtual = 208777
Synthesis current peak Physical Memory [PSS] (MB): peak = 3205.847; parent = 2951.729; children = 254.149
Synthesis current peak Virtual Memory [VSS] (MB): peak = 4643.250; parent = 3670.176; children = 973.074
---------------------------------------------------------------------------------
---------------------------------------------------------------------------------
Start Timing Optimization
---------------------------------------------------------------------------------
---------------------------------------------------------------------------------
Finished Timing Optimization : Time (s): cpu = 00:00:18 ; elapsed = 00:00:25 . Memory (MB): peak = 3674.172 ; gain = 876.676 ; free physical = 137474 ; free virtual = 208778
Synthesis current peak Physical Memory [PSS] (MB): peak = 3210.897; parent = 2956.779; children = 254.149
Synthesis current peak Virtual Memory [VSS] (MB): peak = 4647.250; parent = 3674.176; children = 973.074
---------------------------------------------------------------------------------
---------------------------------------------------------------------------------
Start Technology Mapping
---------------------------------------------------------------------------------
---------------------------------------------------------------------------------
Finished Technology Mapping : Time (s): cpu = 00:00:18 ; elapsed = 00:00:25 . Memory (MB): peak = 3694.203 ; gain = 896.707 ; free physical = 137488 ; free virtual = 208790
Synthesis current peak Physical Memory [PSS] (MB): peak = 3212.597; parent = 2958.479; children = 254.149
Synthesis current peak Virtual Memory [VSS] (MB): peak = 4667.281; parent = 3694.207; children = 973.074
---------------------------------------------------------------------------------
---------------------------------------------------------------------------------
Start IO Insertion
---------------------------------------------------------------------------------
---------------------------------------------------------------------------------
Start Flattening Before IO Insertion
---------------------------------------------------------------------------------
---------------------------------------------------------------------------------
Finished Flattening Before IO Insertion
---------------------------------------------------------------------------------
---------------------------------------------------------------------------------
Start Final Netlist Cleanup
---------------------------------------------------------------------------------
---------------------------------------------------------------------------------
Finished Final Netlist Cleanup
---------------------------------------------------------------------------------
---------------------------------------------------------------------------------
Finished IO Insertion : Time (s): cpu = 00:00:21 ; elapsed = 00:00:27 . Memory (MB): peak = 3701.141 ; gain = 903.645 ; free physical = 137644 ; free virtual = 208947
Synthesis current peak Physical Memory [PSS] (MB): peak = 3213.323; parent = 2959.205; children = 254.149
Synthesis current peak Virtual Memory [VSS] (MB): peak = 4674.219; parent = 3701.145; children = 973.074
---------------------------------------------------------------------------------
---------------------------------------------------------------------------------
Start Renaming Generated Instances
---------------------------------------------------------------------------------
---------------------------------------------------------------------------------
Finished Renaming Generated Instances : Time (s): cpu = 00:00:21 ; elapsed = 00:00:28 . Memory (MB): peak = 3701.141 ; gain = 903.645 ; free physical = 137644 ; free virtual = 208947
Synthesis current peak Physical Memory [PSS] (MB): peak = 3213.339; parent = 2959.221; children = 254.149
Synthesis current peak Virtual Memory [VSS] (MB): peak = 4674.219; parent = 3701.145; children = 973.074
---------------------------------------------------------------------------------
---------------------------------------------------------------------------------
Start Rebuilding User Hierarchy
---------------------------------------------------------------------------------
---------------------------------------------------------------------------------
Finished Rebuilding User Hierarchy : Time (s): cpu = 00:00:21 ; elapsed = 00:00:28 . Memory (MB): peak = 3701.141 ; gain = 903.645 ; free physical = 137750 ; free virtual = 209054
Synthesis current peak Physical Memory [PSS] (MB): peak = 3213.644; parent = 2959.525; children = 254.149
Synthesis current peak Virtual Memory [VSS] (MB): peak = 4674.219; parent = 3701.145; children = 973.074
---------------------------------------------------------------------------------
---------------------------------------------------------------------------------
Start Renaming Generated Ports
---------------------------------------------------------------------------------
---------------------------------------------------------------------------------
Finished Renaming Generated Ports : Time (s): cpu = 00:00:21 ; elapsed = 00:00:28 . Memory (MB): peak = 3701.141 ; gain = 903.645 ; free physical = 137750 ; free virtual = 209054
Synthesis current peak Physical Memory [PSS] (MB): peak = 3213.706; parent = 2959.588; children = 254.149
Synthesis current peak Virtual Memory [VSS] (MB): peak = 4674.219; parent = 3701.145; children = 973.074
---------------------------------------------------------------------------------
---------------------------------------------------------------------------------
Start Handling Custom Attributes
---------------------------------------------------------------------------------
---------------------------------------------------------------------------------
Finished Handling Custom Attributes : Time (s): cpu = 00:00:21 ; elapsed = 00:00:28 . Memory (MB): peak = 3701.141 ; gain = 903.645 ; free physical = 137713 ; free virtual = 209012
Synthesis current peak Physical Memory [PSS] (MB): peak = 3213.706; parent = 2959.588; children = 254.149
Synthesis current peak Virtual Memory [VSS] (MB): peak = 4674.219; parent = 3701.145; children = 973.074
---------------------------------------------------------------------------------
---------------------------------------------------------------------------------
Start Renaming Generated Nets
---------------------------------------------------------------------------------
---------------------------------------------------------------------------------
Finished Renaming Generated Nets : Time (s): cpu = 00:00:21 ; elapsed = 00:00:28 . Memory (MB): peak = 3701.141 ; gain = 903.645 ; free physical = 137686 ; free virtual = 208987
Synthesis current peak Physical Memory [PSS] (MB): peak = 3213.706; parent = 2959.588; children = 254.149
Synthesis current peak Virtual Memory [VSS] (MB): peak = 4674.219; parent = 3701.145; children = 973.074
---------------------------------------------------------------------------------
---------------------------------------------------------------------------------
Start ROM, RAM, DSP, Shift Register and Retiming Reporting
---------------------------------------------------------------------------------

Static Shift Register Report:
+------------+------------------------+--------+-------+--------------+--------------------+-------------------+--------+---------+
|Module Name | RTL Name               | Length | Width | Reset Signal | Pull out first Reg | Pull out last Reg | SRL16E | SRLC32E | 
+------------+------------------------+--------+-------+--------------+--------------------+-------------------+--------+---------+
|sum_signed  | vld_layer7_reg         | 7      | 1     | YES          | NO                 | YES               | 1      | 0       | 
|sum_signed  | reduce_layer53_reg[11] | 4      | 12    | YES          | NO                 | YES               | 12     | 0       | 
+------------+------------------------+--------+-------+--------------+--------------------+-------------------+--------+---------+

---------------------------------------------------------------------------------
Finished ROM, RAM, DSP, Shift Register and Retiming Reporting
---------------------------------------------------------------------------------
---------------------------------------------------------------------------------
Start Writing Synthesis Report
---------------------------------------------------------------------------------

Report BlackBoxes: 
+-+--------------+----------+
| |BlackBox name |Instances |
+-+--------------+----------+
+-+--------------+----------+

Report Cell Usage: 
+------+-------+------+
|      |Cell   |Count |
+------+-------+------+
|1     |BUFG   |     1|
|2     |CARRY8 |   199|
|3     |LUT1   |    99|
|4     |LUT2   |  1098|
|5     |SRL16E |    13|
|6     |FDRE   |  1204|
|7     |IBUF   |  1003|
|8     |OBUF   |    18|
+------+-------+------+
---------------------------------------------------------------------------------
Finished Writing Synthesis Report : Time (s): cpu = 00:00:21 ; elapsed = 00:00:28 . Memory (MB): peak = 3701.141 ; gain = 903.645 ; free physical = 137674 ; free virtual = 208976
Synthesis current peak Physical Memory [PSS] (MB): peak = 3213.706; parent = 2959.588; children = 254.149
Synthesis current peak Virtual Memory [VSS] (MB): peak = 4674.219; parent = 3701.145; children = 973.074
---------------------------------------------------------------------------------
Synthesis finished with 0 errors, 0 critical warnings and 1 warnings.
Synthesis Optimization Runtime : Time (s): cpu = 00:00:17 ; elapsed = 00:00:24 . Memory (MB): peak = 3701.141 ; gain = 737.926 ; free physical = 137686 ; free virtual = 208988
Synthesis Optimization Complete : Time (s): cpu = 00:00:21 ; elapsed = 00:00:28 . Memory (MB): peak = 3701.148 ; gain = 903.645 ; free physical = 137686 ; free virtual = 208988
INFO: [Project 1-571] Translating synthesized netlist
Netlist sorting complete. Time (s): cpu = 00:00:00.02 ; elapsed = 00:00:00.01 . Memory (MB): peak = 3718.047 ; gain = 0.000 ; free physical = 137752 ; free virtual = 209054
INFO: [Netlist 29-17] Analyzing 1203 Unisim elements for replacement
INFO: [Netlist 29-28] Unisim Transformation completed in 0 CPU seconds
WARNING: [Netlist 29-101] Netlist 'sum_signed' is not ideal for floorplanning, since the cellview 'sum_signed' contains a large number of primitives.  Please consider enabling hierarchy in synthesis if you want to do floorplanning.
INFO: [Project 1-570] Preparing netlist for logic optimization
Parsing XDC File [/mnt/vault1/mfaroo19/reduction_tree/integrator/runs/M100_W10/sum_signed.xdc]
Finished Parsing XDC File [/mnt/vault1/mfaroo19/reduction_tree/integrator/runs/M100_W10/sum_signed.xdc]
INFO: [Opt 31-138] Pushed 0 inverter(s) to 0 load pin(s).
Netlist sorting complete. Time (s): cpu = 00:00:00 ; elapsed = 00:00:00 . Memory (MB): peak = 3765.641 ; gain = 0.000 ; free physical = 137536 ; free virtual = 208839
INFO: [Project 1-111] Unisim Transformation Summary:
  A total of 1004 instances were transformed.
  BUFG => BUFGCE: 1 instance 
  IBUF => IBUF (IBUFCTRL, INBUF): 1003 instances

Synth Design complete, checksum: 581118be
INFO: [Common 17-83] Releasing license: Synthesis
19 Infos, 2 Warnings, 0 Critical Warnings and 0 Errors encountered.
synth_design completed successfully
synth_design: Time (s): cpu = 00:00:31 ; elapsed = 00:00:38 . Memory (MB): peak = 3765.641 ; gain = 2060.965 ; free physical = 137580 ; free virtual = 208884
# report_utilization -file runs/M100_W10/util.rpt
# report_timing_summary -file runs/M100_W10/timing.rpt
INFO: [Timing 38-35] Done setting XDC timing constraints.
INFO: [Timing 38-91] UpdateTimingParams: Speed grade: -2, Temperature grade: E, Delay Type: min_max.
INFO: [Timing 38-191] Multithreading enabled for timing update using a maximum of 8 CPUs
report_timing_summary: Time (s): cpu = 00:00:12 ; elapsed = 00:00:14 . Memory (MB): peak = 4515.629 ; gain = 749.988 ; free physical = 137157 ; free virtual = 208460
# exit
INFO: [Common 17-206] Exiting Vivado at Tue Nov  4 17:31:25 2025...
