#-----------------------------------------------------------
# Vivado v2022.2 (64-bit)
# SW Build 3671981 on Fri Oct 14 04:59:54 MDT 2022
# IP Build 3669848 on Fri Oct 14 08:30:02 MDT 2022
# Start of session at: Wed Sep 24 19:34:04 2025
# Process ID: 272480
# Current directory: /mnt/vault1/mfaroo19/reduction_tree/dot_product/vivado_runs/M8_W8_N8
# Command line: vivado -mode batch -source /mnt/vault1/mfaroo19/reduction_tree/dot_product/vivado_runs/M8_W8_N8/run.tcl
# Log file: /mnt/vault1/mfaroo19/reduction_tree/dot_product/vivado_runs/M8_W8_N8/vivado.log
# Journal file: /mnt/vault1/mfaroo19/reduction_tree/dot_product/vivado_runs/M8_W8_N8/vivado.jou
# Running On: en4228283l, OS: Linux, CPU Frequency: 3699.247 MHz, CPU Physical cores: 32, Host memory: 269992 MB
#-----------------------------------------------------------
source /mnt/vault1/mfaroo19/reduction_tree/dot_product/vivado_runs/M8_W8_N8/run.tcl
# read_verilog -sv /mnt/vault1/mfaroo19/reduction_tree/dot_product/vivado_runs/M8_W8_N8/design.sv
# read_xdc /mnt/vault1/mfaroo19/reduction_tree/dot_product/vivado_runs/M8_W8_N8/design.xdc
# synth_design -top dotprod -part xczu7ev-ffvc1156-2-i
Command: synth_design -top dotprod -part xczu7ev-ffvc1156-2-i
Starting synth_design
Attempting to get a license for feature 'Synthesis' and/or device 'xczu7ev'
INFO: [Common 17-349] Got license for feature 'Synthesis' and/or device 'xczu7ev'
INFO: [Device 21-403] Loading part xczu7ev-ffvc1156-2-i
INFO: [Synth 8-7079] Multithreading enabled for synth_design using a maximum of 4 processes.
INFO: [Synth 8-7078] Launching helper process for spawning children vivado processes
INFO: [Synth 8-7075] Helper process launched with PID 272550
INFO: [Synth 8-11241] undeclared symbol 'REGCCE', assumed default net type 'wire' [/mnt/vault1/kmhatre/Software/AMD/Vivado/2022.2/data/verilog/src/unimacro/BRAM_SINGLE_MACRO.v:2170]
---------------------------------------------------------------------------------
Starting RTL Elaboration : Time (s): cpu = 00:00:02 ; elapsed = 00:00:03 . Memory (MB): peak = 3039.199 ; gain = 241.801 ; free physical = 36608 ; free virtual = 210331
Synthesis current peak Physical Memory [PSS] (MB): peak = 2626.494; parent = 2372.350; children = 254.145
Synthesis current peak Virtual Memory [VSS] (MB): peak = 4012.273; parent = 3039.203; children = 973.070
---------------------------------------------------------------------------------
INFO: [Synth 8-6157] synthesizing module 'dotprod' [/mnt/vault1/mfaroo19/reduction_tree/dot_product/vivado_runs/M8_W8_N8/design.sv:3]
INFO: [Synth 8-6155] done synthesizing module 'dotprod' (0#1) [/mnt/vault1/mfaroo19/reduction_tree/dot_product/vivado_runs/M8_W8_N8/design.sv:3]
---------------------------------------------------------------------------------
Finished RTL Elaboration : Time (s): cpu = 00:00:03 ; elapsed = 00:00:04 . Memory (MB): peak = 3105.168 ; gain = 307.770 ; free physical = 36524 ; free virtual = 210249
Synthesis current peak Physical Memory [PSS] (MB): peak = 2626.494; parent = 2372.350; children = 254.145
Synthesis current peak Virtual Memory [VSS] (MB): peak = 4078.242; parent = 3105.172; children = 973.070
---------------------------------------------------------------------------------
---------------------------------------------------------------------------------
Start Handling Custom Attributes
---------------------------------------------------------------------------------
---------------------------------------------------------------------------------
Finished Handling Custom Attributes : Time (s): cpu = 00:00:03 ; elapsed = 00:00:04 . Memory (MB): peak = 3122.980 ; gain = 325.582 ; free physical = 36524 ; free virtual = 210248
Synthesis current peak Physical Memory [PSS] (MB): peak = 2626.494; parent = 2372.350; children = 254.145
Synthesis current peak Virtual Memory [VSS] (MB): peak = 4096.055; parent = 3122.984; children = 973.070
---------------------------------------------------------------------------------
---------------------------------------------------------------------------------
Finished RTL Optimization Phase 1 : Time (s): cpu = 00:00:03 ; elapsed = 00:00:04 . Memory (MB): peak = 3122.980 ; gain = 325.582 ; free physical = 36524 ; free virtual = 210249
Synthesis current peak Physical Memory [PSS] (MB): peak = 2626.494; parent = 2372.350; children = 254.145
Synthesis current peak Virtual Memory [VSS] (MB): peak = 4096.055; parent = 3122.984; children = 973.070
---------------------------------------------------------------------------------
Netlist sorting complete. Time (s): cpu = 00:00:00 ; elapsed = 00:00:00 . Memory (MB): peak = 3122.980 ; gain = 0.000 ; free physical = 36524 ; free virtual = 210248
INFO: [Project 1-570] Preparing netlist for logic optimization

Processing XDC Constraints
Initializing timing engine
Parsing XDC File [/mnt/vault1/mfaroo19/reduction_tree/dot_product/vivado_runs/M8_W8_N8/design.xdc]
Finished Parsing XDC File [/mnt/vault1/mfaroo19/reduction_tree/dot_product/vivado_runs/M8_W8_N8/design.xdc]
Completed Processing XDC Constraints

Netlist sorting complete. Time (s): cpu = 00:00:00 ; elapsed = 00:00:00 . Memory (MB): peak = 3287.699 ; gain = 0.000 ; free physical = 36550 ; free virtual = 210275
INFO: [Project 1-111] Unisim Transformation Summary:
No Unisim elements were transformed.

Constraint Validation Runtime : Time (s): cpu = 00:00:00 ; elapsed = 00:00:00 . Memory (MB): peak = 3287.699 ; gain = 0.000 ; free physical = 36551 ; free virtual = 210275
INFO: [Synth 8-11241] undeclared symbol 'REGCCE', assumed default net type 'wire' [/mnt/vault1/kmhatre/Software/AMD/Vivado/2022.2/data/verilog/src/unimacro/BRAM_SINGLE_MACRO.v:2170]
---------------------------------------------------------------------------------
Finished Constraint Validation : Time (s): cpu = 00:00:10 ; elapsed = 00:00:12 . Memory (MB): peak = 3287.699 ; gain = 490.301 ; free physical = 36637 ; free virtual = 210361
Synthesis current peak Physical Memory [PSS] (MB): peak = 2626.494; parent = 2372.350; children = 254.145
Synthesis current peak Virtual Memory [VSS] (MB): peak = 4228.758; parent = 3255.688; children = 973.070
---------------------------------------------------------------------------------
---------------------------------------------------------------------------------
Start Loading Part and Timing Information
---------------------------------------------------------------------------------
Loading part: xczu7ev-ffvc1156-2-i
INFO: [Synth 8-6742] Reading net delay rules and data
---------------------------------------------------------------------------------
Finished Loading Part and Timing Information : Time (s): cpu = 00:00:10 ; elapsed = 00:00:12 . Memory (MB): peak = 3287.699 ; gain = 490.301 ; free physical = 36636 ; free virtual = 210360
Synthesis current peak Physical Memory [PSS] (MB): peak = 2626.494; parent = 2372.350; children = 254.145
Synthesis current peak Virtual Memory [VSS] (MB): peak = 4228.758; parent = 3255.688; children = 973.070
---------------------------------------------------------------------------------
---------------------------------------------------------------------------------
Start Applying 'set_property' XDC Constraints
---------------------------------------------------------------------------------
---------------------------------------------------------------------------------
Finished applying 'set_property' XDC Constraints : Time (s): cpu = 00:00:10 ; elapsed = 00:00:12 . Memory (MB): peak = 3287.699 ; gain = 490.301 ; free physical = 36637 ; free virtual = 210361
Synthesis current peak Physical Memory [PSS] (MB): peak = 2626.494; parent = 2372.350; children = 254.145
Synthesis current peak Virtual Memory [VSS] (MB): peak = 4228.758; parent = 3255.688; children = 973.070
---------------------------------------------------------------------------------
---------------------------------------------------------------------------------
Finished RTL Optimization Phase 2 : Time (s): cpu = 00:00:10 ; elapsed = 00:00:12 . Memory (MB): peak = 3287.699 ; gain = 490.301 ; free physical = 36637 ; free virtual = 210362
Synthesis current peak Physical Memory [PSS] (MB): peak = 2626.494; parent = 2372.350; children = 254.145
Synthesis current peak Virtual Memory [VSS] (MB): peak = 4228.758; parent = 3255.688; children = 973.070
---------------------------------------------------------------------------------
---------------------------------------------------------------------------------
Start RTL Component Statistics 
---------------------------------------------------------------------------------
Detailed RTL Component Info : 
+---Adders : 
	   2 Input   19 Bit       Adders := 3     
+---Registers : 
	               19 Bit    Registers := 3     
	               17 Bit    Registers := 4     
	                1 Bit    Registers := 3     
---------------------------------------------------------------------------------
Finished RTL Component Statistics 
---------------------------------------------------------------------------------
---------------------------------------------------------------------------------
Start Part Resource Summary
---------------------------------------------------------------------------------
Part Resources:
DSPs: 1728 (col length:144)
BRAMs: 624 (col length: RAMB18 144 RAMB36 72)
---------------------------------------------------------------------------------
Finished Part Resource Summary
---------------------------------------------------------------------------------
---------------------------------------------------------------------------------
Start Cross Boundary and Area Optimization
---------------------------------------------------------------------------------
WARNING: [Synth 8-7080] Parallel synthesis criteria is not met
---------------------------------------------------------------------------------
Finished Cross Boundary and Area Optimization : Time (s): cpu = 00:00:12 ; elapsed = 00:00:14 . Memory (MB): peak = 3287.699 ; gain = 490.301 ; free physical = 36683 ; free virtual = 210412
Synthesis current peak Physical Memory [PSS] (MB): peak = 2626.494; parent = 2372.350; children = 254.145
Synthesis current peak Virtual Memory [VSS] (MB): peak = 4228.758; parent = 3255.688; children = 973.070
---------------------------------------------------------------------------------
---------------------------------------------------------------------------------
Start Applying XDC Timing Constraints
---------------------------------------------------------------------------------
---------------------------------------------------------------------------------
Finished Applying XDC Timing Constraints : Time (s): cpu = 00:00:19 ; elapsed = 00:00:25 . Memory (MB): peak = 3679.012 ; gain = 881.613 ; free physical = 36373 ; free virtual = 210102
Synthesis current peak Physical Memory [PSS] (MB): peak = 3216.812; parent = 2962.702; children = 254.145
Synthesis current peak Virtual Memory [VSS] (MB): peak = 4652.086; parent = 3679.016; children = 973.070
---------------------------------------------------------------------------------
---------------------------------------------------------------------------------
Start Timing Optimization
---------------------------------------------------------------------------------
---------------------------------------------------------------------------------
Finished Timing Optimization : Time (s): cpu = 00:00:19 ; elapsed = 00:00:25 . Memory (MB): peak = 3680.012 ; gain = 882.613 ; free physical = 36352 ; free virtual = 210081
Synthesis current peak Physical Memory [PSS] (MB): peak = 3217.848; parent = 2963.734; children = 254.145
Synthesis current peak Virtual Memory [VSS] (MB): peak = 4653.086; parent = 3680.016; children = 973.070
---------------------------------------------------------------------------------
---------------------------------------------------------------------------------
Start Technology Mapping
---------------------------------------------------------------------------------
---------------------------------------------------------------------------------
Finished Technology Mapping : Time (s): cpu = 00:00:19 ; elapsed = 00:00:26 . Memory (MB): peak = 3701.059 ; gain = 903.660 ; free physical = 36331 ; free virtual = 210060
Synthesis current peak Physical Memory [PSS] (MB): peak = 3224.598; parent = 2970.484; children = 254.145
Synthesis current peak Virtual Memory [VSS] (MB): peak = 4674.133; parent = 3701.062; children = 973.070
---------------------------------------------------------------------------------
---------------------------------------------------------------------------------
Start IO Insertion
---------------------------------------------------------------------------------
---------------------------------------------------------------------------------
Start Flattening Before IO Insertion
---------------------------------------------------------------------------------
---------------------------------------------------------------------------------
Finished Flattening Before IO Insertion
---------------------------------------------------------------------------------
---------------------------------------------------------------------------------
Start Final Netlist Cleanup
---------------------------------------------------------------------------------
---------------------------------------------------------------------------------
Finished Final Netlist Cleanup
---------------------------------------------------------------------------------
---------------------------------------------------------------------------------
Finished IO Insertion : Time (s): cpu = 00:00:21 ; elapsed = 00:00:28 . Memory (MB): peak = 3715.934 ; gain = 918.535 ; free physical = 36353 ; free virtual = 210082
Synthesis current peak Physical Memory [PSS] (MB): peak = 3224.992; parent = 2970.879; children = 254.145
Synthesis current peak Virtual Memory [VSS] (MB): peak = 4689.008; parent = 3715.938; children = 973.070
---------------------------------------------------------------------------------
---------------------------------------------------------------------------------
Start Renaming Generated Instances
---------------------------------------------------------------------------------
---------------------------------------------------------------------------------
Finished Renaming Generated Instances : Time (s): cpu = 00:00:21 ; elapsed = 00:00:28 . Memory (MB): peak = 3715.934 ; gain = 918.535 ; free physical = 36353 ; free virtual = 210082
Synthesis current peak Physical Memory [PSS] (MB): peak = 3224.992; parent = 2970.879; children = 254.145
Synthesis current peak Virtual Memory [VSS] (MB): peak = 4689.008; parent = 3715.938; children = 973.070
---------------------------------------------------------------------------------
---------------------------------------------------------------------------------
Start Rebuilding User Hierarchy
---------------------------------------------------------------------------------
---------------------------------------------------------------------------------
Finished Rebuilding User Hierarchy : Time (s): cpu = 00:00:21 ; elapsed = 00:00:28 . Memory (MB): peak = 3715.934 ; gain = 918.535 ; free physical = 36353 ; free virtual = 210082
Synthesis current peak Physical Memory [PSS] (MB): peak = 3225.039; parent = 2970.926; children = 254.145
Synthesis current peak Virtual Memory [VSS] (MB): peak = 4689.008; parent = 3715.938; children = 973.070
---------------------------------------------------------------------------------
---------------------------------------------------------------------------------
Start Renaming Generated Ports
---------------------------------------------------------------------------------
---------------------------------------------------------------------------------
Finished Renaming Generated Ports : Time (s): cpu = 00:00:21 ; elapsed = 00:00:28 . Memory (MB): peak = 3715.934 ; gain = 918.535 ; free physical = 36353 ; free virtual = 210082
Synthesis current peak Physical Memory [PSS] (MB): peak = 3225.102; parent = 2970.988; children = 254.145
Synthesis current peak Virtual Memory [VSS] (MB): peak = 4689.008; parent = 3715.938; children = 973.070
---------------------------------------------------------------------------------
---------------------------------------------------------------------------------
Start Handling Custom Attributes
---------------------------------------------------------------------------------
---------------------------------------------------------------------------------
Finished Handling Custom Attributes : Time (s): cpu = 00:00:21 ; elapsed = 00:00:28 . Memory (MB): peak = 3715.934 ; gain = 918.535 ; free physical = 36353 ; free virtual = 210082
Synthesis current peak Physical Memory [PSS] (MB): peak = 3225.102; parent = 2970.988; children = 254.145
Synthesis current peak Virtual Memory [VSS] (MB): peak = 4689.008; parent = 3715.938; children = 973.070
---------------------------------------------------------------------------------
---------------------------------------------------------------------------------
Start Renaming Generated Nets
---------------------------------------------------------------------------------
---------------------------------------------------------------------------------
Finished Renaming Generated Nets : Time (s): cpu = 00:00:22 ; elapsed = 00:00:28 . Memory (MB): peak = 3715.934 ; gain = 918.535 ; free physical = 36353 ; free virtual = 210082
Synthesis current peak Physical Memory [PSS] (MB): peak = 3225.117; parent = 2971.004; children = 254.145
Synthesis current peak Virtual Memory [VSS] (MB): peak = 4689.008; parent = 3715.938; children = 973.070
---------------------------------------------------------------------------------
---------------------------------------------------------------------------------
Start Writing Synthesis Report
---------------------------------------------------------------------------------

Report BlackBoxes: 
+-+--------------+----------+
| |BlackBox name |Instances |
+-+--------------+----------+
+-+--------------+----------+

Report Cell Usage: 
+------+-------+------+
|      |Cell   |Count |
+------+-------+------+
|1     |BUFG   |     1|
|2     |CARRY8 |    69|
|3     |LUT2   |   316|
|4     |LUT3   |    24|
|5     |LUT4   |   168|
|6     |LUT5   |    24|
|7     |LUT6   |   296|
|8     |FDRE   |   126|
|9     |IBUF   |   131|
|10    |OBUF   |    20|
+------+-------+------+
---------------------------------------------------------------------------------
Finished Writing Synthesis Report : Time (s): cpu = 00:00:22 ; elapsed = 00:00:29 . Memory (MB): peak = 3715.934 ; gain = 918.535 ; free physical = 36353 ; free virtual = 210082
Synthesis current peak Physical Memory [PSS] (MB): peak = 3225.133; parent = 2971.020; children = 254.145
Synthesis current peak Virtual Memory [VSS] (MB): peak = 4689.008; parent = 3715.938; children = 973.070
---------------------------------------------------------------------------------
Synthesis finished with 0 errors, 0 critical warnings and 1 warnings.
Synthesis Optimization Runtime : Time (s): cpu = 00:00:18 ; elapsed = 00:00:25 . Memory (MB): peak = 3715.934 ; gain = 753.816 ; free physical = 36362 ; free virtual = 210091
Synthesis Optimization Complete : Time (s): cpu = 00:00:22 ; elapsed = 00:00:29 . Memory (MB): peak = 3715.941 ; gain = 918.535 ; free physical = 36364 ; free virtual = 210093
INFO: [Project 1-571] Translating synthesized netlist
Netlist sorting complete. Time (s): cpu = 00:00:00 ; elapsed = 00:00:00 . Memory (MB): peak = 3729.871 ; gain = 0.000 ; free physical = 36473 ; free virtual = 210202
INFO: [Netlist 29-17] Analyzing 201 Unisim elements for replacement
INFO: [Netlist 29-28] Unisim Transformation completed in 0 CPU seconds
WARNING: [Netlist 29-101] Netlist 'dotprod' is not ideal for floorplanning, since the cellview 'dotprod' contains a large number of primitives.  Please consider enabling hierarchy in synthesis if you want to do floorplanning.
INFO: [Project 1-570] Preparing netlist for logic optimization
Parsing XDC File [/mnt/vault1/mfaroo19/reduction_tree/dot_product/vivado_runs/M8_W8_N8/design.xdc]
Finished Parsing XDC File [/mnt/vault1/mfaroo19/reduction_tree/dot_product/vivado_runs/M8_W8_N8/design.xdc]
INFO: [Opt 31-138] Pushed 0 inverter(s) to 0 load pin(s).
Netlist sorting complete. Time (s): cpu = 00:00:00 ; elapsed = 00:00:00 . Memory (MB): peak = 3794.477 ; gain = 0.000 ; free physical = 36475 ; free virtual = 210204
INFO: [Project 1-111] Unisim Transformation Summary:
  A total of 132 instances were transformed.
  BUFG => BUFGCE: 1 instance 
  IBUF => IBUF (IBUFCTRL, INBUF): 131 instances

Synth Design complete, checksum: 393bf862
INFO: [Common 17-83] Releasing license: Synthesis
19 Infos, 2 Warnings, 0 Critical Warnings and 0 Errors encountered.
synth_design completed successfully
synth_design: Time (s): cpu = 00:00:31 ; elapsed = 00:00:39 . Memory (MB): peak = 3794.477 ; gain = 2089.898 ; free physical = 36553 ; free virtual = 210282
# report_utilization -file /mnt/vault1/mfaroo19/reduction_tree/dot_product/vivado_runs/M8_W8_N8/util.rpt
# report_timing_summary -file /mnt/vault1/mfaroo19/reduction_tree/dot_product/vivado_runs/M8_W8_N8/timing.rpt
INFO: [Timing 38-35] Done setting XDC timing constraints.
INFO: [Timing 38-91] UpdateTimingParams: Speed grade: -2, Temperature grade: I, Delay Type: min_max.
INFO: [Timing 38-191] Multithreading enabled for timing update using a maximum of 8 CPUs
report_timing_summary: Time (s): cpu = 00:00:11 ; elapsed = 00:00:14 . Memory (MB): peak = 4563.480 ; gain = 769.004 ; free physical = 36166 ; free virtual = 209895
# exit
INFO: [Common 17-206] Exiting Vivado at Wed Sep 24 19:35:03 2025...
