
****** Vivado v2022.2 (64-bit)
  **** SW Build 3671981 on Fri Oct 14 04:59:54 MDT 2022
  **** IP Build 3669848 on Fri Oct 14 08:30:02 MDT 2022
    ** Copyright 1986-2022 Xilinx, Inc. All Rights Reserved.

source runs/M150_W12/run.tcl
# read_verilog -sv runs/M150_W12/sum_signed.sv
# read_xdc runs/M150_W12/sum_signed.xdc
# synth_design -top sum_signed -part xczu7ev-ffvc1156-2-e
Command: synth_design -top sum_signed -part xczu7ev-ffvc1156-2-e
Starting synth_design
Attempting to get a license for feature 'Synthesis' and/or device 'xczu7ev'
INFO: [Common 17-349] Got license for feature 'Synthesis' and/or device 'xczu7ev'
INFO: [Device 21-403] Loading part xczu7ev-ffvc1156-2-e
INFO: [Synth 8-7079] Multithreading enabled for synth_design using a maximum of 4 processes.
INFO: [Synth 8-7078] Launching helper process for spawning children vivado processes
INFO: [Synth 8-7075] Helper process launched with PID 2571670
INFO: [Synth 8-11241] undeclared symbol 'REGCCE', assumed default net type 'wire' [/mnt/vault1/kmhatre/Software/AMD/Vivado/2022.2/data/verilog/src/unimacro/BRAM_SINGLE_MACRO.v:2170]
---------------------------------------------------------------------------------
Starting RTL Elaboration : Time (s): cpu = 00:00:02 ; elapsed = 00:00:03 . Memory (MB): peak = 3037.324 ; gain = 239.832 ; free physical = 138106 ; free virtual = 209414
Synthesis current peak Physical Memory [PSS] (MB): peak = 2626.950; parent = 2372.829; children = 254.121
Synthesis current peak Virtual Memory [VSS] (MB): peak = 4013.371; parent = 3040.297; children = 973.074
---------------------------------------------------------------------------------
INFO: [Synth 8-6157] synthesizing module 'sum_signed' [/mnt/vault1/mfaroo19/reduction_tree/integrator/runs/M150_W12/sum_signed.sv:7]
INFO: [Synth 8-6155] done synthesizing module 'sum_signed' (0#1) [/mnt/vault1/mfaroo19/reduction_tree/integrator/runs/M150_W12/sum_signed.sv:7]
---------------------------------------------------------------------------------
Finished RTL Elaboration : Time (s): cpu = 00:00:03 ; elapsed = 00:00:04 . Memory (MB): peak = 3111.262 ; gain = 313.770 ; free physical = 138044 ; free virtual = 209353
Synthesis current peak Physical Memory [PSS] (MB): peak = 2626.950; parent = 2372.829; children = 254.121
Synthesis current peak Virtual Memory [VSS] (MB): peak = 4084.340; parent = 3111.266; children = 973.074
---------------------------------------------------------------------------------
---------------------------------------------------------------------------------
Start Handling Custom Attributes
---------------------------------------------------------------------------------
---------------------------------------------------------------------------------
Finished Handling Custom Attributes : Time (s): cpu = 00:00:03 ; elapsed = 00:00:04 . Memory (MB): peak = 3129.074 ; gain = 331.582 ; free physical = 138044 ; free virtual = 209354
Synthesis current peak Physical Memory [PSS] (MB): peak = 2626.950; parent = 2372.829; children = 254.121
Synthesis current peak Virtual Memory [VSS] (MB): peak = 4102.152; parent = 3129.078; children = 973.074
---------------------------------------------------------------------------------
---------------------------------------------------------------------------------
Finished RTL Optimization Phase 1 : Time (s): cpu = 00:00:03 ; elapsed = 00:00:04 . Memory (MB): peak = 3129.074 ; gain = 331.582 ; free physical = 138044 ; free virtual = 209354
Synthesis current peak Physical Memory [PSS] (MB): peak = 2626.950; parent = 2372.829; children = 254.121
Synthesis current peak Virtual Memory [VSS] (MB): peak = 4102.152; parent = 3129.078; children = 973.074
---------------------------------------------------------------------------------
Netlist sorting complete. Time (s): cpu = 00:00:00.01 ; elapsed = 00:00:00.01 . Memory (MB): peak = 3129.074 ; gain = 0.000 ; free physical = 138049 ; free virtual = 209358
INFO: [Project 1-570] Preparing netlist for logic optimization

Processing XDC Constraints
Initializing timing engine
Parsing XDC File [/mnt/vault1/mfaroo19/reduction_tree/integrator/runs/M150_W12/sum_signed.xdc]
Finished Parsing XDC File [/mnt/vault1/mfaroo19/reduction_tree/integrator/runs/M150_W12/sum_signed.xdc]
Completed Processing XDC Constraints

Netlist sorting complete. Time (s): cpu = 00:00:00 ; elapsed = 00:00:00 . Memory (MB): peak = 3293.793 ; gain = 0.000 ; free physical = 138114 ; free virtual = 209424
INFO: [Project 1-111] Unisim Transformation Summary:
No Unisim elements were transformed.

Constraint Validation Runtime : Time (s): cpu = 00:00:00.03 ; elapsed = 00:00:00.02 . Memory (MB): peak = 3293.793 ; gain = 0.000 ; free physical = 138114 ; free virtual = 209424
INFO: [Synth 8-11241] undeclared symbol 'REGCCE', assumed default net type 'wire' [/mnt/vault1/kmhatre/Software/AMD/Vivado/2022.2/data/verilog/src/unimacro/BRAM_SINGLE_MACRO.v:2170]
---------------------------------------------------------------------------------
Finished Constraint Validation : Time (s): cpu = 00:00:10 ; elapsed = 00:00:12 . Memory (MB): peak = 3293.793 ; gain = 496.301 ; free physical = 138140 ; free virtual = 209449
Synthesis current peak Physical Memory [PSS] (MB): peak = 2626.950; parent = 2372.829; children = 254.121
Synthesis current peak Virtual Memory [VSS] (MB): peak = 4234.855; parent = 3261.781; children = 973.074
---------------------------------------------------------------------------------
---------------------------------------------------------------------------------
Start Loading Part and Timing Information
---------------------------------------------------------------------------------
Loading part: xczu7ev-ffvc1156-2-e
INFO: [Synth 8-6742] Reading net delay rules and data
---------------------------------------------------------------------------------
Finished Loading Part and Timing Information : Time (s): cpu = 00:00:10 ; elapsed = 00:00:12 . Memory (MB): peak = 3293.793 ; gain = 496.301 ; free physical = 138140 ; free virtual = 209450
Synthesis current peak Physical Memory [PSS] (MB): peak = 2626.950; parent = 2372.829; children = 254.121
Synthesis current peak Virtual Memory [VSS] (MB): peak = 4234.855; parent = 3261.781; children = 973.074
---------------------------------------------------------------------------------
---------------------------------------------------------------------------------
Start Applying 'set_property' XDC Constraints
---------------------------------------------------------------------------------
---------------------------------------------------------------------------------
Finished applying 'set_property' XDC Constraints : Time (s): cpu = 00:00:10 ; elapsed = 00:00:12 . Memory (MB): peak = 3293.793 ; gain = 496.301 ; free physical = 138141 ; free virtual = 209450
Synthesis current peak Physical Memory [PSS] (MB): peak = 2626.950; parent = 2372.829; children = 254.121
Synthesis current peak Virtual Memory [VSS] (MB): peak = 4234.855; parent = 3261.781; children = 973.074
---------------------------------------------------------------------------------
---------------------------------------------------------------------------------
Finished RTL Optimization Phase 2 : Time (s): cpu = 00:00:10 ; elapsed = 00:00:12 . Memory (MB): peak = 3293.793 ; gain = 496.301 ; free physical = 138146 ; free virtual = 209456
Synthesis current peak Physical Memory [PSS] (MB): peak = 2626.950; parent = 2372.829; children = 254.121
Synthesis current peak Virtual Memory [VSS] (MB): peak = 4234.855; parent = 3261.781; children = 973.074
---------------------------------------------------------------------------------
---------------------------------------------------------------------------------
Start RTL Component Statistics 
---------------------------------------------------------------------------------
Detailed RTL Component Info : 
+---Adders : 
	   2 Input   20 Bit       Adders := 1     
	   2 Input   19 Bit       Adders := 1     
	   2 Input   18 Bit       Adders := 2     
	   2 Input   17 Bit       Adders := 5     
	   2 Input   16 Bit       Adders := 9     
	   2 Input   15 Bit       Adders := 19    
	   2 Input   14 Bit       Adders := 37    
	   2 Input   13 Bit       Adders := 75    
+---Registers : 
	               20 Bit    Registers := 1     
	               19 Bit    Registers := 1     
	               18 Bit    Registers := 2     
	               17 Bit    Registers := 7     
	               16 Bit    Registers := 9     
	               15 Bit    Registers := 20    
	               14 Bit    Registers := 37    
	               13 Bit    Registers := 76    
	                1 Bit    Registers := 8     
---------------------------------------------------------------------------------
Finished RTL Component Statistics 
---------------------------------------------------------------------------------
---------------------------------------------------------------------------------
Start Part Resource Summary
---------------------------------------------------------------------------------
Part Resources:
DSPs: 1728 (col length:144)
BRAMs: 624 (col length: RAMB18 144 RAMB36 72)
---------------------------------------------------------------------------------
Finished Part Resource Summary
---------------------------------------------------------------------------------
---------------------------------------------------------------------------------
Start Cross Boundary and Area Optimization
---------------------------------------------------------------------------------
WARNING: [Synth 8-7080] Parallel synthesis criteria is not met
---------------------------------------------------------------------------------
Finished Cross Boundary and Area Optimization : Time (s): cpu = 00:00:11 ; elapsed = 00:00:14 . Memory (MB): peak = 3293.793 ; gain = 496.301 ; free physical = 138175 ; free virtual = 209491
Synthesis current peak Physical Memory [PSS] (MB): peak = 2626.950; parent = 2372.829; children = 254.121
Synthesis current peak Virtual Memory [VSS] (MB): peak = 4234.855; parent = 3261.781; children = 973.074
---------------------------------------------------------------------------------
---------------------------------------------------------------------------------
Start Applying XDC Timing Constraints
---------------------------------------------------------------------------------
---------------------------------------------------------------------------------
Finished Applying XDC Timing Constraints : Time (s): cpu = 00:00:18 ; elapsed = 00:00:25 . Memory (MB): peak = 3672.105 ; gain = 874.613 ; free physical = 137562 ; free virtual = 208870
Synthesis current peak Physical Memory [PSS] (MB): peak = 3208.425; parent = 2954.341; children = 254.121
Synthesis current peak Virtual Memory [VSS] (MB): peak = 4645.184; parent = 3672.109; children = 973.074
---------------------------------------------------------------------------------
---------------------------------------------------------------------------------
Start Timing Optimization
---------------------------------------------------------------------------------
---------------------------------------------------------------------------------
Finished Timing Optimization : Time (s): cpu = 00:00:19 ; elapsed = 00:00:25 . Memory (MB): peak = 3680.105 ; gain = 882.613 ; free physical = 137568 ; free virtual = 208876
Synthesis current peak Physical Memory [PSS] (MB): peak = 3216.431; parent = 2962.341; children = 254.121
Synthesis current peak Virtual Memory [VSS] (MB): peak = 4653.184; parent = 3680.109; children = 973.074
---------------------------------------------------------------------------------
---------------------------------------------------------------------------------
Start Technology Mapping
---------------------------------------------------------------------------------
---------------------------------------------------------------------------------
Finished Technology Mapping : Time (s): cpu = 00:00:19 ; elapsed = 00:00:26 . Memory (MB): peak = 3699.137 ; gain = 901.645 ; free physical = 137545 ; free virtual = 208853
Synthesis current peak Physical Memory [PSS] (MB): peak = 3218.220; parent = 2964.130; children = 254.121
Synthesis current peak Virtual Memory [VSS] (MB): peak = 4672.215; parent = 3699.141; children = 973.074
---------------------------------------------------------------------------------
---------------------------------------------------------------------------------
Start IO Insertion
---------------------------------------------------------------------------------
---------------------------------------------------------------------------------
Start Flattening Before IO Insertion
---------------------------------------------------------------------------------
---------------------------------------------------------------------------------
Finished Flattening Before IO Insertion
---------------------------------------------------------------------------------
---------------------------------------------------------------------------------
Start Final Netlist Cleanup
---------------------------------------------------------------------------------
---------------------------------------------------------------------------------
Finished Final Netlist Cleanup
---------------------------------------------------------------------------------
---------------------------------------------------------------------------------
Finished IO Insertion : Time (s): cpu = 00:00:22 ; elapsed = 00:00:28 . Memory (MB): peak = 3708.043 ; gain = 910.551 ; free physical = 137596 ; free virtual = 208904
Synthesis current peak Physical Memory [PSS] (MB): peak = 3219.188; parent = 2965.099; children = 254.121
Synthesis current peak Virtual Memory [VSS] (MB): peak = 4681.121; parent = 3708.047; children = 973.074
---------------------------------------------------------------------------------
---------------------------------------------------------------------------------
Start Renaming Generated Instances
---------------------------------------------------------------------------------
---------------------------------------------------------------------------------
Finished Renaming Generated Instances : Time (s): cpu = 00:00:22 ; elapsed = 00:00:28 . Memory (MB): peak = 3708.043 ; gain = 910.551 ; free physical = 137596 ; free virtual = 208904
Synthesis current peak Physical Memory [PSS] (MB): peak = 3219.204; parent = 2965.114; children = 254.121
Synthesis current peak Virtual Memory [VSS] (MB): peak = 4681.121; parent = 3708.047; children = 973.074
---------------------------------------------------------------------------------
---------------------------------------------------------------------------------
Start Rebuilding User Hierarchy
---------------------------------------------------------------------------------
---------------------------------------------------------------------------------
Finished Rebuilding User Hierarchy : Time (s): cpu = 00:00:22 ; elapsed = 00:00:29 . Memory (MB): peak = 3708.043 ; gain = 910.551 ; free physical = 137596 ; free virtual = 208904
Synthesis current peak Physical Memory [PSS] (MB): peak = 3220.130; parent = 2966.040; children = 254.121
Synthesis current peak Virtual Memory [VSS] (MB): peak = 4681.121; parent = 3708.047; children = 973.074
---------------------------------------------------------------------------------
---------------------------------------------------------------------------------
Start Renaming Generated Ports
---------------------------------------------------------------------------------
---------------------------------------------------------------------------------
Finished Renaming Generated Ports : Time (s): cpu = 00:00:22 ; elapsed = 00:00:29 . Memory (MB): peak = 3708.043 ; gain = 910.551 ; free physical = 137596 ; free virtual = 208904
Synthesis current peak Physical Memory [PSS] (MB): peak = 3220.192; parent = 2966.103; children = 254.121
Synthesis current peak Virtual Memory [VSS] (MB): peak = 4681.121; parent = 3708.047; children = 973.074
---------------------------------------------------------------------------------
---------------------------------------------------------------------------------
Start Handling Custom Attributes
---------------------------------------------------------------------------------
---------------------------------------------------------------------------------
Finished Handling Custom Attributes : Time (s): cpu = 00:00:22 ; elapsed = 00:00:29 . Memory (MB): peak = 3708.043 ; gain = 910.551 ; free physical = 137596 ; free virtual = 208904
Synthesis current peak Physical Memory [PSS] (MB): peak = 3220.208; parent = 2966.118; children = 254.121
Synthesis current peak Virtual Memory [VSS] (MB): peak = 4681.121; parent = 3708.047; children = 973.074
---------------------------------------------------------------------------------
---------------------------------------------------------------------------------
Start Renaming Generated Nets
---------------------------------------------------------------------------------
---------------------------------------------------------------------------------
Finished Renaming Generated Nets : Time (s): cpu = 00:00:22 ; elapsed = 00:00:29 . Memory (MB): peak = 3708.043 ; gain = 910.551 ; free physical = 137596 ; free virtual = 208904
Synthesis current peak Physical Memory [PSS] (MB): peak = 3220.239; parent = 2966.149; children = 254.121
Synthesis current peak Virtual Memory [VSS] (MB): peak = 4681.121; parent = 3708.047; children = 973.074
---------------------------------------------------------------------------------
---------------------------------------------------------------------------------
Start Writing Synthesis Report
---------------------------------------------------------------------------------

Report BlackBoxes: 
+-+--------------+----------+
| |BlackBox name |Instances |
+-+--------------+----------+
+-+--------------+----------+

Report Cell Usage: 
+------+-------+------+
|      |Cell   |Count |
+------+-------+------+
|1     |BUFG   |     1|
|2     |CARRY8 |   307|
|3     |LUT1   |   149|
|4     |LUT2   |  1933|
|5     |FDRE   |  2152|
|6     |IBUF   |  1803|
|7     |OBUF   |    21|
+------+-------+------+
---------------------------------------------------------------------------------
Finished Writing Synthesis Report : Time (s): cpu = 00:00:22 ; elapsed = 00:00:29 . Memory (MB): peak = 3708.043 ; gain = 910.551 ; free physical = 137596 ; free virtual = 208905
Synthesis current peak Physical Memory [PSS] (MB): peak = 3220.255; parent = 2966.165; children = 254.121
Synthesis current peak Virtual Memory [VSS] (MB): peak = 4681.121; parent = 3708.047; children = 973.074
---------------------------------------------------------------------------------
Synthesis finished with 0 errors, 0 critical warnings and 1 warnings.
Synthesis Optimization Runtime : Time (s): cpu = 00:00:18 ; elapsed = 00:00:25 . Memory (MB): peak = 3708.043 ; gain = 745.832 ; free physical = 137605 ; free virtual = 208914
Synthesis Optimization Complete : Time (s): cpu = 00:00:22 ; elapsed = 00:00:29 . Memory (MB): peak = 3708.051 ; gain = 910.551 ; free physical = 137600 ; free virtual = 208908
INFO: [Project 1-571] Translating synthesized netlist
Netlist sorting complete. Time (s): cpu = 00:00:00.03 ; elapsed = 00:00:00.02 . Memory (MB): peak = 3720.012 ; gain = 0.000 ; free physical = 137723 ; free virtual = 209031
INFO: [Netlist 29-17] Analyzing 2111 Unisim elements for replacement
INFO: [Netlist 29-28] Unisim Transformation completed in 0 CPU seconds
WARNING: [Netlist 29-101] Netlist 'sum_signed' is not ideal for floorplanning, since the cellview 'sum_signed' contains a large number of primitives.  Please consider enabling hierarchy in synthesis if you want to do floorplanning.
INFO: [Project 1-570] Preparing netlist for logic optimization
Parsing XDC File [/mnt/vault1/mfaroo19/reduction_tree/integrator/runs/M150_W12/sum_signed.xdc]
Finished Parsing XDC File [/mnt/vault1/mfaroo19/reduction_tree/integrator/runs/M150_W12/sum_signed.xdc]
INFO: [Opt 31-138] Pushed 0 inverter(s) to 0 load pin(s).
Netlist sorting complete. Time (s): cpu = 00:00:00 ; elapsed = 00:00:00 . Memory (MB): peak = 3776.543 ; gain = 0.000 ; free physical = 137742 ; free virtual = 209050
INFO: [Project 1-111] Unisim Transformation Summary:
  A total of 1804 instances were transformed.
  BUFG => BUFGCE: 1 instance 
  IBUF => IBUF (IBUFCTRL, INBUF): 1803 instances

Synth Design complete, checksum: 554cb5ee
INFO: [Common 17-83] Releasing license: Synthesis
19 Infos, 2 Warnings, 0 Critical Warnings and 0 Errors encountered.
synth_design completed successfully
synth_design: Time (s): cpu = 00:00:32 ; elapsed = 00:00:40 . Memory (MB): peak = 3776.543 ; gain = 2071.871 ; free physical = 137810 ; free virtual = 209118
# report_utilization -file runs/M150_W12/util.rpt
# report_timing_summary -file runs/M150_W12/timing.rpt
INFO: [Timing 38-35] Done setting XDC timing constraints.
INFO: [Timing 38-91] UpdateTimingParams: Speed grade: -2, Temperature grade: E, Delay Type: min_max.
INFO: [Timing 38-191] Multithreading enabled for timing update using a maximum of 8 CPUs
report_timing_summary: Time (s): cpu = 00:00:12 ; elapsed = 00:00:14 . Memory (MB): peak = 4522.531 ; gain = 745.988 ; free physical = 137408 ; free virtual = 208716
# exit
INFO: [Common 17-206] Exiting Vivado at Tue Nov  4 17:42:27 2025...
