#-----------------------------------------------------------
# Vivado v2022.2 (64-bit)
# SW Build 3671981 on Fri Oct 14 04:59:54 MDT 2022
# IP Build 3669848 on Fri Oct 14 08:30:02 MDT 2022
# Start of session at: Thu Nov  6 17:34:39 2025
# Process ID: 3548077
# Current directory: /mnt/vault1/mfaroo19/reduction_tree/dot_product/runs/M50_W13_N4
# Command line: vivado -mode batch -source /mnt/vault1/mfaroo19/reduction_tree/dot_product/runs/M50_W13_N4/run.tcl
# Log file: /mnt/vault1/mfaroo19/reduction_tree/dot_product/runs/M50_W13_N4/vivado.log
# Journal file: /mnt/vault1/mfaroo19/reduction_tree/dot_product/runs/M50_W13_N4/vivado.jou
# Running On: en4228283l, OS: Linux, CPU Frequency: 2999.993 MHz, CPU Physical cores: 32, Host memory: 269992 MB
#-----------------------------------------------------------
source /mnt/vault1/mfaroo19/reduction_tree/dot_product/runs/M50_W13_N4/run.tcl
# read_verilog -sv /mnt/vault1/mfaroo19/reduction_tree/dot_product/runs/M50_W13_N4/design.sv
# read_xdc /mnt/vault1/mfaroo19/reduction_tree/dot_product/runs/M50_W13_N4/design.xdc
# synth_design -top dotprod -part xczu7ev-ffvc1156-2-e
Command: synth_design -top dotprod -part xczu7ev-ffvc1156-2-e
Starting synth_design
Attempting to get a license for feature 'Synthesis' and/or device 'xczu7ev'
INFO: [Common 17-349] Got license for feature 'Synthesis' and/or device 'xczu7ev'
INFO: [Device 21-403] Loading part xczu7ev-ffvc1156-2-e
INFO: [Synth 8-7079] Multithreading enabled for synth_design using a maximum of 4 processes.
INFO: [Synth 8-7078] Launching helper process for spawning children vivado processes
INFO: [Synth 8-7075] Helper process launched with PID 3548137
INFO: [Synth 8-11241] undeclared symbol 'REGCCE', assumed default net type 'wire' [/mnt/vault1/kmhatre/Software/AMD/Vivado/2022.2/data/verilog/src/unimacro/BRAM_SINGLE_MACRO.v:2170]
---------------------------------------------------------------------------------
Starting RTL Elaboration : Time (s): cpu = 00:00:02 ; elapsed = 00:00:03 . Memory (MB): peak = 3039.230 ; gain = 241.801 ; free physical = 92490 ; free virtual = 202872
Synthesis current peak Physical Memory [PSS] (MB): peak = 2626.575; parent = 2372.397; children = 254.178
Synthesis current peak Virtual Memory [VSS] (MB): peak = 4012.316; parent = 3039.234; children = 973.082
---------------------------------------------------------------------------------
INFO: [Synth 8-6157] synthesizing module 'dotprod' [/mnt/vault1/mfaroo19/reduction_tree/dot_product/runs/M50_W13_N4/design.sv:3]
INFO: [Synth 8-6155] done synthesizing module 'dotprod' (0#1) [/mnt/vault1/mfaroo19/reduction_tree/dot_product/runs/M50_W13_N4/design.sv:3]
---------------------------------------------------------------------------------
Finished RTL Elaboration : Time (s): cpu = 00:00:03 ; elapsed = 00:00:04 . Memory (MB): peak = 3107.199 ; gain = 309.770 ; free physical = 92431 ; free virtual = 202814
Synthesis current peak Physical Memory [PSS] (MB): peak = 2626.575; parent = 2372.397; children = 254.178
Synthesis current peak Virtual Memory [VSS] (MB): peak = 4080.285; parent = 3107.203; children = 973.082
---------------------------------------------------------------------------------
---------------------------------------------------------------------------------
Start Handling Custom Attributes
---------------------------------------------------------------------------------
---------------------------------------------------------------------------------
Finished Handling Custom Attributes : Time (s): cpu = 00:00:03 ; elapsed = 00:00:04 . Memory (MB): peak = 3125.012 ; gain = 327.582 ; free physical = 92431 ; free virtual = 202814
Synthesis current peak Physical Memory [PSS] (MB): peak = 2626.575; parent = 2372.397; children = 254.178
Synthesis current peak Virtual Memory [VSS] (MB): peak = 4098.098; parent = 3125.016; children = 973.082
---------------------------------------------------------------------------------
---------------------------------------------------------------------------------
Finished RTL Optimization Phase 1 : Time (s): cpu = 00:00:03 ; elapsed = 00:00:04 . Memory (MB): peak = 3125.012 ; gain = 327.582 ; free physical = 92431 ; free virtual = 202814
Synthesis current peak Physical Memory [PSS] (MB): peak = 2626.575; parent = 2372.397; children = 254.178
Synthesis current peak Virtual Memory [VSS] (MB): peak = 4098.098; parent = 3125.016; children = 973.082
---------------------------------------------------------------------------------
Netlist sorting complete. Time (s): cpu = 00:00:00 ; elapsed = 00:00:00 . Memory (MB): peak = 3125.012 ; gain = 0.000 ; free physical = 92434 ; free virtual = 202817
INFO: [Project 1-570] Preparing netlist for logic optimization

Processing XDC Constraints
Initializing timing engine
Parsing XDC File [/mnt/vault1/mfaroo19/reduction_tree/dot_product/runs/M50_W13_N4/design.xdc]
Finished Parsing XDC File [/mnt/vault1/mfaroo19/reduction_tree/dot_product/runs/M50_W13_N4/design.xdc]
Completed Processing XDC Constraints

Netlist sorting complete. Time (s): cpu = 00:00:00 ; elapsed = 00:00:00 . Memory (MB): peak = 3292.730 ; gain = 0.000 ; free physical = 92507 ; free virtual = 202890
INFO: [Project 1-111] Unisim Transformation Summary:
No Unisim elements were transformed.

Constraint Validation Runtime : Time (s): cpu = 00:00:00.02 ; elapsed = 00:00:00.01 . Memory (MB): peak = 3292.730 ; gain = 0.000 ; free physical = 92507 ; free virtual = 202890
INFO: [Synth 8-11241] undeclared symbol 'REGCCE', assumed default net type 'wire' [/mnt/vault1/kmhatre/Software/AMD/Vivado/2022.2/data/verilog/src/unimacro/BRAM_SINGLE_MACRO.v:2170]
---------------------------------------------------------------------------------
Finished Constraint Validation : Time (s): cpu = 00:00:10 ; elapsed = 00:00:12 . Memory (MB): peak = 3292.730 ; gain = 495.301 ; free physical = 92552 ; free virtual = 202935
Synthesis current peak Physical Memory [PSS] (MB): peak = 2626.575; parent = 2372.397; children = 254.178
Synthesis current peak Virtual Memory [VSS] (MB): peak = 4233.801; parent = 3260.719; children = 973.082
---------------------------------------------------------------------------------
---------------------------------------------------------------------------------
Start Loading Part and Timing Information
---------------------------------------------------------------------------------
Loading part: xczu7ev-ffvc1156-2-e
INFO: [Synth 8-6742] Reading net delay rules and data
---------------------------------------------------------------------------------
Finished Loading Part and Timing Information : Time (s): cpu = 00:00:10 ; elapsed = 00:00:12 . Memory (MB): peak = 3292.730 ; gain = 495.301 ; free physical = 92552 ; free virtual = 202935
Synthesis current peak Physical Memory [PSS] (MB): peak = 2626.575; parent = 2372.397; children = 254.178
Synthesis current peak Virtual Memory [VSS] (MB): peak = 4233.801; parent = 3260.719; children = 973.082
---------------------------------------------------------------------------------
---------------------------------------------------------------------------------
Start Applying 'set_property' XDC Constraints
---------------------------------------------------------------------------------
---------------------------------------------------------------------------------
Finished applying 'set_property' XDC Constraints : Time (s): cpu = 00:00:10 ; elapsed = 00:00:12 . Memory (MB): peak = 3292.730 ; gain = 495.301 ; free physical = 92552 ; free virtual = 202935
Synthesis current peak Physical Memory [PSS] (MB): peak = 2626.575; parent = 2372.397; children = 254.178
Synthesis current peak Virtual Memory [VSS] (MB): peak = 4233.801; parent = 3260.719; children = 973.082
---------------------------------------------------------------------------------
---------------------------------------------------------------------------------
Finished RTL Optimization Phase 2 : Time (s): cpu = 00:00:10 ; elapsed = 00:00:12 . Memory (MB): peak = 3292.730 ; gain = 495.301 ; free physical = 92569 ; free virtual = 202952
Synthesis current peak Physical Memory [PSS] (MB): peak = 2626.575; parent = 2372.397; children = 254.178
Synthesis current peak Virtual Memory [VSS] (MB): peak = 4233.801; parent = 3260.719; children = 973.082
---------------------------------------------------------------------------------
---------------------------------------------------------------------------------
Start RTL Component Statistics 
---------------------------------------------------------------------------------
Detailed RTL Component Info : 
+---Adders : 
	   2 Input   23 Bit       Adders := 24    
+---Registers : 
	               23 Bit    Registers := 24    
	               18 Bit    Registers := 28    
	                1 Bit    Registers := 6     
---------------------------------------------------------------------------------
Finished RTL Component Statistics 
---------------------------------------------------------------------------------
---------------------------------------------------------------------------------
Start Part Resource Summary
---------------------------------------------------------------------------------
Part Resources:
DSPs: 1728 (col length:144)
BRAMs: 624 (col length: RAMB18 144 RAMB36 72)
---------------------------------------------------------------------------------
Finished Part Resource Summary
---------------------------------------------------------------------------------
---------------------------------------------------------------------------------
Start Cross Boundary and Area Optimization
---------------------------------------------------------------------------------
WARNING: [Synth 8-7080] Parallel synthesis criteria is not met
---------------------------------------------------------------------------------
Finished Cross Boundary and Area Optimization : Time (s): cpu = 00:00:16 ; elapsed = 00:00:18 . Memory (MB): peak = 3292.730 ; gain = 495.301 ; free physical = 92639 ; free virtual = 203028
Synthesis current peak Physical Memory [PSS] (MB): peak = 2626.575; parent = 2372.397; children = 254.178
Synthesis current peak Virtual Memory [VSS] (MB): peak = 4233.801; parent = 3260.719; children = 973.082
---------------------------------------------------------------------------------
---------------------------------------------------------------------------------
Start Applying XDC Timing Constraints
---------------------------------------------------------------------------------
---------------------------------------------------------------------------------
Finished Applying XDC Timing Constraints : Time (s): cpu = 00:00:23 ; elapsed = 00:00:29 . Memory (MB): peak = 3687.105 ; gain = 889.676 ; free physical = 92213 ; free virtual = 202602
Synthesis current peak Physical Memory [PSS] (MB): peak = 3224.958; parent = 2970.812; children = 254.178
Synthesis current peak Virtual Memory [VSS] (MB): peak = 4660.191; parent = 3687.109; children = 973.082
---------------------------------------------------------------------------------
---------------------------------------------------------------------------------
Start Timing Optimization
---------------------------------------------------------------------------------
---------------------------------------------------------------------------------
Finished Timing Optimization : Time (s): cpu = 00:00:23 ; elapsed = 00:00:29 . Memory (MB): peak = 3694.105 ; gain = 896.676 ; free physical = 92206 ; free virtual = 202594
Synthesis current peak Physical Memory [PSS] (MB): peak = 3231.794; parent = 2977.647; children = 254.178
Synthesis current peak Virtual Memory [VSS] (MB): peak = 4667.191; parent = 3694.109; children = 973.082
---------------------------------------------------------------------------------
---------------------------------------------------------------------------------
Start Technology Mapping
---------------------------------------------------------------------------------
---------------------------------------------------------------------------------
Finished Technology Mapping : Time (s): cpu = 00:00:24 ; elapsed = 00:00:31 . Memory (MB): peak = 3826.145 ; gain = 1028.715 ; free physical = 92088 ; free virtual = 202477
Synthesis current peak Physical Memory [PSS] (MB): peak = 3355.470; parent = 3101.323; children = 254.178
Synthesis current peak Virtual Memory [VSS] (MB): peak = 4799.230; parent = 3826.148; children = 973.082
---------------------------------------------------------------------------------
---------------------------------------------------------------------------------
Start IO Insertion
---------------------------------------------------------------------------------
---------------------------------------------------------------------------------
Start Flattening Before IO Insertion
---------------------------------------------------------------------------------
---------------------------------------------------------------------------------
Finished Flattening Before IO Insertion
---------------------------------------------------------------------------------
---------------------------------------------------------------------------------
Start Final Netlist Cleanup
---------------------------------------------------------------------------------
---------------------------------------------------------------------------------
Finished Final Netlist Cleanup
---------------------------------------------------------------------------------
---------------------------------------------------------------------------------
Finished IO Insertion : Time (s): cpu = 00:00:26 ; elapsed = 00:00:33 . Memory (MB): peak = 3826.145 ; gain = 1028.715 ; free physical = 92096 ; free virtual = 202485
Synthesis current peak Physical Memory [PSS] (MB): peak = 3355.470; parent = 3101.323; children = 254.178
Synthesis current peak Virtual Memory [VSS] (MB): peak = 4799.230; parent = 3826.148; children = 973.082
---------------------------------------------------------------------------------
---------------------------------------------------------------------------------
Start Renaming Generated Instances
---------------------------------------------------------------------------------
---------------------------------------------------------------------------------
Finished Renaming Generated Instances : Time (s): cpu = 00:00:26 ; elapsed = 00:00:33 . Memory (MB): peak = 3826.145 ; gain = 1028.715 ; free physical = 92096 ; free virtual = 202485
Synthesis current peak Physical Memory [PSS] (MB): peak = 3355.470; parent = 3101.323; children = 254.178
Synthesis current peak Virtual Memory [VSS] (MB): peak = 4799.230; parent = 3826.148; children = 973.082
---------------------------------------------------------------------------------
---------------------------------------------------------------------------------
Start Rebuilding User Hierarchy
---------------------------------------------------------------------------------
---------------------------------------------------------------------------------
Finished Rebuilding User Hierarchy : Time (s): cpu = 00:00:27 ; elapsed = 00:00:34 . Memory (MB): peak = 3826.145 ; gain = 1028.715 ; free physical = 92096 ; free virtual = 202485
Synthesis current peak Physical Memory [PSS] (MB): peak = 3355.470; parent = 3101.323; children = 254.178
Synthesis current peak Virtual Memory [VSS] (MB): peak = 4799.230; parent = 3826.148; children = 973.082
---------------------------------------------------------------------------------
---------------------------------------------------------------------------------
Start Renaming Generated Ports
---------------------------------------------------------------------------------
---------------------------------------------------------------------------------
Finished Renaming Generated Ports : Time (s): cpu = 00:00:27 ; elapsed = 00:00:34 . Memory (MB): peak = 3826.145 ; gain = 1028.715 ; free physical = 92096 ; free virtual = 202485
Synthesis current peak Physical Memory [PSS] (MB): peak = 3355.470; parent = 3101.323; children = 254.178
Synthesis current peak Virtual Memory [VSS] (MB): peak = 4799.230; parent = 3826.148; children = 973.082
---------------------------------------------------------------------------------
---------------------------------------------------------------------------------
Start Handling Custom Attributes
---------------------------------------------------------------------------------
---------------------------------------------------------------------------------
Finished Handling Custom Attributes : Time (s): cpu = 00:00:27 ; elapsed = 00:00:34 . Memory (MB): peak = 3826.145 ; gain = 1028.715 ; free physical = 92096 ; free virtual = 202485
Synthesis current peak Physical Memory [PSS] (MB): peak = 3355.470; parent = 3101.323; children = 254.178
Synthesis current peak Virtual Memory [VSS] (MB): peak = 4799.230; parent = 3826.148; children = 973.082
---------------------------------------------------------------------------------
---------------------------------------------------------------------------------
Start Renaming Generated Nets
---------------------------------------------------------------------------------
---------------------------------------------------------------------------------
Finished Renaming Generated Nets : Time (s): cpu = 00:00:27 ; elapsed = 00:00:34 . Memory (MB): peak = 3826.145 ; gain = 1028.715 ; free physical = 92096 ; free virtual = 202485
Synthesis current peak Physical Memory [PSS] (MB): peak = 3355.470; parent = 3101.323; children = 254.178
Synthesis current peak Virtual Memory [VSS] (MB): peak = 4799.230; parent = 3826.148; children = 973.082
---------------------------------------------------------------------------------
---------------------------------------------------------------------------------
Start ROM, RAM, DSP, Shift Register and Retiming Reporting
---------------------------------------------------------------------------------

Static Shift Register Report:
+------------+-------------------+--------+-------+--------------+--------------------+-------------------+--------+---------+
|Module Name | RTL Name          | Length | Width | Reset Signal | Pull out first Reg | Pull out last Reg | SRL16E | SRLC32E | 
+------------+-------------------+--------+-------+--------------+--------------------+-------------------+--------+---------+
|dotprod     | stage4_reg[3][17] | 4      | 18    | YES          | NO                 | YES               | 18     | 0       | 
|dotprod     | vld_layer6_reg    | 6      | 1     | YES          | NO                 | YES               | 1      | 0       | 
+------------+-------------------+--------+-------+--------------+--------------------+-------------------+--------+---------+

---------------------------------------------------------------------------------
Finished ROM, RAM, DSP, Shift Register and Retiming Reporting
---------------------------------------------------------------------------------
---------------------------------------------------------------------------------
Start Writing Synthesis Report
---------------------------------------------------------------------------------

Report BlackBoxes: 
+-+--------------+----------+
| |BlackBox name |Instances |
+-+--------------+----------+
+-+--------------+----------+

Report Cell Usage: 
+------+-------+------+
|      |Cell   |Count |
+------+-------+------+
|1     |BUFG   |     1|
|2     |CARRY8 |   297|
|3     |LUT2   |  1095|
|4     |LUT4   |   600|
|5     |LUT5   |   450|
|6     |LUT6   |  1450|
|7     |SRL16E |    19|
|8     |FDRE   |   953|
|9     |IBUF   |   853|
|10    |OBUF   |    24|
+------+-------+------+
---------------------------------------------------------------------------------
Finished Writing Synthesis Report : Time (s): cpu = 00:00:27 ; elapsed = 00:00:34 . Memory (MB): peak = 3826.145 ; gain = 1028.715 ; free physical = 92105 ; free virtual = 202494
Synthesis current peak Physical Memory [PSS] (MB): peak = 3355.470; parent = 3101.323; children = 254.178
Synthesis current peak Virtual Memory [VSS] (MB): peak = 4799.230; parent = 3826.148; children = 973.082
---------------------------------------------------------------------------------
Synthesis finished with 0 errors, 0 critical warnings and 1 warnings.
Synthesis Optimization Runtime : Time (s): cpu = 00:00:23 ; elapsed = 00:00:30 . Memory (MB): peak = 3826.145 ; gain = 860.996 ; free physical = 92107 ; free virtual = 202495
Synthesis Optimization Complete : Time (s): cpu = 00:00:27 ; elapsed = 00:00:34 . Memory (MB): peak = 3826.152 ; gain = 1028.715 ; free physical = 92107 ; free virtual = 202495
INFO: [Project 1-571] Translating synthesized netlist
Netlist sorting complete. Time (s): cpu = 00:00:00.02 ; elapsed = 00:00:00.02 . Memory (MB): peak = 3826.152 ; gain = 0.000 ; free physical = 92227 ; free virtual = 202616
INFO: [Netlist 29-17] Analyzing 1151 Unisim elements for replacement
INFO: [Netlist 29-28] Unisim Transformation completed in 0 CPU seconds
WARNING: [Netlist 29-101] Netlist 'dotprod' is not ideal for floorplanning, since the cellview 'dotprod' contains a large number of primitives.  Please consider enabling hierarchy in synthesis if you want to do floorplanning.
INFO: [Project 1-570] Preparing netlist for logic optimization
Parsing XDC File [/mnt/vault1/mfaroo19/reduction_tree/dot_product/runs/M50_W13_N4/design.xdc]
Finished Parsing XDC File [/mnt/vault1/mfaroo19/reduction_tree/dot_product/runs/M50_W13_N4/design.xdc]
INFO: [Opt 31-138] Pushed 0 inverter(s) to 0 load pin(s).
Netlist sorting complete. Time (s): cpu = 00:00:00 ; elapsed = 00:00:00 . Memory (MB): peak = 3833.777 ; gain = 0.000 ; free physical = 92247 ; free virtual = 202636
INFO: [Project 1-111] Unisim Transformation Summary:
  A total of 854 instances were transformed.
  BUFG => BUFGCE: 1 instance 
  IBUF => IBUF (IBUFCTRL, INBUF): 853 instances

Synth Design complete, checksum: 5b491052
INFO: [Common 17-83] Releasing license: Synthesis
19 Infos, 2 Warnings, 0 Critical Warnings and 0 Errors encountered.
synth_design completed successfully
synth_design: Time (s): cpu = 00:00:36 ; elapsed = 00:00:44 . Memory (MB): peak = 3833.777 ; gain = 2129.168 ; free physical = 92459 ; free virtual = 202848
# report_utilization -file /mnt/vault1/mfaroo19/reduction_tree/dot_product/runs/M50_W13_N4/util.rpt
# report_timing_summary -file /mnt/vault1/mfaroo19/reduction_tree/dot_product/runs/M50_W13_N4/timing.rpt
INFO: [Timing 38-35] Done setting XDC timing constraints.
INFO: [Timing 38-91] UpdateTimingParams: Speed grade: -2, Temperature grade: E, Delay Type: min_max.
INFO: [Timing 38-191] Multithreading enabled for timing update using a maximum of 8 CPUs
report_timing_summary: Time (s): cpu = 00:00:12 ; elapsed = 00:00:14 . Memory (MB): peak = 4706.664 ; gain = 872.887 ; free physical = 91816 ; free virtual = 202205
# exit
INFO: [Common 17-206] Exiting Vivado at Thu Nov  6 17:35:45 2025...
