
****** Vivado v2022.2 (64-bit)
  **** SW Build 3671981 on Fri Oct 14 04:59:54 MDT 2022
  **** IP Build 3669848 on Fri Oct 14 08:30:02 MDT 2022
    ** Copyright 1986-2022 Xilinx, Inc. All Rights Reserved.

source runs/M100_W8/run.tcl
# read_verilog -sv runs/M100_W8/sum_signed.sv
# read_xdc runs/M100_W8/sum_signed.xdc
# synth_design -top sum_signed -part xczu7ev-ffvc1156-2-e
Command: synth_design -top sum_signed -part xczu7ev-ffvc1156-2-e
Starting synth_design
Attempting to get a license for feature 'Synthesis' and/or device 'xczu7ev'
INFO: [Common 17-349] Got license for feature 'Synthesis' and/or device 'xczu7ev'
INFO: [Device 21-403] Loading part xczu7ev-ffvc1156-2-e
INFO: [Synth 8-7079] Multithreading enabled for synth_design using a maximum of 4 processes.
INFO: [Synth 8-7078] Launching helper process for spawning children vivado processes
INFO: [Synth 8-7075] Helper process launched with PID 2565919
INFO: [Synth 8-11241] undeclared symbol 'REGCCE', assumed default net type 'wire' [/mnt/vault1/kmhatre/Software/AMD/Vivado/2022.2/data/verilog/src/unimacro/BRAM_SINGLE_MACRO.v:2170]
---------------------------------------------------------------------------------
Starting RTL Elaboration : Time (s): cpu = 00:00:02 ; elapsed = 00:00:03 . Memory (MB): peak = 3037.297 ; gain = 239.832 ; free physical = 137594 ; free virtual = 208885
Synthesis current peak Physical Memory [PSS] (MB): peak = 2626.840; parent = 2372.694; children = 254.146
Synthesis current peak Virtual Memory [VSS] (MB): peak = 4013.344; parent = 3040.270; children = 973.074
---------------------------------------------------------------------------------
INFO: [Synth 8-6157] synthesizing module 'sum_signed' [/mnt/vault1/mfaroo19/reduction_tree/integrator/runs/M100_W8/sum_signed.sv:7]
INFO: [Synth 8-6155] done synthesizing module 'sum_signed' (0#1) [/mnt/vault1/mfaroo19/reduction_tree/integrator/runs/M100_W8/sum_signed.sv:7]
---------------------------------------------------------------------------------
Finished RTL Elaboration : Time (s): cpu = 00:00:04 ; elapsed = 00:00:04 . Memory (MB): peak = 3118.234 ; gain = 320.770 ; free physical = 137573 ; free virtual = 208862
Synthesis current peak Physical Memory [PSS] (MB): peak = 2626.840; parent = 2372.694; children = 254.146
Synthesis current peak Virtual Memory [VSS] (MB): peak = 4091.312; parent = 3118.238; children = 973.074
---------------------------------------------------------------------------------
---------------------------------------------------------------------------------
Start Handling Custom Attributes
---------------------------------------------------------------------------------
---------------------------------------------------------------------------------
Finished Handling Custom Attributes : Time (s): cpu = 00:00:04 ; elapsed = 00:00:05 . Memory (MB): peak = 3136.047 ; gain = 338.582 ; free physical = 137596 ; free virtual = 208886
Synthesis current peak Physical Memory [PSS] (MB): peak = 2626.840; parent = 2372.694; children = 254.146
Synthesis current peak Virtual Memory [VSS] (MB): peak = 4109.125; parent = 3136.051; children = 973.074
---------------------------------------------------------------------------------
---------------------------------------------------------------------------------
Finished RTL Optimization Phase 1 : Time (s): cpu = 00:00:04 ; elapsed = 00:00:05 . Memory (MB): peak = 3136.047 ; gain = 338.582 ; free physical = 137604 ; free virtual = 208895
Synthesis current peak Physical Memory [PSS] (MB): peak = 2626.840; parent = 2372.694; children = 254.146
Synthesis current peak Virtual Memory [VSS] (MB): peak = 4109.125; parent = 3136.051; children = 973.074
---------------------------------------------------------------------------------
Netlist sorting complete. Time (s): cpu = 00:00:00.01 ; elapsed = 00:00:00.01 . Memory (MB): peak = 3136.047 ; gain = 0.000 ; free physical = 137615 ; free virtual = 208905
INFO: [Project 1-570] Preparing netlist for logic optimization

Processing XDC Constraints
Initializing timing engine
Parsing XDC File [/mnt/vault1/mfaroo19/reduction_tree/integrator/runs/M100_W8/sum_signed.xdc]
Finished Parsing XDC File [/mnt/vault1/mfaroo19/reduction_tree/integrator/runs/M100_W8/sum_signed.xdc]
Completed Processing XDC Constraints

Netlist sorting complete. Time (s): cpu = 00:00:00 ; elapsed = 00:00:00 . Memory (MB): peak = 3305.766 ; gain = 0.000 ; free physical = 137871 ; free virtual = 209161
INFO: [Project 1-111] Unisim Transformation Summary:
No Unisim elements were transformed.

Constraint Validation Runtime : Time (s): cpu = 00:00:00.02 ; elapsed = 00:00:00.01 . Memory (MB): peak = 3305.766 ; gain = 0.000 ; free physical = 137880 ; free virtual = 209170
INFO: [Synth 8-11241] undeclared symbol 'REGCCE', assumed default net type 'wire' [/mnt/vault1/kmhatre/Software/AMD/Vivado/2022.2/data/verilog/src/unimacro/BRAM_SINGLE_MACRO.v:2170]
---------------------------------------------------------------------------------
Finished Constraint Validation : Time (s): cpu = 00:00:10 ; elapsed = 00:00:12 . Memory (MB): peak = 3305.766 ; gain = 508.301 ; free physical = 138005 ; free virtual = 209296
Synthesis current peak Physical Memory [PSS] (MB): peak = 2637.824; parent = 2383.679; children = 254.146
Synthesis current peak Virtual Memory [VSS] (MB): peak = 4246.828; parent = 3273.754; children = 973.074
---------------------------------------------------------------------------------
---------------------------------------------------------------------------------
Start Loading Part and Timing Information
---------------------------------------------------------------------------------
Loading part: xczu7ev-ffvc1156-2-e
INFO: [Synth 8-6742] Reading net delay rules and data
---------------------------------------------------------------------------------
Finished Loading Part and Timing Information : Time (s): cpu = 00:00:10 ; elapsed = 00:00:12 . Memory (MB): peak = 3305.766 ; gain = 508.301 ; free physical = 138005 ; free virtual = 209296
Synthesis current peak Physical Memory [PSS] (MB): peak = 2637.824; parent = 2383.679; children = 254.146
Synthesis current peak Virtual Memory [VSS] (MB): peak = 4246.828; parent = 3273.754; children = 973.074
---------------------------------------------------------------------------------
---------------------------------------------------------------------------------
Start Applying 'set_property' XDC Constraints
---------------------------------------------------------------------------------
---------------------------------------------------------------------------------
Finished applying 'set_property' XDC Constraints : Time (s): cpu = 00:00:10 ; elapsed = 00:00:12 . Memory (MB): peak = 3305.766 ; gain = 508.301 ; free physical = 138010 ; free virtual = 209300
Synthesis current peak Physical Memory [PSS] (MB): peak = 2637.824; parent = 2383.679; children = 254.146
Synthesis current peak Virtual Memory [VSS] (MB): peak = 4246.828; parent = 3273.754; children = 973.074
---------------------------------------------------------------------------------
---------------------------------------------------------------------------------
Finished RTL Optimization Phase 2 : Time (s): cpu = 00:00:10 ; elapsed = 00:00:13 . Memory (MB): peak = 3305.766 ; gain = 508.301 ; free physical = 138027 ; free virtual = 209319
Synthesis current peak Physical Memory [PSS] (MB): peak = 2637.824; parent = 2383.679; children = 254.146
Synthesis current peak Virtual Memory [VSS] (MB): peak = 4246.828; parent = 3273.754; children = 973.074
---------------------------------------------------------------------------------
---------------------------------------------------------------------------------
Start RTL Component Statistics 
---------------------------------------------------------------------------------
Detailed RTL Component Info : 
+---Adders : 
	   2 Input   15 Bit       Adders := 1     
	   2 Input   14 Bit       Adders := 2     
	   2 Input   13 Bit       Adders := 3     
	   2 Input   12 Bit       Adders := 6     
	   2 Input   11 Bit       Adders := 12    
	   2 Input   10 Bit       Adders := 25    
	   2 Input    9 Bit       Adders := 50    
+---Registers : 
	               15 Bit    Registers := 1     
	               14 Bit    Registers := 2     
	               13 Bit    Registers := 3     
	               12 Bit    Registers := 6     
	               11 Bit    Registers := 12    
	               10 Bit    Registers := 28    
	                9 Bit    Registers := 50    
	                1 Bit    Registers := 7     
---------------------------------------------------------------------------------
Finished RTL Component Statistics 
---------------------------------------------------------------------------------
---------------------------------------------------------------------------------
Start Part Resource Summary
---------------------------------------------------------------------------------
Part Resources:
DSPs: 1728 (col length:144)
BRAMs: 624 (col length: RAMB18 144 RAMB36 72)
---------------------------------------------------------------------------------
Finished Part Resource Summary
---------------------------------------------------------------------------------
---------------------------------------------------------------------------------
Start Cross Boundary and Area Optimization
---------------------------------------------------------------------------------
WARNING: [Synth 8-7080] Parallel synthesis criteria is not met
---------------------------------------------------------------------------------
Finished Cross Boundary and Area Optimization : Time (s): cpu = 00:00:11 ; elapsed = 00:00:14 . Memory (MB): peak = 3305.766 ; gain = 508.301 ; free physical = 138102 ; free virtual = 209399
Synthesis current peak Physical Memory [PSS] (MB): peak = 2637.824; parent = 2383.679; children = 254.146
Synthesis current peak Virtual Memory [VSS] (MB): peak = 4246.828; parent = 3273.754; children = 973.074
---------------------------------------------------------------------------------
---------------------------------------------------------------------------------
Start Applying XDC Timing Constraints
---------------------------------------------------------------------------------
---------------------------------------------------------------------------------
Finished Applying XDC Timing Constraints : Time (s): cpu = 00:00:18 ; elapsed = 00:00:25 . Memory (MB): peak = 3670.109 ; gain = 872.645 ; free physical = 137824 ; free virtual = 209121
Synthesis current peak Physical Memory [PSS] (MB): peak = 3206.535; parent = 2952.421; children = 254.146
Synthesis current peak Virtual Memory [VSS] (MB): peak = 4643.188; parent = 3670.113; children = 973.074
---------------------------------------------------------------------------------
---------------------------------------------------------------------------------
Start Timing Optimization
---------------------------------------------------------------------------------
---------------------------------------------------------------------------------
Finished Timing Optimization : Time (s): cpu = 00:00:18 ; elapsed = 00:00:25 . Memory (MB): peak = 3674.109 ; gain = 876.645 ; free physical = 137821 ; free virtual = 209117
Synthesis current peak Physical Memory [PSS] (MB): peak = 3210.441; parent = 2956.327; children = 254.146
Synthesis current peak Virtual Memory [VSS] (MB): peak = 4647.188; parent = 3674.113; children = 973.074
---------------------------------------------------------------------------------
---------------------------------------------------------------------------------
Start Technology Mapping
---------------------------------------------------------------------------------
---------------------------------------------------------------------------------
Finished Technology Mapping : Time (s): cpu = 00:00:18 ; elapsed = 00:00:25 . Memory (MB): peak = 3693.141 ; gain = 895.676 ; free physical = 137802 ; free virtual = 209099
Synthesis current peak Physical Memory [PSS] (MB): peak = 3211.945; parent = 2957.831; children = 254.146
Synthesis current peak Virtual Memory [VSS] (MB): peak = 4666.219; parent = 3693.145; children = 973.074
---------------------------------------------------------------------------------
---------------------------------------------------------------------------------
Start IO Insertion
---------------------------------------------------------------------------------
---------------------------------------------------------------------------------
Start Flattening Before IO Insertion
---------------------------------------------------------------------------------
---------------------------------------------------------------------------------
Finished Flattening Before IO Insertion
---------------------------------------------------------------------------------
---------------------------------------------------------------------------------
Start Final Netlist Cleanup
---------------------------------------------------------------------------------
---------------------------------------------------------------------------------
Finished Final Netlist Cleanup
---------------------------------------------------------------------------------
---------------------------------------------------------------------------------
Finished IO Insertion : Time (s): cpu = 00:00:21 ; elapsed = 00:00:28 . Memory (MB): peak = 3700.078 ; gain = 902.613 ; free physical = 137918 ; free virtual = 209216
Synthesis current peak Physical Memory [PSS] (MB): peak = 3212.602; parent = 2958.487; children = 254.146
Synthesis current peak Virtual Memory [VSS] (MB): peak = 4673.156; parent = 3700.082; children = 973.074
---------------------------------------------------------------------------------
---------------------------------------------------------------------------------
Start Renaming Generated Instances
---------------------------------------------------------------------------------
---------------------------------------------------------------------------------
Finished Renaming Generated Instances : Time (s): cpu = 00:00:21 ; elapsed = 00:00:28 . Memory (MB): peak = 3700.078 ; gain = 902.613 ; free physical = 137918 ; free virtual = 209216
Synthesis current peak Physical Memory [PSS] (MB): peak = 3212.617; parent = 2958.503; children = 254.146
Synthesis current peak Virtual Memory [VSS] (MB): peak = 4673.156; parent = 3700.082; children = 973.074
---------------------------------------------------------------------------------
---------------------------------------------------------------------------------
Start Rebuilding User Hierarchy
---------------------------------------------------------------------------------
---------------------------------------------------------------------------------
Finished Rebuilding User Hierarchy : Time (s): cpu = 00:00:21 ; elapsed = 00:00:28 . Memory (MB): peak = 3700.078 ; gain = 902.613 ; free physical = 137923 ; free virtual = 209221
Synthesis current peak Physical Memory [PSS] (MB): peak = 3212.836; parent = 2958.722; children = 254.146
Synthesis current peak Virtual Memory [VSS] (MB): peak = 4673.156; parent = 3700.082; children = 973.074
---------------------------------------------------------------------------------
---------------------------------------------------------------------------------
Start Renaming Generated Ports
---------------------------------------------------------------------------------
---------------------------------------------------------------------------------
Finished Renaming Generated Ports : Time (s): cpu = 00:00:21 ; elapsed = 00:00:28 . Memory (MB): peak = 3700.078 ; gain = 902.613 ; free physical = 137923 ; free virtual = 209221
Synthesis current peak Physical Memory [PSS] (MB): peak = 3212.898; parent = 2958.784; children = 254.146
Synthesis current peak Virtual Memory [VSS] (MB): peak = 4673.156; parent = 3700.082; children = 973.074
---------------------------------------------------------------------------------
---------------------------------------------------------------------------------
Start Handling Custom Attributes
---------------------------------------------------------------------------------
---------------------------------------------------------------------------------
Finished Handling Custom Attributes : Time (s): cpu = 00:00:21 ; elapsed = 00:00:28 . Memory (MB): peak = 3700.078 ; gain = 902.613 ; free physical = 137923 ; free virtual = 209221
Synthesis current peak Physical Memory [PSS] (MB): peak = 3212.898; parent = 2958.784; children = 254.146
Synthesis current peak Virtual Memory [VSS] (MB): peak = 4673.156; parent = 3700.082; children = 973.074
---------------------------------------------------------------------------------
---------------------------------------------------------------------------------
Start Renaming Generated Nets
---------------------------------------------------------------------------------
---------------------------------------------------------------------------------
Finished Renaming Generated Nets : Time (s): cpu = 00:00:21 ; elapsed = 00:00:28 . Memory (MB): peak = 3700.078 ; gain = 902.613 ; free physical = 137923 ; free virtual = 209221
Synthesis current peak Physical Memory [PSS] (MB): peak = 3212.930; parent = 2958.815; children = 254.146
Synthesis current peak Virtual Memory [VSS] (MB): peak = 4673.156; parent = 3700.082; children = 973.074
---------------------------------------------------------------------------------
---------------------------------------------------------------------------------
Start ROM, RAM, DSP, Shift Register and Retiming Reporting
---------------------------------------------------------------------------------

Static Shift Register Report:
+------------+-----------------------+--------+-------+--------------+--------------------+-------------------+--------+---------+
|Module Name | RTL Name              | Length | Width | Reset Signal | Pull out first Reg | Pull out last Reg | SRL16E | SRLC32E | 
+------------+-----------------------+--------+-------+--------------+--------------------+-------------------+--------+---------+
|sum_signed  | vld_layer7_reg        | 7      | 1     | YES          | NO                 | YES               | 1      | 0       | 
|sum_signed  | reduce_layer53_reg[9] | 4      | 10    | YES          | NO                 | YES               | 10     | 0       | 
+------------+-----------------------+--------+-------+--------------+--------------------+-------------------+--------+---------+

---------------------------------------------------------------------------------
Finished ROM, RAM, DSP, Shift Register and Retiming Reporting
---------------------------------------------------------------------------------
---------------------------------------------------------------------------------
Start Writing Synthesis Report
---------------------------------------------------------------------------------

Report BlackBoxes: 
+-+--------------+----------+
| |BlackBox name |Instances |
+-+--------------+----------+
+-+--------------+----------+

Report Cell Usage: 
+------+-------+------+
|      |Cell   |Count |
+------+-------+------+
|1     |BUFG   |     1|
|2     |CARRY8 |   198|
|3     |LUT1   |    99|
|4     |LUT2   |   898|
|5     |SRL16E |    11|
|6     |FDRE   |  1004|
|7     |IBUF   |   803|
|8     |OBUF   |    16|
+------+-------+------+
---------------------------------------------------------------------------------
Finished Writing Synthesis Report : Time (s): cpu = 00:00:21 ; elapsed = 00:00:28 . Memory (MB): peak = 3700.078 ; gain = 902.613 ; free physical = 137923 ; free virtual = 209221
Synthesis current peak Physical Memory [PSS] (MB): peak = 3212.945; parent = 2958.831; children = 254.146
Synthesis current peak Virtual Memory [VSS] (MB): peak = 4673.156; parent = 3700.082; children = 973.074
---------------------------------------------------------------------------------
Synthesis finished with 0 errors, 0 critical warnings and 1 warnings.
Synthesis Optimization Runtime : Time (s): cpu = 00:00:18 ; elapsed = 00:00:25 . Memory (MB): peak = 3700.078 ; gain = 732.895 ; free physical = 137943 ; free virtual = 209241
Synthesis Optimization Complete : Time (s): cpu = 00:00:21 ; elapsed = 00:00:29 . Memory (MB): peak = 3700.086 ; gain = 902.613 ; free physical = 137948 ; free virtual = 209246
INFO: [Project 1-571] Translating synthesized netlist
Netlist sorting complete. Time (s): cpu = 00:00:00.01 ; elapsed = 00:00:00.01 . Memory (MB): peak = 3708.016 ; gain = 0.000 ; free physical = 138075 ; free virtual = 209373
INFO: [Netlist 29-17] Analyzing 1002 Unisim elements for replacement
INFO: [Netlist 29-28] Unisim Transformation completed in 0 CPU seconds
WARNING: [Netlist 29-101] Netlist 'sum_signed' is not ideal for floorplanning, since the cellview 'sum_signed' contains a large number of primitives.  Please consider enabling hierarchy in synthesis if you want to do floorplanning.
INFO: [Project 1-570] Preparing netlist for logic optimization
Parsing XDC File [/mnt/vault1/mfaroo19/reduction_tree/integrator/runs/M100_W8/sum_signed.xdc]
Finished Parsing XDC File [/mnt/vault1/mfaroo19/reduction_tree/integrator/runs/M100_W8/sum_signed.xdc]
INFO: [Opt 31-138] Pushed 0 inverter(s) to 0 load pin(s).
Netlist sorting complete. Time (s): cpu = 00:00:00 ; elapsed = 00:00:00 . Memory (MB): peak = 3765.484 ; gain = 0.000 ; free physical = 138112 ; free virtual = 209410
INFO: [Project 1-111] Unisim Transformation Summary:
  A total of 804 instances were transformed.
  BUFG => BUFGCE: 1 instance 
  IBUF => IBUF (IBUFCTRL, INBUF): 803 instances

Synth Design complete, checksum: 13d4fa65
INFO: [Common 17-83] Releasing license: Synthesis
19 Infos, 2 Warnings, 0 Critical Warnings and 0 Errors encountered.
synth_design completed successfully
synth_design: Time (s): cpu = 00:00:31 ; elapsed = 00:00:39 . Memory (MB): peak = 3765.484 ; gain = 2060.840 ; free physical = 138174 ; free virtual = 209473
# report_utilization -file runs/M100_W8/util.rpt
# report_timing_summary -file runs/M100_W8/timing.rpt
INFO: [Timing 38-35] Done setting XDC timing constraints.
INFO: [Timing 38-91] UpdateTimingParams: Speed grade: -2, Temperature grade: E, Delay Type: min_max.
INFO: [Timing 38-191] Multithreading enabled for timing update using a maximum of 8 CPUs
report_timing_summary: Time (s): cpu = 00:00:11 ; elapsed = 00:00:14 . Memory (MB): peak = 4512.473 ; gain = 746.988 ; free physical = 137940 ; free virtual = 209239
# exit
INFO: [Common 17-206] Exiting Vivado at Tue Nov  4 17:29:15 2025...
