#-----------------------------------------------------------
# Vivado v2022.2 (64-bit)
# SW Build 3671981 on Fri Oct 14 04:59:54 MDT 2022
# IP Build 3669848 on Fri Oct 14 08:30:02 MDT 2022
# Start of session at: Thu Nov  6 20:56:18 2025
# Process ID: 3764566
# Current directory: /mnt/vault1/mfaroo19/reduction_tree/dot_product/runs/M350_W9_N4
# Command line: vivado -mode batch -source /mnt/vault1/mfaroo19/reduction_tree/dot_product/runs/M350_W9_N4/run.tcl
# Log file: /mnt/vault1/mfaroo19/reduction_tree/dot_product/runs/M350_W9_N4/vivado.log
# Journal file: /mnt/vault1/mfaroo19/reduction_tree/dot_product/runs/M350_W9_N4/vivado.jou
# Running On: en4228283l, OS: Linux, CPU Frequency: 2999.993 MHz, CPU Physical cores: 32, Host memory: 269992 MB
#-----------------------------------------------------------
source /mnt/vault1/mfaroo19/reduction_tree/dot_product/runs/M350_W9_N4/run.tcl
# read_verilog -sv /mnt/vault1/mfaroo19/reduction_tree/dot_product/runs/M350_W9_N4/design.sv
# read_xdc /mnt/vault1/mfaroo19/reduction_tree/dot_product/runs/M350_W9_N4/design.xdc
# synth_design -top dotprod -part xczu7ev-ffvc1156-2-e
Command: synth_design -top dotprod -part xczu7ev-ffvc1156-2-e
Starting synth_design
Attempting to get a license for feature 'Synthesis' and/or device 'xczu7ev'
INFO: [Common 17-349] Got license for feature 'Synthesis' and/or device 'xczu7ev'
INFO: [Device 21-403] Loading part xczu7ev-ffvc1156-2-e
INFO: [Synth 8-7079] Multithreading enabled for synth_design using a maximum of 4 processes.
INFO: [Synth 8-7078] Launching helper process for spawning children vivado processes
INFO: [Synth 8-7075] Helper process launched with PID 3764627
INFO: [Synth 8-11241] undeclared symbol 'REGCCE', assumed default net type 'wire' [/mnt/vault1/kmhatre/Software/AMD/Vivado/2022.2/data/verilog/src/unimacro/BRAM_SINGLE_MACRO.v:2170]
---------------------------------------------------------------------------------
Starting RTL Elaboration : Time (s): cpu = 00:00:02 ; elapsed = 00:00:03 . Memory (MB): peak = 3037.262 ; gain = 239.832 ; free physical = 126595 ; free virtual = 229782
Synthesis current peak Physical Memory [PSS] (MB): peak = 2626.573; parent = 2372.383; children = 254.190
Synthesis current peak Virtual Memory [VSS] (MB): peak = 4013.312; parent = 3040.234; children = 973.078
---------------------------------------------------------------------------------
INFO: [Synth 8-6157] synthesizing module 'dotprod' [/mnt/vault1/mfaroo19/reduction_tree/dot_product/runs/M350_W9_N4/design.sv:3]
INFO: [Synth 8-6155] done synthesizing module 'dotprod' (0#1) [/mnt/vault1/mfaroo19/reduction_tree/dot_product/runs/M350_W9_N4/design.sv:3]
---------------------------------------------------------------------------------
Finished RTL Elaboration : Time (s): cpu = 00:00:04 ; elapsed = 00:00:04 . Memory (MB): peak = 3125.199 ; gain = 327.770 ; free physical = 126486 ; free virtual = 229673
Synthesis current peak Physical Memory [PSS] (MB): peak = 2626.573; parent = 2372.383; children = 254.193
Synthesis current peak Virtual Memory [VSS] (MB): peak = 4098.281; parent = 3125.203; children = 973.078
---------------------------------------------------------------------------------
---------------------------------------------------------------------------------
Start Handling Custom Attributes
---------------------------------------------------------------------------------
---------------------------------------------------------------------------------
Finished Handling Custom Attributes : Time (s): cpu = 00:00:04 ; elapsed = 00:00:05 . Memory (MB): peak = 3143.012 ; gain = 345.582 ; free physical = 126486 ; free virtual = 229674
Synthesis current peak Physical Memory [PSS] (MB): peak = 2626.573; parent = 2372.383; children = 254.193
Synthesis current peak Virtual Memory [VSS] (MB): peak = 4116.094; parent = 3143.016; children = 973.078
---------------------------------------------------------------------------------
---------------------------------------------------------------------------------
Finished RTL Optimization Phase 1 : Time (s): cpu = 00:00:04 ; elapsed = 00:00:05 . Memory (MB): peak = 3143.012 ; gain = 345.582 ; free physical = 126488 ; free virtual = 229675
Synthesis current peak Physical Memory [PSS] (MB): peak = 2626.573; parent = 2372.383; children = 254.193
Synthesis current peak Virtual Memory [VSS] (MB): peak = 4116.094; parent = 3143.016; children = 973.078
---------------------------------------------------------------------------------
Netlist sorting complete. Time (s): cpu = 00:00:00.04 ; elapsed = 00:00:00.04 . Memory (MB): peak = 3143.012 ; gain = 0.000 ; free physical = 126490 ; free virtual = 229677
INFO: [Project 1-570] Preparing netlist for logic optimization

Processing XDC Constraints
Initializing timing engine
Parsing XDC File [/mnt/vault1/mfaroo19/reduction_tree/dot_product/runs/M350_W9_N4/design.xdc]
Finished Parsing XDC File [/mnt/vault1/mfaroo19/reduction_tree/dot_product/runs/M350_W9_N4/design.xdc]
Completed Processing XDC Constraints

Netlist sorting complete. Time (s): cpu = 00:00:00 ; elapsed = 00:00:00 . Memory (MB): peak = 3308.730 ; gain = 0.000 ; free physical = 126512 ; free virtual = 229700
INFO: [Project 1-111] Unisim Transformation Summary:
No Unisim elements were transformed.

Constraint Validation Runtime : Time (s): cpu = 00:00:00.11 ; elapsed = 00:00:00.04 . Memory (MB): peak = 3308.730 ; gain = 0.000 ; free physical = 126512 ; free virtual = 229700
INFO: [Synth 8-11241] undeclared symbol 'REGCCE', assumed default net type 'wire' [/mnt/vault1/kmhatre/Software/AMD/Vivado/2022.2/data/verilog/src/unimacro/BRAM_SINGLE_MACRO.v:2170]
---------------------------------------------------------------------------------
Finished Constraint Validation : Time (s): cpu = 00:00:11 ; elapsed = 00:00:12 . Memory (MB): peak = 3308.730 ; gain = 511.301 ; free physical = 126594 ; free virtual = 229782
Synthesis current peak Physical Memory [PSS] (MB): peak = 2648.019; parent = 2393.825; children = 254.193
Synthesis current peak Virtual Memory [VSS] (MB): peak = 4249.797; parent = 3276.719; children = 973.078
---------------------------------------------------------------------------------
---------------------------------------------------------------------------------
Start Loading Part and Timing Information
---------------------------------------------------------------------------------
Loading part: xczu7ev-ffvc1156-2-e
INFO: [Synth 8-6742] Reading net delay rules and data
---------------------------------------------------------------------------------
Finished Loading Part and Timing Information : Time (s): cpu = 00:00:11 ; elapsed = 00:00:12 . Memory (MB): peak = 3308.730 ; gain = 511.301 ; free physical = 126594 ; free virtual = 229782
Synthesis current peak Physical Memory [PSS] (MB): peak = 2648.019; parent = 2393.825; children = 254.193
Synthesis current peak Virtual Memory [VSS] (MB): peak = 4249.797; parent = 3276.719; children = 973.078
---------------------------------------------------------------------------------
---------------------------------------------------------------------------------
Start Applying 'set_property' XDC Constraints
---------------------------------------------------------------------------------
---------------------------------------------------------------------------------
Finished applying 'set_property' XDC Constraints : Time (s): cpu = 00:00:11 ; elapsed = 00:00:13 . Memory (MB): peak = 3308.730 ; gain = 511.301 ; free physical = 126596 ; free virtual = 229784
Synthesis current peak Physical Memory [PSS] (MB): peak = 2648.019; parent = 2393.825; children = 254.193
Synthesis current peak Virtual Memory [VSS] (MB): peak = 4249.797; parent = 3276.719; children = 973.078
---------------------------------------------------------------------------------
---------------------------------------------------------------------------------
Finished RTL Optimization Phase 2 : Time (s): cpu = 00:00:12 ; elapsed = 00:00:14 . Memory (MB): peak = 3308.730 ; gain = 511.301 ; free physical = 126596 ; free virtual = 229785
Synthesis current peak Physical Memory [PSS] (MB): peak = 2648.019; parent = 2393.825; children = 254.193
Synthesis current peak Virtual Memory [VSS] (MB): peak = 4249.797; parent = 3276.719; children = 973.078
---------------------------------------------------------------------------------
---------------------------------------------------------------------------------
Start RTL Component Statistics 
---------------------------------------------------------------------------------
Detailed RTL Component Info : 
+---Adders : 
	   2 Input   22 Bit       Adders := 174   
+---Registers : 
	               22 Bit    Registers := 176   
	               14 Bit    Registers := 176   
	                1 Bit    Registers := 9     
---------------------------------------------------------------------------------
Finished RTL Component Statistics 
---------------------------------------------------------------------------------
---------------------------------------------------------------------------------
Start Part Resource Summary
---------------------------------------------------------------------------------
Part Resources:
DSPs: 1728 (col length:144)
BRAMs: 624 (col length: RAMB18 144 RAMB36 72)
---------------------------------------------------------------------------------
Finished Part Resource Summary
---------------------------------------------------------------------------------
---------------------------------------------------------------------------------
Start Cross Boundary and Area Optimization
---------------------------------------------------------------------------------
WARNING: [Synth 8-7080] Parallel synthesis criteria is not met
---------------------------------------------------------------------------------
Finished Cross Boundary and Area Optimization : Time (s): cpu = 00:00:33 ; elapsed = 00:00:37 . Memory (MB): peak = 3308.730 ; gain = 511.301 ; free physical = 126697 ; free virtual = 229901
Synthesis current peak Physical Memory [PSS] (MB): peak = 2684.429; parent = 2430.267; children = 254.193
Synthesis current peak Virtual Memory [VSS] (MB): peak = 4249.797; parent = 3276.719; children = 973.078
---------------------------------------------------------------------------------
---------------------------------------------------------------------------------
Start Applying XDC Timing Constraints
---------------------------------------------------------------------------------
---------------------------------------------------------------------------------
Finished Applying XDC Timing Constraints : Time (s): cpu = 00:00:40 ; elapsed = 00:00:48 . Memory (MB): peak = 3717.027 ; gain = 919.598 ; free physical = 126204 ; free virtual = 229408
Synthesis current peak Physical Memory [PSS] (MB): peak = 3254.687; parent = 3000.524; children = 254.193
Synthesis current peak Virtual Memory [VSS] (MB): peak = 4690.109; parent = 3717.031; children = 973.078
---------------------------------------------------------------------------------
---------------------------------------------------------------------------------
Start Timing Optimization
---------------------------------------------------------------------------------
---------------------------------------------------------------------------------
Finished Timing Optimization : Time (s): cpu = 00:00:42 ; elapsed = 00:00:50 . Memory (MB): peak = 3751.598 ; gain = 954.168 ; free physical = 126145 ; free virtual = 229349
Synthesis current peak Physical Memory [PSS] (MB): peak = 3283.362; parent = 3029.200; children = 254.193
Synthesis current peak Virtual Memory [VSS] (MB): peak = 4724.680; parent = 3751.602; children = 973.078
---------------------------------------------------------------------------------
---------------------------------------------------------------------------------
Start Technology Mapping
---------------------------------------------------------------------------------
---------------------------------------------------------------------------------
Finished Technology Mapping : Time (s): cpu = 00:00:46 ; elapsed = 00:00:55 . Memory (MB): peak = 4182.941 ; gain = 1385.512 ; free physical = 125783 ; free virtual = 228987
Synthesis current peak Physical Memory [PSS] (MB): peak = 3302.464; parent = 3048.302; children = 254.193
Synthesis current peak Virtual Memory [VSS] (MB): peak = 5156.023; parent = 4182.945; children = 973.078
---------------------------------------------------------------------------------
---------------------------------------------------------------------------------
Start IO Insertion
---------------------------------------------------------------------------------
---------------------------------------------------------------------------------
Start Flattening Before IO Insertion
---------------------------------------------------------------------------------
---------------------------------------------------------------------------------
Finished Flattening Before IO Insertion
---------------------------------------------------------------------------------
---------------------------------------------------------------------------------
Start Final Netlist Cleanup
---------------------------------------------------------------------------------
---------------------------------------------------------------------------------
Finished Final Netlist Cleanup
---------------------------------------------------------------------------------
---------------------------------------------------------------------------------
Finished IO Insertion : Time (s): cpu = 00:00:49 ; elapsed = 00:00:58 . Memory (MB): peak = 4182.941 ; gain = 1385.512 ; free physical = 125813 ; free virtual = 229016
Synthesis current peak Physical Memory [PSS] (MB): peak = 3303.624; parent = 3049.462; children = 254.193
Synthesis current peak Virtual Memory [VSS] (MB): peak = 5156.023; parent = 4182.945; children = 973.078
---------------------------------------------------------------------------------
---------------------------------------------------------------------------------
Start Renaming Generated Instances
---------------------------------------------------------------------------------
---------------------------------------------------------------------------------
Finished Renaming Generated Instances : Time (s): cpu = 00:00:49 ; elapsed = 00:00:58 . Memory (MB): peak = 4182.941 ; gain = 1385.512 ; free physical = 125813 ; free virtual = 229017
Synthesis current peak Physical Memory [PSS] (MB): peak = 3303.687; parent = 3049.524; children = 254.193
Synthesis current peak Virtual Memory [VSS] (MB): peak = 5156.023; parent = 4182.945; children = 973.078
---------------------------------------------------------------------------------
---------------------------------------------------------------------------------
Start Rebuilding User Hierarchy
---------------------------------------------------------------------------------
---------------------------------------------------------------------------------
Finished Rebuilding User Hierarchy : Time (s): cpu = 00:00:50 ; elapsed = 00:00:59 . Memory (MB): peak = 4182.941 ; gain = 1385.512 ; free physical = 125821 ; free virtual = 229025
Synthesis current peak Physical Memory [PSS] (MB): peak = 3305.671; parent = 3051.509; children = 254.193
Synthesis current peak Virtual Memory [VSS] (MB): peak = 5156.023; parent = 4182.945; children = 973.078
---------------------------------------------------------------------------------
---------------------------------------------------------------------------------
Start Renaming Generated Ports
---------------------------------------------------------------------------------
---------------------------------------------------------------------------------
Finished Renaming Generated Ports : Time (s): cpu = 00:00:50 ; elapsed = 00:00:59 . Memory (MB): peak = 4182.941 ; gain = 1385.512 ; free physical = 125821 ; free virtual = 229025
Synthesis current peak Physical Memory [PSS] (MB): peak = 3305.733; parent = 3051.571; children = 254.193
Synthesis current peak Virtual Memory [VSS] (MB): peak = 5156.023; parent = 4182.945; children = 973.078
---------------------------------------------------------------------------------
---------------------------------------------------------------------------------
Start Handling Custom Attributes
---------------------------------------------------------------------------------
---------------------------------------------------------------------------------
Finished Handling Custom Attributes : Time (s): cpu = 00:00:50 ; elapsed = 00:00:59 . Memory (MB): peak = 4182.941 ; gain = 1385.512 ; free physical = 125821 ; free virtual = 229025
Synthesis current peak Physical Memory [PSS] (MB): peak = 3306.655; parent = 3052.493; children = 254.193
Synthesis current peak Virtual Memory [VSS] (MB): peak = 5156.023; parent = 4182.945; children = 973.078
---------------------------------------------------------------------------------
---------------------------------------------------------------------------------
Start Renaming Generated Nets
---------------------------------------------------------------------------------
---------------------------------------------------------------------------------
Finished Renaming Generated Nets : Time (s): cpu = 00:00:50 ; elapsed = 00:01:00 . Memory (MB): peak = 4182.941 ; gain = 1385.512 ; free physical = 125831 ; free virtual = 229035
Synthesis current peak Physical Memory [PSS] (MB): peak = 3306.655; parent = 3052.493; children = 254.193
Synthesis current peak Virtual Memory [VSS] (MB): peak = 5156.023; parent = 4182.945; children = 973.078
---------------------------------------------------------------------------------
---------------------------------------------------------------------------------
Start Writing Synthesis Report
---------------------------------------------------------------------------------

Report BlackBoxes: 
+-+--------------+----------+
| |BlackBox name |Instances |
+-+--------------+----------+
+-+--------------+----------+

Report Cell Usage: 
+------+-------+------+
|      |Cell   |Count |
+------+-------+------+
|1     |BUFG   |     1|
|2     |CARRY8 |  1441|
|3     |LUT2   |  6977|
|4     |LUT4   |  2800|
|5     |LUT5   |  1400|
|6     |LUT6   |  7700|
|7     |FDRE   |  5290|
|8     |IBUF   |  4553|
|9     |OBUF   |    23|
+------+-------+------+
---------------------------------------------------------------------------------
Finished Writing Synthesis Report : Time (s): cpu = 00:00:50 ; elapsed = 00:01:00 . Memory (MB): peak = 4182.941 ; gain = 1385.512 ; free physical = 125831 ; free virtual = 229035
Synthesis current peak Physical Memory [PSS] (MB): peak = 3306.655; parent = 3052.493; children = 254.193
Synthesis current peak Virtual Memory [VSS] (MB): peak = 5156.023; parent = 4182.945; children = 973.078
---------------------------------------------------------------------------------
Synthesis finished with 0 errors, 0 critical warnings and 1 warnings.
Synthesis Optimization Runtime : Time (s): cpu = 00:00:46 ; elapsed = 00:00:56 . Memory (MB): peak = 4182.941 ; gain = 1219.793 ; free physical = 125853 ; free virtual = 229057
Synthesis Optimization Complete : Time (s): cpu = 00:00:50 ; elapsed = 00:01:00 . Memory (MB): peak = 4182.949 ; gain = 1385.512 ; free physical = 125853 ; free virtual = 229057
INFO: [Project 1-571] Translating synthesized netlist
Netlist sorting complete. Time (s): cpu = 00:00:00.13 ; elapsed = 00:00:00.13 . Memory (MB): peak = 4182.949 ; gain = 0.000 ; free physical = 125970 ; free virtual = 229174
INFO: [Netlist 29-17] Analyzing 5995 Unisim elements for replacement
INFO: [Netlist 29-28] Unisim Transformation completed in 0 CPU seconds
WARNING: [Netlist 29-101] Netlist 'dotprod' is not ideal for floorplanning, since the cellview 'dotprod' contains a large number of primitives.  Please consider enabling hierarchy in synthesis if you want to do floorplanning.
INFO: [Project 1-570] Preparing netlist for logic optimization
Parsing XDC File [/mnt/vault1/mfaroo19/reduction_tree/dot_product/runs/M350_W9_N4/design.xdc]
Finished Parsing XDC File [/mnt/vault1/mfaroo19/reduction_tree/dot_product/runs/M350_W9_N4/design.xdc]
INFO: [Opt 31-138] Pushed 0 inverter(s) to 0 load pin(s).
Netlist sorting complete. Time (s): cpu = 00:00:00 ; elapsed = 00:00:00.01 . Memory (MB): peak = 4206.953 ; gain = 0.000 ; free physical = 125932 ; free virtual = 229135
INFO: [Project 1-111] Unisim Transformation Summary:
  A total of 4554 instances were transformed.
  BUFG => BUFGCE: 1 instance 
  IBUF => IBUF (IBUFCTRL, INBUF): 4553 instances

Synth Design complete, checksum: 782fe37e
INFO: [Common 17-83] Releasing license: Synthesis
19 Infos, 2 Warnings, 0 Critical Warnings and 0 Errors encountered.
synth_design completed successfully
synth_design: Time (s): cpu = 00:01:03 ; elapsed = 00:01:13 . Memory (MB): peak = 4206.953 ; gain = 2502.344 ; free physical = 126116 ; free virtual = 229320
# report_utilization -file /mnt/vault1/mfaroo19/reduction_tree/dot_product/runs/M350_W9_N4/util.rpt
# report_timing_summary -file /mnt/vault1/mfaroo19/reduction_tree/dot_product/runs/M350_W9_N4/timing.rpt
INFO: [Timing 38-35] Done setting XDC timing constraints.
INFO: [Timing 38-91] UpdateTimingParams: Speed grade: -2, Temperature grade: E, Delay Type: min_max.
INFO: [Timing 38-191] Multithreading enabled for timing update using a maximum of 8 CPUs
report_timing_summary: Time (s): cpu = 00:00:17 ; elapsed = 00:00:16 . Memory (MB): peak = 4657.551 ; gain = 450.598 ; free physical = 125487 ; free virtual = 228691
# exit
INFO: [Common 17-206] Exiting Vivado at Thu Nov  6 20:57:54 2025...
