
****** Vivado v2022.2 (64-bit)
  **** SW Build 3671981 on Fri Oct 14 04:59:54 MDT 2022
  **** IP Build 3669848 on Fri Oct 14 08:30:02 MDT 2022
    ** Copyright 1986-2022 Xilinx, Inc. All Rights Reserved.

source /mnt/vault1/mfaroo19/reduction_tree/dot_product/runs/M100_W5_N6/run.tcl
# read_verilog -sv /mnt/vault1/mfaroo19/reduction_tree/dot_product/runs/M100_W5_N6/design.sv
# read_xdc /mnt/vault1/mfaroo19/reduction_tree/dot_product/runs/M100_W5_N6/design.xdc
# synth_design -top dotprod -part xczu7ev-ffvc1156-2-e
Command: synth_design -top dotprod -part xczu7ev-ffvc1156-2-e
Starting synth_design
Attempting to get a license for feature 'Synthesis' and/or device 'xczu7ev'
INFO: [Common 17-349] Got license for feature 'Synthesis' and/or device 'xczu7ev'
INFO: [Device 21-403] Loading part xczu7ev-ffvc1156-2-e
INFO: [Synth 8-7079] Multithreading enabled for synth_design using a maximum of 4 processes.
INFO: [Synth 8-7078] Launching helper process for spawning children vivado processes
INFO: [Synth 8-7075] Helper process launched with PID 3538948
INFO: [Synth 8-11241] undeclared symbol 'REGCCE', assumed default net type 'wire' [/mnt/vault1/kmhatre/Software/AMD/Vivado/2022.2/data/verilog/src/unimacro/BRAM_SINGLE_MACRO.v:2170]
---------------------------------------------------------------------------------
Starting RTL Elaboration : Time (s): cpu = 00:00:02 ; elapsed = 00:00:03 . Memory (MB): peak = 3039.078 ; gain = 241.801 ; free physical = 92347 ; free virtual = 202723
Synthesis current peak Physical Memory [PSS] (MB): peak = 2626.415; parent = 2372.341; children = 254.074
Synthesis current peak Virtual Memory [VSS] (MB): peak = 4012.160; parent = 3039.082; children = 973.078
---------------------------------------------------------------------------------
INFO: [Synth 8-6157] synthesizing module 'dotprod' [/mnt/vault1/mfaroo19/reduction_tree/dot_product/runs/M100_W5_N6/design.sv:3]
INFO: [Synth 8-6155] done synthesizing module 'dotprod' (0#1) [/mnt/vault1/mfaroo19/reduction_tree/dot_product/runs/M100_W5_N6/design.sv:3]
---------------------------------------------------------------------------------
Finished RTL Elaboration : Time (s): cpu = 00:00:03 ; elapsed = 00:00:04 . Memory (MB): peak = 3121.047 ; gain = 323.770 ; free physical = 92254 ; free virtual = 202632
Synthesis current peak Physical Memory [PSS] (MB): peak = 2626.415; parent = 2372.341; children = 254.074
Synthesis current peak Virtual Memory [VSS] (MB): peak = 4094.129; parent = 3121.051; children = 973.078
---------------------------------------------------------------------------------
---------------------------------------------------------------------------------
Start Handling Custom Attributes
---------------------------------------------------------------------------------
---------------------------------------------------------------------------------
Finished Handling Custom Attributes : Time (s): cpu = 00:00:03 ; elapsed = 00:00:04 . Memory (MB): peak = 3138.859 ; gain = 341.582 ; free physical = 92254 ; free virtual = 202632
Synthesis current peak Physical Memory [PSS] (MB): peak = 2626.415; parent = 2372.341; children = 254.074
Synthesis current peak Virtual Memory [VSS] (MB): peak = 4111.941; parent = 3138.863; children = 973.078
---------------------------------------------------------------------------------
---------------------------------------------------------------------------------
Finished RTL Optimization Phase 1 : Time (s): cpu = 00:00:03 ; elapsed = 00:00:04 . Memory (MB): peak = 3138.859 ; gain = 341.582 ; free physical = 92254 ; free virtual = 202632
Synthesis current peak Physical Memory [PSS] (MB): peak = 2626.415; parent = 2372.341; children = 254.074
Synthesis current peak Virtual Memory [VSS] (MB): peak = 4111.941; parent = 3138.863; children = 973.078
---------------------------------------------------------------------------------
Netlist sorting complete. Time (s): cpu = 00:00:00.01 ; elapsed = 00:00:00.01 . Memory (MB): peak = 3138.859 ; gain = 0.000 ; free physical = 92255 ; free virtual = 202633
INFO: [Project 1-570] Preparing netlist for logic optimization

Processing XDC Constraints
Initializing timing engine
Parsing XDC File [/mnt/vault1/mfaroo19/reduction_tree/dot_product/runs/M100_W5_N6/design.xdc]
Finished Parsing XDC File [/mnt/vault1/mfaroo19/reduction_tree/dot_product/runs/M100_W5_N6/design.xdc]
Completed Processing XDC Constraints

Netlist sorting complete. Time (s): cpu = 00:00:00 ; elapsed = 00:00:00 . Memory (MB): peak = 3305.578 ; gain = 0.000 ; free physical = 92297 ; free virtual = 202674
INFO: [Project 1-111] Unisim Transformation Summary:
No Unisim elements were transformed.

Constraint Validation Runtime : Time (s): cpu = 00:00:00.03 ; elapsed = 00:00:00.01 . Memory (MB): peak = 3305.578 ; gain = 0.000 ; free physical = 92296 ; free virtual = 202673
INFO: [Synth 8-11241] undeclared symbol 'REGCCE', assumed default net type 'wire' [/mnt/vault1/kmhatre/Software/AMD/Vivado/2022.2/data/verilog/src/unimacro/BRAM_SINGLE_MACRO.v:2170]
---------------------------------------------------------------------------------
Finished Constraint Validation : Time (s): cpu = 00:00:10 ; elapsed = 00:00:12 . Memory (MB): peak = 3305.578 ; gain = 508.301 ; free physical = 92317 ; free virtual = 202694
Synthesis current peak Physical Memory [PSS] (MB): peak = 2628.989; parent = 2374.915; children = 254.074
Synthesis current peak Virtual Memory [VSS] (MB): peak = 4246.645; parent = 3273.566; children = 973.078
---------------------------------------------------------------------------------
---------------------------------------------------------------------------------
Start Loading Part and Timing Information
---------------------------------------------------------------------------------
Loading part: xczu7ev-ffvc1156-2-e
INFO: [Synth 8-6742] Reading net delay rules and data
---------------------------------------------------------------------------------
Finished Loading Part and Timing Information : Time (s): cpu = 00:00:10 ; elapsed = 00:00:12 . Memory (MB): peak = 3305.578 ; gain = 508.301 ; free physical = 92317 ; free virtual = 202694
Synthesis current peak Physical Memory [PSS] (MB): peak = 2628.989; parent = 2374.915; children = 254.074
Synthesis current peak Virtual Memory [VSS] (MB): peak = 4246.645; parent = 3273.566; children = 973.078
---------------------------------------------------------------------------------
---------------------------------------------------------------------------------
Start Applying 'set_property' XDC Constraints
---------------------------------------------------------------------------------
---------------------------------------------------------------------------------
Finished applying 'set_property' XDC Constraints : Time (s): cpu = 00:00:10 ; elapsed = 00:00:12 . Memory (MB): peak = 3305.578 ; gain = 508.301 ; free physical = 92321 ; free virtual = 202698
Synthesis current peak Physical Memory [PSS] (MB): peak = 2628.989; parent = 2374.915; children = 254.074
Synthesis current peak Virtual Memory [VSS] (MB): peak = 4246.645; parent = 3273.566; children = 973.078
---------------------------------------------------------------------------------
---------------------------------------------------------------------------------
Finished RTL Optimization Phase 2 : Time (s): cpu = 00:00:10 ; elapsed = 00:00:12 . Memory (MB): peak = 3305.578 ; gain = 508.301 ; free physical = 92341 ; free virtual = 202719
Synthesis current peak Physical Memory [PSS] (MB): peak = 2628.989; parent = 2374.915; children = 254.074
Synthesis current peak Virtual Memory [VSS] (MB): peak = 4246.645; parent = 3273.566; children = 973.078
---------------------------------------------------------------------------------
---------------------------------------------------------------------------------
Start RTL Component Statistics 
---------------------------------------------------------------------------------
Detailed RTL Component Info : 
+---Adders : 
	   2 Input   18 Bit       Adders := 49    
+---Registers : 
	               18 Bit    Registers := 52    
	               12 Bit    Registers := 50    
	                1 Bit    Registers := 7     
---------------------------------------------------------------------------------
Finished RTL Component Statistics 
---------------------------------------------------------------------------------
---------------------------------------------------------------------------------
Start Part Resource Summary
---------------------------------------------------------------------------------
Part Resources:
DSPs: 1728 (col length:144)
BRAMs: 624 (col length: RAMB18 144 RAMB36 72)
---------------------------------------------------------------------------------
Finished Part Resource Summary
---------------------------------------------------------------------------------
---------------------------------------------------------------------------------
Start Cross Boundary and Area Optimization
---------------------------------------------------------------------------------
WARNING: [Synth 8-7080] Parallel synthesis criteria is not met
---------------------------------------------------------------------------------
Finished Cross Boundary and Area Optimization : Time (s): cpu = 00:00:50 ; elapsed = 00:00:54 . Memory (MB): peak = 3305.578 ; gain = 508.301 ; free physical = 92840 ; free virtual = 203225
Synthesis current peak Physical Memory [PSS] (MB): peak = 2751.794; parent = 2497.751; children = 254.074
Synthesis current peak Virtual Memory [VSS] (MB): peak = 4246.645; parent = 3273.566; children = 973.078
---------------------------------------------------------------------------------
---------------------------------------------------------------------------------
Start Applying XDC Timing Constraints
---------------------------------------------------------------------------------
---------------------------------------------------------------------------------
Finished Applying XDC Timing Constraints : Time (s): cpu = 00:00:57 ; elapsed = 00:01:05 . Memory (MB): peak = 3691.953 ; gain = 894.676 ; free physical = 92306 ; free virtual = 202691
Synthesis current peak Physical Memory [PSS] (MB): peak = 3229.302; parent = 2975.259; children = 254.074
Synthesis current peak Virtual Memory [VSS] (MB): peak = 4665.035; parent = 3691.957; children = 973.078
---------------------------------------------------------------------------------
---------------------------------------------------------------------------------
Start Timing Optimization
---------------------------------------------------------------------------------
---------------------------------------------------------------------------------
Finished Timing Optimization : Time (s): cpu = 00:00:57 ; elapsed = 00:01:05 . Memory (MB): peak = 3699.953 ; gain = 902.676 ; free physical = 92278 ; free virtual = 202663
Synthesis current peak Physical Memory [PSS] (MB): peak = 3236.923; parent = 2982.880; children = 254.074
Synthesis current peak Virtual Memory [VSS] (MB): peak = 4673.035; parent = 3699.957; children = 973.078
---------------------------------------------------------------------------------
---------------------------------------------------------------------------------
Start Technology Mapping
---------------------------------------------------------------------------------
---------------------------------------------------------------------------------
Finished Technology Mapping : Time (s): cpu = 00:00:59 ; elapsed = 00:01:07 . Memory (MB): peak = 3882.992 ; gain = 1085.715 ; free physical = 92106 ; free virtual = 202491
Synthesis current peak Physical Memory [PSS] (MB): peak = 3249.661; parent = 2995.618; children = 254.074
Synthesis current peak Virtual Memory [VSS] (MB): peak = 4856.074; parent = 3882.996; children = 973.078
---------------------------------------------------------------------------------
---------------------------------------------------------------------------------
Start IO Insertion
---------------------------------------------------------------------------------
---------------------------------------------------------------------------------
Start Flattening Before IO Insertion
---------------------------------------------------------------------------------
---------------------------------------------------------------------------------
Finished Flattening Before IO Insertion
---------------------------------------------------------------------------------
---------------------------------------------------------------------------------
Start Final Netlist Cleanup
---------------------------------------------------------------------------------
---------------------------------------------------------------------------------
Finished Final Netlist Cleanup
---------------------------------------------------------------------------------
---------------------------------------------------------------------------------
Finished IO Insertion : Time (s): cpu = 00:01:01 ; elapsed = 00:01:10 . Memory (MB): peak = 3894.867 ; gain = 1097.590 ; free physical = 92103 ; free virtual = 202488
Synthesis current peak Physical Memory [PSS] (MB): peak = 3249.755; parent = 2995.712; children = 254.074
Synthesis current peak Virtual Memory [VSS] (MB): peak = 4867.949; parent = 3894.871; children = 973.078
---------------------------------------------------------------------------------
---------------------------------------------------------------------------------
Start Renaming Generated Instances
---------------------------------------------------------------------------------
---------------------------------------------------------------------------------
Finished Renaming Generated Instances : Time (s): cpu = 00:01:01 ; elapsed = 00:01:10 . Memory (MB): peak = 3894.867 ; gain = 1097.590 ; free physical = 92103 ; free virtual = 202488
Synthesis current peak Physical Memory [PSS] (MB): peak = 3249.755; parent = 2995.712; children = 254.074
Synthesis current peak Virtual Memory [VSS] (MB): peak = 4867.949; parent = 3894.871; children = 973.078
---------------------------------------------------------------------------------
---------------------------------------------------------------------------------
Start Rebuilding User Hierarchy
---------------------------------------------------------------------------------
---------------------------------------------------------------------------------
Finished Rebuilding User Hierarchy : Time (s): cpu = 00:01:02 ; elapsed = 00:01:10 . Memory (MB): peak = 3894.867 ; gain = 1097.590 ; free physical = 92103 ; free virtual = 202488
Synthesis current peak Physical Memory [PSS] (MB): peak = 3249.978; parent = 2995.935; children = 254.074
Synthesis current peak Virtual Memory [VSS] (MB): peak = 4867.949; parent = 3894.871; children = 973.078
---------------------------------------------------------------------------------
---------------------------------------------------------------------------------
Start Renaming Generated Ports
---------------------------------------------------------------------------------
---------------------------------------------------------------------------------
Finished Renaming Generated Ports : Time (s): cpu = 00:01:02 ; elapsed = 00:01:10 . Memory (MB): peak = 3894.867 ; gain = 1097.590 ; free physical = 92103 ; free virtual = 202488
Synthesis current peak Physical Memory [PSS] (MB): peak = 3250.056; parent = 2996.013; children = 254.074
Synthesis current peak Virtual Memory [VSS] (MB): peak = 4867.949; parent = 3894.871; children = 973.078
---------------------------------------------------------------------------------
---------------------------------------------------------------------------------
Start Handling Custom Attributes
---------------------------------------------------------------------------------
---------------------------------------------------------------------------------
Finished Handling Custom Attributes : Time (s): cpu = 00:01:02 ; elapsed = 00:01:10 . Memory (MB): peak = 3894.867 ; gain = 1097.590 ; free physical = 92103 ; free virtual = 202488
Synthesis current peak Physical Memory [PSS] (MB): peak = 3250.056; parent = 2996.013; children = 254.074
Synthesis current peak Virtual Memory [VSS] (MB): peak = 4867.949; parent = 3894.871; children = 973.078
---------------------------------------------------------------------------------
---------------------------------------------------------------------------------
Start Renaming Generated Nets
---------------------------------------------------------------------------------
---------------------------------------------------------------------------------
Finished Renaming Generated Nets : Time (s): cpu = 00:01:02 ; elapsed = 00:01:10 . Memory (MB): peak = 3894.867 ; gain = 1097.590 ; free physical = 92103 ; free virtual = 202488
Synthesis current peak Physical Memory [PSS] (MB): peak = 3250.056; parent = 2996.013; children = 254.074
Synthesis current peak Virtual Memory [VSS] (MB): peak = 4867.949; parent = 3894.871; children = 973.078
---------------------------------------------------------------------------------
---------------------------------------------------------------------------------
Start ROM, RAM, DSP, Shift Register and Retiming Reporting
---------------------------------------------------------------------------------

Static Shift Register Report:
+------------+-------------------+--------+-------+--------------+--------------------+-------------------+--------+---------+
|Module Name | RTL Name          | Length | Width | Reset Signal | Pull out first Reg | Pull out last Reg | SRL16E | SRLC32E | 
+------------+-------------------+--------+-------+--------------+--------------------+-------------------+--------+---------+
|dotprod     | stage5_reg[3][12] | 4      | 13    | YES          | NO                 | YES               | 13     | 0       | 
|dotprod     | vld_layer7_reg    | 7      | 1     | YES          | NO                 | YES               | 1      | 0       | 
+------------+-------------------+--------+-------+--------------+--------------------+-------------------+--------+---------+

---------------------------------------------------------------------------------
Finished ROM, RAM, DSP, Shift Register and Retiming Reporting
---------------------------------------------------------------------------------
---------------------------------------------------------------------------------
Start Writing Synthesis Report
---------------------------------------------------------------------------------

Report BlackBoxes: 
+-+--------------+----------+
| |BlackBox name |Instances |
+-+--------------+----------+
+-+--------------+----------+

Report Cell Usage: 
+------+-------+------+
|      |Cell   |Count |
+------+-------+------+
|1     |BUFG   |     1|
|2     |CARRY8 |   401|
|3     |LUT2   |  1645|
|4     |LUT3   |   400|
|5     |LUT4   |   500|
|6     |LUT5   |   850|
|7     |LUT6   |  1700|
|8     |SRL16E |    14|
|9     |FDRE   |  1304|
|10    |IBUF   |  1103|
|11    |OBUF   |    19|
+------+-------+------+
---------------------------------------------------------------------------------
Finished Writing Synthesis Report : Time (s): cpu = 00:01:02 ; elapsed = 00:01:10 . Memory (MB): peak = 3894.867 ; gain = 1097.590 ; free physical = 92103 ; free virtual = 202488
Synthesis current peak Physical Memory [PSS] (MB): peak = 3250.056; parent = 2996.013; children = 254.074
Synthesis current peak Virtual Memory [VSS] (MB): peak = 4867.949; parent = 3894.871; children = 973.078
---------------------------------------------------------------------------------
Synthesis finished with 0 errors, 0 critical warnings and 1 warnings.
Synthesis Optimization Runtime : Time (s): cpu = 00:00:58 ; elapsed = 00:01:06 . Memory (MB): peak = 3894.867 ; gain = 930.871 ; free physical = 92108 ; free virtual = 202493
Synthesis Optimization Complete : Time (s): cpu = 00:01:02 ; elapsed = 00:01:10 . Memory (MB): peak = 3894.875 ; gain = 1097.590 ; free physical = 92108 ; free virtual = 202493
INFO: [Project 1-571] Translating synthesized netlist
Netlist sorting complete. Time (s): cpu = 00:00:00.03 ; elapsed = 00:00:00.03 . Memory (MB): peak = 3905.836 ; gain = 0.000 ; free physical = 92234 ; free virtual = 202619
INFO: [Netlist 29-17] Analyzing 1505 Unisim elements for replacement
INFO: [Netlist 29-28] Unisim Transformation completed in 0 CPU seconds
WARNING: [Netlist 29-101] Netlist 'dotprod' is not ideal for floorplanning, since the cellview 'dotprod' contains a large number of primitives.  Please consider enabling hierarchy in synthesis if you want to do floorplanning.
INFO: [Project 1-570] Preparing netlist for logic optimization
Parsing XDC File [/mnt/vault1/mfaroo19/reduction_tree/dot_product/runs/M100_W5_N6/design.xdc]
Finished Parsing XDC File [/mnt/vault1/mfaroo19/reduction_tree/dot_product/runs/M100_W5_N6/design.xdc]
INFO: [Opt 31-138] Pushed 0 inverter(s) to 0 load pin(s).
Netlist sorting complete. Time (s): cpu = 00:00:00 ; elapsed = 00:00:00 . Memory (MB): peak = 3941.723 ; gain = 0.000 ; free physical = 92234 ; free virtual = 202619
INFO: [Project 1-111] Unisim Transformation Summary:
  A total of 1104 instances were transformed.
  BUFG => BUFGCE: 1 instance 
  IBUF => IBUF (IBUFCTRL, INBUF): 1103 instances

Synth Design complete, checksum: 923d5655
INFO: [Common 17-83] Releasing license: Synthesis
19 Infos, 2 Warnings, 0 Critical Warnings and 0 Errors encountered.
synth_design completed successfully
synth_design: Time (s): cpu = 00:01:12 ; elapsed = 00:01:21 . Memory (MB): peak = 3941.723 ; gain = 2237.234 ; free physical = 92394 ; free virtual = 202779
# report_utilization -file /mnt/vault1/mfaroo19/reduction_tree/dot_product/runs/M100_W5_N6/util.rpt
# report_timing_summary -file /mnt/vault1/mfaroo19/reduction_tree/dot_product/runs/M100_W5_N6/timing.rpt
INFO: [Timing 38-35] Done setting XDC timing constraints.
INFO: [Timing 38-91] UpdateTimingParams: Speed grade: -2, Temperature grade: E, Delay Type: min_max.
INFO: [Timing 38-191] Multithreading enabled for timing update using a maximum of 8 CPUs
report_timing_summary: Time (s): cpu = 00:00:12 ; elapsed = 00:00:14 . Memory (MB): peak = 4587.555 ; gain = 645.832 ; free physical = 91851 ; free virtual = 202236
# exit
INFO: [Common 17-206] Exiting Vivado at Thu Nov  6 17:12:12 2025...
