#-----------------------------------------------------------
# Vivado v2022.2 (64-bit)
# SW Build 3671981 on Fri Oct 14 04:59:54 MDT 2022
# IP Build 3669848 on Fri Oct 14 08:30:02 MDT 2022
# Start of session at: Wed Sep 24 19:06:18 2025
# Process ID: 265091
# Current directory: /mnt/vault1/mfaroo19/reduction_tree/dot_product/vivado_runs/M8_W6_N8
# Command line: vivado -mode batch -source /mnt/vault1/mfaroo19/reduction_tree/dot_product/vivado_runs/M8_W6_N8/run.tcl
# Log file: /mnt/vault1/mfaroo19/reduction_tree/dot_product/vivado_runs/M8_W6_N8/vivado.log
# Journal file: /mnt/vault1/mfaroo19/reduction_tree/dot_product/vivado_runs/M8_W6_N8/vivado.jou
# Running On: en4228283l, OS: Linux, CPU Frequency: 2999.996 MHz, CPU Physical cores: 32, Host memory: 269992 MB
#-----------------------------------------------------------
source /mnt/vault1/mfaroo19/reduction_tree/dot_product/vivado_runs/M8_W6_N8/run.tcl
# read_verilog -sv /mnt/vault1/mfaroo19/reduction_tree/dot_product/vivado_runs/M8_W6_N8/design.sv
# read_xdc /mnt/vault1/mfaroo19/reduction_tree/dot_product/vivado_runs/M8_W6_N8/design.xdc
# synth_design -top dotprod -part xczu7ev-ffvc1156-2-i
Command: synth_design -top dotprod -part xczu7ev-ffvc1156-2-i
Starting synth_design
Attempting to get a license for feature 'Synthesis' and/or device 'xczu7ev'
INFO: [Common 17-349] Got license for feature 'Synthesis' and/or device 'xczu7ev'
INFO: [Device 21-403] Loading part xczu7ev-ffvc1156-2-i
INFO: [Synth 8-7079] Multithreading enabled for synth_design using a maximum of 4 processes.
INFO: [Synth 8-7078] Launching helper process for spawning children vivado processes
INFO: [Synth 8-7075] Helper process launched with PID 265160
INFO: [Synth 8-11241] undeclared symbol 'REGCCE', assumed default net type 'wire' [/mnt/vault1/kmhatre/Software/AMD/Vivado/2022.2/data/verilog/src/unimacro/BRAM_SINGLE_MACRO.v:2170]
ERROR: [Synth 8-36] 'STAGE0_SIZE' is not declared [/mnt/vault1/mfaroo19/reduction_tree/dot_product/vivado_runs/M8_W6_N8/design.sv:51]
ERROR: [Synth 8-36] 'STAGE0_SIZE' is not declared [/mnt/vault1/mfaroo19/reduction_tree/dot_product/vivado_runs/M8_W6_N8/design.sv:53]
INFO: [Synth 8-10285] module 'dotprod' is ignored due to previous errors [/mnt/vault1/mfaroo19/reduction_tree/dot_product/vivado_runs/M8_W6_N8/design.sv:121]
INFO: [Synth 8-9084] Verilog file '/mnt/vault1/mfaroo19/reduction_tree/dot_product/vivado_runs/M8_W6_N8/design.sv' ignored due to errors
Failed to read verilog '/mnt/vault1/mfaroo19/reduction_tree/dot_product/vivado_runs/M8_W6_N8/design.sv'
INFO: [Common 17-83] Releasing license: Synthesis
9 Infos, 0 Warnings, 0 Critical Warnings and 3 Errors encountered.
synth_design failed
ERROR: [Common 17-69] Command failed: Synthesis failed - please see the console or run log file for details
INFO: [Common 17-206] Exiting Vivado at Wed Sep 24 19:06:34 2025...
