
****** Vivado v2022.2 (64-bit)
  **** SW Build 3671981 on Fri Oct 14 04:59:54 MDT 2022
  **** IP Build 3669848 on Fri Oct 14 08:30:02 MDT 2022
    ** Copyright 1986-2022 Xilinx, Inc. All Rights Reserved.

source runs/M100_W5/run.tcl
# read_verilog -sv runs/M100_W5/sum_signed.sv
# read_xdc runs/M100_W5/sum_signed.xdc
# synth_design -top sum_signed -part xczu7ev-ffvc1156-2-e
Command: synth_design -top sum_signed -part xczu7ev-ffvc1156-2-e
Starting synth_design
Attempting to get a license for feature 'Synthesis' and/or device 'xczu7ev'
INFO: [Common 17-349] Got license for feature 'Synthesis' and/or device 'xczu7ev'
INFO: [Device 21-403] Loading part xczu7ev-ffvc1156-2-e
INFO: [Synth 8-7079] Multithreading enabled for synth_design using a maximum of 4 processes.
INFO: [Synth 8-7078] Launching helper process for spawning children vivado processes
INFO: [Synth 8-7075] Helper process launched with PID 2563545
INFO: [Synth 8-11241] undeclared symbol 'REGCCE', assumed default net type 'wire' [/mnt/vault1/kmhatre/Software/AMD/Vivado/2022.2/data/verilog/src/unimacro/BRAM_SINGLE_MACRO.v:2170]
---------------------------------------------------------------------------------
Starting RTL Elaboration : Time (s): cpu = 00:00:02 ; elapsed = 00:00:03 . Memory (MB): peak = 3037.297 ; gain = 239.832 ; free physical = 138882 ; free virtual = 210178
Synthesis current peak Physical Memory [PSS] (MB): peak = 2626.778; parent = 2372.669; children = 254.109
Synthesis current peak Virtual Memory [VSS] (MB): peak = 4013.344; parent = 3040.270; children = 973.074
---------------------------------------------------------------------------------
INFO: [Synth 8-6157] synthesizing module 'sum_signed' [/mnt/vault1/mfaroo19/reduction_tree/integrator/runs/M100_W5/sum_signed.sv:7]
INFO: [Synth 8-6155] done synthesizing module 'sum_signed' (0#1) [/mnt/vault1/mfaroo19/reduction_tree/integrator/runs/M100_W5/sum_signed.sv:7]
---------------------------------------------------------------------------------
Finished RTL Elaboration : Time (s): cpu = 00:00:03 ; elapsed = 00:00:04 . Memory (MB): peak = 3111.234 ; gain = 313.770 ; free physical = 138789 ; free virtual = 210086
Synthesis current peak Physical Memory [PSS] (MB): peak = 2626.778; parent = 2372.669; children = 254.109
Synthesis current peak Virtual Memory [VSS] (MB): peak = 4084.312; parent = 3111.238; children = 973.074
---------------------------------------------------------------------------------
---------------------------------------------------------------------------------
Start Handling Custom Attributes
---------------------------------------------------------------------------------
---------------------------------------------------------------------------------
Finished Handling Custom Attributes : Time (s): cpu = 00:00:03 ; elapsed = 00:00:04 . Memory (MB): peak = 3129.047 ; gain = 331.582 ; free physical = 138758 ; free virtual = 210055
Synthesis current peak Physical Memory [PSS] (MB): peak = 2626.778; parent = 2372.669; children = 254.109
Synthesis current peak Virtual Memory [VSS] (MB): peak = 4102.125; parent = 3129.051; children = 973.074
---------------------------------------------------------------------------------
---------------------------------------------------------------------------------
Finished RTL Optimization Phase 1 : Time (s): cpu = 00:00:03 ; elapsed = 00:00:04 . Memory (MB): peak = 3129.047 ; gain = 331.582 ; free physical = 138758 ; free virtual = 210055
Synthesis current peak Physical Memory [PSS] (MB): peak = 2626.778; parent = 2372.669; children = 254.109
Synthesis current peak Virtual Memory [VSS] (MB): peak = 4102.125; parent = 3129.051; children = 973.074
---------------------------------------------------------------------------------
Netlist sorting complete. Time (s): cpu = 00:00:00.01 ; elapsed = 00:00:00 . Memory (MB): peak = 3129.047 ; gain = 0.000 ; free physical = 138757 ; free virtual = 210055
INFO: [Project 1-570] Preparing netlist for logic optimization

Processing XDC Constraints
Initializing timing engine
Parsing XDC File [/mnt/vault1/mfaroo19/reduction_tree/integrator/runs/M100_W5/sum_signed.xdc]
Finished Parsing XDC File [/mnt/vault1/mfaroo19/reduction_tree/integrator/runs/M100_W5/sum_signed.xdc]
Completed Processing XDC Constraints

Netlist sorting complete. Time (s): cpu = 00:00:00 ; elapsed = 00:00:00 . Memory (MB): peak = 3295.766 ; gain = 0.000 ; free physical = 138752 ; free virtual = 210050
INFO: [Project 1-111] Unisim Transformation Summary:
No Unisim elements were transformed.

Constraint Validation Runtime : Time (s): cpu = 00:00:00.01 ; elapsed = 00:00:00.01 . Memory (MB): peak = 3295.766 ; gain = 0.000 ; free physical = 138752 ; free virtual = 210050
INFO: [Synth 8-11241] undeclared symbol 'REGCCE', assumed default net type 'wire' [/mnt/vault1/kmhatre/Software/AMD/Vivado/2022.2/data/verilog/src/unimacro/BRAM_SINGLE_MACRO.v:2170]
---------------------------------------------------------------------------------
Finished Constraint Validation : Time (s): cpu = 00:00:10 ; elapsed = 00:00:12 . Memory (MB): peak = 3295.766 ; gain = 498.301 ; free physical = 138792 ; free virtual = 210090
Synthesis current peak Physical Memory [PSS] (MB): peak = 2626.778; parent = 2372.669; children = 254.109
Synthesis current peak Virtual Memory [VSS] (MB): peak = 4236.828; parent = 3263.754; children = 973.074
---------------------------------------------------------------------------------
---------------------------------------------------------------------------------
Start Loading Part and Timing Information
---------------------------------------------------------------------------------
Loading part: xczu7ev-ffvc1156-2-e
INFO: [Synth 8-6742] Reading net delay rules and data
---------------------------------------------------------------------------------
Finished Loading Part and Timing Information : Time (s): cpu = 00:00:10 ; elapsed = 00:00:12 . Memory (MB): peak = 3295.766 ; gain = 498.301 ; free physical = 138792 ; free virtual = 210090
Synthesis current peak Physical Memory [PSS] (MB): peak = 2626.778; parent = 2372.669; children = 254.109
Synthesis current peak Virtual Memory [VSS] (MB): peak = 4236.828; parent = 3263.754; children = 973.074
---------------------------------------------------------------------------------
---------------------------------------------------------------------------------
Start Applying 'set_property' XDC Constraints
---------------------------------------------------------------------------------
---------------------------------------------------------------------------------
Finished applying 'set_property' XDC Constraints : Time (s): cpu = 00:00:10 ; elapsed = 00:00:12 . Memory (MB): peak = 3295.766 ; gain = 498.301 ; free physical = 138792 ; free virtual = 210090
Synthesis current peak Physical Memory [PSS] (MB): peak = 2626.778; parent = 2372.669; children = 254.109
Synthesis current peak Virtual Memory [VSS] (MB): peak = 4236.828; parent = 3263.754; children = 973.074
---------------------------------------------------------------------------------
---------------------------------------------------------------------------------
Finished RTL Optimization Phase 2 : Time (s): cpu = 00:00:10 ; elapsed = 00:00:12 . Memory (MB): peak = 3295.766 ; gain = 498.301 ; free physical = 138782 ; free virtual = 210081
Synthesis current peak Physical Memory [PSS] (MB): peak = 2626.778; parent = 2372.669; children = 254.109
Synthesis current peak Virtual Memory [VSS] (MB): peak = 4236.828; parent = 3263.754; children = 973.074
---------------------------------------------------------------------------------
---------------------------------------------------------------------------------
Start RTL Component Statistics 
---------------------------------------------------------------------------------
Detailed RTL Component Info : 
+---Adders : 
	   2 Input   12 Bit       Adders := 1     
	   2 Input   11 Bit       Adders := 2     
	   2 Input   10 Bit       Adders := 3     
	   2 Input    9 Bit       Adders := 6     
	   2 Input    8 Bit       Adders := 12    
	   2 Input    7 Bit       Adders := 25    
	   2 Input    6 Bit       Adders := 50    
+---Registers : 
	               12 Bit    Registers := 1     
	               11 Bit    Registers := 2     
	               10 Bit    Registers := 3     
	                9 Bit    Registers := 6     
	                8 Bit    Registers := 12    
	                7 Bit    Registers := 28    
	                6 Bit    Registers := 50    
	                1 Bit    Registers := 7     
---------------------------------------------------------------------------------
Finished RTL Component Statistics 
---------------------------------------------------------------------------------
---------------------------------------------------------------------------------
Start Part Resource Summary
---------------------------------------------------------------------------------
Part Resources:
DSPs: 1728 (col length:144)
BRAMs: 624 (col length: RAMB18 144 RAMB36 72)
---------------------------------------------------------------------------------
Finished Part Resource Summary
---------------------------------------------------------------------------------
---------------------------------------------------------------------------------
Start Cross Boundary and Area Optimization
---------------------------------------------------------------------------------
WARNING: [Synth 8-7080] Parallel synthesis criteria is not met
---------------------------------------------------------------------------------
Finished Cross Boundary and Area Optimization : Time (s): cpu = 00:00:13 ; elapsed = 00:00:16 . Memory (MB): peak = 3295.766 ; gain = 498.301 ; free physical = 138864 ; free virtual = 210167
Synthesis current peak Physical Memory [PSS] (MB): peak = 2626.778; parent = 2372.669; children = 254.109
Synthesis current peak Virtual Memory [VSS] (MB): peak = 4236.828; parent = 3263.754; children = 973.074
---------------------------------------------------------------------------------
---------------------------------------------------------------------------------
Start Applying XDC Timing Constraints
---------------------------------------------------------------------------------
---------------------------------------------------------------------------------
Finished Applying XDC Timing Constraints : Time (s): cpu = 00:00:20 ; elapsed = 00:00:26 . Memory (MB): peak = 3670.109 ; gain = 872.645 ; free physical = 138436 ; free virtual = 209739
Synthesis current peak Physical Memory [PSS] (MB): peak = 3208.442; parent = 2954.364; children = 254.109
Synthesis current peak Virtual Memory [VSS] (MB): peak = 4643.188; parent = 3670.113; children = 973.074
---------------------------------------------------------------------------------
---------------------------------------------------------------------------------
Start Timing Optimization
---------------------------------------------------------------------------------
---------------------------------------------------------------------------------
Finished Timing Optimization : Time (s): cpu = 00:00:20 ; elapsed = 00:00:27 . Memory (MB): peak = 3673.109 ; gain = 875.645 ; free physical = 138432 ; free virtual = 209735
Synthesis current peak Physical Memory [PSS] (MB): peak = 3211.306; parent = 2957.228; children = 254.109
Synthesis current peak Virtual Memory [VSS] (MB): peak = 4646.188; parent = 3673.113; children = 973.074
---------------------------------------------------------------------------------
---------------------------------------------------------------------------------
Start Technology Mapping
---------------------------------------------------------------------------------
---------------------------------------------------------------------------------
Finished Technology Mapping : Time (s): cpu = 00:00:20 ; elapsed = 00:00:27 . Memory (MB): peak = 3692.141 ; gain = 894.676 ; free physical = 138416 ; free virtual = 209719
Synthesis current peak Physical Memory [PSS] (MB): peak = 3215.142; parent = 2961.063; children = 254.109
Synthesis current peak Virtual Memory [VSS] (MB): peak = 4665.219; parent = 3692.145; children = 973.074
---------------------------------------------------------------------------------
---------------------------------------------------------------------------------
Start IO Insertion
---------------------------------------------------------------------------------
---------------------------------------------------------------------------------
Start Flattening Before IO Insertion
---------------------------------------------------------------------------------
---------------------------------------------------------------------------------
Finished Flattening Before IO Insertion
---------------------------------------------------------------------------------
---------------------------------------------------------------------------------
Start Final Netlist Cleanup
---------------------------------------------------------------------------------
---------------------------------------------------------------------------------
Finished Final Netlist Cleanup
---------------------------------------------------------------------------------
---------------------------------------------------------------------------------
Finished IO Insertion : Time (s): cpu = 00:00:22 ; elapsed = 00:00:29 . Memory (MB): peak = 3706.016 ; gain = 908.551 ; free physical = 138410 ; free virtual = 209713
Synthesis current peak Physical Memory [PSS] (MB): peak = 3215.599; parent = 2961.521; children = 254.109
Synthesis current peak Virtual Memory [VSS] (MB): peak = 4679.094; parent = 3706.020; children = 973.074
---------------------------------------------------------------------------------
---------------------------------------------------------------------------------
Start Renaming Generated Instances
---------------------------------------------------------------------------------
---------------------------------------------------------------------------------
Finished Renaming Generated Instances : Time (s): cpu = 00:00:22 ; elapsed = 00:00:30 . Memory (MB): peak = 3706.016 ; gain = 908.551 ; free physical = 138410 ; free virtual = 209713
Synthesis current peak Physical Memory [PSS] (MB): peak = 3215.599; parent = 2961.521; children = 254.109
Synthesis current peak Virtual Memory [VSS] (MB): peak = 4679.094; parent = 3706.020; children = 973.074
---------------------------------------------------------------------------------
---------------------------------------------------------------------------------
Start Rebuilding User Hierarchy
---------------------------------------------------------------------------------
---------------------------------------------------------------------------------
Finished Rebuilding User Hierarchy : Time (s): cpu = 00:00:22 ; elapsed = 00:00:30 . Memory (MB): peak = 3706.016 ; gain = 908.551 ; free physical = 138410 ; free virtual = 209713
Synthesis current peak Physical Memory [PSS] (MB): peak = 3215.646; parent = 2961.567; children = 254.109
Synthesis current peak Virtual Memory [VSS] (MB): peak = 4679.094; parent = 3706.020; children = 973.074
---------------------------------------------------------------------------------
---------------------------------------------------------------------------------
Start Renaming Generated Ports
---------------------------------------------------------------------------------
---------------------------------------------------------------------------------
Finished Renaming Generated Ports : Time (s): cpu = 00:00:22 ; elapsed = 00:00:30 . Memory (MB): peak = 3706.016 ; gain = 908.551 ; free physical = 138410 ; free virtual = 209713
Synthesis current peak Physical Memory [PSS] (MB): peak = 3215.708; parent = 2961.630; children = 254.109
Synthesis current peak Virtual Memory [VSS] (MB): peak = 4679.094; parent = 3706.020; children = 973.074
---------------------------------------------------------------------------------
---------------------------------------------------------------------------------
Start Handling Custom Attributes
---------------------------------------------------------------------------------
---------------------------------------------------------------------------------
Finished Handling Custom Attributes : Time (s): cpu = 00:00:22 ; elapsed = 00:00:30 . Memory (MB): peak = 3706.016 ; gain = 908.551 ; free physical = 138410 ; free virtual = 209713
Synthesis current peak Physical Memory [PSS] (MB): peak = 3215.724; parent = 2961.646; children = 254.109
Synthesis current peak Virtual Memory [VSS] (MB): peak = 4679.094; parent = 3706.020; children = 973.074
---------------------------------------------------------------------------------
---------------------------------------------------------------------------------
Start Renaming Generated Nets
---------------------------------------------------------------------------------
---------------------------------------------------------------------------------
Finished Renaming Generated Nets : Time (s): cpu = 00:00:22 ; elapsed = 00:00:30 . Memory (MB): peak = 3706.016 ; gain = 908.551 ; free physical = 138410 ; free virtual = 209713
Synthesis current peak Physical Memory [PSS] (MB): peak = 3215.739; parent = 2961.661; children = 254.109
Synthesis current peak Virtual Memory [VSS] (MB): peak = 4679.094; parent = 3706.020; children = 973.074
---------------------------------------------------------------------------------
---------------------------------------------------------------------------------
Start ROM, RAM, DSP, Shift Register and Retiming Reporting
---------------------------------------------------------------------------------

Static Shift Register Report:
+------------+-----------------------+--------+-------+--------------+--------------------+-------------------+--------+---------+
|Module Name | RTL Name              | Length | Width | Reset Signal | Pull out first Reg | Pull out last Reg | SRL16E | SRLC32E | 
+------------+-----------------------+--------+-------+--------------+--------------------+-------------------+--------+---------+
|sum_signed  | vld_layer7_reg        | 7      | 1     | YES          | NO                 | YES               | 1      | 0       | 
|sum_signed  | reduce_layer53_reg[6] | 4      | 7     | YES          | NO                 | YES               | 7      | 0       | 
+------------+-----------------------+--------+-------+--------------+--------------------+-------------------+--------+---------+

---------------------------------------------------------------------------------
Finished ROM, RAM, DSP, Shift Register and Retiming Reporting
---------------------------------------------------------------------------------
---------------------------------------------------------------------------------
Start Writing Synthesis Report
---------------------------------------------------------------------------------

Report BlackBoxes: 
+-+--------------+----------+
| |BlackBox name |Instances |
+-+--------------+----------+
+-+--------------+----------+

Report Cell Usage: 
+------+-------+------+
|      |Cell   |Count |
+------+-------+------+
|1     |BUFG   |     1|
|2     |CARRY8 |    61|
|3     |LUT1   |    49|
|4     |LUT2   |   398|
|5     |LUT3   |    50|
|6     |LUT4   |    50|
|7     |LUT5   |   100|
|8     |LUT6   |   100|
|9     |SRL16E |     8|
|10    |FDRE   |   704|
|11    |IBUF   |   503|
|12    |OBUF   |    13|
+------+-------+------+
---------------------------------------------------------------------------------
Finished Writing Synthesis Report : Time (s): cpu = 00:00:22 ; elapsed = 00:00:30 . Memory (MB): peak = 3706.016 ; gain = 908.551 ; free physical = 138413 ; free virtual = 209716
Synthesis current peak Physical Memory [PSS] (MB): peak = 3215.755; parent = 2961.677; children = 254.109
Synthesis current peak Virtual Memory [VSS] (MB): peak = 4679.094; parent = 3706.020; children = 973.074
---------------------------------------------------------------------------------
Synthesis finished with 0 errors, 0 critical warnings and 1 warnings.
Synthesis Optimization Runtime : Time (s): cpu = 00:00:19 ; elapsed = 00:00:26 . Memory (MB): peak = 3706.016 ; gain = 741.832 ; free physical = 138437 ; free virtual = 209739
Synthesis Optimization Complete : Time (s): cpu = 00:00:22 ; elapsed = 00:00:30 . Memory (MB): peak = 3706.023 ; gain = 908.551 ; free physical = 138445 ; free virtual = 209747
INFO: [Project 1-571] Translating synthesized netlist
Netlist sorting complete. Time (s): cpu = 00:00:00.01 ; elapsed = 00:00:00.01 . Memory (MB): peak = 3719.953 ; gain = 0.000 ; free physical = 138562 ; free virtual = 209865
INFO: [Netlist 29-17] Analyzing 565 Unisim elements for replacement
INFO: [Netlist 29-28] Unisim Transformation completed in 0 CPU seconds
WARNING: [Netlist 29-101] Netlist 'sum_signed' is not ideal for floorplanning, since the cellview 'sum_signed' contains a large number of primitives.  Please consider enabling hierarchy in synthesis if you want to do floorplanning.
INFO: [Project 1-570] Preparing netlist for logic optimization
Parsing XDC File [/mnt/vault1/mfaroo19/reduction_tree/integrator/runs/M100_W5/sum_signed.xdc]
Finished Parsing XDC File [/mnt/vault1/mfaroo19/reduction_tree/integrator/runs/M100_W5/sum_signed.xdc]
INFO: [Opt 31-138] Pushed 0 inverter(s) to 0 load pin(s).
Netlist sorting complete. Time (s): cpu = 00:00:00 ; elapsed = 00:00:00 . Memory (MB): peak = 3785.590 ; gain = 0.000 ; free physical = 138485 ; free virtual = 209788
INFO: [Project 1-111] Unisim Transformation Summary:
  A total of 504 instances were transformed.
  BUFG => BUFGCE: 1 instance 
  IBUF => IBUF (IBUFCTRL, INBUF): 503 instances

Synth Design complete, checksum: 9e50f0e9
INFO: [Common 17-83] Releasing license: Synthesis
19 Infos, 2 Warnings, 0 Critical Warnings and 0 Errors encountered.
synth_design completed successfully
synth_design: Time (s): cpu = 00:00:32 ; elapsed = 00:00:40 . Memory (MB): peak = 3785.590 ; gain = 2080.945 ; free physical = 138680 ; free virtual = 209982
# report_utilization -file runs/M100_W5/util.rpt
# report_timing_summary -file runs/M100_W5/timing.rpt
INFO: [Timing 38-35] Done setting XDC timing constraints.
INFO: [Timing 38-91] UpdateTimingParams: Speed grade: -2, Temperature grade: E, Delay Type: min_max.
INFO: [Timing 38-191] Multithreading enabled for timing update using a maximum of 8 CPUs
report_timing_summary: Time (s): cpu = 00:00:11 ; elapsed = 00:00:14 . Memory (MB): peak = 4565.594 ; gain = 780.004 ; free physical = 138036 ; free virtual = 209337
# exit
INFO: [Common 17-206] Exiting Vivado at Tue Nov  4 17:23:53 2025...
