
****** Vivado v2022.2 (64-bit)
  **** SW Build 3671981 on Fri Oct 14 04:59:54 MDT 2022
  **** IP Build 3669848 on Fri Oct 14 08:30:02 MDT 2022
    ** Copyright 1986-2022 Xilinx, Inc. All Rights Reserved.

source runs/M450_W8/run.tcl
# read_verilog -sv runs/M450_W8/sum_signed.sv
# read_xdc runs/M450_W8/sum_signed.xdc
# synth_design -top sum_signed -part xczu7ev-ffvc1156-2-e
Command: synth_design -top sum_signed -part xczu7ev-ffvc1156-2-e
Starting synth_design
Attempting to get a license for feature 'Synthesis' and/or device 'xczu7ev'
INFO: [Common 17-349] Got license for feature 'Synthesis' and/or device 'xczu7ev'
INFO: [Device 21-403] Loading part xczu7ev-ffvc1156-2-e
INFO: [Synth 8-7079] Multithreading enabled for synth_design using a maximum of 4 processes.
INFO: [Synth 8-7078] Launching helper process for spawning children vivado processes
INFO: [Synth 8-7075] Helper process launched with PID 2532419
INFO: [Synth 8-11241] undeclared symbol 'REGCCE', assumed default net type 'wire' [/mnt/vault1/kmhatre/Software/AMD/Vivado/2022.2/data/verilog/src/unimacro/BRAM_SINGLE_MACRO.v:2170]
---------------------------------------------------------------------------------
Starting RTL Elaboration : Time (s): cpu = 00:00:02 ; elapsed = 00:00:03 . Memory (MB): peak = 3039.047 ; gain = 241.801 ; free physical = 137728 ; free virtual = 208944
Synthesis current peak Physical Memory [PSS] (MB): peak = 2628.005; parent = 2373.858; children = 254.146
Synthesis current peak Virtual Memory [VSS] (MB): peak = 4012.129; parent = 3039.051; children = 973.078
---------------------------------------------------------------------------------
INFO: [Synth 8-6157] synthesizing module 'sum_signed' [/mnt/vault1/mfaroo19/reduction_tree/integrator/runs/M450_W8/sum_signed.sv:7]
INFO: [Synth 8-6155] done synthesizing module 'sum_signed' (0#1) [/mnt/vault1/mfaroo19/reduction_tree/integrator/runs/M450_W8/sum_signed.sv:7]
---------------------------------------------------------------------------------
Finished RTL Elaboration : Time (s): cpu = 00:00:04 ; elapsed = 00:00:05 . Memory (MB): peak = 3159.016 ; gain = 361.770 ; free physical = 137759 ; free virtual = 208977
Synthesis current peak Physical Memory [PSS] (MB): peak = 2628.005; parent = 2373.858; children = 254.146
Synthesis current peak Virtual Memory [VSS] (MB): peak = 4132.098; parent = 3159.020; children = 973.078
---------------------------------------------------------------------------------
---------------------------------------------------------------------------------
Start Handling Custom Attributes
---------------------------------------------------------------------------------
---------------------------------------------------------------------------------
Finished Handling Custom Attributes : Time (s): cpu = 00:00:05 ; elapsed = 00:00:06 . Memory (MB): peak = 3170.891 ; gain = 373.645 ; free physical = 137775 ; free virtual = 208992
Synthesis current peak Physical Memory [PSS] (MB): peak = 2628.005; parent = 2373.858; children = 254.146
Synthesis current peak Virtual Memory [VSS] (MB): peak = 4143.973; parent = 3170.895; children = 973.078
---------------------------------------------------------------------------------
---------------------------------------------------------------------------------
Finished RTL Optimization Phase 1 : Time (s): cpu = 00:00:05 ; elapsed = 00:00:06 . Memory (MB): peak = 3170.891 ; gain = 373.645 ; free physical = 137775 ; free virtual = 208992
Synthesis current peak Physical Memory [PSS] (MB): peak = 2628.005; parent = 2373.858; children = 254.146
Synthesis current peak Virtual Memory [VSS] (MB): peak = 4143.973; parent = 3170.895; children = 973.078
---------------------------------------------------------------------------------
Netlist sorting complete. Time (s): cpu = 00:00:00.03 ; elapsed = 00:00:00.03 . Memory (MB): peak = 3170.891 ; gain = 0.000 ; free physical = 137790 ; free virtual = 209007
INFO: [Project 1-570] Preparing netlist for logic optimization

Processing XDC Constraints
Initializing timing engine
Parsing XDC File [/mnt/vault1/mfaroo19/reduction_tree/integrator/runs/M450_W8/sum_signed.xdc]
Finished Parsing XDC File [/mnt/vault1/mfaroo19/reduction_tree/integrator/runs/M450_W8/sum_signed.xdc]
Completed Processing XDC Constraints

Netlist sorting complete. Time (s): cpu = 00:00:00 ; elapsed = 00:00:00 . Memory (MB): peak = 3315.609 ; gain = 0.000 ; free physical = 137992 ; free virtual = 209202
INFO: [Project 1-111] Unisim Transformation Summary:
No Unisim elements were transformed.

Constraint Validation Runtime : Time (s): cpu = 00:00:00.06 ; elapsed = 00:00:00.03 . Memory (MB): peak = 3315.609 ; gain = 0.000 ; free physical = 138026 ; free virtual = 209236
INFO: [Synth 8-11241] undeclared symbol 'REGCCE', assumed default net type 'wire' [/mnt/vault1/kmhatre/Software/AMD/Vivado/2022.2/data/verilog/src/unimacro/BRAM_SINGLE_MACRO.v:2170]
---------------------------------------------------------------------------------
Finished Constraint Validation : Time (s): cpu = 00:00:11 ; elapsed = 00:00:13 . Memory (MB): peak = 3315.609 ; gain = 518.363 ; free physical = 138193 ; free virtual = 209414
Synthesis current peak Physical Memory [PSS] (MB): peak = 2628.005; parent = 2373.858; children = 254.146
Synthesis current peak Virtual Memory [VSS] (MB): peak = 4256.676; parent = 3283.598; children = 973.078
---------------------------------------------------------------------------------
---------------------------------------------------------------------------------
Start Loading Part and Timing Information
---------------------------------------------------------------------------------
Loading part: xczu7ev-ffvc1156-2-e
INFO: [Synth 8-6742] Reading net delay rules and data
---------------------------------------------------------------------------------
Finished Loading Part and Timing Information : Time (s): cpu = 00:00:11 ; elapsed = 00:00:13 . Memory (MB): peak = 3315.609 ; gain = 518.363 ; free physical = 138193 ; free virtual = 209415
Synthesis current peak Physical Memory [PSS] (MB): peak = 2628.005; parent = 2373.858; children = 254.146
Synthesis current peak Virtual Memory [VSS] (MB): peak = 4256.676; parent = 3283.598; children = 973.078
---------------------------------------------------------------------------------
---------------------------------------------------------------------------------
Start Applying 'set_property' XDC Constraints
---------------------------------------------------------------------------------
---------------------------------------------------------------------------------
Finished applying 'set_property' XDC Constraints : Time (s): cpu = 00:00:11 ; elapsed = 00:00:13 . Memory (MB): peak = 3315.609 ; gain = 518.363 ; free physical = 138205 ; free virtual = 209426
Synthesis current peak Physical Memory [PSS] (MB): peak = 2628.005; parent = 2373.858; children = 254.146
Synthesis current peak Virtual Memory [VSS] (MB): peak = 4256.676; parent = 3283.598; children = 973.078
---------------------------------------------------------------------------------
---------------------------------------------------------------------------------
Finished RTL Optimization Phase 2 : Time (s): cpu = 00:00:12 ; elapsed = 00:00:14 . Memory (MB): peak = 3315.609 ; gain = 518.363 ; free physical = 138256 ; free virtual = 209481
Synthesis current peak Physical Memory [PSS] (MB): peak = 2628.005; parent = 2373.858; children = 254.146
Synthesis current peak Virtual Memory [VSS] (MB): peak = 4256.676; parent = 3283.598; children = 973.078
---------------------------------------------------------------------------------
---------------------------------------------------------------------------------
Start RTL Component Statistics 
---------------------------------------------------------------------------------
Detailed RTL Component Info : 
+---Adders : 
	   2 Input   17 Bit       Adders := 1     
	   2 Input   16 Bit       Adders := 2     
	   2 Input   15 Bit       Adders := 4     
	   2 Input   14 Bit       Adders := 7     
	   2 Input   13 Bit       Adders := 14    
	   2 Input   12 Bit       Adders := 28    
	   2 Input   11 Bit       Adders := 56    
	   2 Input   10 Bit       Adders := 112   
	   2 Input    9 Bit       Adders := 225   
+---Registers : 
	               17 Bit    Registers := 1     
	               16 Bit    Registers := 2     
	               15 Bit    Registers := 4     
	               14 Bit    Registers := 7     
	               13 Bit    Registers := 14    
	               12 Bit    Registers := 28    
	               11 Bit    Registers := 56    
	               10 Bit    Registers := 112   
	                9 Bit    Registers := 230   
	                1 Bit    Registers := 9     
---------------------------------------------------------------------------------
Finished RTL Component Statistics 
---------------------------------------------------------------------------------
---------------------------------------------------------------------------------
Start Part Resource Summary
---------------------------------------------------------------------------------
Part Resources:
DSPs: 1728 (col length:144)
BRAMs: 624 (col length: RAMB18 144 RAMB36 72)
---------------------------------------------------------------------------------
Finished Part Resource Summary
---------------------------------------------------------------------------------
---------------------------------------------------------------------------------
Start Cross Boundary and Area Optimization
---------------------------------------------------------------------------------
WARNING: [Synth 8-7080] Parallel synthesis criteria is not met
---------------------------------------------------------------------------------
Finished Cross Boundary and Area Optimization : Time (s): cpu = 00:00:14 ; elapsed = 00:00:18 . Memory (MB): peak = 3315.609 ; gain = 518.363 ; free physical = 138402 ; free virtual = 209633
Synthesis current peak Physical Memory [PSS] (MB): peak = 2628.005; parent = 2373.858; children = 254.146
Synthesis current peak Virtual Memory [VSS] (MB): peak = 4256.676; parent = 3283.598; children = 973.078
---------------------------------------------------------------------------------
---------------------------------------------------------------------------------
Start Applying XDC Timing Constraints
---------------------------------------------------------------------------------
---------------------------------------------------------------------------------
Finished Applying XDC Timing Constraints : Time (s): cpu = 00:00:21 ; elapsed = 00:00:29 . Memory (MB): peak = 3681.984 ; gain = 884.738 ; free physical = 138177 ; free virtual = 209401
Synthesis current peak Physical Memory [PSS] (MB): peak = 3217.782; parent = 2963.667; children = 254.146
Synthesis current peak Virtual Memory [VSS] (MB): peak = 4655.066; parent = 3681.988; children = 973.078
---------------------------------------------------------------------------------
---------------------------------------------------------------------------------
Start Timing Optimization
---------------------------------------------------------------------------------
---------------------------------------------------------------------------------
Finished Timing Optimization : Time (s): cpu = 00:00:22 ; elapsed = 00:00:29 . Memory (MB): peak = 3702.984 ; gain = 905.738 ; free physical = 138158 ; free virtual = 209382
Synthesis current peak Physical Memory [PSS] (MB): peak = 3235.134; parent = 2981.019; children = 254.146
Synthesis current peak Virtual Memory [VSS] (MB): peak = 4676.066; parent = 3702.988; children = 973.078
---------------------------------------------------------------------------------
---------------------------------------------------------------------------------
Start Technology Mapping
---------------------------------------------------------------------------------
---------------------------------------------------------------------------------
Finished Technology Mapping : Time (s): cpu = 00:00:23 ; elapsed = 00:00:31 . Memory (MB): peak = 3721.016 ; gain = 923.770 ; free physical = 138189 ; free virtual = 209414
Synthesis current peak Physical Memory [PSS] (MB): peak = 3240.067; parent = 2985.960; children = 254.146
Synthesis current peak Virtual Memory [VSS] (MB): peak = 4694.098; parent = 3721.020; children = 973.078
---------------------------------------------------------------------------------
---------------------------------------------------------------------------------
Start IO Insertion
---------------------------------------------------------------------------------
---------------------------------------------------------------------------------
Start Flattening Before IO Insertion
---------------------------------------------------------------------------------
---------------------------------------------------------------------------------
Finished Flattening Before IO Insertion
---------------------------------------------------------------------------------
---------------------------------------------------------------------------------
Start Final Netlist Cleanup
---------------------------------------------------------------------------------
---------------------------------------------------------------------------------
Finished Final Netlist Cleanup
---------------------------------------------------------------------------------
---------------------------------------------------------------------------------
Finished IO Insertion : Time (s): cpu = 00:00:25 ; elapsed = 00:00:33 . Memory (MB): peak = 3732.922 ; gain = 935.676 ; free physical = 138277 ; free virtual = 209500
Synthesis current peak Physical Memory [PSS] (MB): peak = 3241.024; parent = 2986.909; children = 254.146
Synthesis current peak Virtual Memory [VSS] (MB): peak = 4706.004; parent = 3732.926; children = 973.078
---------------------------------------------------------------------------------
---------------------------------------------------------------------------------
Start Renaming Generated Instances
---------------------------------------------------------------------------------
---------------------------------------------------------------------------------
Finished Renaming Generated Instances : Time (s): cpu = 00:00:25 ; elapsed = 00:00:33 . Memory (MB): peak = 3732.922 ; gain = 935.676 ; free physical = 138277 ; free virtual = 209499
Synthesis current peak Physical Memory [PSS] (MB): peak = 3241.040; parent = 2986.925; children = 254.146
Synthesis current peak Virtual Memory [VSS] (MB): peak = 4706.004; parent = 3732.926; children = 973.078
---------------------------------------------------------------------------------
---------------------------------------------------------------------------------
Start Rebuilding User Hierarchy
---------------------------------------------------------------------------------
---------------------------------------------------------------------------------
Finished Rebuilding User Hierarchy : Time (s): cpu = 00:00:26 ; elapsed = 00:00:34 . Memory (MB): peak = 3732.922 ; gain = 935.676 ; free physical = 138295 ; free virtual = 209517
Synthesis current peak Physical Memory [PSS] (MB): peak = 3242.696; parent = 2988.581; children = 254.146
Synthesis current peak Virtual Memory [VSS] (MB): peak = 4706.004; parent = 3732.926; children = 973.078
---------------------------------------------------------------------------------
---------------------------------------------------------------------------------
Start Renaming Generated Ports
---------------------------------------------------------------------------------
---------------------------------------------------------------------------------
Finished Renaming Generated Ports : Time (s): cpu = 00:00:26 ; elapsed = 00:00:34 . Memory (MB): peak = 3732.922 ; gain = 935.676 ; free physical = 138298 ; free virtual = 209521
Synthesis current peak Physical Memory [PSS] (MB): peak = 3242.759; parent = 2988.644; children = 254.146
Synthesis current peak Virtual Memory [VSS] (MB): peak = 4706.004; parent = 3732.926; children = 973.078
---------------------------------------------------------------------------------
---------------------------------------------------------------------------------
Start Handling Custom Attributes
---------------------------------------------------------------------------------
---------------------------------------------------------------------------------
Finished Handling Custom Attributes : Time (s): cpu = 00:00:26 ; elapsed = 00:00:34 . Memory (MB): peak = 3732.922 ; gain = 935.676 ; free physical = 138299 ; free virtual = 209521
Synthesis current peak Physical Memory [PSS] (MB): peak = 3242.938; parent = 2988.823; children = 254.146
Synthesis current peak Virtual Memory [VSS] (MB): peak = 4706.004; parent = 3732.926; children = 973.078
---------------------------------------------------------------------------------
---------------------------------------------------------------------------------
Start Renaming Generated Nets
---------------------------------------------------------------------------------
---------------------------------------------------------------------------------
Finished Renaming Generated Nets : Time (s): cpu = 00:00:26 ; elapsed = 00:00:34 . Memory (MB): peak = 3732.922 ; gain = 935.676 ; free physical = 138299 ; free virtual = 209521
Synthesis current peak Physical Memory [PSS] (MB): peak = 3242.970; parent = 2988.854; children = 254.146
Synthesis current peak Virtual Memory [VSS] (MB): peak = 4706.004; parent = 3732.926; children = 973.078
---------------------------------------------------------------------------------
---------------------------------------------------------------------------------
Start ROM, RAM, DSP, Shift Register and Retiming Reporting
---------------------------------------------------------------------------------

Static Shift Register Report:
+------------+-----------------------+--------+-------+--------------+--------------------+-------------------+--------+---------+
|Module Name | RTL Name              | Length | Width | Reset Signal | Pull out first Reg | Pull out last Reg | SRL16E | SRLC32E | 
+------------+-----------------------+--------+-------+--------------+--------------------+-------------------+--------+---------+
|sum_signed  | vld_layer9_reg        | 9      | 1     | YES          | NO                 | YES               | 1      | 0       | 
|sum_signed  | reduce_layer67_reg[8] | 6      | 9     | YES          | NO                 | YES               | 9      | 0       | 
+------------+-----------------------+--------+-------+--------------+--------------------+-------------------+--------+---------+

---------------------------------------------------------------------------------
Finished ROM, RAM, DSP, Shift Register and Retiming Reporting
---------------------------------------------------------------------------------
---------------------------------------------------------------------------------
Start Writing Synthesis Report
---------------------------------------------------------------------------------

Report BlackBoxes: 
+-+--------------+----------+
| |BlackBox name |Instances |
+-+--------------+----------+
+-+--------------+----------+

Report Cell Usage: 
+------+-------+------+
|      |Cell   |Count |
+------+-------+------+
|1     |BUFG   |     1|
|2     |CARRY8 |   899|
|3     |LUT1   |   449|
|4     |LUT2   |  4047|
|5     |SRL16E |    10|
|6     |FDRE   |  4505|
|7     |IBUF   |  3603|
|8     |OBUF   |    18|
+------+-------+------+
---------------------------------------------------------------------------------
Finished Writing Synthesis Report : Time (s): cpu = 00:00:26 ; elapsed = 00:00:34 . Memory (MB): peak = 3732.922 ; gain = 935.676 ; free physical = 138299 ; free virtual = 209521
Synthesis current peak Physical Memory [PSS] (MB): peak = 3242.985; parent = 2988.870; children = 254.146
Synthesis current peak Virtual Memory [VSS] (MB): peak = 4706.004; parent = 3732.926; children = 973.078
---------------------------------------------------------------------------------
Synthesis finished with 0 errors, 0 critical warnings and 1 warnings.
Synthesis Optimization Runtime : Time (s): cpu = 00:00:22 ; elapsed = 00:00:30 . Memory (MB): peak = 3732.922 ; gain = 790.957 ; free physical = 138315 ; free virtual = 209538
Synthesis Optimization Complete : Time (s): cpu = 00:00:26 ; elapsed = 00:00:34 . Memory (MB): peak = 3732.930 ; gain = 935.676 ; free physical = 138315 ; free virtual = 209538
INFO: [Project 1-571] Translating synthesized netlist
Netlist sorting complete. Time (s): cpu = 00:00:00.06 ; elapsed = 00:00:00.06 . Memory (MB): peak = 3739.859 ; gain = 0.000 ; free physical = 138456 ; free virtual = 209678
INFO: [Netlist 29-17] Analyzing 4503 Unisim elements for replacement
INFO: [Netlist 29-28] Unisim Transformation completed in 0 CPU seconds
WARNING: [Netlist 29-101] Netlist 'sum_signed' is not ideal for floorplanning, since the cellview 'sum_signed' contains a large number of primitives.  Please consider enabling hierarchy in synthesis if you want to do floorplanning.
INFO: [Project 1-570] Preparing netlist for logic optimization
Parsing XDC File [/mnt/vault1/mfaroo19/reduction_tree/integrator/runs/M450_W8/sum_signed.xdc]
Finished Parsing XDC File [/mnt/vault1/mfaroo19/reduction_tree/integrator/runs/M450_W8/sum_signed.xdc]
INFO: [Opt 31-138] Pushed 0 inverter(s) to 0 load pin(s).
Netlist sorting complete. Time (s): cpu = 00:00:00 ; elapsed = 00:00:00 . Memory (MB): peak = 3806.578 ; gain = 0.000 ; free physical = 138432 ; free virtual = 209655
INFO: [Project 1-111] Unisim Transformation Summary:
  A total of 3604 instances were transformed.
  BUFG => BUFGCE: 1 instance 
  IBUF => IBUF (IBUFCTRL, INBUF): 3603 instances

Synth Design complete, checksum: a265fb45
INFO: [Common 17-83] Releasing license: Synthesis
19 Infos, 2 Warnings, 0 Critical Warnings and 0 Errors encountered.
synth_design completed successfully
synth_design: Time (s): cpu = 00:00:37 ; elapsed = 00:00:46 . Memory (MB): peak = 3806.578 ; gain = 2102.121 ; free physical = 138636 ; free virtual = 209858
# report_utilization -file runs/M450_W8/util.rpt
# report_timing_summary -file runs/M450_W8/timing.rpt
INFO: [Timing 38-35] Done setting XDC timing constraints.
INFO: [Timing 38-91] UpdateTimingParams: Speed grade: -2, Temperature grade: E, Delay Type: min_max.
INFO: [Timing 38-191] Multithreading enabled for timing update using a maximum of 8 CPUs
report_timing_summary: Time (s): cpu = 00:00:14 ; elapsed = 00:00:15 . Memory (MB): peak = 4549.535 ; gain = 742.957 ; free physical = 138083 ; free virtual = 209303
# exit
INFO: [Common 17-206] Exiting Vivado at Tue Nov  4 16:06:36 2025...
