#-----------------------------------------------------------
# Vivado v2022.2 (64-bit)
# SW Build 3671981 on Fri Oct 14 04:59:54 MDT 2022
# IP Build 3669848 on Fri Oct 14 08:30:02 MDT 2022
# Start of session at: Thu Nov  6 18:20:47 2025
# Process ID: 3566122
# Current directory: /mnt/vault1/mfaroo19/reduction_tree/dot_product/runs/M150_W9_N4
# Command line: vivado -mode batch -source /mnt/vault1/mfaroo19/reduction_tree/dot_product/runs/M150_W9_N4/run.tcl
# Log file: /mnt/vault1/mfaroo19/reduction_tree/dot_product/runs/M150_W9_N4/vivado.log
# Journal file: /mnt/vault1/mfaroo19/reduction_tree/dot_product/runs/M150_W9_N4/vivado.jou
# Running On: en4228283l, OS: Linux, CPU Frequency: 2999.993 MHz, CPU Physical cores: 32, Host memory: 269992 MB
#-----------------------------------------------------------
source /mnt/vault1/mfaroo19/reduction_tree/dot_product/runs/M150_W9_N4/run.tcl
# read_verilog -sv /mnt/vault1/mfaroo19/reduction_tree/dot_product/runs/M150_W9_N4/design.sv
# read_xdc /mnt/vault1/mfaroo19/reduction_tree/dot_product/runs/M150_W9_N4/design.xdc
# synth_design -top dotprod -part xczu7ev-ffvc1156-2-e
Command: synth_design -top dotprod -part xczu7ev-ffvc1156-2-e
Starting synth_design
Attempting to get a license for feature 'Synthesis' and/or device 'xczu7ev'
INFO: [Common 17-349] Got license for feature 'Synthesis' and/or device 'xczu7ev'
INFO: [Device 21-403] Loading part xczu7ev-ffvc1156-2-e
INFO: [Synth 8-7079] Multithreading enabled for synth_design using a maximum of 4 processes.
INFO: [Synth 8-7078] Launching helper process for spawning children vivado processes
INFO: [Synth 8-7075] Helper process launched with PID 3566180
INFO: [Synth 8-11241] undeclared symbol 'REGCCE', assumed default net type 'wire' [/mnt/vault1/kmhatre/Software/AMD/Vivado/2022.2/data/verilog/src/unimacro/BRAM_SINGLE_MACRO.v:2170]
---------------------------------------------------------------------------------
Starting RTL Elaboration : Time (s): cpu = 00:00:02 ; elapsed = 00:00:03 . Memory (MB): peak = 3039.234 ; gain = 241.801 ; free physical = 91701 ; free virtual = 202107
Synthesis current peak Physical Memory [PSS] (MB): peak = 2626.595; parent = 2372.421; children = 254.174
Synthesis current peak Virtual Memory [VSS] (MB): peak = 4012.320; parent = 3039.238; children = 973.082
---------------------------------------------------------------------------------
INFO: [Synth 8-6157] synthesizing module 'dotprod' [/mnt/vault1/mfaroo19/reduction_tree/dot_product/runs/M150_W9_N4/design.sv:3]
INFO: [Synth 8-6155] done synthesizing module 'dotprod' (0#1) [/mnt/vault1/mfaroo19/reduction_tree/dot_product/runs/M150_W9_N4/design.sv:3]
---------------------------------------------------------------------------------
Finished RTL Elaboration : Time (s): cpu = 00:00:03 ; elapsed = 00:00:04 . Memory (MB): peak = 3115.203 ; gain = 317.770 ; free physical = 91629 ; free virtual = 202036
Synthesis current peak Physical Memory [PSS] (MB): peak = 2626.595; parent = 2372.421; children = 254.174
Synthesis current peak Virtual Memory [VSS] (MB): peak = 4088.289; parent = 3115.207; children = 973.082
---------------------------------------------------------------------------------
---------------------------------------------------------------------------------
Start Handling Custom Attributes
---------------------------------------------------------------------------------
---------------------------------------------------------------------------------
Finished Handling Custom Attributes : Time (s): cpu = 00:00:03 ; elapsed = 00:00:04 . Memory (MB): peak = 3133.016 ; gain = 335.582 ; free physical = 91629 ; free virtual = 202036
Synthesis current peak Physical Memory [PSS] (MB): peak = 2626.595; parent = 2372.421; children = 254.174
Synthesis current peak Virtual Memory [VSS] (MB): peak = 4106.102; parent = 3133.020; children = 973.082
---------------------------------------------------------------------------------
---------------------------------------------------------------------------------
Finished RTL Optimization Phase 1 : Time (s): cpu = 00:00:03 ; elapsed = 00:00:04 . Memory (MB): peak = 3133.016 ; gain = 335.582 ; free physical = 91629 ; free virtual = 202036
Synthesis current peak Physical Memory [PSS] (MB): peak = 2626.595; parent = 2372.421; children = 254.174
Synthesis current peak Virtual Memory [VSS] (MB): peak = 4106.102; parent = 3133.020; children = 973.082
---------------------------------------------------------------------------------
Netlist sorting complete. Time (s): cpu = 00:00:00.01 ; elapsed = 00:00:00.01 . Memory (MB): peak = 3133.016 ; gain = 0.000 ; free physical = 91629 ; free virtual = 202036
INFO: [Project 1-570] Preparing netlist for logic optimization

Processing XDC Constraints
Initializing timing engine
Parsing XDC File [/mnt/vault1/mfaroo19/reduction_tree/dot_product/runs/M150_W9_N4/design.xdc]
Finished Parsing XDC File [/mnt/vault1/mfaroo19/reduction_tree/dot_product/runs/M150_W9_N4/design.xdc]
Completed Processing XDC Constraints

Netlist sorting complete. Time (s): cpu = 00:00:00 ; elapsed = 00:00:00 . Memory (MB): peak = 3301.734 ; gain = 0.000 ; free physical = 91694 ; free virtual = 202100
INFO: [Project 1-111] Unisim Transformation Summary:
No Unisim elements were transformed.

Constraint Validation Runtime : Time (s): cpu = 00:00:00.07 ; elapsed = 00:00:00.03 . Memory (MB): peak = 3301.734 ; gain = 0.000 ; free physical = 91693 ; free virtual = 202100
INFO: [Synth 8-11241] undeclared symbol 'REGCCE', assumed default net type 'wire' [/mnt/vault1/kmhatre/Software/AMD/Vivado/2022.2/data/verilog/src/unimacro/BRAM_SINGLE_MACRO.v:2170]
---------------------------------------------------------------------------------
Finished Constraint Validation : Time (s): cpu = 00:00:10 ; elapsed = 00:00:12 . Memory (MB): peak = 3301.734 ; gain = 504.301 ; free physical = 91808 ; free virtual = 202215
Synthesis current peak Physical Memory [PSS] (MB): peak = 2640.072; parent = 2385.901; children = 254.174
Synthesis current peak Virtual Memory [VSS] (MB): peak = 4242.805; parent = 3269.723; children = 973.082
---------------------------------------------------------------------------------
---------------------------------------------------------------------------------
Start Loading Part and Timing Information
---------------------------------------------------------------------------------
Loading part: xczu7ev-ffvc1156-2-e
INFO: [Synth 8-6742] Reading net delay rules and data
---------------------------------------------------------------------------------
Finished Loading Part and Timing Information : Time (s): cpu = 00:00:10 ; elapsed = 00:00:12 . Memory (MB): peak = 3301.734 ; gain = 504.301 ; free physical = 91808 ; free virtual = 202215
Synthesis current peak Physical Memory [PSS] (MB): peak = 2640.072; parent = 2385.901; children = 254.174
Synthesis current peak Virtual Memory [VSS] (MB): peak = 4242.805; parent = 3269.723; children = 973.082
---------------------------------------------------------------------------------
---------------------------------------------------------------------------------
Start Applying 'set_property' XDC Constraints
---------------------------------------------------------------------------------
---------------------------------------------------------------------------------
Finished applying 'set_property' XDC Constraints : Time (s): cpu = 00:00:10 ; elapsed = 00:00:12 . Memory (MB): peak = 3301.734 ; gain = 504.301 ; free physical = 91808 ; free virtual = 202215
Synthesis current peak Physical Memory [PSS] (MB): peak = 2640.072; parent = 2385.901; children = 254.174
Synthesis current peak Virtual Memory [VSS] (MB): peak = 4242.805; parent = 3269.723; children = 973.082
---------------------------------------------------------------------------------
---------------------------------------------------------------------------------
Finished RTL Optimization Phase 2 : Time (s): cpu = 00:00:11 ; elapsed = 00:00:13 . Memory (MB): peak = 3301.734 ; gain = 504.301 ; free physical = 91815 ; free virtual = 202223
Synthesis current peak Physical Memory [PSS] (MB): peak = 2640.072; parent = 2385.901; children = 254.174
Synthesis current peak Virtual Memory [VSS] (MB): peak = 4242.805; parent = 3269.723; children = 973.082
---------------------------------------------------------------------------------
---------------------------------------------------------------------------------
Start RTL Component Statistics 
---------------------------------------------------------------------------------
Detailed RTL Component Info : 
+---Adders : 
	   2 Input   21 Bit       Adders := 74    
+---Registers : 
	               21 Bit    Registers := 77    
	               14 Bit    Registers := 76    
	                1 Bit    Registers := 8     
---------------------------------------------------------------------------------
Finished RTL Component Statistics 
---------------------------------------------------------------------------------
---------------------------------------------------------------------------------
Start Part Resource Summary
---------------------------------------------------------------------------------
Part Resources:
DSPs: 1728 (col length:144)
BRAMs: 624 (col length: RAMB18 144 RAMB36 72)
---------------------------------------------------------------------------------
Finished Part Resource Summary
---------------------------------------------------------------------------------
---------------------------------------------------------------------------------
Start Cross Boundary and Area Optimization
---------------------------------------------------------------------------------
WARNING: [Synth 8-7080] Parallel synthesis criteria is not met
---------------------------------------------------------------------------------
Finished Cross Boundary and Area Optimization : Time (s): cpu = 00:00:20 ; elapsed = 00:00:23 . Memory (MB): peak = 3301.734 ; gain = 504.301 ; free physical = 91908 ; free virtual = 202324
Synthesis current peak Physical Memory [PSS] (MB): peak = 2645.001; parent = 2390.858; children = 254.174
Synthesis current peak Virtual Memory [VSS] (MB): peak = 4242.805; parent = 3269.723; children = 973.082
---------------------------------------------------------------------------------
---------------------------------------------------------------------------------
Start Applying XDC Timing Constraints
---------------------------------------------------------------------------------
---------------------------------------------------------------------------------
Finished Applying XDC Timing Constraints : Time (s): cpu = 00:00:27 ; elapsed = 00:00:34 . Memory (MB): peak = 3695.078 ; gain = 897.645 ; free physical = 91419 ; free virtual = 201835
Synthesis current peak Physical Memory [PSS] (MB): peak = 3232.685; parent = 2978.542; children = 254.174
Synthesis current peak Virtual Memory [VSS] (MB): peak = 4668.164; parent = 3695.082; children = 973.082
---------------------------------------------------------------------------------
---------------------------------------------------------------------------------
Start Timing Optimization
---------------------------------------------------------------------------------
---------------------------------------------------------------------------------
Finished Timing Optimization : Time (s): cpu = 00:00:27 ; elapsed = 00:00:34 . Memory (MB): peak = 3709.078 ; gain = 911.645 ; free physical = 91409 ; free virtual = 201824
Synthesis current peak Physical Memory [PSS] (MB): peak = 3246.271; parent = 2992.128; children = 254.174
Synthesis current peak Virtual Memory [VSS] (MB): peak = 4682.164; parent = 3709.082; children = 973.082
---------------------------------------------------------------------------------
---------------------------------------------------------------------------------
Start Technology Mapping
---------------------------------------------------------------------------------
---------------------------------------------------------------------------------
Finished Technology Mapping : Time (s): cpu = 00:00:29 ; elapsed = 00:00:36 . Memory (MB): peak = 3893.109 ; gain = 1095.676 ; free physical = 91253 ; free virtual = 201669
Synthesis current peak Physical Memory [PSS] (MB): peak = 3255.419; parent = 3001.276; children = 254.174
Synthesis current peak Virtual Memory [VSS] (MB): peak = 4866.195; parent = 3893.113; children = 973.082
---------------------------------------------------------------------------------
---------------------------------------------------------------------------------
Start IO Insertion
---------------------------------------------------------------------------------
---------------------------------------------------------------------------------
Start Flattening Before IO Insertion
---------------------------------------------------------------------------------
---------------------------------------------------------------------------------
Finished Flattening Before IO Insertion
---------------------------------------------------------------------------------
---------------------------------------------------------------------------------
Start Final Netlist Cleanup
---------------------------------------------------------------------------------
---------------------------------------------------------------------------------
Finished Final Netlist Cleanup
---------------------------------------------------------------------------------
---------------------------------------------------------------------------------
Finished IO Insertion : Time (s): cpu = 00:00:32 ; elapsed = 00:00:39 . Memory (MB): peak = 3893.109 ; gain = 1095.676 ; free physical = 91257 ; free virtual = 201673
Synthesis current peak Physical Memory [PSS] (MB): peak = 3256.220; parent = 3002.077; children = 254.174
Synthesis current peak Virtual Memory [VSS] (MB): peak = 4866.195; parent = 3893.113; children = 973.082
---------------------------------------------------------------------------------
---------------------------------------------------------------------------------
Start Renaming Generated Instances
---------------------------------------------------------------------------------
---------------------------------------------------------------------------------
Finished Renaming Generated Instances : Time (s): cpu = 00:00:32 ; elapsed = 00:00:39 . Memory (MB): peak = 3893.109 ; gain = 1095.676 ; free physical = 91258 ; free virtual = 201674
Synthesis current peak Physical Memory [PSS] (MB): peak = 3256.235; parent = 3002.093; children = 254.174
Synthesis current peak Virtual Memory [VSS] (MB): peak = 4866.195; parent = 3893.113; children = 973.082
---------------------------------------------------------------------------------
---------------------------------------------------------------------------------
Start Rebuilding User Hierarchy
---------------------------------------------------------------------------------
---------------------------------------------------------------------------------
Finished Rebuilding User Hierarchy : Time (s): cpu = 00:00:32 ; elapsed = 00:00:40 . Memory (MB): peak = 3893.109 ; gain = 1095.676 ; free physical = 91268 ; free virtual = 201684
Synthesis current peak Physical Memory [PSS] (MB): peak = 3257.396; parent = 3003.253; children = 254.174
Synthesis current peak Virtual Memory [VSS] (MB): peak = 4866.195; parent = 3893.113; children = 973.082
---------------------------------------------------------------------------------
---------------------------------------------------------------------------------
Start Renaming Generated Ports
---------------------------------------------------------------------------------
---------------------------------------------------------------------------------
Finished Renaming Generated Ports : Time (s): cpu = 00:00:32 ; elapsed = 00:00:40 . Memory (MB): peak = 3893.109 ; gain = 1095.676 ; free physical = 91268 ; free virtual = 201684
Synthesis current peak Physical Memory [PSS] (MB): peak = 3257.458; parent = 3003.315; children = 254.174
Synthesis current peak Virtual Memory [VSS] (MB): peak = 4866.195; parent = 3893.113; children = 973.082
---------------------------------------------------------------------------------
---------------------------------------------------------------------------------
Start Handling Custom Attributes
---------------------------------------------------------------------------------
---------------------------------------------------------------------------------
Finished Handling Custom Attributes : Time (s): cpu = 00:00:32 ; elapsed = 00:00:40 . Memory (MB): peak = 3893.109 ; gain = 1095.676 ; free physical = 91267 ; free virtual = 201683
Synthesis current peak Physical Memory [PSS] (MB): peak = 3258.114; parent = 3003.972; children = 254.174
Synthesis current peak Virtual Memory [VSS] (MB): peak = 4866.195; parent = 3893.113; children = 973.082
---------------------------------------------------------------------------------
---------------------------------------------------------------------------------
Start Renaming Generated Nets
---------------------------------------------------------------------------------
---------------------------------------------------------------------------------
Finished Renaming Generated Nets : Time (s): cpu = 00:00:32 ; elapsed = 00:00:40 . Memory (MB): peak = 3893.109 ; gain = 1095.676 ; free physical = 91267 ; free virtual = 201683
Synthesis current peak Physical Memory [PSS] (MB): peak = 3258.130; parent = 3003.987; children = 254.174
Synthesis current peak Virtual Memory [VSS] (MB): peak = 4866.195; parent = 3893.113; children = 973.082
---------------------------------------------------------------------------------
---------------------------------------------------------------------------------
Start Writing Synthesis Report
---------------------------------------------------------------------------------

Report BlackBoxes: 
+-+--------------+----------+
| |BlackBox name |Instances |
+-+--------------+----------+
+-+--------------+----------+

Report Cell Usage: 
+------+-------+------+
|      |Cell   |Count |
+------+-------+------+
|1     |BUFG   |     1|
|2     |CARRY8 |   616|
|3     |LUT2   |  2978|
|4     |LUT4   |  1200|
|5     |LUT5   |   600|
|6     |LUT6   |  3300|
|7     |FDRE   |  2305|
|8     |IBUF   |  1953|
|9     |OBUF   |    22|
+------+-------+------+
---------------------------------------------------------------------------------
Finished Writing Synthesis Report : Time (s): cpu = 00:00:32 ; elapsed = 00:00:40 . Memory (MB): peak = 3893.109 ; gain = 1095.676 ; free physical = 91267 ; free virtual = 201683
Synthesis current peak Physical Memory [PSS] (MB): peak = 3258.146; parent = 3004.003; children = 254.174
Synthesis current peak Virtual Memory [VSS] (MB): peak = 4866.195; parent = 3893.113; children = 973.082
---------------------------------------------------------------------------------
Synthesis finished with 0 errors, 0 critical warnings and 1 warnings.
Synthesis Optimization Runtime : Time (s): cpu = 00:00:28 ; elapsed = 00:00:36 . Memory (MB): peak = 3893.109 ; gain = 926.957 ; free physical = 91269 ; free virtual = 201685
Synthesis Optimization Complete : Time (s): cpu = 00:00:32 ; elapsed = 00:00:40 . Memory (MB): peak = 3893.117 ; gain = 1095.676 ; free physical = 91269 ; free virtual = 201685
INFO: [Project 1-571] Translating synthesized netlist
Netlist sorting complete. Time (s): cpu = 00:00:00.05 ; elapsed = 00:00:00.05 . Memory (MB): peak = 3893.117 ; gain = 0.000 ; free physical = 91383 ; free virtual = 201799
INFO: [Netlist 29-17] Analyzing 2570 Unisim elements for replacement
INFO: [Netlist 29-28] Unisim Transformation completed in 0 CPU seconds
WARNING: [Netlist 29-101] Netlist 'dotprod' is not ideal for floorplanning, since the cellview 'dotprod' contains a large number of primitives.  Please consider enabling hierarchy in synthesis if you want to do floorplanning.
INFO: [Project 1-570] Preparing netlist for logic optimization
Parsing XDC File [/mnt/vault1/mfaroo19/reduction_tree/dot_product/runs/M150_W9_N4/design.xdc]
Finished Parsing XDC File [/mnt/vault1/mfaroo19/reduction_tree/dot_product/runs/M150_W9_N4/design.xdc]
INFO: [Opt 31-138] Pushed 0 inverter(s) to 0 load pin(s).
Netlist sorting complete. Time (s): cpu = 00:00:00 ; elapsed = 00:00:00 . Memory (MB): peak = 3917.121 ; gain = 0.000 ; free physical = 91305 ; free virtual = 201729
INFO: [Project 1-111] Unisim Transformation Summary:
  A total of 1954 instances were transformed.
  BUFG => BUFGCE: 1 instance 
  IBUF => IBUF (IBUFCTRL, INBUF): 1953 instances

Synth Design complete, checksum: ba419c3e
INFO: [Common 17-83] Releasing license: Synthesis
19 Infos, 2 Warnings, 0 Critical Warnings and 0 Errors encountered.
synth_design completed successfully
synth_design: Time (s): cpu = 00:00:43 ; elapsed = 00:00:51 . Memory (MB): peak = 3917.121 ; gain = 2212.508 ; free physical = 91396 ; free virtual = 201820
# report_utilization -file /mnt/vault1/mfaroo19/reduction_tree/dot_product/runs/M150_W9_N4/util.rpt
# report_timing_summary -file /mnt/vault1/mfaroo19/reduction_tree/dot_product/runs/M150_W9_N4/timing.rpt
INFO: [Timing 38-35] Done setting XDC timing constraints.
INFO: [Timing 38-91] UpdateTimingParams: Speed grade: -2, Temperature grade: E, Delay Type: min_max.
INFO: [Timing 38-191] Multithreading enabled for timing update using a maximum of 8 CPUs
report_timing_summary: Time (s): cpu = 00:00:13 ; elapsed = 00:00:15 . Memory (MB): peak = 4598.312 ; gain = 681.191 ; free physical = 90934 ; free virtual = 201358
# exit
INFO: [Common 17-206] Exiting Vivado at Thu Nov  6 18:22:00 2025...
