Copyright 1986-2022 Xilinx, Inc. All Rights Reserved.
--------------------------------------------------------------------------------------------------
| Tool Version : Vivado v.2022.2 (lin64) Build 3671981 Fri Oct 14 04:59:54 MDT 2022
| Date         : Wed Nov 12 14:12:18 2025
| Host         : en4228283l running 64-bit Ubuntu 22.04.5 LTS
| Command      : report_control_sets -verbose -file nn_classifier_wrapper_control_sets_placed.rpt
| Design       : nn_classifier_wrapper
| Device       : xczu49dr
--------------------------------------------------------------------------------------------------

Control Set Information

Table of Contents
-----------------
1. Summary
2. Histogram
3. Flip-Flop Distribution
4. Detailed Control Set Information

1. Summary
----------

+----------------------------------------------------------+-------+
|                          Status                          | Count |
+----------------------------------------------------------+-------+
| Total control sets                                       |   407 |
|    Minimum number of control sets                        |   407 |
|    Addition due to synthesis replication                 |     0 |
|    Addition due to physical synthesis replication        |     0 |
| Unused register locations in slices containing registers |   809 |
+----------------------------------------------------------+-------+
* Control sets can be merged at opt_design using control_set_merge or merge_equivalent_drivers
** Run report_qor_suggestions for automated merging and remapping suggestions


2. Histogram
------------

+--------------------+-------+
|       Fanout       | Count |
+--------------------+-------+
| Total control sets |   407 |
| >= 0 to < 4        |     3 |
| >= 4 to < 6        |     0 |
| >= 6 to < 8        |     0 |
| >= 8 to < 10       |     0 |
| >= 10 to < 12      |     0 |
| >= 12 to < 14      |     0 |
| >= 14 to < 16      |   401 |
| >= 16              |     3 |
+--------------------+-------+
* Control sets can be remapped at either synth_design or opt_design


3. Flip-Flop Distribution
-------------------------

+--------------+-----------------------+------------------------+-----------------+--------------+
| Clock Enable | Synchronous Set/Reset | Asynchronous Set/Reset | Total Registers | Total Slices |
+--------------+-----------------------+------------------------+-----------------+--------------+
| No           | No                    | No                     |              40 |            4 |
| No           | No                    | Yes                    |               3 |            2 |
| No           | Yes                   | No                     |            7501 |         1402 |
| Yes          | No                    | No                     |            5605 |          593 |
| Yes          | No                    | Yes                    |              38 |           13 |
| Yes          | Yes                   | No                     |               0 |            0 |
+--------------+-----------------------+------------------------+-----------------+--------------+


4. Detailed Control Set Information
-----------------------------------

+-------------------+--------------------------+----------------------+------------------+----------------+--------------+
|    Clock Signal   |       Enable Signal      |   Set/Reset Signal   | Slice Load Count | Bel Load Count | Bels / Slice |
+-------------------+--------------------------+----------------------+------------------+----------------+--------------+
|  ap_clk_IBUF_BUFG | store_count              |                      |                1 |              2 |         2.00 |
|  ap_clk_IBUF_BUFG | out_DATA[1]_i_1_n_0      | ap_rst_n_IBUF_inst/O |                2 |              2 |         1.00 |
|  ap_clk_IBUF_BUFG | compute_count[2]_i_1_n_0 |                      |                1 |              3 |         3.00 |
|  ap_clk_IBUF_BUFG | i_memory[348][6]_i_1_n_0 |                      |                1 |             14 |        14.00 |
|  ap_clk_IBUF_BUFG | i_memory[326][6]_i_1_n_0 |                      |                2 |             14 |         7.00 |
|  ap_clk_IBUF_BUFG | i_memory[347][6]_i_1_n_0 |                      |                5 |             14 |         2.80 |
|  ap_clk_IBUF_BUFG | i_memory[346][6]_i_1_n_0 |                      |                3 |             14 |         4.67 |
|  ap_clk_IBUF_BUFG | i_memory[345][6]_i_1_n_0 |                      |                4 |             14 |         3.50 |
|  ap_clk_IBUF_BUFG | i_memory[344][6]_i_1_n_0 |                      |                4 |             14 |         3.50 |
|  ap_clk_IBUF_BUFG | i_memory[343][6]_i_1_n_0 |                      |                1 |             14 |        14.00 |
|  ap_clk_IBUF_BUFG | i_memory[342][6]_i_1_n_0 |                      |                1 |             14 |        14.00 |
|  ap_clk_IBUF_BUFG | i_memory[341][6]_i_1_n_0 |                      |                3 |             14 |         4.67 |
|  ap_clk_IBUF_BUFG | i_memory[340][6]_i_1_n_0 |                      |                3 |             14 |         4.67 |
|  ap_clk_IBUF_BUFG | i_memory[33][6]_i_1_n_0  |                      |                2 |             14 |         7.00 |
|  ap_clk_IBUF_BUFG | i_memory[339][6]_i_1_n_0 |                      |                3 |             14 |         4.67 |
|  ap_clk_IBUF_BUFG | i_memory[338][6]_i_1_n_0 |                      |                3 |             14 |         4.67 |
|  ap_clk_IBUF_BUFG | i_memory[337][6]_i_1_n_0 |                      |                4 |             14 |         3.50 |
|  ap_clk_IBUF_BUFG | i_memory[336][6]_i_1_n_0 |                      |                2 |             14 |         7.00 |
|  ap_clk_IBUF_BUFG | i_memory[335][6]_i_1_n_0 |                      |                2 |             14 |         7.00 |
|  ap_clk_IBUF_BUFG | i_memory[334][6]_i_1_n_0 |                      |                2 |             14 |         7.00 |
|  ap_clk_IBUF_BUFG | i_memory[333][6]_i_1_n_0 |                      |                3 |             14 |         4.67 |
|  ap_clk_IBUF_BUFG | i_memory[332][6]_i_1_n_0 |                      |                3 |             14 |         4.67 |
|  ap_clk_IBUF_BUFG | i_memory[331][6]_i_1_n_0 |                      |                1 |             14 |        14.00 |
|  ap_clk_IBUF_BUFG | i_memory[330][6]_i_1_n_0 |                      |                4 |             14 |         3.50 |
|  ap_clk_IBUF_BUFG | i_memory[32][6]_i_1_n_0  |                      |                2 |             14 |         7.00 |
|  ap_clk_IBUF_BUFG | i_memory[329][6]_i_1_n_0 |                      |                1 |             14 |        14.00 |
|  ap_clk_IBUF_BUFG | i_memory[328][6]_i_1_n_0 |                      |                2 |             14 |         7.00 |
|  ap_clk_IBUF_BUFG | i_memory[327][6]_i_1_n_0 |                      |                2 |             14 |         7.00 |
|  ap_clk_IBUF_BUFG | i_memory[370][6]_i_1_n_0 |                      |                3 |             14 |         4.67 |
|  ap_clk_IBUF_BUFG | i_memory[35][6]_i_1_n_0  |                      |                2 |             14 |         7.00 |
|  ap_clk_IBUF_BUFG | i_memory[281][6]_i_1_n_0 |                      |                2 |             14 |         7.00 |
|  ap_clk_IBUF_BUFG | i_memory[36][6]_i_1_n_0  |                      |                4 |             14 |         3.50 |
|  ap_clk_IBUF_BUFG | i_memory[369][6]_i_1_n_0 |                      |                4 |             14 |         3.50 |
|  ap_clk_IBUF_BUFG | i_memory[368][6]_i_1_n_0 |                      |                2 |             14 |         7.00 |
|  ap_clk_IBUF_BUFG | i_memory[367][6]_i_1_n_0 |                      |                3 |             14 |         4.67 |
|  ap_clk_IBUF_BUFG | i_memory[366][6]_i_1_n_0 |                      |                4 |             14 |         3.50 |
|  ap_clk_IBUF_BUFG | i_memory[365][6]_i_1_n_0 |                      |                4 |             14 |         3.50 |
|  ap_clk_IBUF_BUFG | i_memory[364][6]_i_1_n_0 |                      |                4 |             14 |         3.50 |
|  ap_clk_IBUF_BUFG | i_memory[363][6]_i_1_n_0 |                      |                3 |             14 |         4.67 |
|  ap_clk_IBUF_BUFG | i_memory[362][6]_i_1_n_0 |                      |                3 |             14 |         4.67 |
|  ap_clk_IBUF_BUFG | i_memory[361][6]_i_1_n_0 |                      |                1 |             14 |        14.00 |
|  ap_clk_IBUF_BUFG | i_memory[360][6]_i_1_n_0 |                      |                2 |             14 |         7.00 |
|  ap_clk_IBUF_BUFG | i_memory[349][6]_i_1_n_0 |                      |                2 |             14 |         7.00 |
|  ap_clk_IBUF_BUFG | i_memory[359][6]_i_1_n_0 |                      |                3 |             14 |         4.67 |
|  ap_clk_IBUF_BUFG | i_memory[358][6]_i_1_n_0 |                      |                3 |             14 |         4.67 |
|  ap_clk_IBUF_BUFG | i_memory[357][6]_i_1_n_0 |                      |                2 |             14 |         7.00 |
|  ap_clk_IBUF_BUFG | i_memory[356][6]_i_1_n_0 |                      |                1 |             14 |        14.00 |
|  ap_clk_IBUF_BUFG | i_memory[355][6]_i_1_n_0 |                      |                4 |             14 |         3.50 |
|  ap_clk_IBUF_BUFG | i_memory[354][6]_i_1_n_0 |                      |                3 |             14 |         4.67 |
|  ap_clk_IBUF_BUFG | i_memory[353][6]_i_1_n_0 |                      |                3 |             14 |         4.67 |
|  ap_clk_IBUF_BUFG | i_memory[352][6]_i_1_n_0 |                      |                3 |             14 |         4.67 |
|  ap_clk_IBUF_BUFG | i_memory[351][6]_i_1_n_0 |                      |                3 |             14 |         4.67 |
|  ap_clk_IBUF_BUFG | i_memory[350][6]_i_1_n_0 |                      |                4 |             14 |         3.50 |
|  ap_clk_IBUF_BUFG | i_memory[34][6]_i_1_n_0  |                      |                4 |             14 |         3.50 |
|  ap_clk_IBUF_BUFG | i_memory[291][6]_i_1_n_0 |                      |                4 |             14 |         3.50 |
|  ap_clk_IBUF_BUFG | i_memory[301][6]_i_1_n_0 |                      |                4 |             14 |         3.50 |
|  ap_clk_IBUF_BUFG | i_memory[300][6]_i_1_n_0 |                      |                2 |             14 |         7.00 |
|  ap_clk_IBUF_BUFG | i_memory[2][6]_i_1_n_0   |                      |                3 |             14 |         4.67 |
|  ap_clk_IBUF_BUFG | i_memory[29][6]_i_1_n_0  |                      |                1 |             14 |        14.00 |
|  ap_clk_IBUF_BUFG | i_memory[299][6]_i_1_n_0 |                      |                2 |             14 |         7.00 |
|  ap_clk_IBUF_BUFG | i_memory[298][6]_i_1_n_0 |                      |                2 |             14 |         7.00 |
|  ap_clk_IBUF_BUFG | i_memory[297][6]_i_1_n_0 |                      |                1 |             14 |        14.00 |
|  ap_clk_IBUF_BUFG | i_memory[296][6]_i_1_n_0 |                      |                1 |             14 |        14.00 |
|  ap_clk_IBUF_BUFG | i_memory[295][6]_i_1_n_0 |                      |                3 |             14 |         4.67 |
|  ap_clk_IBUF_BUFG | i_memory[294][6]_i_1_n_0 |                      |                4 |             14 |         3.50 |
|  ap_clk_IBUF_BUFG | i_memory[293][6]_i_1_n_0 |                      |                3 |             14 |         4.67 |
|  ap_clk_IBUF_BUFG | i_memory[292][6]_i_1_n_0 |                      |                5 |             14 |         2.80 |
|  ap_clk_IBUF_BUFG | i_memory[302][6]_i_1_n_0 |                      |                2 |             14 |         7.00 |
|  ap_clk_IBUF_BUFG | i_memory[290][6]_i_1_n_0 |                      |                2 |             14 |         7.00 |
|  ap_clk_IBUF_BUFG | i_memory[28][6]_i_1_n_0  |                      |                1 |             14 |        14.00 |
|  ap_clk_IBUF_BUFG | i_memory[289][6]_i_1_n_0 |                      |                3 |             14 |         4.67 |
|  ap_clk_IBUF_BUFG | i_memory[288][6]_i_1_n_0 |                      |                4 |             14 |         3.50 |
|  ap_clk_IBUF_BUFG | i_memory[287][6]_i_1_n_0 |                      |                2 |             14 |         7.00 |
|  ap_clk_IBUF_BUFG | i_memory[286][6]_i_1_n_0 |                      |                3 |             14 |         4.67 |
|  ap_clk_IBUF_BUFG | i_memory[285][6]_i_1_n_0 |                      |                1 |             14 |        14.00 |
|  ap_clk_IBUF_BUFG | i_memory[284][6]_i_1_n_0 |                      |                1 |             14 |        14.00 |
|  ap_clk_IBUF_BUFG | i_memory[283][6]_i_1_n_0 |                      |                3 |             14 |         4.67 |
|  ap_clk_IBUF_BUFG | i_memory[282][6]_i_1_n_0 |                      |                5 |             14 |         2.80 |
|  ap_clk_IBUF_BUFG | i_memory[280][6]_i_1_n_0 |                      |                2 |             14 |         7.00 |
|  ap_clk_IBUF_BUFG | i_memory[313][6]_i_1_n_0 |                      |                1 |             14 |        14.00 |
|  ap_clk_IBUF_BUFG | i_memory[324][6]_i_1_n_0 |                      |                3 |             14 |         4.67 |
|  ap_clk_IBUF_BUFG | i_memory[323][6]_i_1_n_0 |                      |                2 |             14 |         7.00 |
|  ap_clk_IBUF_BUFG | i_memory[322][6]_i_1_n_0 |                      |                2 |             14 |         7.00 |
|  ap_clk_IBUF_BUFG | i_memory[321][6]_i_1_n_0 |                      |                4 |             14 |         3.50 |
|  ap_clk_IBUF_BUFG | i_memory[320][6]_i_1_n_0 |                      |                4 |             14 |         3.50 |
|  ap_clk_IBUF_BUFG | i_memory[31][6]_i_1_n_0  |                      |                1 |             14 |        14.00 |
|  ap_clk_IBUF_BUFG | i_memory[319][6]_i_1_n_0 |                      |                2 |             14 |         7.00 |
|  ap_clk_IBUF_BUFG | i_memory[318][6]_i_1_n_0 |                      |                3 |             14 |         4.67 |
|  ap_clk_IBUF_BUFG | i_memory[317][6]_i_1_n_0 |                      |                1 |             14 |        14.00 |
|  ap_clk_IBUF_BUFG | i_memory[316][6]_i_1_n_0 |                      |                2 |             14 |         7.00 |
|  ap_clk_IBUF_BUFG | i_memory[315][6]_i_1_n_0 |                      |                2 |             14 |         7.00 |
|  ap_clk_IBUF_BUFG | i_memory[314][6]_i_1_n_0 |                      |                2 |             14 |         7.00 |
|  ap_clk_IBUF_BUFG | i_memory[325][6]_i_1_n_0 |                      |                4 |             14 |         3.50 |
|  ap_clk_IBUF_BUFG | i_memory[312][6]_i_1_n_0 |                      |                2 |             14 |         7.00 |
|  ap_clk_IBUF_BUFG | i_memory[311][6]_i_1_n_0 |                      |                2 |             14 |         7.00 |
|  ap_clk_IBUF_BUFG | i_memory[310][6]_i_1_n_0 |                      |                3 |             14 |         4.67 |
|  ap_clk_IBUF_BUFG | i_memory[30][6]_i_1_n_0  |                      |                1 |             14 |        14.00 |
|  ap_clk_IBUF_BUFG | i_memory[309][6]_i_1_n_0 |                      |                3 |             14 |         4.67 |
|  ap_clk_IBUF_BUFG | i_memory[308][6]_i_1_n_0 |                      |                3 |             14 |         4.67 |
|  ap_clk_IBUF_BUFG | i_memory[307][6]_i_1_n_0 |                      |                3 |             14 |         4.67 |
|  ap_clk_IBUF_BUFG | i_memory[306][6]_i_1_n_0 |                      |                1 |             14 |        14.00 |
|  ap_clk_IBUF_BUFG | i_memory[305][6]_i_1_n_0 |                      |                2 |             14 |         7.00 |
|  ap_clk_IBUF_BUFG | i_memory[304][6]_i_1_n_0 |                      |                3 |             14 |         4.67 |
|  ap_clk_IBUF_BUFG | i_memory[303][6]_i_1_n_0 |                      |                2 |             14 |         7.00 |
|  ap_clk_IBUF_BUFG | i_memory[67][6]_i_1_n_0  |                      |                2 |             14 |         7.00 |
|  ap_clk_IBUF_BUFG | i_memory[78][6]_i_1_n_0  |                      |                4 |             14 |         3.50 |
|  ap_clk_IBUF_BUFG | i_memory[77][6]_i_1_n_0  |                      |                3 |             14 |         4.67 |
|  ap_clk_IBUF_BUFG | i_memory[76][6]_i_1_n_0  |                      |                3 |             14 |         4.67 |
|  ap_clk_IBUF_BUFG | i_memory[75][6]_i_1_n_0  |                      |                4 |             14 |         3.50 |
|  ap_clk_IBUF_BUFG | i_memory[74][6]_i_1_n_0  |                      |                4 |             14 |         3.50 |
|  ap_clk_IBUF_BUFG | i_memory[73][6]_i_1_n_0  |                      |                3 |             14 |         4.67 |
|  ap_clk_IBUF_BUFG | i_memory[72][6]_i_1_n_0  |                      |                4 |             14 |         3.50 |
|  ap_clk_IBUF_BUFG | i_memory[71][6]_i_1_n_0  |                      |                3 |             14 |         4.67 |
|  ap_clk_IBUF_BUFG | i_memory[70][6]_i_1_n_0  |                      |                1 |             14 |        14.00 |
|  ap_clk_IBUF_BUFG | i_memory[6][6]_i_1_n_0   |                      |                4 |             14 |         3.50 |
|  ap_clk_IBUF_BUFG | i_memory[69][6]_i_1_n_0  |                      |                3 |             14 |         4.67 |
|  ap_clk_IBUF_BUFG | i_memory[68][6]_i_1_n_0  |                      |                3 |             14 |         4.67 |
|  ap_clk_IBUF_BUFG | i_memory[79][6]_i_1_n_0  |                      |                3 |             14 |         4.67 |
|  ap_clk_IBUF_BUFG | i_memory[66][6]_i_1_n_0  |                      |                3 |             14 |         4.67 |
|  ap_clk_IBUF_BUFG | i_memory[65][6]_i_1_n_0  |                      |                4 |             14 |         3.50 |
|  ap_clk_IBUF_BUFG | i_memory[64][6]_i_1_n_0  |                      |                4 |             14 |         3.50 |
|  ap_clk_IBUF_BUFG | i_memory[63][6]_i_1_n_0  |                      |                4 |             14 |         3.50 |
|  ap_clk_IBUF_BUFG | i_memory[62][6]_i_1_n_0  |                      |                1 |             14 |        14.00 |
|  ap_clk_IBUF_BUFG | i_memory[61][6]_i_1_n_0  |                      |                3 |             14 |         4.67 |
|  ap_clk_IBUF_BUFG | i_memory[60][6]_i_1_n_0  |                      |                2 |             14 |         7.00 |
|  ap_clk_IBUF_BUFG | i_memory[5][6]_i_1_n_0   |                      |                4 |             14 |         3.50 |
|  ap_clk_IBUF_BUFG | i_memory[59][6]_i_1_n_0  |                      |                1 |             14 |        14.00 |
|  ap_clk_IBUF_BUFG | i_memory[58][6]_i_1_n_0  |                      |                1 |             14 |        14.00 |
|  ap_clk_IBUF_BUFG | i_memory[57][6]_i_1_n_0  |                      |                2 |             14 |         7.00 |
|  ap_clk_IBUF_BUFG | i_memory[8][6]_i_1_n_0   |                      |                2 |             14 |         7.00 |
|  ap_clk_IBUF_BUFG | pred_addr_reg            | ap_rst_n_IBUF_inst/O |                3 |             14 |         4.67 |
|  ap_clk_IBUF_BUFG | i_memory[9][6]_i_1_n_0   |                      |                1 |             14 |        14.00 |
|  ap_clk_IBUF_BUFG | i_memory[99][6]_i_1_n_0  |                      |                4 |             14 |         3.50 |
|  ap_clk_IBUF_BUFG | i_memory[98][6]_i_1_n_0  |                      |                2 |             14 |         7.00 |
|  ap_clk_IBUF_BUFG | i_memory[97][6]_i_1_n_0  |                      |                4 |             14 |         3.50 |
|  ap_clk_IBUF_BUFG | i_memory[96][6]_i_1_n_0  |                      |                4 |             14 |         3.50 |
|  ap_clk_IBUF_BUFG | i_memory[95][6]_i_1_n_0  |                      |                1 |             14 |        14.00 |
|  ap_clk_IBUF_BUFG | i_memory[94][6]_i_1_n_0  |                      |                2 |             14 |         7.00 |
|  ap_clk_IBUF_BUFG | i_memory[93][6]_i_1_n_0  |                      |                3 |             14 |         4.67 |
|  ap_clk_IBUF_BUFG | i_memory[92][6]_i_1_n_0  |                      |                3 |             14 |         4.67 |
|  ap_clk_IBUF_BUFG | i_memory[91][6]_i_1_n_0  |                      |                3 |             14 |         4.67 |
|  ap_clk_IBUF_BUFG | i_memory[90][6]_i_1_n_0  |                      |                4 |             14 |         3.50 |
|  ap_clk_IBUF_BUFG | i_memory[56][6]_i_1_n_0  |                      |                1 |             14 |        14.00 |
|  ap_clk_IBUF_BUFG | i_memory[89][6]_i_1_n_0  |                      |                5 |             14 |         2.80 |
|  ap_clk_IBUF_BUFG | i_memory[88][6]_i_1_n_0  |                      |                2 |             14 |         7.00 |
|  ap_clk_IBUF_BUFG | i_memory[87][6]_i_1_n_0  |                      |                2 |             14 |         7.00 |
|  ap_clk_IBUF_BUFG | i_memory[86][6]_i_1_n_0  |                      |                2 |             14 |         7.00 |
|  ap_clk_IBUF_BUFG | i_memory[85][6]_i_1_n_0  |                      |                4 |             14 |         3.50 |
|  ap_clk_IBUF_BUFG | i_memory[84][6]_i_1_n_0  |                      |                2 |             14 |         7.00 |
|  ap_clk_IBUF_BUFG | i_memory[83][6]_i_1_n_0  |                      |                2 |             14 |         7.00 |
|  ap_clk_IBUF_BUFG | i_memory[82][6]_i_1_n_0  |                      |                3 |             14 |         4.67 |
|  ap_clk_IBUF_BUFG | i_memory[81][6]_i_1_n_0  |                      |                2 |             14 |         7.00 |
|  ap_clk_IBUF_BUFG | i_memory[80][6]_i_1_n_0  |                      |                1 |             14 |        14.00 |
|  ap_clk_IBUF_BUFG | i_memory[7][6]_i_1_n_0   |                      |                3 |             14 |         4.67 |
|  ap_clk_IBUF_BUFG | i_memory[382][6]_i_1_n_0 |                      |                4 |             14 |         3.50 |
|  ap_clk_IBUF_BUFG | i_memory[393][6]_i_1_n_0 |                      |                3 |             14 |         4.67 |
|  ap_clk_IBUF_BUFG | i_memory[392][6]_i_1_n_0 |                      |                3 |             14 |         4.67 |
|  ap_clk_IBUF_BUFG | i_memory[391][6]_i_1_n_0 |                      |                1 |             14 |        14.00 |
|  ap_clk_IBUF_BUFG | i_memory[390][6]_i_1_n_0 |                      |                1 |             14 |        14.00 |
|  ap_clk_IBUF_BUFG | i_memory[38][6]_i_1_n_0  |                      |                2 |             14 |         7.00 |
|  ap_clk_IBUF_BUFG | i_memory[389][6]_i_1_n_0 |                      |                2 |             14 |         7.00 |
|  ap_clk_IBUF_BUFG | i_memory[388][6]_i_1_n_0 |                      |                4 |             14 |         3.50 |
|  ap_clk_IBUF_BUFG | i_memory[387][6]_i_1_n_0 |                      |                1 |             14 |        14.00 |
|  ap_clk_IBUF_BUFG | i_memory[386][6]_i_1_n_0 |                      |                4 |             14 |         3.50 |
|  ap_clk_IBUF_BUFG | i_memory[385][6]_i_1_n_0 |                      |                1 |             14 |        14.00 |
|  ap_clk_IBUF_BUFG | i_memory[384][6]_i_1_n_0 |                      |                3 |             14 |         4.67 |
|  ap_clk_IBUF_BUFG | i_memory[383][6]_i_1_n_0 |                      |                4 |             14 |         3.50 |
|  ap_clk_IBUF_BUFG | i_memory[394][6]_i_1_n_0 |                      |                2 |             14 |         7.00 |
|  ap_clk_IBUF_BUFG | i_memory[381][6]_i_1_n_0 |                      |                2 |             14 |         7.00 |
|  ap_clk_IBUF_BUFG | i_memory[380][6]_i_1_n_0 |                      |                2 |             14 |         7.00 |
|  ap_clk_IBUF_BUFG | i_memory[37][6]_i_1_n_0  |                      |                4 |             14 |         3.50 |
|  ap_clk_IBUF_BUFG | i_memory[379][6]_i_1_n_0 |                      |                4 |             14 |         3.50 |
|  ap_clk_IBUF_BUFG | i_memory[378][6]_i_1_n_0 |                      |                4 |             14 |         3.50 |
|  ap_clk_IBUF_BUFG | i_memory[377][6]_i_1_n_0 |                      |                4 |             14 |         3.50 |
|  ap_clk_IBUF_BUFG | i_memory[376][6]_i_1_n_0 |                      |                2 |             14 |         7.00 |
|  ap_clk_IBUF_BUFG | i_memory[375][6]_i_1_n_0 |                      |                4 |             14 |         3.50 |
|  ap_clk_IBUF_BUFG | i_memory[374][6]_i_1_n_0 |                      |                1 |             14 |        14.00 |
|  ap_clk_IBUF_BUFG | i_memory[373][6]_i_1_n_0 |                      |                3 |             14 |         4.67 |
|  ap_clk_IBUF_BUFG | i_memory[372][6]_i_1_n_0 |                      |                3 |             14 |         4.67 |
|  ap_clk_IBUF_BUFG | i_memory[44][6]_i_1_n_0  |                      |                1 |             14 |        14.00 |
|  ap_clk_IBUF_BUFG | i_memory[55][6]_i_1_n_0  |                      |                1 |             14 |        14.00 |
|  ap_clk_IBUF_BUFG | i_memory[54][6]_i_1_n_0  |                      |                1 |             14 |        14.00 |
|  ap_clk_IBUF_BUFG | i_memory[53][6]_i_1_n_0  |                      |                4 |             14 |         3.50 |
|  ap_clk_IBUF_BUFG | i_memory[52][6]_i_1_n_0  |                      |                4 |             14 |         3.50 |
|  ap_clk_IBUF_BUFG | i_memory[51][6]_i_1_n_0  |                      |                4 |             14 |         3.50 |
|  ap_clk_IBUF_BUFG | i_memory[50][6]_i_1_n_0  |                      |                2 |             14 |         7.00 |
|  ap_clk_IBUF_BUFG | i_memory[4][6]_i_1_n_0   |                      |                4 |             14 |         3.50 |
|  ap_clk_IBUF_BUFG | i_memory[49][6]_i_1_n_0  |                      |                4 |             14 |         3.50 |
|  ap_clk_IBUF_BUFG | i_memory[48][6]_i_1_n_0  |                      |                3 |             14 |         4.67 |
|  ap_clk_IBUF_BUFG | i_memory[47][6]_i_1_n_0  |                      |                3 |             14 |         4.67 |
|  ap_clk_IBUF_BUFG | i_memory[46][6]_i_1_n_0  |                      |                4 |             14 |         3.50 |
|  ap_clk_IBUF_BUFG | i_memory[45][6]_i_1_n_0  |                      |                4 |             14 |         3.50 |
|  ap_clk_IBUF_BUFG | i_memory[371][6]_i_1_n_0 |                      |                5 |             14 |         2.80 |
|  ap_clk_IBUF_BUFG | i_memory[43][6]_i_1_n_0  |                      |                3 |             14 |         4.67 |
|  ap_clk_IBUF_BUFG | i_memory[42][6]_i_1_n_0  |                      |                2 |             14 |         7.00 |
|  ap_clk_IBUF_BUFG | i_memory[41][6]_i_1_n_0  |                      |                3 |             14 |         4.67 |
|  ap_clk_IBUF_BUFG | i_memory[40][6]_i_1_n_0  |                      |                4 |             14 |         3.50 |
|  ap_clk_IBUF_BUFG | i_memory[3][6]_i_1_n_0   |                      |                2 |             14 |         7.00 |
|  ap_clk_IBUF_BUFG | i_memory[39][6]_i_1_n_0  |                      |                1 |             14 |        14.00 |
|  ap_clk_IBUF_BUFG | i_memory[399][6]_i_1_n_0 |                      |                2 |             14 |         7.00 |
|  ap_clk_IBUF_BUFG | i_memory[398][6]_i_1_n_0 |                      |                3 |             14 |         4.67 |
|  ap_clk_IBUF_BUFG | i_memory[397][6]_i_1_n_0 |                      |                2 |             14 |         7.00 |
|  ap_clk_IBUF_BUFG | i_memory[396][6]_i_1_n_0 |                      |                3 |             14 |         4.67 |
|  ap_clk_IBUF_BUFG | i_memory[395][6]_i_1_n_0 |                      |                1 |             14 |        14.00 |
|  ap_clk_IBUF_BUFG | i_memory[156][6]_i_1_n_0 |                      |                1 |             14 |        14.00 |
|  ap_clk_IBUF_BUFG | i_memory[167][6]_i_1_n_0 |                      |                1 |             14 |        14.00 |
|  ap_clk_IBUF_BUFG | i_memory[166][6]_i_1_n_0 |                      |                1 |             14 |        14.00 |
|  ap_clk_IBUF_BUFG | i_memory[165][6]_i_1_n_0 |                      |                2 |             14 |         7.00 |
|  ap_clk_IBUF_BUFG | i_memory[164][6]_i_1_n_0 |                      |                2 |             14 |         7.00 |
|  ap_clk_IBUF_BUFG | i_memory[163][6]_i_1_n_0 |                      |                1 |             14 |        14.00 |
|  ap_clk_IBUF_BUFG | i_memory[162][6]_i_1_n_0 |                      |                1 |             14 |        14.00 |
|  ap_clk_IBUF_BUFG | i_memory[161][6]_i_1_n_0 |                      |                3 |             14 |         4.67 |
|  ap_clk_IBUF_BUFG | i_memory[160][6]_i_1_n_0 |                      |                1 |             14 |        14.00 |
|  ap_clk_IBUF_BUFG | i_memory[15][6]_i_1_n_0  |                      |                2 |             14 |         7.00 |
|  ap_clk_IBUF_BUFG | i_memory[159][6]_i_1_n_0 |                      |                1 |             14 |        14.00 |
|  ap_clk_IBUF_BUFG | i_memory[158][6]_i_1_n_0 |                      |                3 |             14 |         4.67 |
|  ap_clk_IBUF_BUFG | i_memory[157][6]_i_1_n_0 |                      |                4 |             14 |         3.50 |
|  ap_clk_IBUF_BUFG | i_memory[168][6]_i_1_n_0 |                      |                3 |             14 |         4.67 |
|  ap_clk_IBUF_BUFG | i_memory[155][6]_i_1_n_0 |                      |                1 |             14 |        14.00 |
|  ap_clk_IBUF_BUFG | i_memory[154][6]_i_1_n_0 |                      |                2 |             14 |         7.00 |
|  ap_clk_IBUF_BUFG | i_memory[153][6]_i_1_n_0 |                      |                3 |             14 |         4.67 |
|  ap_clk_IBUF_BUFG | i_memory[152][6]_i_1_n_0 |                      |                1 |             14 |        14.00 |
|  ap_clk_IBUF_BUFG | i_memory[151][6]_i_1_n_0 |                      |                1 |             14 |        14.00 |
|  ap_clk_IBUF_BUFG | i_memory[150][6]_i_1_n_0 |                      |                2 |             14 |         7.00 |
|  ap_clk_IBUF_BUFG | i_memory[14][6]_i_1_n_0  |                      |                4 |             14 |         3.50 |
|  ap_clk_IBUF_BUFG | i_memory[149][6]_i_1_n_0 |                      |                4 |             14 |         3.50 |
|  ap_clk_IBUF_BUFG | i_memory[148][6]_i_1_n_0 |                      |                3 |             14 |         4.67 |
|  ap_clk_IBUF_BUFG | i_memory[147][6]_i_1_n_0 |                      |                3 |             14 |         4.67 |
|  ap_clk_IBUF_BUFG | i_memory[146][6]_i_1_n_0 |                      |                4 |             14 |         3.50 |
|  ap_clk_IBUF_BUFG | i_memory[145][6]_i_1_n_0 |                      |                4 |             14 |         3.50 |
|  ap_clk_IBUF_BUFG | i_memory[179][6]_i_1_n_0 |                      |                2 |             14 |         7.00 |
|  ap_clk_IBUF_BUFG | i_memory[18][6]_i_1_n_0  |                      |                3 |             14 |         4.67 |
|  ap_clk_IBUF_BUFG | i_memory[189][6]_i_1_n_0 |                      |                3 |             14 |         4.67 |
|  ap_clk_IBUF_BUFG | i_memory[188][6]_i_1_n_0 |                      |                2 |             14 |         7.00 |
|  ap_clk_IBUF_BUFG | i_memory[187][6]_i_1_n_0 |                      |                3 |             14 |         4.67 |
|  ap_clk_IBUF_BUFG | i_memory[186][6]_i_1_n_0 |                      |                3 |             14 |         4.67 |
|  ap_clk_IBUF_BUFG | i_memory[185][6]_i_1_n_0 |                      |                2 |             14 |         7.00 |
|  ap_clk_IBUF_BUFG | i_memory[184][6]_i_1_n_0 |                      |                3 |             14 |         4.67 |
|  ap_clk_IBUF_BUFG | i_memory[183][6]_i_1_n_0 |                      |                4 |             14 |         3.50 |
|  ap_clk_IBUF_BUFG | i_memory[182][6]_i_1_n_0 |                      |                3 |             14 |         4.67 |
|  ap_clk_IBUF_BUFG | i_memory[181][6]_i_1_n_0 |                      |                2 |             14 |         7.00 |
|  ap_clk_IBUF_BUFG | i_memory[180][6]_i_1_n_0 |                      |                3 |             14 |         4.67 |
|  ap_clk_IBUF_BUFG | i_memory[17][6]_i_1_n_0  |                      |                2 |             14 |         7.00 |
|  ap_clk_IBUF_BUFG | i_memory[144][6]_i_1_n_0 |                      |                3 |             14 |         4.67 |
|  ap_clk_IBUF_BUFG | i_memory[178][6]_i_1_n_0 |                      |                3 |             14 |         4.67 |
|  ap_clk_IBUF_BUFG | i_memory[177][6]_i_1_n_0 |                      |                3 |             14 |         4.67 |
|  ap_clk_IBUF_BUFG | i_memory[176][6]_i_1_n_0 |                      |                2 |             14 |         7.00 |
|  ap_clk_IBUF_BUFG | i_memory[175][6]_i_1_n_0 |                      |                3 |             14 |         4.67 |
|  ap_clk_IBUF_BUFG | i_memory[174][6]_i_1_n_0 |                      |                3 |             14 |         4.67 |
|  ap_clk_IBUF_BUFG | i_memory[173][6]_i_1_n_0 |                      |                1 |             14 |        14.00 |
|  ap_clk_IBUF_BUFG | i_memory[172][6]_i_1_n_0 |                      |                3 |             14 |         4.67 |
|  ap_clk_IBUF_BUFG | i_memory[171][6]_i_1_n_0 |                      |                4 |             14 |         3.50 |
|  ap_clk_IBUF_BUFG | i_memory[170][6]_i_1_n_0 |                      |                2 |             14 |         7.00 |
|  ap_clk_IBUF_BUFG | i_memory[16][6]_i_1_n_0  |                      |                3 |             14 |         4.67 |
|  ap_clk_IBUF_BUFG | i_memory[169][6]_i_1_n_0 |                      |                2 |             14 |         7.00 |
|  ap_clk_IBUF_BUFG | i_memory[10][6]_i_1_n_0  |                      |                2 |             14 |         7.00 |
|  ap_clk_IBUF_BUFG | i_memory[120][6]_i_1_n_0 |                      |                3 |             14 |         4.67 |
|  ap_clk_IBUF_BUFG | i_memory[11][6]_i_1_n_0  |                      |                1 |             14 |        14.00 |
|  ap_clk_IBUF_BUFG | i_memory[119][6]_i_1_n_0 |                      |                3 |             14 |         4.67 |
|  ap_clk_IBUF_BUFG | i_memory[118][6]_i_1_n_0 |                      |                2 |             14 |         7.00 |
|  ap_clk_IBUF_BUFG | i_memory[117][6]_i_1_n_0 |                      |                5 |             14 |         2.80 |
|  ap_clk_IBUF_BUFG | i_memory[116][6]_i_1_n_0 |                      |                3 |             14 |         4.67 |
|  ap_clk_IBUF_BUFG | i_memory[115][6]_i_1_n_0 |                      |                2 |             14 |         7.00 |
|  ap_clk_IBUF_BUFG | i_memory[114][6]_i_1_n_0 |                      |                1 |             14 |        14.00 |
|  ap_clk_IBUF_BUFG | i_memory[113][6]_i_1_n_0 |                      |                4 |             14 |         3.50 |
|  ap_clk_IBUF_BUFG | i_memory[112][6]_i_1_n_0 |                      |                3 |             14 |         4.67 |
|  ap_clk_IBUF_BUFG | i_memory[111][6]_i_1_n_0 |                      |                3 |             14 |         4.67 |
|  ap_clk_IBUF_BUFG | i_memory[110][6]_i_1_n_0 |                      |                4 |             14 |         3.50 |
|  ap_clk_IBUF_BUFG | i_memory[121][6]_i_1_n_0 |                      |                1 |             14 |        14.00 |
|  ap_clk_IBUF_BUFG | i_memory[109][6]_i_1_n_0 |                      |                3 |             14 |         4.67 |
|  ap_clk_IBUF_BUFG | i_memory[108][6]_i_1_n_0 |                      |                3 |             14 |         4.67 |
|  ap_clk_IBUF_BUFG | i_memory[107][6]_i_1_n_0 |                      |                5 |             14 |         2.80 |
|  ap_clk_IBUF_BUFG | i_memory[106][6]_i_1_n_0 |                      |                3 |             14 |         4.67 |
|  ap_clk_IBUF_BUFG | i_memory[105][6]_i_1_n_0 |                      |                2 |             14 |         7.00 |
|  ap_clk_IBUF_BUFG | i_memory[104][6]_i_1_n_0 |                      |                3 |             14 |         4.67 |
|  ap_clk_IBUF_BUFG | i_memory[103][6]_i_1_n_0 |                      |                4 |             14 |         3.50 |
|  ap_clk_IBUF_BUFG | i_memory[102][6]_i_1_n_0 |                      |                5 |             14 |         2.80 |
|  ap_clk_IBUF_BUFG | i_memory[101][6]_i_1_n_0 |                      |                3 |             14 |         4.67 |
|  ap_clk_IBUF_BUFG | i_memory[100][6]_i_1_n_0 |                      |                4 |             14 |         3.50 |
|  ap_clk_IBUF_BUFG | i_memory[0][6]_i_1_n_0   |                      |                2 |             14 |         7.00 |
|  ap_clk_IBUF_BUFG | i_memory[132][6]_i_1_n_0 |                      |                2 |             14 |         7.00 |
|  ap_clk_IBUF_BUFG | i_memory[143][6]_i_1_n_0 |                      |                3 |             14 |         4.67 |
|  ap_clk_IBUF_BUFG | i_memory[142][6]_i_1_n_0 |                      |                1 |             14 |        14.00 |
|  ap_clk_IBUF_BUFG | i_memory[141][6]_i_1_n_0 |                      |                3 |             14 |         4.67 |
|  ap_clk_IBUF_BUFG | i_memory[140][6]_i_1_n_0 |                      |                4 |             14 |         3.50 |
|  ap_clk_IBUF_BUFG | i_memory[13][6]_i_1_n_0  |                      |                3 |             14 |         4.67 |
|  ap_clk_IBUF_BUFG | i_memory[139][6]_i_1_n_0 |                      |                3 |             14 |         4.67 |
|  ap_clk_IBUF_BUFG | i_memory[138][6]_i_1_n_0 |                      |                3 |             14 |         4.67 |
|  ap_clk_IBUF_BUFG | i_memory[137][6]_i_1_n_0 |                      |                1 |             14 |        14.00 |
|  ap_clk_IBUF_BUFG | i_memory[136][6]_i_1_n_0 |                      |                2 |             14 |         7.00 |
|  ap_clk_IBUF_BUFG | i_memory[135][6]_i_1_n_0 |                      |                4 |             14 |         3.50 |
|  ap_clk_IBUF_BUFG | i_memory[134][6]_i_1_n_0 |                      |                2 |             14 |         7.00 |
|  ap_clk_IBUF_BUFG | i_memory[133][6]_i_1_n_0 |                      |                2 |             14 |         7.00 |
|  ap_clk_IBUF_BUFG | i_memory[27][6]_i_1_n_0  |                      |                4 |             14 |         3.50 |
|  ap_clk_IBUF_BUFG | i_memory[131][6]_i_1_n_0 |                      |                2 |             14 |         7.00 |
|  ap_clk_IBUF_BUFG | i_memory[130][6]_i_1_n_0 |                      |                3 |             14 |         4.67 |
|  ap_clk_IBUF_BUFG | i_memory[12][6]_i_1_n_0  |                      |                4 |             14 |         3.50 |
|  ap_clk_IBUF_BUFG | i_memory[129][6]_i_1_n_0 |                      |                3 |             14 |         4.67 |
|  ap_clk_IBUF_BUFG | i_memory[128][6]_i_1_n_0 |                      |                2 |             14 |         7.00 |
|  ap_clk_IBUF_BUFG | i_memory[127][6]_i_1_n_0 |                      |                1 |             14 |        14.00 |
|  ap_clk_IBUF_BUFG | i_memory[126][6]_i_1_n_0 |                      |                1 |             14 |        14.00 |
|  ap_clk_IBUF_BUFG | i_memory[125][6]_i_1_n_0 |                      |                1 |             14 |        14.00 |
|  ap_clk_IBUF_BUFG | i_memory[124][6]_i_1_n_0 |                      |                1 |             14 |        14.00 |
|  ap_clk_IBUF_BUFG | i_memory[123][6]_i_1_n_0 |                      |                1 |             14 |        14.00 |
|  ap_clk_IBUF_BUFG | i_memory[122][6]_i_1_n_0 |                      |                4 |             14 |         3.50 |
|  ap_clk_IBUF_BUFG | i_memory[245][6]_i_1_n_0 |                      |                1 |             14 |        14.00 |
|  ap_clk_IBUF_BUFG | i_memory[256][6]_i_1_n_0 |                      |                3 |             14 |         4.67 |
|  ap_clk_IBUF_BUFG | i_memory[255][6]_i_1_n_0 |                      |                3 |             14 |         4.67 |
|  ap_clk_IBUF_BUFG | i_memory[254][6]_i_1_n_0 |                      |                3 |             14 |         4.67 |
|  ap_clk_IBUF_BUFG | i_memory[253][6]_i_1_n_0 |                      |                1 |             14 |        14.00 |
|  ap_clk_IBUF_BUFG | i_memory[252][6]_i_1_n_0 |                      |                1 |             14 |        14.00 |
|  ap_clk_IBUF_BUFG | i_memory[251][6]_i_1_n_0 |                      |                2 |             14 |         7.00 |
|  ap_clk_IBUF_BUFG | i_memory[250][6]_i_1_n_0 |                      |                2 |             14 |         7.00 |
|  ap_clk_IBUF_BUFG | i_memory[24][6]_i_1_n_0  |                      |                4 |             14 |         3.50 |
|  ap_clk_IBUF_BUFG | i_memory[249][6]_i_1_n_0 |                      |                3 |             14 |         4.67 |
|  ap_clk_IBUF_BUFG | i_memory[248][6]_i_1_n_0 |                      |                2 |             14 |         7.00 |
|  ap_clk_IBUF_BUFG | i_memory[247][6]_i_1_n_0 |                      |                2 |             14 |         7.00 |
|  ap_clk_IBUF_BUFG | i_memory[246][6]_i_1_n_0 |                      |                2 |             14 |         7.00 |
|  ap_clk_IBUF_BUFG | i_memory[257][6]_i_1_n_0 |                      |                3 |             14 |         4.67 |
|  ap_clk_IBUF_BUFG | i_memory[244][6]_i_1_n_0 |                      |                2 |             14 |         7.00 |
|  ap_clk_IBUF_BUFG | i_memory[243][6]_i_1_n_0 |                      |                2 |             14 |         7.00 |
|  ap_clk_IBUF_BUFG | i_memory[242][6]_i_1_n_0 |                      |                2 |             14 |         7.00 |
|  ap_clk_IBUF_BUFG | i_memory[241][6]_i_1_n_0 |                      |                2 |             14 |         7.00 |
|  ap_clk_IBUF_BUFG | i_memory[240][6]_i_1_n_0 |                      |                2 |             14 |         7.00 |
|  ap_clk_IBUF_BUFG | i_memory[23][6]_i_1_n_0  |                      |                1 |             14 |        14.00 |
|  ap_clk_IBUF_BUFG | i_memory[239][6]_i_1_n_0 |                      |                1 |             14 |        14.00 |
|  ap_clk_IBUF_BUFG | i_memory[238][6]_i_1_n_0 |                      |                3 |             14 |         4.67 |
|  ap_clk_IBUF_BUFG | i_memory[237][6]_i_1_n_0 |                      |                1 |             14 |        14.00 |
|  ap_clk_IBUF_BUFG | i_memory[236][6]_i_1_n_0 |                      |                2 |             14 |         7.00 |
|  ap_clk_IBUF_BUFG | i_memory[235][6]_i_1_n_0 |                      |                3 |             14 |         4.67 |
|  ap_clk_IBUF_BUFG | i_memory[268][6]_i_1_n_0 |                      |                2 |             14 |         7.00 |
|  ap_clk_IBUF_BUFG | i_memory[279][6]_i_1_n_0 |                      |                1 |             14 |        14.00 |
|  ap_clk_IBUF_BUFG | i_memory[278][6]_i_1_n_0 |                      |                1 |             14 |        14.00 |
|  ap_clk_IBUF_BUFG | i_memory[277][6]_i_1_n_0 |                      |                3 |             14 |         4.67 |
|  ap_clk_IBUF_BUFG | i_memory[276][6]_i_1_n_0 |                      |                4 |             14 |         3.50 |
|  ap_clk_IBUF_BUFG | i_memory[275][6]_i_1_n_0 |                      |                3 |             14 |         4.67 |
|  ap_clk_IBUF_BUFG | i_memory[274][6]_i_1_n_0 |                      |                1 |             14 |        14.00 |
|  ap_clk_IBUF_BUFG | i_memory[273][6]_i_1_n_0 |                      |                3 |             14 |         4.67 |
|  ap_clk_IBUF_BUFG | i_memory[272][6]_i_1_n_0 |                      |                3 |             14 |         4.67 |
|  ap_clk_IBUF_BUFG | i_memory[271][6]_i_1_n_0 |                      |                1 |             14 |        14.00 |
|  ap_clk_IBUF_BUFG | i_memory[270][6]_i_1_n_0 |                      |                1 |             14 |        14.00 |
|  ap_clk_IBUF_BUFG | i_memory[26][6]_i_1_n_0  |                      |                3 |             14 |         4.67 |
|  ap_clk_IBUF_BUFG | i_memory[269][6]_i_1_n_0 |                      |                1 |             14 |        14.00 |
|  ap_clk_IBUF_BUFG | i_memory[191][6]_i_1_n_0 |                      |                2 |             14 |         7.00 |
|  ap_clk_IBUF_BUFG | i_memory[267][6]_i_1_n_0 |                      |                1 |             14 |        14.00 |
|  ap_clk_IBUF_BUFG | i_memory[266][6]_i_1_n_0 |                      |                2 |             14 |         7.00 |
|  ap_clk_IBUF_BUFG | i_memory[265][6]_i_1_n_0 |                      |                3 |             14 |         4.67 |
|  ap_clk_IBUF_BUFG | i_memory[264][6]_i_1_n_0 |                      |                4 |             14 |         3.50 |
|  ap_clk_IBUF_BUFG | i_memory[263][6]_i_1_n_0 |                      |                2 |             14 |         7.00 |
|  ap_clk_IBUF_BUFG | i_memory[262][6]_i_1_n_0 |                      |                2 |             14 |         7.00 |
|  ap_clk_IBUF_BUFG | i_memory[261][6]_i_1_n_0 |                      |                2 |             14 |         7.00 |
|  ap_clk_IBUF_BUFG | i_memory[260][6]_i_1_n_0 |                      |                2 |             14 |         7.00 |
|  ap_clk_IBUF_BUFG | i_memory[25][6]_i_1_n_0  |                      |                1 |             14 |        14.00 |
|  ap_clk_IBUF_BUFG | i_memory[259][6]_i_1_n_0 |                      |                2 |             14 |         7.00 |
|  ap_clk_IBUF_BUFG | i_memory[258][6]_i_1_n_0 |                      |                3 |             14 |         4.67 |
|  ap_clk_IBUF_BUFG | i_memory[200][6]_i_1_n_0 |                      |                1 |             14 |        14.00 |
|  ap_clk_IBUF_BUFG | i_memory[211][6]_i_1_n_0 |                      |                3 |             14 |         4.67 |
|  ap_clk_IBUF_BUFG | i_memory[210][6]_i_1_n_0 |                      |                3 |             14 |         4.67 |
|  ap_clk_IBUF_BUFG | i_memory[20][6]_i_1_n_0  |                      |                3 |             14 |         4.67 |
|  ap_clk_IBUF_BUFG | i_memory[209][6]_i_1_n_0 |                      |                4 |             14 |         3.50 |
|  ap_clk_IBUF_BUFG | i_memory[208][6]_i_1_n_0 |                      |                3 |             14 |         4.67 |
|  ap_clk_IBUF_BUFG | i_memory[207][6]_i_1_n_0 |                      |                1 |             14 |        14.00 |
|  ap_clk_IBUF_BUFG | i_memory[206][6]_i_1_n_0 |                      |                2 |             14 |         7.00 |
|  ap_clk_IBUF_BUFG | i_memory[205][6]_i_1_n_0 |                      |                2 |             14 |         7.00 |
|  ap_clk_IBUF_BUFG | i_memory[204][6]_i_1_n_0 |                      |                2 |             14 |         7.00 |
|  ap_clk_IBUF_BUFG | i_memory[203][6]_i_1_n_0 |                      |                3 |             14 |         4.67 |
|  ap_clk_IBUF_BUFG | i_memory[202][6]_i_1_n_0 |                      |                1 |             14 |        14.00 |
|  ap_clk_IBUF_BUFG | i_memory[201][6]_i_1_n_0 |                      |                4 |             14 |         3.50 |
|  ap_clk_IBUF_BUFG | i_memory[233][6]_i_1_n_0 |                      |                1 |             14 |        14.00 |
|  ap_clk_IBUF_BUFG | i_memory[1][6]_i_1_n_0   |                      |                1 |             14 |        14.00 |
|  ap_clk_IBUF_BUFG | i_memory[19][6]_i_1_n_0  |                      |                2 |             14 |         7.00 |
|  ap_clk_IBUF_BUFG | i_memory[199][6]_i_1_n_0 |                      |                1 |             14 |        14.00 |
|  ap_clk_IBUF_BUFG | i_memory[198][6]_i_1_n_0 |                      |                2 |             14 |         7.00 |
|  ap_clk_IBUF_BUFG | i_memory[197][6]_i_1_n_0 |                      |                1 |             14 |        14.00 |
|  ap_clk_IBUF_BUFG | i_memory[196][6]_i_1_n_0 |                      |                3 |             14 |         4.67 |
|  ap_clk_IBUF_BUFG | i_memory[195][6]_i_1_n_0 |                      |                2 |             14 |         7.00 |
|  ap_clk_IBUF_BUFG | i_memory[194][6]_i_1_n_0 |                      |                2 |             14 |         7.00 |
|  ap_clk_IBUF_BUFG | i_memory[193][6]_i_1_n_0 |                      |                1 |             14 |        14.00 |
|  ap_clk_IBUF_BUFG | i_memory[192][6]_i_1_n_0 |                      |                2 |             14 |         7.00 |
|  ap_clk_IBUF_BUFG | i_memory[190][6]_i_1_n_0 |                      |                2 |             14 |         7.00 |
|  ap_clk_IBUF_BUFG | i_memory[213][6]_i_1_n_0 |                      |                2 |             14 |         7.00 |
|  ap_clk_IBUF_BUFG | i_memory[234][6]_i_1_n_0 |                      |                3 |             14 |         4.67 |
|  ap_clk_IBUF_BUFG | i_memory[232][6]_i_1_n_0 |                      |                1 |             14 |        14.00 |
|  ap_clk_IBUF_BUFG | i_memory[231][6]_i_1_n_0 |                      |                3 |             14 |         4.67 |
|  ap_clk_IBUF_BUFG | i_memory[230][6]_i_1_n_0 |                      |                3 |             14 |         4.67 |
|  ap_clk_IBUF_BUFG | i_memory[22][6]_i_1_n_0  |                      |                2 |             14 |         7.00 |
|  ap_clk_IBUF_BUFG | i_memory[229][6]_i_1_n_0 |                      |                3 |             14 |         4.67 |
|  ap_clk_IBUF_BUFG | i_memory[228][6]_i_1_n_0 |                      |                2 |             14 |         7.00 |
|  ap_clk_IBUF_BUFG | i_memory[227][6]_i_1_n_0 |                      |                2 |             14 |         7.00 |
|  ap_clk_IBUF_BUFG | i_memory[226][6]_i_1_n_0 |                      |                2 |             14 |         7.00 |
|  ap_clk_IBUF_BUFG | i_memory[225][6]_i_1_n_0 |                      |                3 |             14 |         4.67 |
|  ap_clk_IBUF_BUFG | i_memory[224][6]_i_1_n_0 |                      |                2 |             14 |         7.00 |
|  ap_clk_IBUF_BUFG | i_memory[223][6]_i_1_n_0 |                      |                1 |             14 |        14.00 |
|  ap_clk_IBUF_BUFG | i_memory[222][6]_i_1_n_0 |                      |                2 |             14 |         7.00 |
|  ap_clk_IBUF_BUFG | i_memory[221][6]_i_1_n_0 |                      |                1 |             14 |        14.00 |
|  ap_clk_IBUF_BUFG | i_memory[220][6]_i_1_n_0 |                      |                1 |             14 |        14.00 |
|  ap_clk_IBUF_BUFG | i_memory[21][6]_i_1_n_0  |                      |                2 |             14 |         7.00 |
|  ap_clk_IBUF_BUFG | i_memory[219][6]_i_1_n_0 |                      |                3 |             14 |         4.67 |
|  ap_clk_IBUF_BUFG | i_memory[218][6]_i_1_n_0 |                      |                4 |             14 |         3.50 |
|  ap_clk_IBUF_BUFG | i_memory[217][6]_i_1_n_0 |                      |                1 |             14 |        14.00 |
|  ap_clk_IBUF_BUFG | i_memory[216][6]_i_1_n_0 |                      |                1 |             14 |        14.00 |
|  ap_clk_IBUF_BUFG | i_memory[215][6]_i_1_n_0 |                      |                1 |             14 |        14.00 |
|  ap_clk_IBUF_BUFG | i_memory[214][6]_i_1_n_0 |                      |                4 |             14 |         3.50 |
|  ap_clk_IBUF_BUFG | i_memory[212][6]_i_1_n_0 |                      |                1 |             14 |        14.00 |
|  ap_clk_IBUF_BUFG | load_count[9]_i_1_n_0    | ap_rst_n_IBUF_inst/O |                8 |             22 |         2.75 |
|  ap_clk_IBUF_BUFG |                          |                      |                4 |             80 |        20.00 |
|  ap_clk_IBUF_BUFG |                          | ap_rst_n_IBUF_inst/O |             1404 |           7504 |         5.34 |
+-------------------+--------------------------+----------------------+------------------+----------------+--------------+


