
****** Vivado v2022.2 (64-bit)
  **** SW Build 3671981 on Fri Oct 14 04:59:54 MDT 2022
  **** IP Build 3669848 on Fri Oct 14 08:30:02 MDT 2022
    ** Copyright 1986-2022 Xilinx, Inc. All Rights Reserved.

source runs/M500_W9/run.tcl
# read_verilog -sv runs/M500_W9/sum_signed.sv
# read_xdc runs/M500_W9/sum_signed.xdc
# synth_design -top sum_signed -part xczu7ev-ffvc1156-2-e
Command: synth_design -top sum_signed -part xczu7ev-ffvc1156-2-e
Starting synth_design
Attempting to get a license for feature 'Synthesis' and/or device 'xczu7ev'
INFO: [Common 17-349] Got license for feature 'Synthesis' and/or device 'xczu7ev'
INFO: [Device 21-403] Loading part xczu7ev-ffvc1156-2-e
INFO: [Synth 8-7079] Multithreading enabled for synth_design using a maximum of 4 processes.
INFO: [Synth 8-7078] Launching helper process for spawning children vivado processes
INFO: [Synth 8-7075] Helper process launched with PID 2536827
INFO: [Synth 8-11241] undeclared symbol 'REGCCE', assumed default net type 'wire' [/mnt/vault1/kmhatre/Software/AMD/Vivado/2022.2/data/verilog/src/unimacro/BRAM_SINGLE_MACRO.v:2170]
---------------------------------------------------------------------------------
Starting RTL Elaboration : Time (s): cpu = 00:00:02 ; elapsed = 00:00:03 . Memory (MB): peak = 3039.168 ; gain = 241.801 ; free physical = 138036 ; free virtual = 209332
Synthesis current peak Physical Memory [PSS] (MB): peak = 2628.057; parent = 2373.956; children = 254.101
Synthesis current peak Virtual Memory [VSS] (MB): peak = 4012.246; parent = 3039.172; children = 973.074
---------------------------------------------------------------------------------
INFO: [Synth 8-6157] synthesizing module 'sum_signed' [/mnt/vault1/mfaroo19/reduction_tree/integrator/runs/M500_W9/sum_signed.sv:7]
INFO: [Synth 8-6155] done synthesizing module 'sum_signed' (0#1) [/mnt/vault1/mfaroo19/reduction_tree/integrator/runs/M500_W9/sum_signed.sv:7]
---------------------------------------------------------------------------------
Finished RTL Elaboration : Time (s): cpu = 00:00:04 ; elapsed = 00:00:04 . Memory (MB): peak = 3125.137 ; gain = 327.770 ; free physical = 137939 ; free virtual = 209237
Synthesis current peak Physical Memory [PSS] (MB): peak = 2628.057; parent = 2373.956; children = 254.101
Synthesis current peak Virtual Memory [VSS] (MB): peak = 4098.215; parent = 3125.141; children = 973.074
---------------------------------------------------------------------------------
---------------------------------------------------------------------------------
Start Handling Custom Attributes
---------------------------------------------------------------------------------
---------------------------------------------------------------------------------
Finished Handling Custom Attributes : Time (s): cpu = 00:00:04 ; elapsed = 00:00:04 . Memory (MB): peak = 3142.949 ; gain = 345.582 ; free physical = 137939 ; free virtual = 209236
Synthesis current peak Physical Memory [PSS] (MB): peak = 2628.057; parent = 2373.956; children = 254.101
Synthesis current peak Virtual Memory [VSS] (MB): peak = 4116.027; parent = 3142.953; children = 973.074
---------------------------------------------------------------------------------
---------------------------------------------------------------------------------
Finished RTL Optimization Phase 1 : Time (s): cpu = 00:00:04 ; elapsed = 00:00:05 . Memory (MB): peak = 3142.949 ; gain = 345.582 ; free physical = 137947 ; free virtual = 209244
Synthesis current peak Physical Memory [PSS] (MB): peak = 2628.057; parent = 2373.956; children = 254.101
Synthesis current peak Virtual Memory [VSS] (MB): peak = 4116.027; parent = 3142.953; children = 973.074
---------------------------------------------------------------------------------
Netlist sorting complete. Time (s): cpu = 00:00:00.03 ; elapsed = 00:00:00.03 . Memory (MB): peak = 3142.949 ; gain = 0.000 ; free physical = 137958 ; free virtual = 209256
INFO: [Project 1-570] Preparing netlist for logic optimization

Processing XDC Constraints
Initializing timing engine
Parsing XDC File [/mnt/vault1/mfaroo19/reduction_tree/integrator/runs/M500_W9/sum_signed.xdc]
Finished Parsing XDC File [/mnt/vault1/mfaroo19/reduction_tree/integrator/runs/M500_W9/sum_signed.xdc]
Completed Processing XDC Constraints

Netlist sorting complete. Time (s): cpu = 00:00:00 ; elapsed = 00:00:00 . Memory (MB): peak = 3308.668 ; gain = 0.000 ; free physical = 138055 ; free virtual = 209354
INFO: [Project 1-111] Unisim Transformation Summary:
No Unisim elements were transformed.

Constraint Validation Runtime : Time (s): cpu = 00:00:00.08 ; elapsed = 00:00:00.04 . Memory (MB): peak = 3308.668 ; gain = 0.000 ; free physical = 138055 ; free virtual = 209353
INFO: [Synth 8-11241] undeclared symbol 'REGCCE', assumed default net type 'wire' [/mnt/vault1/kmhatre/Software/AMD/Vivado/2022.2/data/verilog/src/unimacro/BRAM_SINGLE_MACRO.v:2170]
---------------------------------------------------------------------------------
Finished Constraint Validation : Time (s): cpu = 00:00:11 ; elapsed = 00:00:12 . Memory (MB): peak = 3308.668 ; gain = 511.301 ; free physical = 138152 ; free virtual = 209451
Synthesis current peak Physical Memory [PSS] (MB): peak = 2642.564; parent = 2388.464; children = 254.101
Synthesis current peak Virtual Memory [VSS] (MB): peak = 4249.730; parent = 3276.656; children = 973.074
---------------------------------------------------------------------------------
---------------------------------------------------------------------------------
Start Loading Part and Timing Information
---------------------------------------------------------------------------------
Loading part: xczu7ev-ffvc1156-2-e
INFO: [Synth 8-6742] Reading net delay rules and data
---------------------------------------------------------------------------------
Finished Loading Part and Timing Information : Time (s): cpu = 00:00:11 ; elapsed = 00:00:12 . Memory (MB): peak = 3308.668 ; gain = 511.301 ; free physical = 138152 ; free virtual = 209451
Synthesis current peak Physical Memory [PSS] (MB): peak = 2642.564; parent = 2388.464; children = 254.101
Synthesis current peak Virtual Memory [VSS] (MB): peak = 4249.730; parent = 3276.656; children = 973.074
---------------------------------------------------------------------------------
---------------------------------------------------------------------------------
Start Applying 'set_property' XDC Constraints
---------------------------------------------------------------------------------
---------------------------------------------------------------------------------
Finished applying 'set_property' XDC Constraints : Time (s): cpu = 00:00:11 ; elapsed = 00:00:12 . Memory (MB): peak = 3308.668 ; gain = 511.301 ; free physical = 138152 ; free virtual = 209451
Synthesis current peak Physical Memory [PSS] (MB): peak = 2642.564; parent = 2388.464; children = 254.101
Synthesis current peak Virtual Memory [VSS] (MB): peak = 4249.730; parent = 3276.656; children = 973.074
---------------------------------------------------------------------------------
---------------------------------------------------------------------------------
Finished RTL Optimization Phase 2 : Time (s): cpu = 00:00:11 ; elapsed = 00:00:13 . Memory (MB): peak = 3308.668 ; gain = 511.301 ; free physical = 138052 ; free virtual = 209353
Synthesis current peak Physical Memory [PSS] (MB): peak = 2642.564; parent = 2388.464; children = 254.101
Synthesis current peak Virtual Memory [VSS] (MB): peak = 4249.730; parent = 3276.656; children = 973.074
---------------------------------------------------------------------------------
---------------------------------------------------------------------------------
Start RTL Component Statistics 
---------------------------------------------------------------------------------
Detailed RTL Component Info : 
+---Adders : 
	   2 Input   18 Bit       Adders := 1     
	   2 Input   17 Bit       Adders := 2     
	   2 Input   16 Bit       Adders := 4     
	   2 Input   15 Bit       Adders := 8     
	   2 Input   14 Bit       Adders := 16    
	   2 Input   13 Bit       Adders := 31    
	   2 Input   12 Bit       Adders := 62    
	   2 Input   11 Bit       Adders := 125   
	   2 Input   10 Bit       Adders := 250   
+---Registers : 
	               18 Bit    Registers := 1     
	               17 Bit    Registers := 2     
	               16 Bit    Registers := 4     
	               15 Bit    Registers := 8     
	               14 Bit    Registers := 16    
	               13 Bit    Registers := 31    
	               12 Bit    Registers := 62    
	               11 Bit    Registers := 127   
	               10 Bit    Registers := 250   
	                1 Bit    Registers := 9     
---------------------------------------------------------------------------------
Finished RTL Component Statistics 
---------------------------------------------------------------------------------
---------------------------------------------------------------------------------
Start Part Resource Summary
---------------------------------------------------------------------------------
Part Resources:
DSPs: 1728 (col length:144)
BRAMs: 624 (col length: RAMB18 144 RAMB36 72)
---------------------------------------------------------------------------------
Finished Part Resource Summary
---------------------------------------------------------------------------------
---------------------------------------------------------------------------------
Start Cross Boundary and Area Optimization
---------------------------------------------------------------------------------
WARNING: [Synth 8-7080] Parallel synthesis criteria is not met
---------------------------------------------------------------------------------
Finished Cross Boundary and Area Optimization : Time (s): cpu = 00:00:13 ; elapsed = 00:00:17 . Memory (MB): peak = 3308.668 ; gain = 511.301 ; free physical = 138174 ; free virtual = 209485
Synthesis current peak Physical Memory [PSS] (MB): peak = 2642.564; parent = 2388.464; children = 254.101
Synthesis current peak Virtual Memory [VSS] (MB): peak = 4249.730; parent = 3276.656; children = 973.074
---------------------------------------------------------------------------------
---------------------------------------------------------------------------------
Start Applying XDC Timing Constraints
---------------------------------------------------------------------------------
---------------------------------------------------------------------------------
Finished Applying XDC Timing Constraints : Time (s): cpu = 00:00:20 ; elapsed = 00:00:28 . Memory (MB): peak = 3683.012 ; gain = 885.645 ; free physical = 137767 ; free virtual = 209080
Synthesis current peak Physical Memory [PSS] (MB): peak = 3219.053; parent = 2964.983; children = 254.101
Synthesis current peak Virtual Memory [VSS] (MB): peak = 4656.090; parent = 3683.016; children = 973.074
---------------------------------------------------------------------------------
---------------------------------------------------------------------------------
Start Timing Optimization
---------------------------------------------------------------------------------
---------------------------------------------------------------------------------
Finished Timing Optimization : Time (s): cpu = 00:00:21 ; elapsed = 00:00:29 . Memory (MB): peak = 3710.012 ; gain = 912.645 ; free physical = 137730 ; free virtual = 209043
Synthesis current peak Physical Memory [PSS] (MB): peak = 3238.709; parent = 2984.640; children = 254.101
Synthesis current peak Virtual Memory [VSS] (MB): peak = 4683.090; parent = 3710.016; children = 973.074
---------------------------------------------------------------------------------
---------------------------------------------------------------------------------
Start Technology Mapping
---------------------------------------------------------------------------------
---------------------------------------------------------------------------------
Finished Technology Mapping : Time (s): cpu = 00:00:22 ; elapsed = 00:00:30 . Memory (MB): peak = 3727.035 ; gain = 929.668 ; free physical = 137738 ; free virtual = 209050
Synthesis current peak Physical Memory [PSS] (MB): peak = 3244.557; parent = 2990.487; children = 254.101
Synthesis current peak Virtual Memory [VSS] (MB): peak = 4700.113; parent = 3727.039; children = 973.074
---------------------------------------------------------------------------------
---------------------------------------------------------------------------------
Start IO Insertion
---------------------------------------------------------------------------------
---------------------------------------------------------------------------------
Start Flattening Before IO Insertion
---------------------------------------------------------------------------------
---------------------------------------------------------------------------------
Finished Flattening Before IO Insertion
---------------------------------------------------------------------------------
---------------------------------------------------------------------------------
Start Final Netlist Cleanup
---------------------------------------------------------------------------------
---------------------------------------------------------------------------------
Finished Final Netlist Cleanup
---------------------------------------------------------------------------------
---------------------------------------------------------------------------------
Finished IO Insertion : Time (s): cpu = 00:00:25 ; elapsed = 00:00:33 . Memory (MB): peak = 3737.941 ; gain = 940.574 ; free physical = 137811 ; free virtual = 209124
Synthesis current peak Physical Memory [PSS] (MB): peak = 3245.779; parent = 2991.710; children = 254.101
Synthesis current peak Virtual Memory [VSS] (MB): peak = 4711.020; parent = 3737.945; children = 973.074
---------------------------------------------------------------------------------
---------------------------------------------------------------------------------
Start Renaming Generated Instances
---------------------------------------------------------------------------------
---------------------------------------------------------------------------------
Finished Renaming Generated Instances : Time (s): cpu = 00:00:25 ; elapsed = 00:00:33 . Memory (MB): peak = 3737.941 ; gain = 940.574 ; free physical = 137813 ; free virtual = 209126
Synthesis current peak Physical Memory [PSS] (MB): peak = 3245.795; parent = 2991.726; children = 254.101
Synthesis current peak Virtual Memory [VSS] (MB): peak = 4711.020; parent = 3737.945; children = 973.074
---------------------------------------------------------------------------------
---------------------------------------------------------------------------------
Start Rebuilding User Hierarchy
---------------------------------------------------------------------------------
---------------------------------------------------------------------------------
Finished Rebuilding User Hierarchy : Time (s): cpu = 00:00:25 ; elapsed = 00:00:34 . Memory (MB): peak = 3737.941 ; gain = 940.574 ; free physical = 137813 ; free virtual = 209126
Synthesis current peak Physical Memory [PSS] (MB): peak = 3247.545; parent = 2993.476; children = 254.101
Synthesis current peak Virtual Memory [VSS] (MB): peak = 4711.020; parent = 3737.945; children = 973.074
---------------------------------------------------------------------------------
---------------------------------------------------------------------------------
Start Renaming Generated Ports
---------------------------------------------------------------------------------
---------------------------------------------------------------------------------
Finished Renaming Generated Ports : Time (s): cpu = 00:00:25 ; elapsed = 00:00:34 . Memory (MB): peak = 3737.941 ; gain = 940.574 ; free physical = 137919 ; free virtual = 209232
Synthesis current peak Physical Memory [PSS] (MB): peak = 3247.607; parent = 2993.538; children = 254.101
Synthesis current peak Virtual Memory [VSS] (MB): peak = 4711.020; parent = 3737.945; children = 973.074
---------------------------------------------------------------------------------
---------------------------------------------------------------------------------
Start Handling Custom Attributes
---------------------------------------------------------------------------------
---------------------------------------------------------------------------------
Finished Handling Custom Attributes : Time (s): cpu = 00:00:26 ; elapsed = 00:00:34 . Memory (MB): peak = 3737.941 ; gain = 940.574 ; free physical = 137946 ; free virtual = 209260
Synthesis current peak Physical Memory [PSS] (MB): peak = 3248.049; parent = 2993.979; children = 254.101
Synthesis current peak Virtual Memory [VSS] (MB): peak = 4711.020; parent = 3737.945; children = 973.074
---------------------------------------------------------------------------------
---------------------------------------------------------------------------------
Start Renaming Generated Nets
---------------------------------------------------------------------------------
---------------------------------------------------------------------------------
Finished Renaming Generated Nets : Time (s): cpu = 00:00:26 ; elapsed = 00:00:34 . Memory (MB): peak = 3737.941 ; gain = 940.574 ; free physical = 137946 ; free virtual = 209259
Synthesis current peak Physical Memory [PSS] (MB): peak = 3248.049; parent = 2993.979; children = 254.101
Synthesis current peak Virtual Memory [VSS] (MB): peak = 4711.020; parent = 3737.945; children = 973.074
---------------------------------------------------------------------------------
---------------------------------------------------------------------------------
Start Writing Synthesis Report
---------------------------------------------------------------------------------

Report BlackBoxes: 
+-+--------------+----------+
| |BlackBox name |Instances |
+-+--------------+----------+
+-+--------------+----------+

Report Cell Usage: 
+------+-------+------+
|      |Cell   |Count |
+------+-------+------+
|1     |BUFG   |     1|
|2     |CARRY8 |  1001|
|3     |LUT1   |   499|
|4     |LUT2   |  4983|
|5     |FDRE   |  5513|
|6     |IBUF   |  4503|
|7     |OBUF   |    19|
+------+-------+------+
---------------------------------------------------------------------------------
Finished Writing Synthesis Report : Time (s): cpu = 00:00:26 ; elapsed = 00:00:34 . Memory (MB): peak = 3737.941 ; gain = 940.574 ; free physical = 138108 ; free virtual = 209349
Synthesis current peak Physical Memory [PSS] (MB): peak = 3248.064; parent = 2993.995; children = 254.101
Synthesis current peak Virtual Memory [VSS] (MB): peak = 4711.020; parent = 3737.945; children = 973.074
---------------------------------------------------------------------------------
Synthesis finished with 0 errors, 0 critical warnings and 1 warnings.
Synthesis Optimization Runtime : Time (s): cpu = 00:00:22 ; elapsed = 00:00:30 . Memory (MB): peak = 3737.941 ; gain = 774.855 ; free physical = 138091 ; free virtual = 209332
Synthesis Optimization Complete : Time (s): cpu = 00:00:26 ; elapsed = 00:00:34 . Memory (MB): peak = 3737.949 ; gain = 940.574 ; free physical = 138091 ; free virtual = 209332
INFO: [Project 1-571] Translating synthesized netlist
Netlist sorting complete. Time (s): cpu = 00:00:00.07 ; elapsed = 00:00:00.07 . Memory (MB): peak = 3743.879 ; gain = 0.000 ; free physical = 138209 ; free virtual = 209449
INFO: [Netlist 29-17] Analyzing 5505 Unisim elements for replacement
INFO: [Netlist 29-28] Unisim Transformation completed in 0 CPU seconds
WARNING: [Netlist 29-101] Netlist 'sum_signed' is not ideal for floorplanning, since the cellview 'sum_signed' contains a large number of primitives.  Please consider enabling hierarchy in synthesis if you want to do floorplanning.
INFO: [Project 1-570] Preparing netlist for logic optimization
Parsing XDC File [/mnt/vault1/mfaroo19/reduction_tree/integrator/runs/M500_W9/sum_signed.xdc]
Finished Parsing XDC File [/mnt/vault1/mfaroo19/reduction_tree/integrator/runs/M500_W9/sum_signed.xdc]
INFO: [Opt 31-138] Pushed 0 inverter(s) to 0 load pin(s).
Netlist sorting complete. Time (s): cpu = 00:00:00 ; elapsed = 00:00:00.01 . Memory (MB): peak = 3819.035 ; gain = 0.000 ; free physical = 138181 ; free virtual = 209422
INFO: [Project 1-111] Unisim Transformation Summary:
  A total of 4504 instances were transformed.
  BUFG => BUFGCE: 1 instance 
  IBUF => IBUF (IBUFCTRL, INBUF): 4503 instances

Synth Design complete, checksum: 3ef94a23
INFO: [Common 17-83] Releasing license: Synthesis
19 Infos, 2 Warnings, 0 Critical Warnings and 0 Errors encountered.
synth_design completed successfully
synth_design: Time (s): cpu = 00:00:38 ; elapsed = 00:00:47 . Memory (MB): peak = 3819.035 ; gain = 2114.488 ; free physical = 138295 ; free virtual = 209536
# report_utilization -file runs/M500_W9/util.rpt
# report_timing_summary -file runs/M500_W9/timing.rpt
INFO: [Timing 38-35] Done setting XDC timing constraints.
INFO: [Timing 38-91] UpdateTimingParams: Speed grade: -2, Temperature grade: E, Delay Type: min_max.
INFO: [Timing 38-191] Multithreading enabled for timing update using a maximum of 8 CPUs
report_timing_summary: Time (s): cpu = 00:00:15 ; elapsed = 00:00:15 . Memory (MB): peak = 4561.023 ; gain = 741.988 ; free physical = 137657 ; free virtual = 208899
# exit
INFO: [Common 17-206] Exiting Vivado at Tue Nov  4 16:15:12 2025...
