
****** Vivado v2022.2 (64-bit)
  **** SW Build 3671981 on Fri Oct 14 04:59:54 MDT 2022
  **** IP Build 3669848 on Fri Oct 14 08:30:02 MDT 2022
    ** Copyright 1986-2022 Xilinx, Inc. All Rights Reserved.

source runs/M400_W8/run.tcl
# read_verilog -sv runs/M400_W8/sum_signed.sv
# read_xdc runs/M400_W8/sum_signed.xdc
# synth_design -top sum_signed -part xczu7ev-ffvc1156-2-e
Command: synth_design -top sum_signed -part xczu7ev-ffvc1156-2-e
Starting synth_design
Attempting to get a license for feature 'Synthesis' and/or device 'xczu7ev'
INFO: [Common 17-349] Got license for feature 'Synthesis' and/or device 'xczu7ev'
INFO: [Device 21-403] Loading part xczu7ev-ffvc1156-2-e
INFO: [Synth 8-7079] Multithreading enabled for synth_design using a maximum of 4 processes.
INFO: [Synth 8-7078] Launching helper process for spawning children vivado processes
INFO: [Synth 8-7075] Helper process launched with PID 2527321
INFO: [Synth 8-11241] undeclared symbol 'REGCCE', assumed default net type 'wire' [/mnt/vault1/kmhatre/Software/AMD/Vivado/2022.2/data/verilog/src/unimacro/BRAM_SINGLE_MACRO.v:2170]
---------------------------------------------------------------------------------
Starting RTL Elaboration : Time (s): cpu = 00:00:02 ; elapsed = 00:00:03 . Memory (MB): peak = 3037.328 ; gain = 239.832 ; free physical = 139468 ; free virtual = 210458
Synthesis current peak Physical Memory [PSS] (MB): peak = 2627.849; parent = 2373.690; children = 254.158
Synthesis current peak Virtual Memory [VSS] (MB): peak = 4013.375; parent = 3040.301; children = 973.074
---------------------------------------------------------------------------------
INFO: [Synth 8-6157] synthesizing module 'sum_signed' [/mnt/vault1/mfaroo19/reduction_tree/integrator/runs/M400_W8/sum_signed.sv:7]
INFO: [Synth 8-6155] done synthesizing module 'sum_signed' (0#1) [/mnt/vault1/mfaroo19/reduction_tree/integrator/runs/M400_W8/sum_signed.sv:7]
---------------------------------------------------------------------------------
Finished RTL Elaboration : Time (s): cpu = 00:00:04 ; elapsed = 00:00:05 . Memory (MB): peak = 3152.266 ; gain = 354.770 ; free physical = 139357 ; free virtual = 210349
Synthesis current peak Physical Memory [PSS] (MB): peak = 2627.849; parent = 2373.690; children = 254.158
Synthesis current peak Virtual Memory [VSS] (MB): peak = 4125.344; parent = 3152.270; children = 973.074
---------------------------------------------------------------------------------
---------------------------------------------------------------------------------
Start Handling Custom Attributes
---------------------------------------------------------------------------------
---------------------------------------------------------------------------------
Finished Handling Custom Attributes : Time (s): cpu = 00:00:04 ; elapsed = 00:00:05 . Memory (MB): peak = 3167.109 ; gain = 369.613 ; free physical = 139357 ; free virtual = 210349
Synthesis current peak Physical Memory [PSS] (MB): peak = 2627.849; parent = 2373.690; children = 254.158
Synthesis current peak Virtual Memory [VSS] (MB): peak = 4140.188; parent = 3167.113; children = 973.074
---------------------------------------------------------------------------------
---------------------------------------------------------------------------------
Finished RTL Optimization Phase 1 : Time (s): cpu = 00:00:04 ; elapsed = 00:00:05 . Memory (MB): peak = 3167.109 ; gain = 369.613 ; free physical = 139361 ; free virtual = 210352
Synthesis current peak Physical Memory [PSS] (MB): peak = 2627.849; parent = 2373.690; children = 254.158
Synthesis current peak Virtual Memory [VSS] (MB): peak = 4140.188; parent = 3167.113; children = 973.074
---------------------------------------------------------------------------------
Netlist sorting complete. Time (s): cpu = 00:00:00.02 ; elapsed = 00:00:00.02 . Memory (MB): peak = 3167.109 ; gain = 0.000 ; free physical = 139363 ; free virtual = 210354
INFO: [Project 1-570] Preparing netlist for logic optimization

Processing XDC Constraints
Initializing timing engine
Parsing XDC File [/mnt/vault1/mfaroo19/reduction_tree/integrator/runs/M400_W8/sum_signed.xdc]
Finished Parsing XDC File [/mnt/vault1/mfaroo19/reduction_tree/integrator/runs/M400_W8/sum_signed.xdc]
Completed Processing XDC Constraints

Netlist sorting complete. Time (s): cpu = 00:00:00 ; elapsed = 00:00:00 . Memory (MB): peak = 3318.828 ; gain = 0.000 ; free physical = 139352 ; free virtual = 210339
INFO: [Project 1-111] Unisim Transformation Summary:
No Unisim elements were transformed.

Constraint Validation Runtime : Time (s): cpu = 00:00:00.06 ; elapsed = 00:00:00.02 . Memory (MB): peak = 3318.828 ; gain = 0.000 ; free physical = 139344 ; free virtual = 210330
INFO: [Synth 8-11241] undeclared symbol 'REGCCE', assumed default net type 'wire' [/mnt/vault1/kmhatre/Software/AMD/Vivado/2022.2/data/verilog/src/unimacro/BRAM_SINGLE_MACRO.v:2170]
---------------------------------------------------------------------------------
Finished Constraint Validation : Time (s): cpu = 00:00:11 ; elapsed = 00:00:13 . Memory (MB): peak = 3318.828 ; gain = 521.332 ; free physical = 138771 ; free virtual = 209833
Synthesis current peak Physical Memory [PSS] (MB): peak = 2627.849; parent = 2373.690; children = 254.158
Synthesis current peak Virtual Memory [VSS] (MB): peak = 4259.891; parent = 3286.816; children = 973.074
---------------------------------------------------------------------------------
---------------------------------------------------------------------------------
Start Loading Part and Timing Information
---------------------------------------------------------------------------------
Loading part: xczu7ev-ffvc1156-2-e
INFO: [Synth 8-6742] Reading net delay rules and data
---------------------------------------------------------------------------------
Finished Loading Part and Timing Information : Time (s): cpu = 00:00:11 ; elapsed = 00:00:13 . Memory (MB): peak = 3318.828 ; gain = 521.332 ; free physical = 138774 ; free virtual = 209836
Synthesis current peak Physical Memory [PSS] (MB): peak = 2627.849; parent = 2373.690; children = 254.158
Synthesis current peak Virtual Memory [VSS] (MB): peak = 4259.891; parent = 3286.816; children = 973.074
---------------------------------------------------------------------------------
---------------------------------------------------------------------------------
Start Applying 'set_property' XDC Constraints
---------------------------------------------------------------------------------
---------------------------------------------------------------------------------
Finished applying 'set_property' XDC Constraints : Time (s): cpu = 00:00:11 ; elapsed = 00:00:13 . Memory (MB): peak = 3318.828 ; gain = 521.332 ; free physical = 138783 ; free virtual = 209844
Synthesis current peak Physical Memory [PSS] (MB): peak = 2627.849; parent = 2373.690; children = 254.158
Synthesis current peak Virtual Memory [VSS] (MB): peak = 4259.891; parent = 3286.816; children = 973.074
---------------------------------------------------------------------------------
---------------------------------------------------------------------------------
Finished RTL Optimization Phase 2 : Time (s): cpu = 00:00:12 ; elapsed = 00:00:14 . Memory (MB): peak = 3318.828 ; gain = 521.332 ; free physical = 138777 ; free virtual = 209840
Synthesis current peak Physical Memory [PSS] (MB): peak = 2627.849; parent = 2373.690; children = 254.158
Synthesis current peak Virtual Memory [VSS] (MB): peak = 4259.891; parent = 3286.816; children = 973.074
---------------------------------------------------------------------------------
---------------------------------------------------------------------------------
Start RTL Component Statistics 
---------------------------------------------------------------------------------
Detailed RTL Component Info : 
+---Adders : 
	   2 Input   17 Bit       Adders := 1     
	   2 Input   16 Bit       Adders := 2     
	   2 Input   15 Bit       Adders := 3     
	   2 Input   14 Bit       Adders := 6     
	   2 Input   13 Bit       Adders := 12    
	   2 Input   12 Bit       Adders := 25    
	   2 Input   11 Bit       Adders := 50    
	   2 Input   10 Bit       Adders := 100   
	   2 Input    9 Bit       Adders := 200   
+---Registers : 
	               17 Bit    Registers := 1     
	               16 Bit    Registers := 2     
	               15 Bit    Registers := 3     
	               14 Bit    Registers := 6     
	               13 Bit    Registers := 12    
	               12 Bit    Registers := 28    
	               11 Bit    Registers := 50    
	               10 Bit    Registers := 100   
	                9 Bit    Registers := 200   
	                1 Bit    Registers := 9     
---------------------------------------------------------------------------------
Finished RTL Component Statistics 
---------------------------------------------------------------------------------
---------------------------------------------------------------------------------
Start Part Resource Summary
---------------------------------------------------------------------------------
Part Resources:
DSPs: 1728 (col length:144)
BRAMs: 624 (col length: RAMB18 144 RAMB36 72)
---------------------------------------------------------------------------------
Finished Part Resource Summary
---------------------------------------------------------------------------------
---------------------------------------------------------------------------------
Start Cross Boundary and Area Optimization
---------------------------------------------------------------------------------
WARNING: [Synth 8-7080] Parallel synthesis criteria is not met
---------------------------------------------------------------------------------
Finished Cross Boundary and Area Optimization : Time (s): cpu = 00:00:14 ; elapsed = 00:00:17 . Memory (MB): peak = 3318.828 ; gain = 521.332 ; free physical = 138825 ; free virtual = 209896
Synthesis current peak Physical Memory [PSS] (MB): peak = 2627.849; parent = 2373.690; children = 254.158
Synthesis current peak Virtual Memory [VSS] (MB): peak = 4259.891; parent = 3286.816; children = 973.074
---------------------------------------------------------------------------------
---------------------------------------------------------------------------------
Start Applying XDC Timing Constraints
---------------------------------------------------------------------------------
---------------------------------------------------------------------------------
Finished Applying XDC Timing Constraints : Time (s): cpu = 00:00:21 ; elapsed = 00:00:28 . Memory (MB): peak = 3679.203 ; gain = 881.707 ; free physical = 138439 ; free virtual = 209446
Synthesis current peak Physical Memory [PSS] (MB): peak = 3215.612; parent = 2961.495; children = 254.158
Synthesis current peak Virtual Memory [VSS] (MB): peak = 4652.281; parent = 3679.207; children = 973.074
---------------------------------------------------------------------------------
---------------------------------------------------------------------------------
Start Timing Optimization
---------------------------------------------------------------------------------
---------------------------------------------------------------------------------
Finished Timing Optimization : Time (s): cpu = 00:00:21 ; elapsed = 00:00:29 . Memory (MB): peak = 3697.203 ; gain = 899.707 ; free physical = 138339 ; free virtual = 209346
Synthesis current peak Physical Memory [PSS] (MB): peak = 3231.966; parent = 2977.851; children = 254.158
Synthesis current peak Virtual Memory [VSS] (MB): peak = 4670.281; parent = 3697.207; children = 973.074
---------------------------------------------------------------------------------
---------------------------------------------------------------------------------
Start Technology Mapping
---------------------------------------------------------------------------------
---------------------------------------------------------------------------------
Finished Technology Mapping : Time (s): cpu = 00:00:22 ; elapsed = 00:00:30 . Memory (MB): peak = 3716.234 ; gain = 918.738 ; free physical = 138323 ; free virtual = 209331
Synthesis current peak Physical Memory [PSS] (MB): peak = 3237.616; parent = 2983.499; children = 254.158
Synthesis current peak Virtual Memory [VSS] (MB): peak = 4689.312; parent = 3716.238; children = 973.074
---------------------------------------------------------------------------------
---------------------------------------------------------------------------------
Start IO Insertion
---------------------------------------------------------------------------------
---------------------------------------------------------------------------------
Start Flattening Before IO Insertion
---------------------------------------------------------------------------------
---------------------------------------------------------------------------------
Finished Flattening Before IO Insertion
---------------------------------------------------------------------------------
---------------------------------------------------------------------------------
Start Final Netlist Cleanup
---------------------------------------------------------------------------------
---------------------------------------------------------------------------------
Finished Final Netlist Cleanup
---------------------------------------------------------------------------------
---------------------------------------------------------------------------------
Finished IO Insertion : Time (s): cpu = 00:00:25 ; elapsed = 00:00:33 . Memory (MB): peak = 3729.109 ; gain = 931.613 ; free physical = 138176 ; free virtual = 209184
Synthesis current peak Physical Memory [PSS] (MB): peak = 3242.362; parent = 2988.245; children = 254.158
Synthesis current peak Virtual Memory [VSS] (MB): peak = 4702.188; parent = 3729.113; children = 973.074
---------------------------------------------------------------------------------
---------------------------------------------------------------------------------
Start Renaming Generated Instances
---------------------------------------------------------------------------------
---------------------------------------------------------------------------------
Finished Renaming Generated Instances : Time (s): cpu = 00:00:25 ; elapsed = 00:00:33 . Memory (MB): peak = 3729.109 ; gain = 931.613 ; free physical = 138153 ; free virtual = 209161
Synthesis current peak Physical Memory [PSS] (MB): peak = 3242.362; parent = 2988.245; children = 254.158
Synthesis current peak Virtual Memory [VSS] (MB): peak = 4702.188; parent = 3729.113; children = 973.074
---------------------------------------------------------------------------------
---------------------------------------------------------------------------------
Start Rebuilding User Hierarchy
---------------------------------------------------------------------------------
---------------------------------------------------------------------------------
Finished Rebuilding User Hierarchy : Time (s): cpu = 00:00:25 ; elapsed = 00:00:33 . Memory (MB): peak = 3729.109 ; gain = 931.613 ; free physical = 138180 ; free virtual = 209188
Synthesis current peak Physical Memory [PSS] (MB): peak = 3242.362; parent = 2988.245; children = 254.158
Synthesis current peak Virtual Memory [VSS] (MB): peak = 4702.188; parent = 3729.113; children = 973.074
---------------------------------------------------------------------------------
---------------------------------------------------------------------------------
Start Renaming Generated Ports
---------------------------------------------------------------------------------
---------------------------------------------------------------------------------
Finished Renaming Generated Ports : Time (s): cpu = 00:00:25 ; elapsed = 00:00:33 . Memory (MB): peak = 3729.109 ; gain = 931.613 ; free physical = 138179 ; free virtual = 209187
Synthesis current peak Physical Memory [PSS] (MB): peak = 3242.362; parent = 2988.245; children = 254.158
Synthesis current peak Virtual Memory [VSS] (MB): peak = 4702.188; parent = 3729.113; children = 973.074
---------------------------------------------------------------------------------
---------------------------------------------------------------------------------
Start Handling Custom Attributes
---------------------------------------------------------------------------------
---------------------------------------------------------------------------------
Finished Handling Custom Attributes : Time (s): cpu = 00:00:25 ; elapsed = 00:00:33 . Memory (MB): peak = 3729.109 ; gain = 931.613 ; free physical = 138179 ; free virtual = 209187
Synthesis current peak Physical Memory [PSS] (MB): peak = 3242.362; parent = 2988.245; children = 254.158
Synthesis current peak Virtual Memory [VSS] (MB): peak = 4702.188; parent = 3729.113; children = 973.074
---------------------------------------------------------------------------------
---------------------------------------------------------------------------------
Start Renaming Generated Nets
---------------------------------------------------------------------------------
---------------------------------------------------------------------------------
Finished Renaming Generated Nets : Time (s): cpu = 00:00:25 ; elapsed = 00:00:34 . Memory (MB): peak = 3729.109 ; gain = 931.613 ; free physical = 138179 ; free virtual = 209187
Synthesis current peak Physical Memory [PSS] (MB): peak = 3242.362; parent = 2988.245; children = 254.158
Synthesis current peak Virtual Memory [VSS] (MB): peak = 4702.188; parent = 3729.113; children = 973.074
---------------------------------------------------------------------------------
---------------------------------------------------------------------------------
Start ROM, RAM, DSP, Shift Register and Retiming Reporting
---------------------------------------------------------------------------------

Static Shift Register Report:
+------------+------------------------+--------+-------+--------------+--------------------+-------------------+--------+---------+
|Module Name | RTL Name               | Length | Width | Reset Signal | Pull out first Reg | Pull out last Reg | SRL16E | SRLC32E | 
+------------+------------------------+--------+-------+--------------+--------------------+-------------------+--------+---------+
|sum_signed  | vld_layer9_reg         | 9      | 1     | YES          | NO                 | YES               | 1      | 0       | 
|sum_signed  | reduce_layer73_reg[11] | 4      | 12    | YES          | NO                 | YES               | 12     | 0       | 
+------------+------------------------+--------+-------+--------------+--------------------+-------------------+--------+---------+

---------------------------------------------------------------------------------
Finished ROM, RAM, DSP, Shift Register and Retiming Reporting
---------------------------------------------------------------------------------
---------------------------------------------------------------------------------
Start Writing Synthesis Report
---------------------------------------------------------------------------------

Report BlackBoxes: 
+-+--------------+----------+
| |BlackBox name |Instances |
+-+--------------+----------+
+-+--------------+----------+

Report Cell Usage: 
+------+-------+------+
|      |Cell   |Count |
+------+-------+------+
|1     |BUFG   |     1|
|2     |CARRY8 |   799|
|3     |LUT1   |   399|
|4     |LUT2   |  3598|
|5     |SRL16E |    13|
|6     |FDRE   |  4006|
|7     |IBUF   |  3203|
|8     |OBUF   |    18|
+------+-------+------+
---------------------------------------------------------------------------------
Finished Writing Synthesis Report : Time (s): cpu = 00:00:25 ; elapsed = 00:00:34 . Memory (MB): peak = 3729.109 ; gain = 931.613 ; free physical = 138184 ; free virtual = 209192
Synthesis current peak Physical Memory [PSS] (MB): peak = 3242.362; parent = 2988.245; children = 254.158
Synthesis current peak Virtual Memory [VSS] (MB): peak = 4702.188; parent = 3729.113; children = 973.074
---------------------------------------------------------------------------------
Synthesis finished with 0 errors, 0 critical warnings and 1 warnings.
Synthesis Optimization Runtime : Time (s): cpu = 00:00:21 ; elapsed = 00:00:30 . Memory (MB): peak = 3729.109 ; gain = 779.895 ; free physical = 138193 ; free virtual = 209201
Synthesis Optimization Complete : Time (s): cpu = 00:00:25 ; elapsed = 00:00:34 . Memory (MB): peak = 3729.117 ; gain = 931.613 ; free physical = 138193 ; free virtual = 209201
INFO: [Project 1-571] Translating synthesized netlist
Netlist sorting complete. Time (s): cpu = 00:00:00.05 ; elapsed = 00:00:00.05 . Memory (MB): peak = 3735.047 ; gain = 0.000 ; free physical = 138302 ; free virtual = 209310
INFO: [Netlist 29-17] Analyzing 4003 Unisim elements for replacement
INFO: [Netlist 29-28] Unisim Transformation completed in 0 CPU seconds
WARNING: [Netlist 29-101] Netlist 'sum_signed' is not ideal for floorplanning, since the cellview 'sum_signed' contains a large number of primitives.  Please consider enabling hierarchy in synthesis if you want to do floorplanning.
INFO: [Project 1-570] Preparing netlist for logic optimization
Parsing XDC File [/mnt/vault1/mfaroo19/reduction_tree/integrator/runs/M400_W8/sum_signed.xdc]
Finished Parsing XDC File [/mnt/vault1/mfaroo19/reduction_tree/integrator/runs/M400_W8/sum_signed.xdc]
INFO: [Opt 31-138] Pushed 0 inverter(s) to 0 load pin(s).
Netlist sorting complete. Time (s): cpu = 00:00:00.01 ; elapsed = 00:00:00 . Memory (MB): peak = 3800.766 ; gain = 0.000 ; free physical = 137539 ; free virtual = 208548
INFO: [Project 1-111] Unisim Transformation Summary:
  A total of 3204 instances were transformed.
  BUFG => BUFGCE: 1 instance 
  IBUF => IBUF (IBUFCTRL, INBUF): 3203 instances

Synth Design complete, checksum: b3ea509d
INFO: [Common 17-83] Releasing license: Synthesis
19 Infos, 2 Warnings, 0 Critical Warnings and 0 Errors encountered.
synth_design completed successfully
synth_design: Time (s): cpu = 00:00:36 ; elapsed = 00:00:45 . Memory (MB): peak = 3800.766 ; gain = 2096.090 ; free physical = 137609 ; free virtual = 208618
# report_utilization -file runs/M400_W8/util.rpt
# report_timing_summary -file runs/M400_W8/timing.rpt
INFO: [Timing 38-35] Done setting XDC timing constraints.
INFO: [Timing 38-91] UpdateTimingParams: Speed grade: -2, Temperature grade: E, Delay Type: min_max.
INFO: [Timing 38-191] Multithreading enabled for timing update using a maximum of 8 CPUs
report_timing_summary: Time (s): cpu = 00:00:14 ; elapsed = 00:00:15 . Memory (MB): peak = 4547.723 ; gain = 746.957 ; free physical = 138241 ; free virtual = 209249
# exit
INFO: [Common 17-206] Exiting Vivado at Tue Nov  4 15:59:21 2025...
