
****** Vivado v2022.2 (64-bit)
  **** SW Build 3671981 on Fri Oct 14 04:59:54 MDT 2022
  **** IP Build 3669848 on Fri Oct 14 08:30:02 MDT 2022
    ** Copyright 1986-2022 Xilinx, Inc. All Rights Reserved.

source runs/M400_W10/run.tcl
# read_verilog -sv runs/M400_W10/sum_signed.sv
# read_xdc runs/M400_W10/sum_signed.xdc
# synth_design -top sum_signed -part xczu7ev-ffvc1156-2-e
Command: synth_design -top sum_signed -part xczu7ev-ffvc1156-2-e
Starting synth_design
Attempting to get a license for feature 'Synthesis' and/or device 'xczu7ev'
INFO: [Common 17-349] Got license for feature 'Synthesis' and/or device 'xczu7ev'
INFO: [Device 21-403] Loading part xczu7ev-ffvc1156-2-e
INFO: [Synth 8-7079] Multithreading enabled for synth_design using a maximum of 4 processes.
INFO: [Synth 8-7078] Launching helper process for spawning children vivado processes
INFO: [Synth 8-7075] Helper process launched with PID 2528685
INFO: [Synth 8-11241] undeclared symbol 'REGCCE', assumed default net type 'wire' [/mnt/vault1/kmhatre/Software/AMD/Vivado/2022.2/data/verilog/src/unimacro/BRAM_SINGLE_MACRO.v:2170]
---------------------------------------------------------------------------------
Starting RTL Elaboration : Time (s): cpu = 00:00:02 ; elapsed = 00:00:03 . Memory (MB): peak = 3037.359 ; gain = 239.832 ; free physical = 139095 ; free virtual = 210158
Synthesis current peak Physical Memory [PSS] (MB): peak = 2627.717; parent = 2373.587; children = 254.130
Synthesis current peak Virtual Memory [VSS] (MB): peak = 4013.410; parent = 3040.332; children = 973.078
---------------------------------------------------------------------------------
INFO: [Synth 8-6157] synthesizing module 'sum_signed' [/mnt/vault1/mfaroo19/reduction_tree/integrator/runs/M400_W10/sum_signed.sv:7]
INFO: [Synth 8-6155] done synthesizing module 'sum_signed' (0#1) [/mnt/vault1/mfaroo19/reduction_tree/integrator/runs/M400_W10/sum_signed.sv:7]
---------------------------------------------------------------------------------
Finished RTL Elaboration : Time (s): cpu = 00:00:04 ; elapsed = 00:00:04 . Memory (MB): peak = 3120.297 ; gain = 322.770 ; free physical = 139034 ; free virtual = 210097
Synthesis current peak Physical Memory [PSS] (MB): peak = 2627.717; parent = 2373.587; children = 254.130
Synthesis current peak Virtual Memory [VSS] (MB): peak = 4093.379; parent = 3120.301; children = 973.078
---------------------------------------------------------------------------------
---------------------------------------------------------------------------------
Start Handling Custom Attributes
---------------------------------------------------------------------------------
---------------------------------------------------------------------------------
Finished Handling Custom Attributes : Time (s): cpu = 00:00:04 ; elapsed = 00:00:04 . Memory (MB): peak = 3138.109 ; gain = 340.582 ; free physical = 139033 ; free virtual = 210097
Synthesis current peak Physical Memory [PSS] (MB): peak = 2627.717; parent = 2373.587; children = 254.130
Synthesis current peak Virtual Memory [VSS] (MB): peak = 4111.191; parent = 3138.113; children = 973.078
---------------------------------------------------------------------------------
---------------------------------------------------------------------------------
Finished RTL Optimization Phase 1 : Time (s): cpu = 00:00:04 ; elapsed = 00:00:04 . Memory (MB): peak = 3138.109 ; gain = 340.582 ; free physical = 139043 ; free virtual = 210108
Synthesis current peak Physical Memory [PSS] (MB): peak = 2627.717; parent = 2373.587; children = 254.130
Synthesis current peak Virtual Memory [VSS] (MB): peak = 4111.191; parent = 3138.113; children = 973.078
---------------------------------------------------------------------------------
Netlist sorting complete. Time (s): cpu = 00:00:00.03 ; elapsed = 00:00:00.03 . Memory (MB): peak = 3138.109 ; gain = 0.000 ; free physical = 139048 ; free virtual = 210112
INFO: [Project 1-570] Preparing netlist for logic optimization

Processing XDC Constraints
Initializing timing engine
Parsing XDC File [/mnt/vault1/mfaroo19/reduction_tree/integrator/runs/M400_W10/sum_signed.xdc]
Finished Parsing XDC File [/mnt/vault1/mfaroo19/reduction_tree/integrator/runs/M400_W10/sum_signed.xdc]
Completed Processing XDC Constraints

Netlist sorting complete. Time (s): cpu = 00:00:00 ; elapsed = 00:00:00 . Memory (MB): peak = 3304.828 ; gain = 0.000 ; free physical = 139028 ; free virtual = 210092
INFO: [Project 1-111] Unisim Transformation Summary:
No Unisim elements were transformed.

Constraint Validation Runtime : Time (s): cpu = 00:00:00.11 ; elapsed = 00:00:00.04 . Memory (MB): peak = 3304.828 ; gain = 0.000 ; free physical = 139028 ; free virtual = 210092
INFO: [Synth 8-11241] undeclared symbol 'REGCCE', assumed default net type 'wire' [/mnt/vault1/kmhatre/Software/AMD/Vivado/2022.2/data/verilog/src/unimacro/BRAM_SINGLE_MACRO.v:2170]
---------------------------------------------------------------------------------
Finished Constraint Validation : Time (s): cpu = 00:00:11 ; elapsed = 00:00:12 . Memory (MB): peak = 3304.828 ; gain = 507.301 ; free physical = 138845 ; free virtual = 209910
Synthesis current peak Physical Memory [PSS] (MB): peak = 2640.136; parent = 2386.017; children = 254.130
Synthesis current peak Virtual Memory [VSS] (MB): peak = 4245.895; parent = 3272.816; children = 973.078
---------------------------------------------------------------------------------
---------------------------------------------------------------------------------
Start Loading Part and Timing Information
---------------------------------------------------------------------------------
Loading part: xczu7ev-ffvc1156-2-e
INFO: [Synth 8-6742] Reading net delay rules and data
---------------------------------------------------------------------------------
Finished Loading Part and Timing Information : Time (s): cpu = 00:00:11 ; elapsed = 00:00:12 . Memory (MB): peak = 3304.828 ; gain = 507.301 ; free physical = 138842 ; free virtual = 209907
Synthesis current peak Physical Memory [PSS] (MB): peak = 2640.136; parent = 2386.017; children = 254.130
Synthesis current peak Virtual Memory [VSS] (MB): peak = 4245.895; parent = 3272.816; children = 973.078
---------------------------------------------------------------------------------
---------------------------------------------------------------------------------
Start Applying 'set_property' XDC Constraints
---------------------------------------------------------------------------------
---------------------------------------------------------------------------------
Finished applying 'set_property' XDC Constraints : Time (s): cpu = 00:00:11 ; elapsed = 00:00:12 . Memory (MB): peak = 3304.828 ; gain = 507.301 ; free physical = 138839 ; free virtual = 209904
Synthesis current peak Physical Memory [PSS] (MB): peak = 2640.136; parent = 2386.017; children = 254.130
Synthesis current peak Virtual Memory [VSS] (MB): peak = 4245.895; parent = 3272.816; children = 973.078
---------------------------------------------------------------------------------
---------------------------------------------------------------------------------
Finished RTL Optimization Phase 2 : Time (s): cpu = 00:00:11 ; elapsed = 00:00:13 . Memory (MB): peak = 3304.828 ; gain = 507.301 ; free physical = 138785 ; free virtual = 209852
Synthesis current peak Physical Memory [PSS] (MB): peak = 2640.136; parent = 2386.017; children = 254.130
Synthesis current peak Virtual Memory [VSS] (MB): peak = 4245.895; parent = 3272.816; children = 973.078
---------------------------------------------------------------------------------
---------------------------------------------------------------------------------
Start RTL Component Statistics 
---------------------------------------------------------------------------------
Detailed RTL Component Info : 
+---Adders : 
	   2 Input   19 Bit       Adders := 1     
	   2 Input   18 Bit       Adders := 2     
	   2 Input   17 Bit       Adders := 3     
	   2 Input   16 Bit       Adders := 6     
	   2 Input   15 Bit       Adders := 12    
	   2 Input   14 Bit       Adders := 25    
	   2 Input   13 Bit       Adders := 50    
	   2 Input   12 Bit       Adders := 100   
	   2 Input   11 Bit       Adders := 200   
+---Registers : 
	               19 Bit    Registers := 1     
	               18 Bit    Registers := 2     
	               17 Bit    Registers := 3     
	               16 Bit    Registers := 6     
	               15 Bit    Registers := 12    
	               14 Bit    Registers := 28    
	               13 Bit    Registers := 50    
	               12 Bit    Registers := 100   
	               11 Bit    Registers := 200   
	                1 Bit    Registers := 9     
---------------------------------------------------------------------------------
Finished RTL Component Statistics 
---------------------------------------------------------------------------------
---------------------------------------------------------------------------------
Start Part Resource Summary
---------------------------------------------------------------------------------
Part Resources:
DSPs: 1728 (col length:144)
BRAMs: 624 (col length: RAMB18 144 RAMB36 72)
---------------------------------------------------------------------------------
Finished Part Resource Summary
---------------------------------------------------------------------------------
---------------------------------------------------------------------------------
Start Cross Boundary and Area Optimization
---------------------------------------------------------------------------------
WARNING: [Synth 8-7080] Parallel synthesis criteria is not met
---------------------------------------------------------------------------------
Finished Cross Boundary and Area Optimization : Time (s): cpu = 00:00:13 ; elapsed = 00:00:17 . Memory (MB): peak = 3304.828 ; gain = 507.301 ; free physical = 138761 ; free virtual = 209836
Synthesis current peak Physical Memory [PSS] (MB): peak = 2640.136; parent = 2386.017; children = 254.130
Synthesis current peak Virtual Memory [VSS] (MB): peak = 4245.895; parent = 3272.816; children = 973.078
---------------------------------------------------------------------------------
---------------------------------------------------------------------------------
Start Applying XDC Timing Constraints
---------------------------------------------------------------------------------
---------------------------------------------------------------------------------
Finished Applying XDC Timing Constraints : Time (s): cpu = 00:00:20 ; elapsed = 00:00:28 . Memory (MB): peak = 3679.203 ; gain = 881.676 ; free physical = 136664 ; free virtual = 207693
Synthesis current peak Physical Memory [PSS] (MB): peak = 3215.449; parent = 2961.364; children = 254.130
Synthesis current peak Virtual Memory [VSS] (MB): peak = 4652.285; parent = 3679.207; children = 973.078
---------------------------------------------------------------------------------
---------------------------------------------------------------------------------
Start Timing Optimization
---------------------------------------------------------------------------------
---------------------------------------------------------------------------------
Finished Timing Optimization : Time (s): cpu = 00:00:21 ; elapsed = 00:00:28 . Memory (MB): peak = 3702.203 ; gain = 904.676 ; free physical = 138293 ; free virtual = 209322
Synthesis current peak Physical Memory [PSS] (MB): peak = 3233.436; parent = 2979.337; children = 254.130
Synthesis current peak Virtual Memory [VSS] (MB): peak = 4675.285; parent = 3702.207; children = 973.078
---------------------------------------------------------------------------------
---------------------------------------------------------------------------------
Start Technology Mapping
---------------------------------------------------------------------------------
---------------------------------------------------------------------------------
Finished Technology Mapping : Time (s): cpu = 00:00:22 ; elapsed = 00:00:30 . Memory (MB): peak = 3727.234 ; gain = 929.707 ; free physical = 138390 ; free virtual = 209419
Synthesis current peak Physical Memory [PSS] (MB): peak = 3238.473; parent = 2984.380; children = 254.130
Synthesis current peak Virtual Memory [VSS] (MB): peak = 4700.316; parent = 3727.238; children = 973.078
---------------------------------------------------------------------------------
---------------------------------------------------------------------------------
Start IO Insertion
---------------------------------------------------------------------------------
---------------------------------------------------------------------------------
Start Flattening Before IO Insertion
---------------------------------------------------------------------------------
---------------------------------------------------------------------------------
Finished Flattening Before IO Insertion
---------------------------------------------------------------------------------
---------------------------------------------------------------------------------
Start Final Netlist Cleanup
---------------------------------------------------------------------------------
---------------------------------------------------------------------------------
Finished Final Netlist Cleanup
---------------------------------------------------------------------------------
---------------------------------------------------------------------------------
Finished IO Insertion : Time (s): cpu = 00:00:25 ; elapsed = 00:00:32 . Memory (MB): peak = 3734.172 ; gain = 936.645 ; free physical = 138512 ; free virtual = 209521
Synthesis current peak Physical Memory [PSS] (MB): peak = 3239.541; parent = 2985.442; children = 254.130
Synthesis current peak Virtual Memory [VSS] (MB): peak = 4707.254; parent = 3734.176; children = 973.078
---------------------------------------------------------------------------------
---------------------------------------------------------------------------------
Start Renaming Generated Instances
---------------------------------------------------------------------------------
---------------------------------------------------------------------------------
Finished Renaming Generated Instances : Time (s): cpu = 00:00:25 ; elapsed = 00:00:32 . Memory (MB): peak = 3734.172 ; gain = 936.645 ; free physical = 138515 ; free virtual = 209523
Synthesis current peak Physical Memory [PSS] (MB): peak = 3239.557; parent = 2985.458; children = 254.130
Synthesis current peak Virtual Memory [VSS] (MB): peak = 4707.254; parent = 3734.176; children = 973.078
---------------------------------------------------------------------------------
---------------------------------------------------------------------------------
Start Rebuilding User Hierarchy
---------------------------------------------------------------------------------
---------------------------------------------------------------------------------
Finished Rebuilding User Hierarchy : Time (s): cpu = 00:00:25 ; elapsed = 00:00:33 . Memory (MB): peak = 3734.172 ; gain = 936.645 ; free physical = 138512 ; free virtual = 209521
Synthesis current peak Physical Memory [PSS] (MB): peak = 3241.092; parent = 2986.993; children = 254.130
Synthesis current peak Virtual Memory [VSS] (MB): peak = 4707.254; parent = 3734.176; children = 973.078
---------------------------------------------------------------------------------
---------------------------------------------------------------------------------
Start Renaming Generated Ports
---------------------------------------------------------------------------------
---------------------------------------------------------------------------------
Finished Renaming Generated Ports : Time (s): cpu = 00:00:25 ; elapsed = 00:00:33 . Memory (MB): peak = 3734.172 ; gain = 936.645 ; free physical = 138514 ; free virtual = 209523
Synthesis current peak Physical Memory [PSS] (MB): peak = 3241.154; parent = 2987.056; children = 254.130
Synthesis current peak Virtual Memory [VSS] (MB): peak = 4707.254; parent = 3734.176; children = 973.078
---------------------------------------------------------------------------------
---------------------------------------------------------------------------------
Start Handling Custom Attributes
---------------------------------------------------------------------------------
---------------------------------------------------------------------------------
Finished Handling Custom Attributes : Time (s): cpu = 00:00:25 ; elapsed = 00:00:33 . Memory (MB): peak = 3734.172 ; gain = 936.645 ; free physical = 138514 ; free virtual = 209523
Synthesis current peak Physical Memory [PSS] (MB): peak = 3241.615; parent = 2987.517; children = 254.130
Synthesis current peak Virtual Memory [VSS] (MB): peak = 4707.254; parent = 3734.176; children = 973.078
---------------------------------------------------------------------------------
---------------------------------------------------------------------------------
Start Renaming Generated Nets
---------------------------------------------------------------------------------
---------------------------------------------------------------------------------
Finished Renaming Generated Nets : Time (s): cpu = 00:00:25 ; elapsed = 00:00:33 . Memory (MB): peak = 3734.172 ; gain = 936.645 ; free physical = 138514 ; free virtual = 209523
Synthesis current peak Physical Memory [PSS] (MB): peak = 3241.646; parent = 2987.548; children = 254.130
Synthesis current peak Virtual Memory [VSS] (MB): peak = 4707.254; parent = 3734.176; children = 973.078
---------------------------------------------------------------------------------
---------------------------------------------------------------------------------
Start ROM, RAM, DSP, Shift Register and Retiming Reporting
---------------------------------------------------------------------------------

Static Shift Register Report:
+------------+------------------------+--------+-------+--------------+--------------------+-------------------+--------+---------+
|Module Name | RTL Name               | Length | Width | Reset Signal | Pull out first Reg | Pull out last Reg | SRL16E | SRLC32E | 
+------------+------------------------+--------+-------+--------------+--------------------+-------------------+--------+---------+
|sum_signed  | vld_layer9_reg         | 9      | 1     | YES          | NO                 | YES               | 1      | 0       | 
|sum_signed  | reduce_layer73_reg[13] | 4      | 14    | YES          | NO                 | YES               | 14     | 0       | 
+------------+------------------------+--------+-------+--------------+--------------------+-------------------+--------+---------+

---------------------------------------------------------------------------------
Finished ROM, RAM, DSP, Shift Register and Retiming Reporting
---------------------------------------------------------------------------------
---------------------------------------------------------------------------------
Start Writing Synthesis Report
---------------------------------------------------------------------------------

Report BlackBoxes: 
+-+--------------+----------+
| |BlackBox name |Instances |
+-+--------------+----------+
+-+--------------+----------+

Report Cell Usage: 
+------+-------+------+
|      |Cell   |Count |
+------+-------+------+
|1     |BUFG   |     1|
|2     |CARRY8 |   804|
|3     |LUT1   |   399|
|4     |LUT2   |  4398|
|5     |SRL16E |    15|
|6     |FDRE   |  4806|
|7     |IBUF   |  4003|
|8     |OBUF   |    20|
+------+-------+------+
---------------------------------------------------------------------------------
Finished Writing Synthesis Report : Time (s): cpu = 00:00:25 ; elapsed = 00:00:33 . Memory (MB): peak = 3734.172 ; gain = 936.645 ; free physical = 138514 ; free virtual = 209523
Synthesis current peak Physical Memory [PSS] (MB): peak = 3241.662; parent = 2987.563; children = 254.130
Synthesis current peak Virtual Memory [VSS] (MB): peak = 4707.254; parent = 3734.176; children = 973.078
---------------------------------------------------------------------------------
Synthesis finished with 0 errors, 0 critical warnings and 1 warnings.
Synthesis Optimization Runtime : Time (s): cpu = 00:00:21 ; elapsed = 00:00:29 . Memory (MB): peak = 3734.172 ; gain = 769.926 ; free physical = 138515 ; free virtual = 209524
Synthesis Optimization Complete : Time (s): cpu = 00:00:25 ; elapsed = 00:00:34 . Memory (MB): peak = 3734.180 ; gain = 936.645 ; free physical = 138516 ; free virtual = 209525
INFO: [Project 1-571] Translating synthesized netlist
Netlist sorting complete. Time (s): cpu = 00:00:00.06 ; elapsed = 00:00:00.06 . Memory (MB): peak = 3748.109 ; gain = 0.000 ; free physical = 138638 ; free virtual = 209646
INFO: [Netlist 29-17] Analyzing 4808 Unisim elements for replacement
INFO: [Netlist 29-28] Unisim Transformation completed in 0 CPU seconds
WARNING: [Netlist 29-101] Netlist 'sum_signed' is not ideal for floorplanning, since the cellview 'sum_signed' contains a large number of primitives.  Please consider enabling hierarchy in synthesis if you want to do floorplanning.
INFO: [Project 1-570] Preparing netlist for logic optimization
Parsing XDC File [/mnt/vault1/mfaroo19/reduction_tree/integrator/runs/M400_W10/sum_signed.xdc]
Finished Parsing XDC File [/mnt/vault1/mfaroo19/reduction_tree/integrator/runs/M400_W10/sum_signed.xdc]
INFO: [Opt 31-138] Pushed 0 inverter(s) to 0 load pin(s).
Netlist sorting complete. Time (s): cpu = 00:00:00 ; elapsed = 00:00:00.01 . Memory (MB): peak = 3808.391 ; gain = 0.000 ; free physical = 138465 ; free virtual = 209474
INFO: [Project 1-111] Unisim Transformation Summary:
  A total of 4004 instances were transformed.
  BUFG => BUFGCE: 1 instance 
  IBUF => IBUF (IBUFCTRL, INBUF): 4003 instances

Synth Design complete, checksum: 7102ef4f
INFO: [Common 17-83] Releasing license: Synthesis
19 Infos, 2 Warnings, 0 Critical Warnings and 0 Errors encountered.
synth_design completed successfully
synth_design: Time (s): cpu = 00:00:37 ; elapsed = 00:00:45 . Memory (MB): peak = 3808.391 ; gain = 2103.684 ; free physical = 138673 ; free virtual = 209682
# report_utilization -file runs/M400_W10/util.rpt
# report_timing_summary -file runs/M400_W10/timing.rpt
INFO: [Timing 38-35] Done setting XDC timing constraints.
INFO: [Timing 38-91] UpdateTimingParams: Speed grade: -2, Temperature grade: E, Delay Type: min_max.
INFO: [Timing 38-191] Multithreading enabled for timing update using a maximum of 8 CPUs
report_timing_summary: Time (s): cpu = 00:00:14 ; elapsed = 00:00:15 . Memory (MB): peak = 4551.348 ; gain = 742.957 ; free physical = 138100 ; free virtual = 209117
# exit
INFO: [Common 17-206] Exiting Vivado at Tue Nov  4 16:01:46 2025...
