#-----------------------------------------------------------
# Vivado v2022.2 (64-bit)
# SW Build 3671981 on Fri Oct 14 04:59:54 MDT 2022
# IP Build 3669848 on Fri Oct 14 08:30:02 MDT 2022
# Start of session at: Thu Nov  6 18:48:21 2025
# Process ID: 3576447
# Current directory: /mnt/vault1/mfaroo19/reduction_tree/dot_product/runs/M200_W6_N7
# Command line: vivado -mode batch -source /mnt/vault1/mfaroo19/reduction_tree/dot_product/runs/M200_W6_N7/run.tcl
# Log file: /mnt/vault1/mfaroo19/reduction_tree/dot_product/runs/M200_W6_N7/vivado.log
# Journal file: /mnt/vault1/mfaroo19/reduction_tree/dot_product/runs/M200_W6_N7/vivado.jou
# Running On: en4228283l, OS: Linux, CPU Frequency: 3699.447 MHz, CPU Physical cores: 32, Host memory: 269992 MB
#-----------------------------------------------------------
source /mnt/vault1/mfaroo19/reduction_tree/dot_product/runs/M200_W6_N7/run.tcl
# read_verilog -sv /mnt/vault1/mfaroo19/reduction_tree/dot_product/runs/M200_W6_N7/design.sv
# read_xdc /mnt/vault1/mfaroo19/reduction_tree/dot_product/runs/M200_W6_N7/design.xdc
# synth_design -top dotprod -part xczu7ev-ffvc1156-2-e
Command: synth_design -top dotprod -part xczu7ev-ffvc1156-2-e
Starting synth_design
Attempting to get a license for feature 'Synthesis' and/or device 'xczu7ev'
INFO: [Common 17-349] Got license for feature 'Synthesis' and/or device 'xczu7ev'
INFO: [Device 21-403] Loading part xczu7ev-ffvc1156-2-e
INFO: [Synth 8-7079] Multithreading enabled for synth_design using a maximum of 4 processes.
INFO: [Synth 8-7078] Launching helper process for spawning children vivado processes
INFO: [Synth 8-7075] Helper process launched with PID 3576513
INFO: [Synth 8-11241] undeclared symbol 'REGCCE', assumed default net type 'wire' [/mnt/vault1/kmhatre/Software/AMD/Vivado/2022.2/data/verilog/src/unimacro/BRAM_SINGLE_MACRO.v:2170]
---------------------------------------------------------------------------------
Starting RTL Elaboration : Time (s): cpu = 00:00:02 ; elapsed = 00:00:03 . Memory (MB): peak = 3039.078 ; gain = 241.801 ; free physical = 90989 ; free virtual = 201482
Synthesis current peak Physical Memory [PSS] (MB): peak = 2626.495; parent = 2372.401; children = 254.094
Synthesis current peak Virtual Memory [VSS] (MB): peak = 4012.160; parent = 3039.082; children = 973.078
---------------------------------------------------------------------------------
INFO: [Synth 8-6157] synthesizing module 'dotprod' [/mnt/vault1/mfaroo19/reduction_tree/dot_product/runs/M200_W6_N7/design.sv:3]
INFO: [Synth 8-6155] done synthesizing module 'dotprod' (0#1) [/mnt/vault1/mfaroo19/reduction_tree/dot_product/runs/M200_W6_N7/design.sv:3]
---------------------------------------------------------------------------------
Finished RTL Elaboration : Time (s): cpu = 00:00:03 ; elapsed = 00:00:04 . Memory (MB): peak = 3117.047 ; gain = 319.770 ; free physical = 90943 ; free virtual = 201437
Synthesis current peak Physical Memory [PSS] (MB): peak = 2626.495; parent = 2372.401; children = 254.094
Synthesis current peak Virtual Memory [VSS] (MB): peak = 4090.129; parent = 3117.051; children = 973.078
---------------------------------------------------------------------------------
---------------------------------------------------------------------------------
Start Handling Custom Attributes
---------------------------------------------------------------------------------
---------------------------------------------------------------------------------
Finished Handling Custom Attributes : Time (s): cpu = 00:00:04 ; elapsed = 00:00:04 . Memory (MB): peak = 3134.859 ; gain = 337.582 ; free physical = 90944 ; free virtual = 201437
Synthesis current peak Physical Memory [PSS] (MB): peak = 2626.495; parent = 2372.401; children = 254.094
Synthesis current peak Virtual Memory [VSS] (MB): peak = 4107.941; parent = 3134.863; children = 973.078
---------------------------------------------------------------------------------
---------------------------------------------------------------------------------
Finished RTL Optimization Phase 1 : Time (s): cpu = 00:00:04 ; elapsed = 00:00:04 . Memory (MB): peak = 3134.859 ; gain = 337.582 ; free physical = 90944 ; free virtual = 201437
Synthesis current peak Physical Memory [PSS] (MB): peak = 2626.495; parent = 2372.401; children = 254.094
Synthesis current peak Virtual Memory [VSS] (MB): peak = 4107.941; parent = 3134.863; children = 973.078
---------------------------------------------------------------------------------
Netlist sorting complete. Time (s): cpu = 00:00:00.02 ; elapsed = 00:00:00.02 . Memory (MB): peak = 3134.859 ; gain = 0.000 ; free physical = 90944 ; free virtual = 201437
INFO: [Project 1-570] Preparing netlist for logic optimization

Processing XDC Constraints
Initializing timing engine
Parsing XDC File [/mnt/vault1/mfaroo19/reduction_tree/dot_product/runs/M200_W6_N7/design.xdc]
Finished Parsing XDC File [/mnt/vault1/mfaroo19/reduction_tree/dot_product/runs/M200_W6_N7/design.xdc]
Completed Processing XDC Constraints

Netlist sorting complete. Time (s): cpu = 00:00:00 ; elapsed = 00:00:00 . Memory (MB): peak = 3302.578 ; gain = 0.000 ; free physical = 91011 ; free virtual = 201504
INFO: [Project 1-111] Unisim Transformation Summary:
No Unisim elements were transformed.

Constraint Validation Runtime : Time (s): cpu = 00:00:00.05 ; elapsed = 00:00:00.02 . Memory (MB): peak = 3302.578 ; gain = 0.000 ; free physical = 91005 ; free virtual = 201498
INFO: [Synth 8-11241] undeclared symbol 'REGCCE', assumed default net type 'wire' [/mnt/vault1/kmhatre/Software/AMD/Vivado/2022.2/data/verilog/src/unimacro/BRAM_SINGLE_MACRO.v:2170]
---------------------------------------------------------------------------------
Finished Constraint Validation : Time (s): cpu = 00:00:10 ; elapsed = 00:00:12 . Memory (MB): peak = 3302.578 ; gain = 505.301 ; free physical = 91052 ; free virtual = 201546
Synthesis current peak Physical Memory [PSS] (MB): peak = 2642.276; parent = 2388.183; children = 254.094
Synthesis current peak Virtual Memory [VSS] (MB): peak = 4243.645; parent = 3270.566; children = 973.078
---------------------------------------------------------------------------------
---------------------------------------------------------------------------------
Start Loading Part and Timing Information
---------------------------------------------------------------------------------
Loading part: xczu7ev-ffvc1156-2-e
INFO: [Synth 8-6742] Reading net delay rules and data
---------------------------------------------------------------------------------
Finished Loading Part and Timing Information : Time (s): cpu = 00:00:10 ; elapsed = 00:00:12 . Memory (MB): peak = 3302.578 ; gain = 505.301 ; free physical = 91052 ; free virtual = 201546
Synthesis current peak Physical Memory [PSS] (MB): peak = 2642.276; parent = 2388.183; children = 254.094
Synthesis current peak Virtual Memory [VSS] (MB): peak = 4243.645; parent = 3270.566; children = 973.078
---------------------------------------------------------------------------------
---------------------------------------------------------------------------------
Start Applying 'set_property' XDC Constraints
---------------------------------------------------------------------------------
---------------------------------------------------------------------------------
Finished applying 'set_property' XDC Constraints : Time (s): cpu = 00:00:10 ; elapsed = 00:00:12 . Memory (MB): peak = 3302.578 ; gain = 505.301 ; free physical = 91052 ; free virtual = 201546
Synthesis current peak Physical Memory [PSS] (MB): peak = 2642.276; parent = 2388.183; children = 254.094
Synthesis current peak Virtual Memory [VSS] (MB): peak = 4243.645; parent = 3270.566; children = 973.078
---------------------------------------------------------------------------------
---------------------------------------------------------------------------------
Finished RTL Optimization Phase 2 : Time (s): cpu = 00:00:11 ; elapsed = 00:00:13 . Memory (MB): peak = 3302.578 ; gain = 505.301 ; free physical = 91071 ; free virtual = 201566
Synthesis current peak Physical Memory [PSS] (MB): peak = 2642.276; parent = 2388.183; children = 254.094
Synthesis current peak Virtual Memory [VSS] (MB): peak = 4243.645; parent = 3270.566; children = 973.078
---------------------------------------------------------------------------------
---------------------------------------------------------------------------------
Start RTL Component Statistics 
---------------------------------------------------------------------------------
Detailed RTL Component Info : 
+---Adders : 
	   2 Input   21 Bit       Adders := 99    
+---Registers : 
	               21 Bit    Registers := 102   
	               14 Bit    Registers := 100   
	                1 Bit    Registers := 8     
---------------------------------------------------------------------------------
Finished RTL Component Statistics 
---------------------------------------------------------------------------------
---------------------------------------------------------------------------------
Start Part Resource Summary
---------------------------------------------------------------------------------
Part Resources:
DSPs: 1728 (col length:144)
BRAMs: 624 (col length: RAMB18 144 RAMB36 72)
---------------------------------------------------------------------------------
Finished Part Resource Summary
---------------------------------------------------------------------------------
---------------------------------------------------------------------------------
Start Cross Boundary and Area Optimization
---------------------------------------------------------------------------------
WARNING: [Synth 8-7080] Parallel synthesis criteria is not met
---------------------------------------------------------------------------------
Finished Cross Boundary and Area Optimization : Time (s): cpu = 00:00:45 ; elapsed = 00:00:50 . Memory (MB): peak = 3302.578 ; gain = 505.301 ; free physical = 91426 ; free virtual = 201931
Synthesis current peak Physical Memory [PSS] (MB): peak = 2731.190; parent = 2477.128; children = 254.094
Synthesis current peak Virtual Memory [VSS] (MB): peak = 4243.645; parent = 3270.566; children = 973.078
---------------------------------------------------------------------------------
---------------------------------------------------------------------------------
Start Applying XDC Timing Constraints
---------------------------------------------------------------------------------
---------------------------------------------------------------------------------
Finished Applying XDC Timing Constraints : Time (s): cpu = 00:00:52 ; elapsed = 00:01:01 . Memory (MB): peak = 3711.844 ; gain = 914.566 ; free physical = 90959 ; free virtual = 201463
Synthesis current peak Physical Memory [PSS] (MB): peak = 3249.776; parent = 2995.714; children = 254.094
Synthesis current peak Virtual Memory [VSS] (MB): peak = 4684.926; parent = 3711.848; children = 973.078
---------------------------------------------------------------------------------
---------------------------------------------------------------------------------
Start Timing Optimization
---------------------------------------------------------------------------------
---------------------------------------------------------------------------------
Finished Timing Optimization : Time (s): cpu = 00:00:53 ; elapsed = 00:01:02 . Memory (MB): peak = 3733.844 ; gain = 936.566 ; free physical = 90947 ; free virtual = 201451
Synthesis current peak Physical Memory [PSS] (MB): peak = 3266.659; parent = 3012.597; children = 254.094
Synthesis current peak Virtual Memory [VSS] (MB): peak = 4706.926; parent = 3733.848; children = 973.078
---------------------------------------------------------------------------------
---------------------------------------------------------------------------------
Start Technology Mapping
---------------------------------------------------------------------------------
---------------------------------------------------------------------------------
Finished Technology Mapping : Time (s): cpu = 00:00:56 ; elapsed = 00:01:05 . Memory (MB): peak = 3946.039 ; gain = 1148.762 ; free physical = 90754 ; free virtual = 201259
Synthesis current peak Physical Memory [PSS] (MB): peak = 3284.897; parent = 3030.835; children = 254.094
Synthesis current peak Virtual Memory [VSS] (MB): peak = 4919.121; parent = 3946.043; children = 973.078
---------------------------------------------------------------------------------
---------------------------------------------------------------------------------
Start IO Insertion
---------------------------------------------------------------------------------
---------------------------------------------------------------------------------
Start Flattening Before IO Insertion
---------------------------------------------------------------------------------
---------------------------------------------------------------------------------
Finished Flattening Before IO Insertion
---------------------------------------------------------------------------------
---------------------------------------------------------------------------------
Start Final Netlist Cleanup
---------------------------------------------------------------------------------
---------------------------------------------------------------------------------
Finished Final Netlist Cleanup
---------------------------------------------------------------------------------
---------------------------------------------------------------------------------
Finished IO Insertion : Time (s): cpu = 00:00:59 ; elapsed = 00:01:08 . Memory (MB): peak = 3946.039 ; gain = 1148.762 ; free physical = 90793 ; free virtual = 201298
Synthesis current peak Physical Memory [PSS] (MB): peak = 3285.929; parent = 3031.866; children = 254.094
Synthesis current peak Virtual Memory [VSS] (MB): peak = 4919.121; parent = 3946.043; children = 973.078
---------------------------------------------------------------------------------
---------------------------------------------------------------------------------
Start Renaming Generated Instances
---------------------------------------------------------------------------------
---------------------------------------------------------------------------------
Finished Renaming Generated Instances : Time (s): cpu = 00:00:59 ; elapsed = 00:01:09 . Memory (MB): peak = 3946.039 ; gain = 1148.762 ; free physical = 90793 ; free virtual = 201298
Synthesis current peak Physical Memory [PSS] (MB): peak = 3285.944; parent = 3031.882; children = 254.094
Synthesis current peak Virtual Memory [VSS] (MB): peak = 4919.121; parent = 3946.043; children = 973.078
---------------------------------------------------------------------------------
---------------------------------------------------------------------------------
Start Rebuilding User Hierarchy
---------------------------------------------------------------------------------
---------------------------------------------------------------------------------
Finished Rebuilding User Hierarchy : Time (s): cpu = 00:01:00 ; elapsed = 00:01:09 . Memory (MB): peak = 3946.039 ; gain = 1148.762 ; free physical = 90810 ; free virtual = 201314
Synthesis current peak Physical Memory [PSS] (MB): peak = 3286.671; parent = 3032.608; children = 254.094
Synthesis current peak Virtual Memory [VSS] (MB): peak = 4919.121; parent = 3946.043; children = 973.078
---------------------------------------------------------------------------------
---------------------------------------------------------------------------------
Start Renaming Generated Ports
---------------------------------------------------------------------------------
---------------------------------------------------------------------------------
Finished Renaming Generated Ports : Time (s): cpu = 00:01:00 ; elapsed = 00:01:09 . Memory (MB): peak = 3946.039 ; gain = 1148.762 ; free physical = 90810 ; free virtual = 201314
Synthesis current peak Physical Memory [PSS] (MB): peak = 3286.733; parent = 3032.671; children = 254.094
Synthesis current peak Virtual Memory [VSS] (MB): peak = 4919.121; parent = 3946.043; children = 973.078
---------------------------------------------------------------------------------
---------------------------------------------------------------------------------
Start Handling Custom Attributes
---------------------------------------------------------------------------------
---------------------------------------------------------------------------------
Finished Handling Custom Attributes : Time (s): cpu = 00:01:00 ; elapsed = 00:01:09 . Memory (MB): peak = 3946.039 ; gain = 1148.762 ; free physical = 90810 ; free virtual = 201314
Synthesis current peak Physical Memory [PSS] (MB): peak = 3287.530; parent = 3033.468; children = 254.094
Synthesis current peak Virtual Memory [VSS] (MB): peak = 4919.121; parent = 3946.043; children = 973.078
---------------------------------------------------------------------------------
---------------------------------------------------------------------------------
Start Renaming Generated Nets
---------------------------------------------------------------------------------
---------------------------------------------------------------------------------
Finished Renaming Generated Nets : Time (s): cpu = 00:01:00 ; elapsed = 00:01:09 . Memory (MB): peak = 3946.039 ; gain = 1148.762 ; free physical = 90810 ; free virtual = 201314
Synthesis current peak Physical Memory [PSS] (MB): peak = 3287.530; parent = 3033.468; children = 254.094
Synthesis current peak Virtual Memory [VSS] (MB): peak = 4919.121; parent = 3946.043; children = 973.078
---------------------------------------------------------------------------------
---------------------------------------------------------------------------------
Start ROM, RAM, DSP, Shift Register and Retiming Reporting
---------------------------------------------------------------------------------

Static Shift Register Report:
+------------+-------------------+--------+-------+--------------+--------------------+-------------------+--------+---------+
|Module Name | RTL Name          | Length | Width | Reset Signal | Pull out first Reg | Pull out last Reg | SRL16E | SRLC32E | 
+------------+-------------------+--------+-------+--------------+--------------------+-------------------+--------+---------+
|dotprod     | stage6_reg[3][15] | 4      | 16    | YES          | NO                 | YES               | 16     | 0       | 
|dotprod     | vld_layer8_reg    | 8      | 1     | YES          | NO                 | YES               | 1      | 0       | 
+------------+-------------------+--------+-------+--------------+--------------------+-------------------+--------+---------+

---------------------------------------------------------------------------------
Finished ROM, RAM, DSP, Shift Register and Retiming Reporting
---------------------------------------------------------------------------------
---------------------------------------------------------------------------------
Start Writing Synthesis Report
---------------------------------------------------------------------------------

Report BlackBoxes: 
+-+--------------+----------+
| |BlackBox name |Instances |
+-+--------------+----------+
+-+--------------+----------+

Report Cell Usage: 
+------+-------+------+
|      |Cell   |Count |
+------+-------+------+
|1     |BUFG   |     1|
|2     |CARRY8 |  1222|
|3     |LUT2   |  5195|
|4     |LUT3   |   400|
|5     |LUT4   |  2000|
|6     |LUT5   |  2200|
|7     |LUT6   |  3800|
|8     |SRL16E |    17|
|9     |FDRE   |  3005|
|10    |IBUF   |  2603|
|11    |OBUF   |    22|
+------+-------+------+
---------------------------------------------------------------------------------
Finished Writing Synthesis Report : Time (s): cpu = 00:01:00 ; elapsed = 00:01:09 . Memory (MB): peak = 3946.039 ; gain = 1148.762 ; free physical = 90810 ; free virtual = 201314
Synthesis current peak Physical Memory [PSS] (MB): peak = 3287.546; parent = 3033.483; children = 254.094
Synthesis current peak Virtual Memory [VSS] (MB): peak = 4919.121; parent = 3946.043; children = 973.078
---------------------------------------------------------------------------------
Synthesis finished with 0 errors, 0 critical warnings and 1 warnings.
Synthesis Optimization Runtime : Time (s): cpu = 00:00:56 ; elapsed = 00:01:05 . Memory (MB): peak = 3946.039 ; gain = 981.043 ; free physical = 90847 ; free virtual = 201352
Synthesis Optimization Complete : Time (s): cpu = 00:01:00 ; elapsed = 00:01:10 . Memory (MB): peak = 3946.047 ; gain = 1148.762 ; free physical = 90847 ; free virtual = 201352
INFO: [Project 1-571] Translating synthesized netlist
Netlist sorting complete. Time (s): cpu = 00:00:00.09 ; elapsed = 00:00:00.09 . Memory (MB): peak = 3946.047 ; gain = 0.000 ; free physical = 90983 ; free virtual = 201487
INFO: [Netlist 29-17] Analyzing 3826 Unisim elements for replacement
INFO: [Netlist 29-28] Unisim Transformation completed in 0 CPU seconds
WARNING: [Netlist 29-101] Netlist 'dotprod' is not ideal for floorplanning, since the cellview 'dotprod' contains a large number of primitives.  Please consider enabling hierarchy in synthesis if you want to do floorplanning.
INFO: [Project 1-570] Preparing netlist for logic optimization
Parsing XDC File [/mnt/vault1/mfaroo19/reduction_tree/dot_product/runs/M200_W6_N7/design.xdc]
Finished Parsing XDC File [/mnt/vault1/mfaroo19/reduction_tree/dot_product/runs/M200_W6_N7/design.xdc]
INFO: [Opt 31-138] Pushed 0 inverter(s) to 0 load pin(s).
Netlist sorting complete. Time (s): cpu = 00:00:00 ; elapsed = 00:00:00 . Memory (MB): peak = 3970.051 ; gain = 0.000 ; free physical = 91019 ; free virtual = 201524
INFO: [Project 1-111] Unisim Transformation Summary:
  A total of 2604 instances were transformed.
  BUFG => BUFGCE: 1 instance 
  IBUF => IBUF (IBUFCTRL, INBUF): 2603 instances

Synth Design complete, checksum: ae9bf8e3
INFO: [Common 17-83] Releasing license: Synthesis
19 Infos, 2 Warnings, 0 Critical Warnings and 0 Errors encountered.
synth_design completed successfully
synth_design: Time (s): cpu = 00:01:12 ; elapsed = 00:01:22 . Memory (MB): peak = 3970.051 ; gain = 2265.562 ; free physical = 91166 ; free virtual = 201670
# report_utilization -file /mnt/vault1/mfaroo19/reduction_tree/dot_product/runs/M200_W6_N7/util.rpt
# report_timing_summary -file /mnt/vault1/mfaroo19/reduction_tree/dot_product/runs/M200_W6_N7/timing.rpt
INFO: [Timing 38-35] Done setting XDC timing constraints.
INFO: [Timing 38-91] UpdateTimingParams: Speed grade: -2, Temperature grade: E, Delay Type: min_max.
INFO: [Timing 38-191] Multithreading enabled for timing update using a maximum of 8 CPUs
report_timing_summary: Time (s): cpu = 00:00:15 ; elapsed = 00:00:15 . Memory (MB): peak = 4619.242 ; gain = 649.191 ; free physical = 90654 ; free virtual = 201159
# exit
INFO: [Common 17-206] Exiting Vivado at Thu Nov  6 18:50:05 2025...
