#-----------------------------------------------------------
# Vivado v2022.2 (64-bit)
# SW Build 3671981 on Fri Oct 14 04:59:54 MDT 2022
# IP Build 3669848 on Fri Oct 14 08:30:02 MDT 2022
# Start of session at: Wed Sep 24 19:59:33 2025
# Process ID: 281328
# Current directory: /mnt/vault1/mfaroo19/reduction_tree/dot_product/vivado_runs/M16_W8_N8
# Command line: vivado -mode batch -source /mnt/vault1/mfaroo19/reduction_tree/dot_product/vivado_runs/M16_W8_N8/run.tcl
# Log file: /mnt/vault1/mfaroo19/reduction_tree/dot_product/vivado_runs/M16_W8_N8/vivado.log
# Journal file: /mnt/vault1/mfaroo19/reduction_tree/dot_product/vivado_runs/M16_W8_N8/vivado.jou
# Running On: en4228283l, OS: Linux, CPU Frequency: 2999.996 MHz, CPU Physical cores: 32, Host memory: 269992 MB
#-----------------------------------------------------------
source /mnt/vault1/mfaroo19/reduction_tree/dot_product/vivado_runs/M16_W8_N8/run.tcl
# read_verilog -sv /mnt/vault1/mfaroo19/reduction_tree/dot_product/vivado_runs/M16_W8_N8/design.sv
# read_xdc /mnt/vault1/mfaroo19/reduction_tree/dot_product/vivado_runs/M16_W8_N8/design.xdc
# synth_design -top dotprod -part xczu7ev-ffvc1156-2-i
Command: synth_design -top dotprod -part xczu7ev-ffvc1156-2-i
Starting synth_design
Attempting to get a license for feature 'Synthesis' and/or device 'xczu7ev'
INFO: [Common 17-349] Got license for feature 'Synthesis' and/or device 'xczu7ev'
INFO: [Device 21-403] Loading part xczu7ev-ffvc1156-2-i
INFO: [Synth 8-7079] Multithreading enabled for synth_design using a maximum of 4 processes.
INFO: [Synth 8-7078] Launching helper process for spawning children vivado processes
INFO: [Synth 8-7075] Helper process launched with PID 281395
INFO: [Synth 8-11241] undeclared symbol 'REGCCE', assumed default net type 'wire' [/mnt/vault1/kmhatre/Software/AMD/Vivado/2022.2/data/verilog/src/unimacro/BRAM_SINGLE_MACRO.v:2170]
---------------------------------------------------------------------------------
Starting RTL Elaboration : Time (s): cpu = 00:00:02 ; elapsed = 00:00:03 . Memory (MB): peak = 3039.102 ; gain = 241.801 ; free physical = 36729 ; free virtual = 210456
Synthesis current peak Physical Memory [PSS] (MB): peak = 2626.585; parent = 2372.423; children = 254.162
Synthesis current peak Virtual Memory [VSS] (MB): peak = 4012.172; parent = 3039.105; children = 973.066
---------------------------------------------------------------------------------
INFO: [Synth 8-6157] synthesizing module 'dotprod' [/mnt/vault1/mfaroo19/reduction_tree/dot_product/vivado_runs/M16_W8_N8/design.sv:3]
INFO: [Synth 8-6155] done synthesizing module 'dotprod' (0#1) [/mnt/vault1/mfaroo19/reduction_tree/dot_product/vivado_runs/M16_W8_N8/design.sv:3]
---------------------------------------------------------------------------------
Finished RTL Elaboration : Time (s): cpu = 00:00:03 ; elapsed = 00:00:04 . Memory (MB): peak = 3106.070 ; gain = 308.770 ; free physical = 36639 ; free virtual = 210368
Synthesis current peak Physical Memory [PSS] (MB): peak = 2626.585; parent = 2372.423; children = 254.162
Synthesis current peak Virtual Memory [VSS] (MB): peak = 4079.141; parent = 3106.074; children = 973.066
---------------------------------------------------------------------------------
---------------------------------------------------------------------------------
Start Handling Custom Attributes
---------------------------------------------------------------------------------
---------------------------------------------------------------------------------
Finished Handling Custom Attributes : Time (s): cpu = 00:00:03 ; elapsed = 00:00:04 . Memory (MB): peak = 3123.883 ; gain = 326.582 ; free physical = 36639 ; free virtual = 210368
Synthesis current peak Physical Memory [PSS] (MB): peak = 2626.585; parent = 2372.423; children = 254.162
Synthesis current peak Virtual Memory [VSS] (MB): peak = 4096.953; parent = 3123.887; children = 973.066
---------------------------------------------------------------------------------
---------------------------------------------------------------------------------
Finished RTL Optimization Phase 1 : Time (s): cpu = 00:00:03 ; elapsed = 00:00:04 . Memory (MB): peak = 3123.883 ; gain = 326.582 ; free physical = 36639 ; free virtual = 210368
Synthesis current peak Physical Memory [PSS] (MB): peak = 2626.585; parent = 2372.423; children = 254.162
Synthesis current peak Virtual Memory [VSS] (MB): peak = 4096.953; parent = 3123.887; children = 973.066
---------------------------------------------------------------------------------
Netlist sorting complete. Time (s): cpu = 00:00:00 ; elapsed = 00:00:00 . Memory (MB): peak = 3123.883 ; gain = 0.000 ; free physical = 36639 ; free virtual = 210368
INFO: [Project 1-570] Preparing netlist for logic optimization

Processing XDC Constraints
Initializing timing engine
Parsing XDC File [/mnt/vault1/mfaroo19/reduction_tree/dot_product/vivado_runs/M16_W8_N8/design.xdc]
Finished Parsing XDC File [/mnt/vault1/mfaroo19/reduction_tree/dot_product/vivado_runs/M16_W8_N8/design.xdc]
Completed Processing XDC Constraints

Netlist sorting complete. Time (s): cpu = 00:00:00 ; elapsed = 00:00:00 . Memory (MB): peak = 3293.602 ; gain = 0.000 ; free physical = 36686 ; free virtual = 210414
INFO: [Project 1-111] Unisim Transformation Summary:
No Unisim elements were transformed.

Constraint Validation Runtime : Time (s): cpu = 00:00:00.01 ; elapsed = 00:00:00.01 . Memory (MB): peak = 3293.602 ; gain = 0.000 ; free physical = 36686 ; free virtual = 210414
INFO: [Synth 8-11241] undeclared symbol 'REGCCE', assumed default net type 'wire' [/mnt/vault1/kmhatre/Software/AMD/Vivado/2022.2/data/verilog/src/unimacro/BRAM_SINGLE_MACRO.v:2170]
---------------------------------------------------------------------------------
Finished Constraint Validation : Time (s): cpu = 00:00:10 ; elapsed = 00:00:12 . Memory (MB): peak = 3293.602 ; gain = 496.301 ; free physical = 36696 ; free virtual = 210424
Synthesis current peak Physical Memory [PSS] (MB): peak = 2626.585; parent = 2372.423; children = 254.162
Synthesis current peak Virtual Memory [VSS] (MB): peak = 4234.656; parent = 3261.590; children = 973.066
---------------------------------------------------------------------------------
---------------------------------------------------------------------------------
Start Loading Part and Timing Information
---------------------------------------------------------------------------------
Loading part: xczu7ev-ffvc1156-2-i
INFO: [Synth 8-6742] Reading net delay rules and data
---------------------------------------------------------------------------------
Finished Loading Part and Timing Information : Time (s): cpu = 00:00:10 ; elapsed = 00:00:12 . Memory (MB): peak = 3293.602 ; gain = 496.301 ; free physical = 36696 ; free virtual = 210424
Synthesis current peak Physical Memory [PSS] (MB): peak = 2626.585; parent = 2372.423; children = 254.162
Synthesis current peak Virtual Memory [VSS] (MB): peak = 4234.656; parent = 3261.590; children = 973.066
---------------------------------------------------------------------------------
---------------------------------------------------------------------------------
Start Applying 'set_property' XDC Constraints
---------------------------------------------------------------------------------
---------------------------------------------------------------------------------
Finished applying 'set_property' XDC Constraints : Time (s): cpu = 00:00:10 ; elapsed = 00:00:12 . Memory (MB): peak = 3293.602 ; gain = 496.301 ; free physical = 36696 ; free virtual = 210424
Synthesis current peak Physical Memory [PSS] (MB): peak = 2626.585; parent = 2372.423; children = 254.162
Synthesis current peak Virtual Memory [VSS] (MB): peak = 4234.656; parent = 3261.590; children = 973.066
---------------------------------------------------------------------------------
---------------------------------------------------------------------------------
Finished RTL Optimization Phase 2 : Time (s): cpu = 00:00:10 ; elapsed = 00:00:12 . Memory (MB): peak = 3293.602 ; gain = 496.301 ; free physical = 36681 ; free virtual = 210410
Synthesis current peak Physical Memory [PSS] (MB): peak = 2626.585; parent = 2372.423; children = 254.162
Synthesis current peak Virtual Memory [VSS] (MB): peak = 4234.656; parent = 3261.590; children = 973.066
---------------------------------------------------------------------------------
---------------------------------------------------------------------------------
Start RTL Component Statistics 
---------------------------------------------------------------------------------
Detailed RTL Component Info : 
+---Adders : 
	   2 Input   20 Bit       Adders := 7     
+---Registers : 
	               20 Bit    Registers := 7     
	               17 Bit    Registers := 8     
	                1 Bit    Registers := 4     
---------------------------------------------------------------------------------
Finished RTL Component Statistics 
---------------------------------------------------------------------------------
---------------------------------------------------------------------------------
Start Part Resource Summary
---------------------------------------------------------------------------------
Part Resources:
DSPs: 1728 (col length:144)
BRAMs: 624 (col length: RAMB18 144 RAMB36 72)
---------------------------------------------------------------------------------
Finished Part Resource Summary
---------------------------------------------------------------------------------
---------------------------------------------------------------------------------
Start Cross Boundary and Area Optimization
---------------------------------------------------------------------------------
WARNING: [Synth 8-7080] Parallel synthesis criteria is not met
---------------------------------------------------------------------------------
Finished Cross Boundary and Area Optimization : Time (s): cpu = 00:00:14 ; elapsed = 00:00:16 . Memory (MB): peak = 3293.602 ; gain = 496.301 ; free physical = 36704 ; free virtual = 210437
Synthesis current peak Physical Memory [PSS] (MB): peak = 2626.585; parent = 2372.423; children = 254.162
Synthesis current peak Virtual Memory [VSS] (MB): peak = 4234.656; parent = 3261.590; children = 973.066
---------------------------------------------------------------------------------
---------------------------------------------------------------------------------
Start Applying XDC Timing Constraints
---------------------------------------------------------------------------------
---------------------------------------------------------------------------------
Finished Applying XDC Timing Constraints : Time (s): cpu = 00:00:20 ; elapsed = 00:00:27 . Memory (MB): peak = 3680.883 ; gain = 883.582 ; free physical = 36250 ; free virtual = 209983
Synthesis current peak Physical Memory [PSS] (MB): peak = 3218.216; parent = 2964.085; children = 254.162
Synthesis current peak Virtual Memory [VSS] (MB): peak = 4653.953; parent = 3680.887; children = 973.066
---------------------------------------------------------------------------------
---------------------------------------------------------------------------------
Start Timing Optimization
---------------------------------------------------------------------------------
---------------------------------------------------------------------------------
Finished Timing Optimization : Time (s): cpu = 00:00:21 ; elapsed = 00:00:27 . Memory (MB): peak = 3682.883 ; gain = 885.582 ; free physical = 36228 ; free virtual = 209961
Synthesis current peak Physical Memory [PSS] (MB): peak = 3220.345; parent = 2966.214; children = 254.162
Synthesis current peak Virtual Memory [VSS] (MB): peak = 4655.953; parent = 3682.887; children = 973.066
---------------------------------------------------------------------------------
---------------------------------------------------------------------------------
Start Technology Mapping
---------------------------------------------------------------------------------
---------------------------------------------------------------------------------
Finished Technology Mapping : Time (s): cpu = 00:00:21 ; elapsed = 00:00:27 . Memory (MB): peak = 3713.930 ; gain = 916.629 ; free physical = 36220 ; free virtual = 209953
Synthesis current peak Physical Memory [PSS] (MB): peak = 3229.146; parent = 2975.015; children = 254.162
Synthesis current peak Virtual Memory [VSS] (MB): peak = 4687.000; parent = 3713.934; children = 973.066
---------------------------------------------------------------------------------
---------------------------------------------------------------------------------
Start IO Insertion
---------------------------------------------------------------------------------
---------------------------------------------------------------------------------
Start Flattening Before IO Insertion
---------------------------------------------------------------------------------
---------------------------------------------------------------------------------
Finished Flattening Before IO Insertion
---------------------------------------------------------------------------------
---------------------------------------------------------------------------------
Start Final Netlist Cleanup
---------------------------------------------------------------------------------
---------------------------------------------------------------------------------
Finished Final Netlist Cleanup
---------------------------------------------------------------------------------
---------------------------------------------------------------------------------
Finished IO Insertion : Time (s): cpu = 00:00:23 ; elapsed = 00:00:30 . Memory (MB): peak = 3728.805 ; gain = 931.504 ; free physical = 36219 ; free virtual = 209952
Synthesis current peak Physical Memory [PSS] (MB): peak = 3229.399; parent = 2975.269; children = 254.162
Synthesis current peak Virtual Memory [VSS] (MB): peak = 4701.875; parent = 3728.809; children = 973.066
---------------------------------------------------------------------------------
---------------------------------------------------------------------------------
Start Renaming Generated Instances
---------------------------------------------------------------------------------
---------------------------------------------------------------------------------
Finished Renaming Generated Instances : Time (s): cpu = 00:00:23 ; elapsed = 00:00:30 . Memory (MB): peak = 3728.805 ; gain = 931.504 ; free physical = 36219 ; free virtual = 209952
Synthesis current peak Physical Memory [PSS] (MB): peak = 3229.399; parent = 2975.269; children = 254.162
Synthesis current peak Virtual Memory [VSS] (MB): peak = 4701.875; parent = 3728.809; children = 973.066
---------------------------------------------------------------------------------
---------------------------------------------------------------------------------
Start Rebuilding User Hierarchy
---------------------------------------------------------------------------------
---------------------------------------------------------------------------------
Finished Rebuilding User Hierarchy : Time (s): cpu = 00:00:23 ; elapsed = 00:00:30 . Memory (MB): peak = 3728.805 ; gain = 931.504 ; free physical = 36219 ; free virtual = 209952
Synthesis current peak Physical Memory [PSS] (MB): peak = 3229.431; parent = 2975.300; children = 254.162
Synthesis current peak Virtual Memory [VSS] (MB): peak = 4701.875; parent = 3728.809; children = 973.066
---------------------------------------------------------------------------------
---------------------------------------------------------------------------------
Start Renaming Generated Ports
---------------------------------------------------------------------------------
---------------------------------------------------------------------------------
Finished Renaming Generated Ports : Time (s): cpu = 00:00:23 ; elapsed = 00:00:30 . Memory (MB): peak = 3728.805 ; gain = 931.504 ; free physical = 36219 ; free virtual = 209952
Synthesis current peak Physical Memory [PSS] (MB): peak = 3229.509; parent = 2975.378; children = 254.162
Synthesis current peak Virtual Memory [VSS] (MB): peak = 4701.875; parent = 3728.809; children = 973.066
---------------------------------------------------------------------------------
---------------------------------------------------------------------------------
Start Handling Custom Attributes
---------------------------------------------------------------------------------
---------------------------------------------------------------------------------
Finished Handling Custom Attributes : Time (s): cpu = 00:00:23 ; elapsed = 00:00:30 . Memory (MB): peak = 3728.805 ; gain = 931.504 ; free physical = 36219 ; free virtual = 209952
Synthesis current peak Physical Memory [PSS] (MB): peak = 3229.509; parent = 2975.378; children = 254.162
Synthesis current peak Virtual Memory [VSS] (MB): peak = 4701.875; parent = 3728.809; children = 973.066
---------------------------------------------------------------------------------
---------------------------------------------------------------------------------
Start Renaming Generated Nets
---------------------------------------------------------------------------------
---------------------------------------------------------------------------------
Finished Renaming Generated Nets : Time (s): cpu = 00:00:23 ; elapsed = 00:00:31 . Memory (MB): peak = 3728.805 ; gain = 931.504 ; free physical = 36220 ; free virtual = 209953
Synthesis current peak Physical Memory [PSS] (MB): peak = 3229.524; parent = 2975.394; children = 254.162
Synthesis current peak Virtual Memory [VSS] (MB): peak = 4701.875; parent = 3728.809; children = 973.066
---------------------------------------------------------------------------------
---------------------------------------------------------------------------------
Start Writing Synthesis Report
---------------------------------------------------------------------------------

Report BlackBoxes: 
+-+--------------+----------+
| |BlackBox name |Instances |
+-+--------------+----------+
+-+--------------+----------+

Report Cell Usage: 
+------+-------+------+
|      |Cell   |Count |
+------+-------+------+
|1     |BUFG   |     1|
|2     |CARRY8 |   141|
|3     |LUT2   |   651|
|4     |LUT3   |    48|
|5     |LUT4   |   336|
|6     |LUT5   |    48|
|7     |LUT6   |   592|
|8     |FDRE   |   270|
|9     |IBUF   |   259|
|10    |OBUF   |    21|
+------+-------+------+
---------------------------------------------------------------------------------
Finished Writing Synthesis Report : Time (s): cpu = 00:00:23 ; elapsed = 00:00:31 . Memory (MB): peak = 3728.805 ; gain = 931.504 ; free physical = 36220 ; free virtual = 209953
Synthesis current peak Physical Memory [PSS] (MB): peak = 3229.540; parent = 2975.409; children = 254.162
Synthesis current peak Virtual Memory [VSS] (MB): peak = 4701.875; parent = 3728.809; children = 973.066
---------------------------------------------------------------------------------
Synthesis finished with 0 errors, 0 critical warnings and 1 warnings.
Synthesis Optimization Runtime : Time (s): cpu = 00:00:20 ; elapsed = 00:00:27 . Memory (MB): peak = 3728.805 ; gain = 761.785 ; free physical = 36226 ; free virtual = 209959
Synthesis Optimization Complete : Time (s): cpu = 00:00:23 ; elapsed = 00:00:31 . Memory (MB): peak = 3728.812 ; gain = 931.504 ; free physical = 36227 ; free virtual = 209960
INFO: [Project 1-571] Translating synthesized netlist
Netlist sorting complete. Time (s): cpu = 00:00:00 ; elapsed = 00:00:00.01 . Memory (MB): peak = 3740.773 ; gain = 0.000 ; free physical = 36362 ; free virtual = 210095
INFO: [Netlist 29-17] Analyzing 401 Unisim elements for replacement
INFO: [Netlist 29-28] Unisim Transformation completed in 0 CPU seconds
WARNING: [Netlist 29-101] Netlist 'dotprod' is not ideal for floorplanning, since the cellview 'dotprod' contains a large number of primitives.  Please consider enabling hierarchy in synthesis if you want to do floorplanning.
INFO: [Project 1-570] Preparing netlist for logic optimization
Parsing XDC File [/mnt/vault1/mfaroo19/reduction_tree/dot_product/vivado_runs/M16_W8_N8/design.xdc]
Finished Parsing XDC File [/mnt/vault1/mfaroo19/reduction_tree/dot_product/vivado_runs/M16_W8_N8/design.xdc]
INFO: [Opt 31-138] Pushed 0 inverter(s) to 0 load pin(s).
Netlist sorting complete. Time (s): cpu = 00:00:00 ; elapsed = 00:00:00 . Memory (MB): peak = 3799.441 ; gain = 0.000 ; free physical = 36331 ; free virtual = 210064
INFO: [Project 1-111] Unisim Transformation Summary:
  A total of 260 instances were transformed.
  BUFG => BUFGCE: 1 instance 
  IBUF => IBUF (IBUFCTRL, INBUF): 259 instances

Synth Design complete, checksum: 9eb15eba
INFO: [Common 17-83] Releasing license: Synthesis
19 Infos, 2 Warnings, 0 Critical Warnings and 0 Errors encountered.
synth_design completed successfully
synth_design: Time (s): cpu = 00:00:33 ; elapsed = 00:00:41 . Memory (MB): peak = 3799.441 ; gain = 2094.930 ; free physical = 36366 ; free virtual = 210099
# report_utilization -file /mnt/vault1/mfaroo19/reduction_tree/dot_product/vivado_runs/M16_W8_N8/util.rpt
# report_timing_summary -file /mnt/vault1/mfaroo19/reduction_tree/dot_product/vivado_runs/M16_W8_N8/timing.rpt
INFO: [Timing 38-35] Done setting XDC timing constraints.
INFO: [Timing 38-91] UpdateTimingParams: Speed grade: -2, Temperature grade: I, Delay Type: min_max.
INFO: [Timing 38-191] Multithreading enabled for timing update using a maximum of 8 CPUs
report_timing_summary: Time (s): cpu = 00:00:11 ; elapsed = 00:00:14 . Memory (MB): peak = 4567.445 ; gain = 768.004 ; free physical = 36007 ; free virtual = 209740
# exit
INFO: [Common 17-206] Exiting Vivado at Wed Sep 24 20:00:34 2025...
