
****** Vivado v2022.2 (64-bit)
  **** SW Build 3671981 on Fri Oct 14 04:59:54 MDT 2022
  **** IP Build 3669848 on Fri Oct 14 08:30:02 MDT 2022
    ** Copyright 1986-2022 Xilinx, Inc. All Rights Reserved.

source runs/M200_W7/run.tcl
# read_verilog -sv runs/M200_W7/sum_signed.sv
# read_xdc runs/M200_W7/sum_signed.xdc
# synth_design -top sum_signed -part xczu7ev-ffvc1156-2-e
Command: synth_design -top sum_signed -part xczu7ev-ffvc1156-2-e
Starting synth_design
Attempting to get a license for feature 'Synthesis' and/or device 'xczu7ev'
INFO: [Common 17-349] Got license for feature 'Synthesis' and/or device 'xczu7ev'
INFO: [Device 21-403] Loading part xczu7ev-ffvc1156-2-e
INFO: [Synth 8-7079] Multithreading enabled for synth_design using a maximum of 4 processes.
INFO: [Synth 8-7078] Launching helper process for spawning children vivado processes
INFO: [Synth 8-7075] Helper process launched with PID 2574574
INFO: [Synth 8-11241] undeclared symbol 'REGCCE', assumed default net type 'wire' [/mnt/vault1/kmhatre/Software/AMD/Vivado/2022.2/data/verilog/src/unimacro/BRAM_SINGLE_MACRO.v:2170]
---------------------------------------------------------------------------------
Starting RTL Elaboration : Time (s): cpu = 00:00:02 ; elapsed = 00:00:03 . Memory (MB): peak = 3037.391 ; gain = 239.832 ; free physical = 138412 ; free virtual = 209792
Synthesis current peak Physical Memory [PSS] (MB): peak = 2627.146; parent = 2372.972; children = 254.174
Synthesis current peak Virtual Memory [VSS] (MB): peak = 4013.441; parent = 3040.363; children = 973.078
---------------------------------------------------------------------------------
INFO: [Synth 8-6157] synthesizing module 'sum_signed' [/mnt/vault1/mfaroo19/reduction_tree/integrator/runs/M200_W7/sum_signed.sv:7]
INFO: [Synth 8-6155] done synthesizing module 'sum_signed' (0#1) [/mnt/vault1/mfaroo19/reduction_tree/integrator/runs/M200_W7/sum_signed.sv:7]
---------------------------------------------------------------------------------
Finished RTL Elaboration : Time (s): cpu = 00:00:04 ; elapsed = 00:00:04 . Memory (MB): peak = 3128.328 ; gain = 330.770 ; free physical = 138310 ; free virtual = 209692
Synthesis current peak Physical Memory [PSS] (MB): peak = 2627.146; parent = 2372.972; children = 254.174
Synthesis current peak Virtual Memory [VSS] (MB): peak = 4101.410; parent = 3128.332; children = 973.078
---------------------------------------------------------------------------------
---------------------------------------------------------------------------------
Start Handling Custom Attributes
---------------------------------------------------------------------------------
---------------------------------------------------------------------------------
Finished Handling Custom Attributes : Time (s): cpu = 00:00:04 ; elapsed = 00:00:05 . Memory (MB): peak = 3146.141 ; gain = 348.582 ; free physical = 138303 ; free virtual = 209684
Synthesis current peak Physical Memory [PSS] (MB): peak = 2627.146; parent = 2372.972; children = 254.174
Synthesis current peak Virtual Memory [VSS] (MB): peak = 4119.223; parent = 3146.145; children = 973.078
---------------------------------------------------------------------------------
---------------------------------------------------------------------------------
Finished RTL Optimization Phase 1 : Time (s): cpu = 00:00:04 ; elapsed = 00:00:05 . Memory (MB): peak = 3146.141 ; gain = 348.582 ; free physical = 138295 ; free virtual = 209677
Synthesis current peak Physical Memory [PSS] (MB): peak = 2627.146; parent = 2372.972; children = 254.174
Synthesis current peak Virtual Memory [VSS] (MB): peak = 4119.223; parent = 3146.145; children = 973.078
---------------------------------------------------------------------------------
Netlist sorting complete. Time (s): cpu = 00:00:00.01 ; elapsed = 00:00:00.01 . Memory (MB): peak = 3146.141 ; gain = 0.000 ; free physical = 138300 ; free virtual = 209682
INFO: [Project 1-570] Preparing netlist for logic optimization

Processing XDC Constraints
Initializing timing engine
Parsing XDC File [/mnt/vault1/mfaroo19/reduction_tree/integrator/runs/M200_W7/sum_signed.xdc]
Finished Parsing XDC File [/mnt/vault1/mfaroo19/reduction_tree/integrator/runs/M200_W7/sum_signed.xdc]
Completed Processing XDC Constraints

Netlist sorting complete. Time (s): cpu = 00:00:00 ; elapsed = 00:00:00 . Memory (MB): peak = 3310.859 ; gain = 0.000 ; free physical = 138350 ; free virtual = 209731
INFO: [Project 1-111] Unisim Transformation Summary:
No Unisim elements were transformed.

Constraint Validation Runtime : Time (s): cpu = 00:00:00.03 ; elapsed = 00:00:00.02 . Memory (MB): peak = 3310.859 ; gain = 0.000 ; free physical = 138351 ; free virtual = 209732
INFO: [Synth 8-11241] undeclared symbol 'REGCCE', assumed default net type 'wire' [/mnt/vault1/kmhatre/Software/AMD/Vivado/2022.2/data/verilog/src/unimacro/BRAM_SINGLE_MACRO.v:2170]
---------------------------------------------------------------------------------
Finished Constraint Validation : Time (s): cpu = 00:00:10 ; elapsed = 00:00:12 . Memory (MB): peak = 3310.859 ; gain = 513.301 ; free physical = 138387 ; free virtual = 209769
Synthesis current peak Physical Memory [PSS] (MB): peak = 2638.700; parent = 2384.526; children = 254.174
Synthesis current peak Virtual Memory [VSS] (MB): peak = 4251.926; parent = 3278.848; children = 973.078
---------------------------------------------------------------------------------
---------------------------------------------------------------------------------
Start Loading Part and Timing Information
---------------------------------------------------------------------------------
Loading part: xczu7ev-ffvc1156-2-e
INFO: [Synth 8-6742] Reading net delay rules and data
---------------------------------------------------------------------------------
Finished Loading Part and Timing Information : Time (s): cpu = 00:00:10 ; elapsed = 00:00:12 . Memory (MB): peak = 3310.859 ; gain = 513.301 ; free physical = 138395 ; free virtual = 209776
Synthesis current peak Physical Memory [PSS] (MB): peak = 2638.700; parent = 2384.526; children = 254.174
Synthesis current peak Virtual Memory [VSS] (MB): peak = 4251.926; parent = 3278.848; children = 973.078
---------------------------------------------------------------------------------
---------------------------------------------------------------------------------
Start Applying 'set_property' XDC Constraints
---------------------------------------------------------------------------------
---------------------------------------------------------------------------------
Finished applying 'set_property' XDC Constraints : Time (s): cpu = 00:00:10 ; elapsed = 00:00:12 . Memory (MB): peak = 3310.859 ; gain = 513.301 ; free physical = 138400 ; free virtual = 209781
Synthesis current peak Physical Memory [PSS] (MB): peak = 2638.700; parent = 2384.526; children = 254.174
Synthesis current peak Virtual Memory [VSS] (MB): peak = 4251.926; parent = 3278.848; children = 973.078
---------------------------------------------------------------------------------
---------------------------------------------------------------------------------
Finished RTL Optimization Phase 2 : Time (s): cpu = 00:00:10 ; elapsed = 00:00:13 . Memory (MB): peak = 3310.859 ; gain = 513.301 ; free physical = 138411 ; free virtual = 209794
Synthesis current peak Physical Memory [PSS] (MB): peak = 2638.700; parent = 2384.526; children = 254.174
Synthesis current peak Virtual Memory [VSS] (MB): peak = 4251.926; parent = 3278.848; children = 973.078
---------------------------------------------------------------------------------
---------------------------------------------------------------------------------
Start RTL Component Statistics 
---------------------------------------------------------------------------------
Detailed RTL Component Info : 
+---Adders : 
	   2 Input   15 Bit       Adders := 1     
	   2 Input   14 Bit       Adders := 2     
	   2 Input   13 Bit       Adders := 3     
	   2 Input   12 Bit       Adders := 6     
	   2 Input   11 Bit       Adders := 12    
	   2 Input   10 Bit       Adders := 25    
	   2 Input    9 Bit       Adders := 50    
	   2 Input    8 Bit       Adders := 100   
+---Registers : 
	               15 Bit    Registers := 1     
	               14 Bit    Registers := 2     
	               13 Bit    Registers := 3     
	               12 Bit    Registers := 6     
	               11 Bit    Registers := 12    
	               10 Bit    Registers := 28    
	                9 Bit    Registers := 50    
	                8 Bit    Registers := 100   
	                1 Bit    Registers := 8     
---------------------------------------------------------------------------------
Finished RTL Component Statistics 
---------------------------------------------------------------------------------
---------------------------------------------------------------------------------
Start Part Resource Summary
---------------------------------------------------------------------------------
Part Resources:
DSPs: 1728 (col length:144)
BRAMs: 624 (col length: RAMB18 144 RAMB36 72)
---------------------------------------------------------------------------------
Finished Part Resource Summary
---------------------------------------------------------------------------------
---------------------------------------------------------------------------------
Start Cross Boundary and Area Optimization
---------------------------------------------------------------------------------
WARNING: [Synth 8-7080] Parallel synthesis criteria is not met
---------------------------------------------------------------------------------
Finished Cross Boundary and Area Optimization : Time (s): cpu = 00:00:12 ; elapsed = 00:00:15 . Memory (MB): peak = 3310.859 ; gain = 513.301 ; free physical = 138457 ; free virtual = 209845
Synthesis current peak Physical Memory [PSS] (MB): peak = 2638.700; parent = 2384.526; children = 254.174
Synthesis current peak Virtual Memory [VSS] (MB): peak = 4251.926; parent = 3278.848; children = 973.078
---------------------------------------------------------------------------------
---------------------------------------------------------------------------------
Start Applying XDC Timing Constraints
---------------------------------------------------------------------------------
---------------------------------------------------------------------------------
Finished Applying XDC Timing Constraints : Time (s): cpu = 00:00:19 ; elapsed = 00:00:26 . Memory (MB): peak = 3673.234 ; gain = 875.676 ; free physical = 138109 ; free virtual = 209497
Synthesis current peak Physical Memory [PSS] (MB): peak = 3209.181; parent = 2955.038; children = 254.174
Synthesis current peak Virtual Memory [VSS] (MB): peak = 4646.316; parent = 3673.238; children = 973.078
---------------------------------------------------------------------------------
---------------------------------------------------------------------------------
Start Timing Optimization
---------------------------------------------------------------------------------
---------------------------------------------------------------------------------
Finished Timing Optimization : Time (s): cpu = 00:00:19 ; elapsed = 00:00:26 . Memory (MB): peak = 3680.234 ; gain = 882.676 ; free physical = 138092 ; free virtual = 209480
Synthesis current peak Physical Memory [PSS] (MB): peak = 3216.134; parent = 2961.991; children = 254.174
Synthesis current peak Virtual Memory [VSS] (MB): peak = 4653.316; parent = 3680.238; children = 973.078
---------------------------------------------------------------------------------
---------------------------------------------------------------------------------
Start Technology Mapping
---------------------------------------------------------------------------------
---------------------------------------------------------------------------------
Finished Technology Mapping : Time (s): cpu = 00:00:19 ; elapsed = 00:00:26 . Memory (MB): peak = 3699.266 ; gain = 901.707 ; free physical = 138088 ; free virtual = 209476
Synthesis current peak Physical Memory [PSS] (MB): peak = 3217.782; parent = 2963.640; children = 254.174
Synthesis current peak Virtual Memory [VSS] (MB): peak = 4672.348; parent = 3699.270; children = 973.078
---------------------------------------------------------------------------------
---------------------------------------------------------------------------------
Start IO Insertion
---------------------------------------------------------------------------------
---------------------------------------------------------------------------------
Start Flattening Before IO Insertion
---------------------------------------------------------------------------------
---------------------------------------------------------------------------------
Finished Flattening Before IO Insertion
---------------------------------------------------------------------------------
---------------------------------------------------------------------------------
Start Final Netlist Cleanup
---------------------------------------------------------------------------------
---------------------------------------------------------------------------------
Finished Final Netlist Cleanup
---------------------------------------------------------------------------------
---------------------------------------------------------------------------------
Finished IO Insertion : Time (s): cpu = 00:00:22 ; elapsed = 00:00:29 . Memory (MB): peak = 3708.172 ; gain = 910.613 ; free physical = 138113 ; free virtual = 209501
Synthesis current peak Physical Memory [PSS] (MB): peak = 3218.700; parent = 2964.558; children = 254.174
Synthesis current peak Virtual Memory [VSS] (MB): peak = 4681.254; parent = 3708.176; children = 973.078
---------------------------------------------------------------------------------
---------------------------------------------------------------------------------
Start Renaming Generated Instances
---------------------------------------------------------------------------------
---------------------------------------------------------------------------------
Finished Renaming Generated Instances : Time (s): cpu = 00:00:22 ; elapsed = 00:00:29 . Memory (MB): peak = 3708.172 ; gain = 910.613 ; free physical = 138113 ; free virtual = 209501
Synthesis current peak Physical Memory [PSS] (MB): peak = 3218.716; parent = 2964.573; children = 254.174
Synthesis current peak Virtual Memory [VSS] (MB): peak = 4681.254; parent = 3708.176; children = 973.078
---------------------------------------------------------------------------------
---------------------------------------------------------------------------------
Start Rebuilding User Hierarchy
---------------------------------------------------------------------------------
---------------------------------------------------------------------------------
Finished Rebuilding User Hierarchy : Time (s): cpu = 00:00:22 ; elapsed = 00:00:29 . Memory (MB): peak = 3708.172 ; gain = 910.613 ; free physical = 138113 ; free virtual = 209501
Synthesis current peak Physical Memory [PSS] (MB): peak = 3219.192; parent = 2965.050; children = 254.174
Synthesis current peak Virtual Memory [VSS] (MB): peak = 4681.254; parent = 3708.176; children = 973.078
---------------------------------------------------------------------------------
---------------------------------------------------------------------------------
Start Renaming Generated Ports
---------------------------------------------------------------------------------
---------------------------------------------------------------------------------
Finished Renaming Generated Ports : Time (s): cpu = 00:00:22 ; elapsed = 00:00:29 . Memory (MB): peak = 3708.172 ; gain = 910.613 ; free physical = 138113 ; free virtual = 209501
Synthesis current peak Physical Memory [PSS] (MB): peak = 3219.255; parent = 2965.112; children = 254.174
Synthesis current peak Virtual Memory [VSS] (MB): peak = 4681.254; parent = 3708.176; children = 973.078
---------------------------------------------------------------------------------
---------------------------------------------------------------------------------
Start Handling Custom Attributes
---------------------------------------------------------------------------------
---------------------------------------------------------------------------------
Finished Handling Custom Attributes : Time (s): cpu = 00:00:22 ; elapsed = 00:00:29 . Memory (MB): peak = 3708.172 ; gain = 910.613 ; free physical = 138113 ; free virtual = 209501
Synthesis current peak Physical Memory [PSS] (MB): peak = 3219.271; parent = 2965.128; children = 254.174
Synthesis current peak Virtual Memory [VSS] (MB): peak = 4681.254; parent = 3708.176; children = 973.078
---------------------------------------------------------------------------------
---------------------------------------------------------------------------------
Start Renaming Generated Nets
---------------------------------------------------------------------------------
---------------------------------------------------------------------------------
Finished Renaming Generated Nets : Time (s): cpu = 00:00:22 ; elapsed = 00:00:30 . Memory (MB): peak = 3708.172 ; gain = 910.613 ; free physical = 138113 ; free virtual = 209501
Synthesis current peak Physical Memory [PSS] (MB): peak = 3219.302; parent = 2965.159; children = 254.174
Synthesis current peak Virtual Memory [VSS] (MB): peak = 4681.254; parent = 3708.176; children = 973.078
---------------------------------------------------------------------------------
---------------------------------------------------------------------------------
Start ROM, RAM, DSP, Shift Register and Retiming Reporting
---------------------------------------------------------------------------------

Static Shift Register Report:
+------------+-----------------------+--------+-------+--------------+--------------------+-------------------+--------+---------+
|Module Name | RTL Name              | Length | Width | Reset Signal | Pull out first Reg | Pull out last Reg | SRL16E | SRLC32E | 
+------------+-----------------------+--------+-------+--------------+--------------------+-------------------+--------+---------+
|sum_signed  | vld_layer8_reg        | 8      | 1     | YES          | NO                 | YES               | 1      | 0       | 
|sum_signed  | reduce_layer63_reg[9] | 4      | 10    | YES          | NO                 | YES               | 10     | 0       | 
+------------+-----------------------+--------+-------+--------------+--------------------+-------------------+--------+---------+

---------------------------------------------------------------------------------
Finished ROM, RAM, DSP, Shift Register and Retiming Reporting
---------------------------------------------------------------------------------
---------------------------------------------------------------------------------
Start Writing Synthesis Report
---------------------------------------------------------------------------------

Report BlackBoxes: 
+-+--------------+----------+
| |BlackBox name |Instances |
+-+--------------+----------+
+-+--------------+----------+

Report Cell Usage: 
+------+-------+------+
|      |Cell   |Count |
+------+-------+------+
|1     |BUFG   |     1|
|2     |CARRY8 |   298|
|3     |LUT1   |   199|
|4     |LUT2   |  1598|
|5     |SRL16E |    11|
|6     |FDRE   |  1805|
|7     |IBUF   |  1403|
|8     |OBUF   |    16|
+------+-------+------+
---------------------------------------------------------------------------------
Finished Writing Synthesis Report : Time (s): cpu = 00:00:22 ; elapsed = 00:00:30 . Memory (MB): peak = 3708.172 ; gain = 910.613 ; free physical = 138116 ; free virtual = 209504
Synthesis current peak Physical Memory [PSS] (MB): peak = 3219.317; parent = 2965.175; children = 254.174
Synthesis current peak Virtual Memory [VSS] (MB): peak = 4681.254; parent = 3708.176; children = 973.078
---------------------------------------------------------------------------------
Synthesis finished with 0 errors, 0 critical warnings and 1 warnings.
Synthesis Optimization Runtime : Time (s): cpu = 00:00:18 ; elapsed = 00:00:26 . Memory (MB): peak = 3708.172 ; gain = 745.895 ; free physical = 138129 ; free virtual = 209517
Synthesis Optimization Complete : Time (s): cpu = 00:00:22 ; elapsed = 00:00:30 . Memory (MB): peak = 3708.180 ; gain = 910.613 ; free physical = 138129 ; free virtual = 209517
INFO: [Project 1-571] Translating synthesized netlist
Netlist sorting complete. Time (s): cpu = 00:00:00.02 ; elapsed = 00:00:00.02 . Memory (MB): peak = 3714.109 ; gain = 0.000 ; free physical = 138233 ; free virtual = 209621
INFO: [Netlist 29-17] Analyzing 1702 Unisim elements for replacement
INFO: [Netlist 29-28] Unisim Transformation completed in 0 CPU seconds
WARNING: [Netlist 29-101] Netlist 'sum_signed' is not ideal for floorplanning, since the cellview 'sum_signed' contains a large number of primitives.  Please consider enabling hierarchy in synthesis if you want to do floorplanning.
INFO: [Project 1-570] Preparing netlist for logic optimization
Parsing XDC File [/mnt/vault1/mfaroo19/reduction_tree/integrator/runs/M200_W7/sum_signed.xdc]
Finished Parsing XDC File [/mnt/vault1/mfaroo19/reduction_tree/integrator/runs/M200_W7/sum_signed.xdc]
INFO: [Opt 31-138] Pushed 0 inverter(s) to 0 load pin(s).
Netlist sorting complete. Time (s): cpu = 00:00:00 ; elapsed = 00:00:00 . Memory (MB): peak = 3774.578 ; gain = 0.000 ; free physical = 138198 ; free virtual = 209585
INFO: [Project 1-111] Unisim Transformation Summary:
  A total of 1404 instances were transformed.
  BUFG => BUFGCE: 1 instance 
  IBUF => IBUF (IBUFCTRL, INBUF): 1403 instances

Synth Design complete, checksum: fd7d50cb
INFO: [Common 17-83] Releasing license: Synthesis
19 Infos, 2 Warnings, 0 Critical Warnings and 0 Errors encountered.
synth_design completed successfully
synth_design: Time (s): cpu = 00:00:32 ; elapsed = 00:00:40 . Memory (MB): peak = 3774.578 ; gain = 2069.809 ; free physical = 138248 ; free virtual = 209635
# report_utilization -file runs/M200_W7/util.rpt
# report_timing_summary -file runs/M200_W7/timing.rpt
INFO: [Timing 38-35] Done setting XDC timing constraints.
INFO: [Timing 38-91] UpdateTimingParams: Speed grade: -2, Temperature grade: E, Delay Type: min_max.
INFO: [Timing 38-191] Multithreading enabled for timing update using a maximum of 8 CPUs
report_timing_summary: Time (s): cpu = 00:00:12 ; elapsed = 00:00:14 . Memory (MB): peak = 4523.566 ; gain = 748.988 ; free physical = 137562 ; free virtual = 208950
# exit
INFO: [Common 17-206] Exiting Vivado at Tue Nov  4 17:48:10 2025...
