
****** Vivado v2022.2 (64-bit)
  **** SW Build 3671981 on Fri Oct 14 04:59:54 MDT 2022
  **** IP Build 3669848 on Fri Oct 14 08:30:02 MDT 2022
    ** Copyright 1986-2022 Xilinx, Inc. All Rights Reserved.

source runs/M500_W10/run.tcl
# read_verilog -sv runs/M500_W10/sum_signed.sv
# read_xdc runs/M500_W10/sum_signed.xdc
# synth_design -top sum_signed -part xczu7ev-ffvc1156-2-e
Command: synth_design -top sum_signed -part xczu7ev-ffvc1156-2-e
Starting synth_design
Attempting to get a license for feature 'Synthesis' and/or device 'xczu7ev'
INFO: [Common 17-349] Got license for feature 'Synthesis' and/or device 'xczu7ev'
INFO: [Device 21-403] Loading part xczu7ev-ffvc1156-2-e
INFO: [Synth 8-7079] Multithreading enabled for synth_design using a maximum of 4 processes.
INFO: [Synth 8-7078] Launching helper process for spawning children vivado processes
INFO: [Synth 8-7075] Helper process launched with PID 2537339
INFO: [Synth 8-11241] undeclared symbol 'REGCCE', assumed default net type 'wire' [/mnt/vault1/kmhatre/Software/AMD/Vivado/2022.2/data/verilog/src/unimacro/BRAM_SINGLE_MACRO.v:2170]
---------------------------------------------------------------------------------
Starting RTL Elaboration : Time (s): cpu = 00:00:02 ; elapsed = 00:00:03 . Memory (MB): peak = 3037.391 ; gain = 239.832 ; free physical = 137031 ; free virtual = 208263
Synthesis current peak Physical Memory [PSS] (MB): peak = 2628.127; parent = 2374.010; children = 254.117
Synthesis current peak Virtual Memory [VSS] (MB): peak = 4013.438; parent = 3040.363; children = 973.074
---------------------------------------------------------------------------------
INFO: [Synth 8-6157] synthesizing module 'sum_signed' [/mnt/vault1/mfaroo19/reduction_tree/integrator/runs/M500_W10/sum_signed.sv:7]
INFO: [Synth 8-6155] done synthesizing module 'sum_signed' (0#1) [/mnt/vault1/mfaroo19/reduction_tree/integrator/runs/M500_W10/sum_signed.sv:7]
---------------------------------------------------------------------------------
Finished RTL Elaboration : Time (s): cpu = 00:00:04 ; elapsed = 00:00:04 . Memory (MB): peak = 3124.328 ; gain = 326.770 ; free physical = 136968 ; free virtual = 208201
Synthesis current peak Physical Memory [PSS] (MB): peak = 2628.127; parent = 2374.010; children = 254.117
Synthesis current peak Virtual Memory [VSS] (MB): peak = 4097.406; parent = 3124.332; children = 973.074
---------------------------------------------------------------------------------
---------------------------------------------------------------------------------
Start Handling Custom Attributes
---------------------------------------------------------------------------------
---------------------------------------------------------------------------------
Finished Handling Custom Attributes : Time (s): cpu = 00:00:04 ; elapsed = 00:00:05 . Memory (MB): peak = 3142.141 ; gain = 344.582 ; free physical = 136971 ; free virtual = 208204
Synthesis current peak Physical Memory [PSS] (MB): peak = 2628.127; parent = 2374.010; children = 254.117
Synthesis current peak Virtual Memory [VSS] (MB): peak = 4115.219; parent = 3142.145; children = 973.074
---------------------------------------------------------------------------------
---------------------------------------------------------------------------------
Finished RTL Optimization Phase 1 : Time (s): cpu = 00:00:04 ; elapsed = 00:00:05 . Memory (MB): peak = 3142.141 ; gain = 344.582 ; free physical = 136971 ; free virtual = 208204
Synthesis current peak Physical Memory [PSS] (MB): peak = 2628.127; parent = 2374.010; children = 254.117
Synthesis current peak Virtual Memory [VSS] (MB): peak = 4115.219; parent = 3142.145; children = 973.074
---------------------------------------------------------------------------------
Netlist sorting complete. Time (s): cpu = 00:00:00.04 ; elapsed = 00:00:00.04 . Memory (MB): peak = 3142.141 ; gain = 0.000 ; free physical = 136971 ; free virtual = 208204
INFO: [Project 1-570] Preparing netlist for logic optimization

Processing XDC Constraints
Initializing timing engine
Parsing XDC File [/mnt/vault1/mfaroo19/reduction_tree/integrator/runs/M500_W10/sum_signed.xdc]
Finished Parsing XDC File [/mnt/vault1/mfaroo19/reduction_tree/integrator/runs/M500_W10/sum_signed.xdc]
Completed Processing XDC Constraints

Netlist sorting complete. Time (s): cpu = 00:00:00 ; elapsed = 00:00:00 . Memory (MB): peak = 3306.859 ; gain = 0.000 ; free physical = 137317 ; free virtual = 208550
INFO: [Project 1-111] Unisim Transformation Summary:
No Unisim elements were transformed.

Constraint Validation Runtime : Time (s): cpu = 00:00:00.09 ; elapsed = 00:00:00.04 . Memory (MB): peak = 3306.859 ; gain = 0.000 ; free physical = 137283 ; free virtual = 208517
INFO: [Synth 8-11241] undeclared symbol 'REGCCE', assumed default net type 'wire' [/mnt/vault1/kmhatre/Software/AMD/Vivado/2022.2/data/verilog/src/unimacro/BRAM_SINGLE_MACRO.v:2170]
---------------------------------------------------------------------------------
Finished Constraint Validation : Time (s): cpu = 00:00:11 ; elapsed = 00:00:12 . Memory (MB): peak = 3306.859 ; gain = 509.301 ; free physical = 137654 ; free virtual = 208886
Synthesis current peak Physical Memory [PSS] (MB): peak = 2642.061; parent = 2387.943; children = 254.117
Synthesis current peak Virtual Memory [VSS] (MB): peak = 4247.922; parent = 3274.848; children = 973.074
---------------------------------------------------------------------------------
---------------------------------------------------------------------------------
Start Loading Part and Timing Information
---------------------------------------------------------------------------------
Loading part: xczu7ev-ffvc1156-2-e
INFO: [Synth 8-6742] Reading net delay rules and data
---------------------------------------------------------------------------------
Finished Loading Part and Timing Information : Time (s): cpu = 00:00:11 ; elapsed = 00:00:13 . Memory (MB): peak = 3306.859 ; gain = 509.301 ; free physical = 137654 ; free virtual = 208886
Synthesis current peak Physical Memory [PSS] (MB): peak = 2642.061; parent = 2387.943; children = 254.117
Synthesis current peak Virtual Memory [VSS] (MB): peak = 4247.922; parent = 3274.848; children = 973.074
---------------------------------------------------------------------------------
---------------------------------------------------------------------------------
Start Applying 'set_property' XDC Constraints
---------------------------------------------------------------------------------
---------------------------------------------------------------------------------
Finished applying 'set_property' XDC Constraints : Time (s): cpu = 00:00:11 ; elapsed = 00:00:13 . Memory (MB): peak = 3306.859 ; gain = 509.301 ; free physical = 137654 ; free virtual = 208886
Synthesis current peak Physical Memory [PSS] (MB): peak = 2642.061; parent = 2387.943; children = 254.117
Synthesis current peak Virtual Memory [VSS] (MB): peak = 4247.922; parent = 3274.848; children = 973.074
---------------------------------------------------------------------------------
---------------------------------------------------------------------------------
Finished RTL Optimization Phase 2 : Time (s): cpu = 00:00:11 ; elapsed = 00:00:13 . Memory (MB): peak = 3306.859 ; gain = 509.301 ; free physical = 137682 ; free virtual = 208915
Synthesis current peak Physical Memory [PSS] (MB): peak = 2642.061; parent = 2387.943; children = 254.117
Synthesis current peak Virtual Memory [VSS] (MB): peak = 4247.922; parent = 3274.848; children = 973.074
---------------------------------------------------------------------------------
---------------------------------------------------------------------------------
Start RTL Component Statistics 
---------------------------------------------------------------------------------
Detailed RTL Component Info : 
+---Adders : 
	   2 Input   19 Bit       Adders := 1     
	   2 Input   18 Bit       Adders := 2     
	   2 Input   17 Bit       Adders := 4     
	   2 Input   16 Bit       Adders := 8     
	   2 Input   15 Bit       Adders := 16    
	   2 Input   14 Bit       Adders := 31    
	   2 Input   13 Bit       Adders := 62    
	   2 Input   12 Bit       Adders := 125   
	   2 Input   11 Bit       Adders := 250   
+---Registers : 
	               19 Bit    Registers := 1     
	               18 Bit    Registers := 2     
	               17 Bit    Registers := 4     
	               16 Bit    Registers := 8     
	               15 Bit    Registers := 16    
	               14 Bit    Registers := 31    
	               13 Bit    Registers := 62    
	               12 Bit    Registers := 127   
	               11 Bit    Registers := 250   
	                1 Bit    Registers := 9     
---------------------------------------------------------------------------------
Finished RTL Component Statistics 
---------------------------------------------------------------------------------
---------------------------------------------------------------------------------
Start Part Resource Summary
---------------------------------------------------------------------------------
Part Resources:
DSPs: 1728 (col length:144)
BRAMs: 624 (col length: RAMB18 144 RAMB36 72)
---------------------------------------------------------------------------------
Finished Part Resource Summary
---------------------------------------------------------------------------------
---------------------------------------------------------------------------------
Start Cross Boundary and Area Optimization
---------------------------------------------------------------------------------
WARNING: [Synth 8-7080] Parallel synthesis criteria is not met
---------------------------------------------------------------------------------
Finished Cross Boundary and Area Optimization : Time (s): cpu = 00:00:14 ; elapsed = 00:00:18 . Memory (MB): peak = 3306.859 ; gain = 509.301 ; free physical = 137897 ; free virtual = 209139
Synthesis current peak Physical Memory [PSS] (MB): peak = 2642.061; parent = 2387.943; children = 254.117
Synthesis current peak Virtual Memory [VSS] (MB): peak = 4247.922; parent = 3274.848; children = 973.074
---------------------------------------------------------------------------------
---------------------------------------------------------------------------------
Start Applying XDC Timing Constraints
---------------------------------------------------------------------------------
---------------------------------------------------------------------------------
Finished Applying XDC Timing Constraints : Time (s): cpu = 00:00:21 ; elapsed = 00:00:29 . Memory (MB): peak = 3683.172 ; gain = 885.613 ; free physical = 137681 ; free virtual = 208924
Synthesis current peak Physical Memory [PSS] (MB): peak = 3219.416; parent = 2965.330; children = 254.117
Synthesis current peak Virtual Memory [VSS] (MB): peak = 4656.250; parent = 3683.176; children = 973.074
---------------------------------------------------------------------------------
---------------------------------------------------------------------------------
Start Timing Optimization
---------------------------------------------------------------------------------
---------------------------------------------------------------------------------
Finished Timing Optimization : Time (s): cpu = 00:00:21 ; elapsed = 00:00:29 . Memory (MB): peak = 3712.172 ; gain = 914.613 ; free physical = 137656 ; free virtual = 208899
Synthesis current peak Physical Memory [PSS] (MB): peak = 3240.971; parent = 2986.885; children = 254.117
Synthesis current peak Virtual Memory [VSS] (MB): peak = 4685.250; parent = 3712.176; children = 973.074
---------------------------------------------------------------------------------
---------------------------------------------------------------------------------
Start Technology Mapping
---------------------------------------------------------------------------------
---------------------------------------------------------------------------------
Finished Technology Mapping : Time (s): cpu = 00:00:23 ; elapsed = 00:00:31 . Memory (MB): peak = 3736.195 ; gain = 938.637 ; free physical = 137740 ; free virtual = 208984
Synthesis current peak Physical Memory [PSS] (MB): peak = 3247.264; parent = 2993.178; children = 254.117
Synthesis current peak Virtual Memory [VSS] (MB): peak = 4709.273; parent = 3736.199; children = 973.074
---------------------------------------------------------------------------------
---------------------------------------------------------------------------------
Start IO Insertion
---------------------------------------------------------------------------------
---------------------------------------------------------------------------------
Start Flattening Before IO Insertion
---------------------------------------------------------------------------------
---------------------------------------------------------------------------------
Finished Flattening Before IO Insertion
---------------------------------------------------------------------------------
---------------------------------------------------------------------------------
Start Final Netlist Cleanup
---------------------------------------------------------------------------------
---------------------------------------------------------------------------------
Finished Final Netlist Cleanup
---------------------------------------------------------------------------------
---------------------------------------------------------------------------------
Finished IO Insertion : Time (s): cpu = 00:00:26 ; elapsed = 00:00:34 . Memory (MB): peak = 3742.133 ; gain = 944.574 ; free physical = 137823 ; free virtual = 209066
Synthesis current peak Physical Memory [PSS] (MB): peak = 3248.564; parent = 2994.479; children = 254.117
Synthesis current peak Virtual Memory [VSS] (MB): peak = 4715.211; parent = 3742.137; children = 973.074
---------------------------------------------------------------------------------
---------------------------------------------------------------------------------
Start Renaming Generated Instances
---------------------------------------------------------------------------------
---------------------------------------------------------------------------------
Finished Renaming Generated Instances : Time (s): cpu = 00:00:26 ; elapsed = 00:00:34 . Memory (MB): peak = 3742.133 ; gain = 944.574 ; free physical = 137823 ; free virtual = 209066
Synthesis current peak Physical Memory [PSS] (MB): peak = 3248.580; parent = 2994.494; children = 254.117
Synthesis current peak Virtual Memory [VSS] (MB): peak = 4715.211; parent = 3742.137; children = 973.074
---------------------------------------------------------------------------------
---------------------------------------------------------------------------------
Start Rebuilding User Hierarchy
---------------------------------------------------------------------------------
---------------------------------------------------------------------------------
Finished Rebuilding User Hierarchy : Time (s): cpu = 00:00:26 ; elapsed = 00:00:34 . Memory (MB): peak = 3742.133 ; gain = 944.574 ; free physical = 137835 ; free virtual = 209079
Synthesis current peak Physical Memory [PSS] (MB): peak = 3250.732; parent = 2996.646; children = 254.117
Synthesis current peak Virtual Memory [VSS] (MB): peak = 4715.211; parent = 3742.137; children = 973.074
---------------------------------------------------------------------------------
---------------------------------------------------------------------------------
Start Renaming Generated Ports
---------------------------------------------------------------------------------
---------------------------------------------------------------------------------
Finished Renaming Generated Ports : Time (s): cpu = 00:00:26 ; elapsed = 00:00:35 . Memory (MB): peak = 3742.133 ; gain = 944.574 ; free physical = 137819 ; free virtual = 209063
Synthesis current peak Physical Memory [PSS] (MB): peak = 3250.795; parent = 2996.709; children = 254.117
Synthesis current peak Virtual Memory [VSS] (MB): peak = 4715.211; parent = 3742.137; children = 973.074
---------------------------------------------------------------------------------
---------------------------------------------------------------------------------
Start Handling Custom Attributes
---------------------------------------------------------------------------------
---------------------------------------------------------------------------------
Finished Handling Custom Attributes : Time (s): cpu = 00:00:26 ; elapsed = 00:00:35 . Memory (MB): peak = 3742.133 ; gain = 944.574 ; free physical = 137825 ; free virtual = 209069
Synthesis current peak Physical Memory [PSS] (MB): peak = 3251.143; parent = 2997.057; children = 254.117
Synthesis current peak Virtual Memory [VSS] (MB): peak = 4715.211; parent = 3742.137; children = 973.074
---------------------------------------------------------------------------------
---------------------------------------------------------------------------------
Start Renaming Generated Nets
---------------------------------------------------------------------------------
---------------------------------------------------------------------------------
Finished Renaming Generated Nets : Time (s): cpu = 00:00:26 ; elapsed = 00:00:35 . Memory (MB): peak = 3742.133 ; gain = 944.574 ; free physical = 137825 ; free virtual = 209069
Synthesis current peak Physical Memory [PSS] (MB): peak = 3251.143; parent = 2997.057; children = 254.117
Synthesis current peak Virtual Memory [VSS] (MB): peak = 4715.211; parent = 3742.137; children = 973.074
---------------------------------------------------------------------------------
---------------------------------------------------------------------------------
Start Writing Synthesis Report
---------------------------------------------------------------------------------

Report BlackBoxes: 
+-+--------------+----------+
| |BlackBox name |Instances |
+-+--------------+----------+
+-+--------------+----------+

Report Cell Usage: 
+------+-------+------+
|      |Cell   |Count |
+------+-------+------+
|1     |BUFG   |     1|
|2     |CARRY8 |  1005|
|3     |LUT1   |   499|
|4     |LUT2   |  5482|
|5     |FDRE   |  6014|
|6     |IBUF   |  5003|
|7     |OBUF   |    20|
+------+-------+------+
---------------------------------------------------------------------------------
Finished Writing Synthesis Report : Time (s): cpu = 00:00:26 ; elapsed = 00:00:35 . Memory (MB): peak = 3742.133 ; gain = 944.574 ; free physical = 137825 ; free virtual = 209069
Synthesis current peak Physical Memory [PSS] (MB): peak = 3251.143; parent = 2997.057; children = 254.117
Synthesis current peak Virtual Memory [VSS] (MB): peak = 4715.211; parent = 3742.137; children = 973.074
---------------------------------------------------------------------------------
Synthesis finished with 0 errors, 0 critical warnings and 1 warnings.
Synthesis Optimization Runtime : Time (s): cpu = 00:00:22 ; elapsed = 00:00:31 . Memory (MB): peak = 3742.133 ; gain = 779.855 ; free physical = 137832 ; free virtual = 209076
Synthesis Optimization Complete : Time (s): cpu = 00:00:26 ; elapsed = 00:00:35 . Memory (MB): peak = 3742.141 ; gain = 944.574 ; free physical = 137834 ; free virtual = 209078
INFO: [Project 1-571] Translating synthesized netlist
Netlist sorting complete. Time (s): cpu = 00:00:00.07 ; elapsed = 00:00:00.08 . Memory (MB): peak = 3754.102 ; gain = 0.000 ; free physical = 137971 ; free virtual = 209214
INFO: [Netlist 29-17] Analyzing 6009 Unisim elements for replacement
INFO: [Netlist 29-28] Unisim Transformation completed in 0 CPU seconds
WARNING: [Netlist 29-101] Netlist 'sum_signed' is not ideal for floorplanning, since the cellview 'sum_signed' contains a large number of primitives.  Please consider enabling hierarchy in synthesis if you want to do floorplanning.
INFO: [Project 1-570] Preparing netlist for logic optimization
Parsing XDC File [/mnt/vault1/mfaroo19/reduction_tree/integrator/runs/M500_W10/sum_signed.xdc]
Finished Parsing XDC File [/mnt/vault1/mfaroo19/reduction_tree/integrator/runs/M500_W10/sum_signed.xdc]
INFO: [Opt 31-138] Pushed 0 inverter(s) to 0 load pin(s).
Netlist sorting complete. Time (s): cpu = 00:00:00 ; elapsed = 00:00:00 . Memory (MB): peak = 3824.320 ; gain = 0.000 ; free physical = 137977 ; free virtual = 209220
INFO: [Project 1-111] Unisim Transformation Summary:
  A total of 5004 instances were transformed.
  BUFG => BUFGCE: 1 instance 
  IBUF => IBUF (IBUFCTRL, INBUF): 5003 instances

Synth Design complete, checksum: a8060e19
INFO: [Common 17-83] Releasing license: Synthesis
19 Infos, 2 Warnings, 0 Critical Warnings and 0 Errors encountered.
synth_design completed successfully
synth_design: Time (s): cpu = 00:00:38 ; elapsed = 00:00:47 . Memory (MB): peak = 3824.320 ; gain = 2119.551 ; free physical = 138139 ; free virtual = 209383
# report_utilization -file runs/M500_W10/util.rpt
# report_timing_summary -file runs/M500_W10/timing.rpt
INFO: [Timing 38-35] Done setting XDC timing constraints.
INFO: [Timing 38-91] UpdateTimingParams: Speed grade: -2, Temperature grade: E, Delay Type: min_max.
INFO: [Timing 38-191] Multithreading enabled for timing update using a maximum of 8 CPUs
report_timing_summary: Time (s): cpu = 00:00:15 ; elapsed = 00:00:15 . Memory (MB): peak = 4564.277 ; gain = 739.957 ; free physical = 137648 ; free virtual = 208945
# exit
INFO: [Common 17-206] Exiting Vivado at Tue Nov  4 16:16:27 2025...
