#-----------------------------------------------------------
# Vivado v2022.2 (64-bit)
# SW Build 3671981 on Fri Oct 14 04:59:54 MDT 2022
# IP Build 3669848 on Fri Oct 14 08:30:02 MDT 2022
# Start of session at: Wed Sep 24 19:56:17 2025
# Process ID: 280203
# Current directory: /mnt/vault1/mfaroo19/reduction_tree/dot_product/vivado_runs/M16_W6_N8
# Command line: vivado -mode batch -source /mnt/vault1/mfaroo19/reduction_tree/dot_product/vivado_runs/M16_W6_N8/run.tcl
# Log file: /mnt/vault1/mfaroo19/reduction_tree/dot_product/vivado_runs/M16_W6_N8/vivado.log
# Journal file: /mnt/vault1/mfaroo19/reduction_tree/dot_product/vivado_runs/M16_W6_N8/vivado.jou
# Running On: en4228283l, OS: Linux, CPU Frequency: 3699.520 MHz, CPU Physical cores: 32, Host memory: 269992 MB
#-----------------------------------------------------------
source /mnt/vault1/mfaroo19/reduction_tree/dot_product/vivado_runs/M16_W6_N8/run.tcl
# read_verilog -sv /mnt/vault1/mfaroo19/reduction_tree/dot_product/vivado_runs/M16_W6_N8/design.sv
# read_xdc /mnt/vault1/mfaroo19/reduction_tree/dot_product/vivado_runs/M16_W6_N8/design.xdc
# synth_design -top dotprod -part xczu7ev-ffvc1156-2-i
Command: synth_design -top dotprod -part xczu7ev-ffvc1156-2-i
Starting synth_design
Attempting to get a license for feature 'Synthesis' and/or device 'xczu7ev'
INFO: [Common 17-349] Got license for feature 'Synthesis' and/or device 'xczu7ev'
INFO: [Device 21-403] Loading part xczu7ev-ffvc1156-2-i
INFO: [Synth 8-7079] Multithreading enabled for synth_design using a maximum of 4 processes.
INFO: [Synth 8-7078] Launching helper process for spawning children vivado processes
INFO: [Synth 8-7075] Helper process launched with PID 280268
INFO: [Synth 8-11241] undeclared symbol 'REGCCE', assumed default net type 'wire' [/mnt/vault1/kmhatre/Software/AMD/Vivado/2022.2/data/verilog/src/unimacro/BRAM_SINGLE_MACRO.v:2170]
---------------------------------------------------------------------------------
Starting RTL Elaboration : Time (s): cpu = 00:00:02 ; elapsed = 00:00:03 . Memory (MB): peak = 3039.105 ; gain = 241.801 ; free physical = 36764 ; free virtual = 210490
Synthesis current peak Physical Memory [PSS] (MB): peak = 2626.478; parent = 2372.322; children = 254.155
Synthesis current peak Virtual Memory [VSS] (MB): peak = 4012.180; parent = 3039.109; children = 973.070
---------------------------------------------------------------------------------
INFO: [Synth 8-6157] synthesizing module 'dotprod' [/mnt/vault1/mfaroo19/reduction_tree/dot_product/vivado_runs/M16_W6_N8/design.sv:3]
INFO: [Synth 8-6155] done synthesizing module 'dotprod' (0#1) [/mnt/vault1/mfaroo19/reduction_tree/dot_product/vivado_runs/M16_W6_N8/design.sv:3]
---------------------------------------------------------------------------------
Finished RTL Elaboration : Time (s): cpu = 00:00:03 ; elapsed = 00:00:04 . Memory (MB): peak = 3106.074 ; gain = 308.770 ; free physical = 36703 ; free virtual = 210431
Synthesis current peak Physical Memory [PSS] (MB): peak = 2626.478; parent = 2372.322; children = 254.155
Synthesis current peak Virtual Memory [VSS] (MB): peak = 4079.148; parent = 3106.078; children = 973.070
---------------------------------------------------------------------------------
---------------------------------------------------------------------------------
Start Handling Custom Attributes
---------------------------------------------------------------------------------
---------------------------------------------------------------------------------
Finished Handling Custom Attributes : Time (s): cpu = 00:00:03 ; elapsed = 00:00:04 . Memory (MB): peak = 3123.887 ; gain = 326.582 ; free physical = 36687 ; free virtual = 210415
Synthesis current peak Physical Memory [PSS] (MB): peak = 2626.478; parent = 2372.322; children = 254.155
Synthesis current peak Virtual Memory [VSS] (MB): peak = 4096.961; parent = 3123.891; children = 973.070
---------------------------------------------------------------------------------
---------------------------------------------------------------------------------
Finished RTL Optimization Phase 1 : Time (s): cpu = 00:00:03 ; elapsed = 00:00:04 . Memory (MB): peak = 3123.887 ; gain = 326.582 ; free physical = 36690 ; free virtual = 210418
Synthesis current peak Physical Memory [PSS] (MB): peak = 2626.478; parent = 2372.322; children = 254.155
Synthesis current peak Virtual Memory [VSS] (MB): peak = 4096.961; parent = 3123.891; children = 973.070
---------------------------------------------------------------------------------
Netlist sorting complete. Time (s): cpu = 00:00:00 ; elapsed = 00:00:00 . Memory (MB): peak = 3123.887 ; gain = 0.000 ; free physical = 36690 ; free virtual = 210418
INFO: [Project 1-570] Preparing netlist for logic optimization

Processing XDC Constraints
Initializing timing engine
Parsing XDC File [/mnt/vault1/mfaroo19/reduction_tree/dot_product/vivado_runs/M16_W6_N8/design.xdc]
Finished Parsing XDC File [/mnt/vault1/mfaroo19/reduction_tree/dot_product/vivado_runs/M16_W6_N8/design.xdc]
Completed Processing XDC Constraints

Netlist sorting complete. Time (s): cpu = 00:00:00 ; elapsed = 00:00:00 . Memory (MB): peak = 3290.605 ; gain = 0.000 ; free physical = 36732 ; free virtual = 210460
INFO: [Project 1-111] Unisim Transformation Summary:
No Unisim elements were transformed.

Constraint Validation Runtime : Time (s): cpu = 00:00:00 ; elapsed = 00:00:00 . Memory (MB): peak = 3290.605 ; gain = 0.000 ; free physical = 36732 ; free virtual = 210460
INFO: [Synth 8-11241] undeclared symbol 'REGCCE', assumed default net type 'wire' [/mnt/vault1/kmhatre/Software/AMD/Vivado/2022.2/data/verilog/src/unimacro/BRAM_SINGLE_MACRO.v:2170]
---------------------------------------------------------------------------------
Finished Constraint Validation : Time (s): cpu = 00:00:10 ; elapsed = 00:00:12 . Memory (MB): peak = 3290.605 ; gain = 493.301 ; free physical = 36781 ; free virtual = 210508
Synthesis current peak Physical Memory [PSS] (MB): peak = 2626.478; parent = 2372.322; children = 254.155
Synthesis current peak Virtual Memory [VSS] (MB): peak = 4231.664; parent = 3258.594; children = 973.070
---------------------------------------------------------------------------------
---------------------------------------------------------------------------------
Start Loading Part and Timing Information
---------------------------------------------------------------------------------
Loading part: xczu7ev-ffvc1156-2-i
INFO: [Synth 8-6742] Reading net delay rules and data
---------------------------------------------------------------------------------
Finished Loading Part and Timing Information : Time (s): cpu = 00:00:10 ; elapsed = 00:00:12 . Memory (MB): peak = 3290.605 ; gain = 493.301 ; free physical = 36781 ; free virtual = 210508
Synthesis current peak Physical Memory [PSS] (MB): peak = 2626.478; parent = 2372.322; children = 254.155
Synthesis current peak Virtual Memory [VSS] (MB): peak = 4231.664; parent = 3258.594; children = 973.070
---------------------------------------------------------------------------------
---------------------------------------------------------------------------------
Start Applying 'set_property' XDC Constraints
---------------------------------------------------------------------------------
---------------------------------------------------------------------------------
Finished applying 'set_property' XDC Constraints : Time (s): cpu = 00:00:10 ; elapsed = 00:00:12 . Memory (MB): peak = 3290.605 ; gain = 493.301 ; free physical = 36781 ; free virtual = 210509
Synthesis current peak Physical Memory [PSS] (MB): peak = 2626.478; parent = 2372.322; children = 254.155
Synthesis current peak Virtual Memory [VSS] (MB): peak = 4231.664; parent = 3258.594; children = 973.070
---------------------------------------------------------------------------------
---------------------------------------------------------------------------------
Finished RTL Optimization Phase 2 : Time (s): cpu = 00:00:10 ; elapsed = 00:00:12 . Memory (MB): peak = 3290.605 ; gain = 493.301 ; free physical = 36781 ; free virtual = 210510
Synthesis current peak Physical Memory [PSS] (MB): peak = 2626.478; parent = 2372.322; children = 254.155
Synthesis current peak Virtual Memory [VSS] (MB): peak = 4231.664; parent = 3258.594; children = 973.070
---------------------------------------------------------------------------------
---------------------------------------------------------------------------------
Start RTL Component Statistics 
---------------------------------------------------------------------------------
Detailed RTL Component Info : 
+---Adders : 
	   2 Input   18 Bit       Adders := 7     
+---Registers : 
	               18 Bit    Registers := 7     
	               15 Bit    Registers := 8     
	                1 Bit    Registers := 4     
---------------------------------------------------------------------------------
Finished RTL Component Statistics 
---------------------------------------------------------------------------------
---------------------------------------------------------------------------------
Start Part Resource Summary
---------------------------------------------------------------------------------
Part Resources:
DSPs: 1728 (col length:144)
BRAMs: 624 (col length: RAMB18 144 RAMB36 72)
---------------------------------------------------------------------------------
Finished Part Resource Summary
---------------------------------------------------------------------------------
---------------------------------------------------------------------------------
Start Cross Boundary and Area Optimization
---------------------------------------------------------------------------------
WARNING: [Synth 8-7080] Parallel synthesis criteria is not met
---------------------------------------------------------------------------------
Finished Cross Boundary and Area Optimization : Time (s): cpu = 00:00:14 ; elapsed = 00:00:16 . Memory (MB): peak = 3290.605 ; gain = 493.301 ; free physical = 36864 ; free virtual = 210597
Synthesis current peak Physical Memory [PSS] (MB): peak = 2626.478; parent = 2372.322; children = 254.155
Synthesis current peak Virtual Memory [VSS] (MB): peak = 4231.664; parent = 3258.594; children = 973.070
---------------------------------------------------------------------------------
---------------------------------------------------------------------------------
Start Applying XDC Timing Constraints
---------------------------------------------------------------------------------
---------------------------------------------------------------------------------
Finished Applying XDC Timing Constraints : Time (s): cpu = 00:00:20 ; elapsed = 00:00:27 . Memory (MB): peak = 3679.980 ; gain = 882.676 ; free physical = 36384 ; free virtual = 210117
Synthesis current peak Physical Memory [PSS] (MB): peak = 3217.589; parent = 2963.465; children = 254.155
Synthesis current peak Virtual Memory [VSS] (MB): peak = 4653.055; parent = 3679.984; children = 973.070
---------------------------------------------------------------------------------
---------------------------------------------------------------------------------
Start Timing Optimization
---------------------------------------------------------------------------------
---------------------------------------------------------------------------------
Finished Timing Optimization : Time (s): cpu = 00:00:21 ; elapsed = 00:00:27 . Memory (MB): peak = 3681.980 ; gain = 884.676 ; free physical = 36369 ; free virtual = 210102
Synthesis current peak Physical Memory [PSS] (MB): peak = 3219.417; parent = 2965.293; children = 254.155
Synthesis current peak Virtual Memory [VSS] (MB): peak = 4655.055; parent = 3681.984; children = 973.070
---------------------------------------------------------------------------------
---------------------------------------------------------------------------------
Start Technology Mapping
---------------------------------------------------------------------------------
---------------------------------------------------------------------------------
Finished Technology Mapping : Time (s): cpu = 00:00:21 ; elapsed = 00:00:27 . Memory (MB): peak = 3711.027 ; gain = 913.723 ; free physical = 36353 ; free virtual = 210085
Synthesis current peak Physical Memory [PSS] (MB): peak = 3226.284; parent = 2972.160; children = 254.155
Synthesis current peak Virtual Memory [VSS] (MB): peak = 4684.102; parent = 3711.031; children = 973.070
---------------------------------------------------------------------------------
---------------------------------------------------------------------------------
Start IO Insertion
---------------------------------------------------------------------------------
---------------------------------------------------------------------------------
Start Flattening Before IO Insertion
---------------------------------------------------------------------------------
---------------------------------------------------------------------------------
Finished Flattening Before IO Insertion
---------------------------------------------------------------------------------
---------------------------------------------------------------------------------
Start Final Netlist Cleanup
---------------------------------------------------------------------------------
---------------------------------------------------------------------------------
Finished Final Netlist Cleanup
---------------------------------------------------------------------------------
---------------------------------------------------------------------------------
Finished IO Insertion : Time (s): cpu = 00:00:23 ; elapsed = 00:00:30 . Memory (MB): peak = 3725.902 ; gain = 928.598 ; free physical = 36466 ; free virtual = 210198
Synthesis current peak Physical Memory [PSS] (MB): peak = 3226.741; parent = 2972.617; children = 254.155
Synthesis current peak Virtual Memory [VSS] (MB): peak = 4698.977; parent = 3725.906; children = 973.070
---------------------------------------------------------------------------------
---------------------------------------------------------------------------------
Start Renaming Generated Instances
---------------------------------------------------------------------------------
---------------------------------------------------------------------------------
Finished Renaming Generated Instances : Time (s): cpu = 00:00:23 ; elapsed = 00:00:30 . Memory (MB): peak = 3725.902 ; gain = 928.598 ; free physical = 36466 ; free virtual = 210198
Synthesis current peak Physical Memory [PSS] (MB): peak = 3226.741; parent = 2972.617; children = 254.155
Synthesis current peak Virtual Memory [VSS] (MB): peak = 4698.977; parent = 3725.906; children = 973.070
---------------------------------------------------------------------------------
---------------------------------------------------------------------------------
Start Rebuilding User Hierarchy
---------------------------------------------------------------------------------
---------------------------------------------------------------------------------
Finished Rebuilding User Hierarchy : Time (s): cpu = 00:00:23 ; elapsed = 00:00:30 . Memory (MB): peak = 3725.902 ; gain = 928.598 ; free physical = 36466 ; free virtual = 210198
Synthesis current peak Physical Memory [PSS] (MB): peak = 3226.772; parent = 2972.648; children = 254.155
Synthesis current peak Virtual Memory [VSS] (MB): peak = 4698.977; parent = 3725.906; children = 973.070
---------------------------------------------------------------------------------
---------------------------------------------------------------------------------
Start Renaming Generated Ports
---------------------------------------------------------------------------------
---------------------------------------------------------------------------------
Finished Renaming Generated Ports : Time (s): cpu = 00:00:23 ; elapsed = 00:00:30 . Memory (MB): peak = 3725.902 ; gain = 928.598 ; free physical = 36466 ; free virtual = 210198
Synthesis current peak Physical Memory [PSS] (MB): peak = 3226.835; parent = 2972.711; children = 254.155
Synthesis current peak Virtual Memory [VSS] (MB): peak = 4698.977; parent = 3725.906; children = 973.070
---------------------------------------------------------------------------------
---------------------------------------------------------------------------------
Start Handling Custom Attributes
---------------------------------------------------------------------------------
---------------------------------------------------------------------------------
Finished Handling Custom Attributes : Time (s): cpu = 00:00:23 ; elapsed = 00:00:30 . Memory (MB): peak = 3725.902 ; gain = 928.598 ; free physical = 36467 ; free virtual = 210200
Synthesis current peak Physical Memory [PSS] (MB): peak = 3226.851; parent = 2972.727; children = 254.155
Synthesis current peak Virtual Memory [VSS] (MB): peak = 4698.977; parent = 3725.906; children = 973.070
---------------------------------------------------------------------------------
---------------------------------------------------------------------------------
Start Renaming Generated Nets
---------------------------------------------------------------------------------
---------------------------------------------------------------------------------
Finished Renaming Generated Nets : Time (s): cpu = 00:00:23 ; elapsed = 00:00:30 . Memory (MB): peak = 3725.902 ; gain = 928.598 ; free physical = 36468 ; free virtual = 210200
Synthesis current peak Physical Memory [PSS] (MB): peak = 3226.866; parent = 2972.742; children = 254.155
Synthesis current peak Virtual Memory [VSS] (MB): peak = 4698.977; parent = 3725.906; children = 973.070
---------------------------------------------------------------------------------
---------------------------------------------------------------------------------
Start Writing Synthesis Report
---------------------------------------------------------------------------------

Report BlackBoxes: 
+-+--------------+----------+
| |BlackBox name |Instances |
+-+--------------+----------+
+-+--------------+----------+

Report Cell Usage: 
+------+-------+------+
|      |Cell   |Count |
+------+-------+------+
|1     |BUFG   |     1|
|2     |CARRY8 |    97|
|3     |LUT2   |   445|
|4     |LUT3   |    32|
|5     |LUT4   |   176|
|6     |LUT5   |   208|
|7     |LUT6   |   352|
|8     |FDRE   |   240|
|9     |IBUF   |   227|
|10    |OBUF   |    19|
+------+-------+------+
---------------------------------------------------------------------------------
Finished Writing Synthesis Report : Time (s): cpu = 00:00:23 ; elapsed = 00:00:30 . Memory (MB): peak = 3725.902 ; gain = 928.598 ; free physical = 36469 ; free virtual = 210202
Synthesis current peak Physical Memory [PSS] (MB): peak = 3226.882; parent = 2972.758; children = 254.155
Synthesis current peak Virtual Memory [VSS] (MB): peak = 4698.977; parent = 3725.906; children = 973.070
---------------------------------------------------------------------------------
Synthesis finished with 0 errors, 0 critical warnings and 1 warnings.
Synthesis Optimization Runtime : Time (s): cpu = 00:00:20 ; elapsed = 00:00:27 . Memory (MB): peak = 3725.902 ; gain = 761.879 ; free physical = 36483 ; free virtual = 210215
Synthesis Optimization Complete : Time (s): cpu = 00:00:23 ; elapsed = 00:00:31 . Memory (MB): peak = 3725.910 ; gain = 928.598 ; free physical = 36483 ; free virtual = 210215
INFO: [Project 1-571] Translating synthesized netlist
Netlist sorting complete. Time (s): cpu = 00:00:00 ; elapsed = 00:00:00 . Memory (MB): peak = 3739.840 ; gain = 0.000 ; free physical = 36578 ; free virtual = 210310
INFO: [Netlist 29-17] Analyzing 325 Unisim elements for replacement
INFO: [Netlist 29-28] Unisim Transformation completed in 0 CPU seconds
WARNING: [Netlist 29-101] Netlist 'dotprod' is not ideal for floorplanning, since the cellview 'dotprod' contains a large number of primitives.  Please consider enabling hierarchy in synthesis if you want to do floorplanning.
INFO: [Project 1-570] Preparing netlist for logic optimization
Parsing XDC File [/mnt/vault1/mfaroo19/reduction_tree/dot_product/vivado_runs/M16_W6_N8/design.xdc]
Finished Parsing XDC File [/mnt/vault1/mfaroo19/reduction_tree/dot_product/vivado_runs/M16_W6_N8/design.xdc]
INFO: [Opt 31-138] Pushed 0 inverter(s) to 0 load pin(s).
Netlist sorting complete. Time (s): cpu = 00:00:00 ; elapsed = 00:00:00 . Memory (MB): peak = 3797.508 ; gain = 0.000 ; free physical = 36529 ; free virtual = 210261
INFO: [Project 1-111] Unisim Transformation Summary:
  A total of 228 instances were transformed.
  BUFG => BUFGCE: 1 instance 
  IBUF => IBUF (IBUFCTRL, INBUF): 227 instances

Synth Design complete, checksum: ade415da
INFO: [Common 17-83] Releasing license: Synthesis
19 Infos, 2 Warnings, 0 Critical Warnings and 0 Errors encountered.
synth_design completed successfully
synth_design: Time (s): cpu = 00:00:33 ; elapsed = 00:00:41 . Memory (MB): peak = 3797.508 ; gain = 2092.992 ; free physical = 36577 ; free virtual = 210309
# report_utilization -file /mnt/vault1/mfaroo19/reduction_tree/dot_product/vivado_runs/M16_W6_N8/util.rpt
# report_timing_summary -file /mnt/vault1/mfaroo19/reduction_tree/dot_product/vivado_runs/M16_W6_N8/timing.rpt
INFO: [Timing 38-35] Done setting XDC timing constraints.
INFO: [Timing 38-91] UpdateTimingParams: Speed grade: -2, Temperature grade: I, Delay Type: min_max.
INFO: [Timing 38-191] Multithreading enabled for timing update using a maximum of 8 CPUs
report_timing_summary: Time (s): cpu = 00:00:11 ; elapsed = 00:00:14 . Memory (MB): peak = 4754.223 ; gain = 956.715 ; free physical = 36069 ; free virtual = 209801
# exit
INFO: [Common 17-206] Exiting Vivado at Wed Sep 24 19:57:19 2025...
